#
# A fatal error has been detected by the Java Runtime Environment:
#
#  SIGSEGV (0xb) at pc=0x000000010899ddf8, pid=10060, tid=6915
#
# JRE version: Java(TM) SE Runtime Environment (8.0_73-b02) (build 1.8.0_73-b02)
# Java VM: Java HotSpot(TM) 64-Bit Server VM (25.73-b02 mixed mode bsd-amd64 compressed oops)
# Problematic frame:
# C  [libNLPIR.dylib+0x5ddf8]  CNLPIR::SetAvailable(bool)+0x18
#
# Failed to write core dump. Core dumps have been disabled. To enable core dumping, try "ulimit -c unlimited" before starting Java again
#
# If you would like to submit a bug report, please visit:
#   http://bugreport.java.com/bugreport/crash.jsp
# The crash happened outside the Java Virtual Machine in native code.
# See problematic frame for where to report the bug.
#

---------------  T H R E A D  ---------------

Current thread (0x00007f9ea4800000):  JavaThread "main" [_thread_in_native, id=6915, stack(0x000070000ed95000,0x000070000ee95000)]

siginfo: si_signo: 11 (SIGSEGV), si_code: 1 (SEGV_MAPERR), si_addr: 0x000000000000000c

Registers:
RAX=0x00007f9ea2821e01, RBX=0x0000000000000001, RCX=0x0000000000000001, RDX=0x0000000000000200
RSP=0x000070000ee920c0, RBP=0x000070000ee92120, RSI=0x0000000000000001, RDI=0x0000000000000000
R8 =0x0000000000000001, R9 =0x00007f9ea2821e30, R10=0x000070000ee920d0, R11=0x000000010899d3f0
R12=0x0000000000000004, R13=0x0000000000000002, R14=0x000070000ee92318, R15=0x000070000ee922b0
RIP=0x000000010899ddf8, EFLAGS=0x0000000000010202, ERR=0x0000000000000004
  TRAPNO=0x000000000000000e

Top of Stack: (sp=0x000070000ee920c0)
0x000070000ee920c0:   0000000000000001 0000000000000001
0x000070000ee920d0:   000070000ee92318 000070000ee922b0
0x000070000ee920e0:   000070000ee92100 00007fffa2d6b2b0
0x000070000ee920f0:   0000000000000001 0000000000000001
0x000070000ee92100:   000070000ee92120 01007fffa17ffe2e
0x000070000ee92110:   0000000000000000 0000000000000001
0x000070000ee92120:   000070000ee92170 000000010899d4bb
0x000070000ee92130:   00007f9ea0c1e250 000000010019f110
0x000070000ee92140:   000000010000000a 00007f9ea2821e30
0x000070000ee92150:   0000000000000000 0000000000000000
0x000070000ee92160:   000000000ee92170 00007f9ea2821e20
0x000070000ee92170:   000070000ee92180 000000010804294c
0x000070000ee92180:   000000000000000e 000070000ee92c10
0x000070000ee92190:   000070000ee92280 0000000108042456
0x000070000ee921a0:   000070000ee921d0 0000000108041ebb
0x000070000ee921b0:   0000000000000008 000070000ee92230
0x000070000ee921c0:   000070000ee92380 000070000ee92244
0x000070000ee921d0:   000070000ee92240 000070000ee92230
0x000070000ee921e0:   000070000ee92290 000070000ee92c10
0x000070000ee921f0:   000000010899d3f0 000070000ee92380
0x000070000ee92200:   000070000ee920d0 000070000ee92180
0x000070000ee92210:   0000000000000002 0000000200000002
0x000070000ee92220:   000070000ee920d0 0000000100000000
0x000070000ee92230:   0000700000000002 000070000ee92380
0x000070000ee92240:   0000000100000000 462e12dcfa9100bc
0x000070000ee92250:   000070000ee922a0 000070000ee92380
0x000070000ee92260:   000070000ee92320 00007f9ea48001f8
0x000070000ee92270:   000070000ee922a0 000070000ee922c0
0x000070000ee92280:   000070000ee92c00 00000001080392f5
0x000070000ee92290:   000070000ee92310 000070000ee92318
0x000070000ee922a0:   00007f9ea4800000 0000000000000001
0x000070000ee922b0:   0000000108044dd0 0000000108044d70 

Instructions: (pc=0x000000010899ddf8)
0x000000010899ddd8:   01 00 00 5d c3 0f 1f 00 55 48 89 e5 48 83 ec 60
0x000000010899dde8:   40 88 f0 48 89 7d f0 24 01 88 45 ef 48 8b 7d f0
0x000000010899ddf8:   f6 47 0c 01 48 89 7d e0 0f 84 09 00 00 00 c6 45
0x000000010899de08:   ff 00 e9 81 01 00 00 48 8d 3d 22 2c 04 00 e8 67 

Register to memory mapping:

RAX=0x00007f9ea2821e01 is an unknown value
RBX=0x0000000000000001 is an unknown value
RCX=0x0000000000000001 is an unknown value
RDX=0x0000000000000200 is an unknown value
RSP=0x000070000ee920c0 is pointing into the stack for thread: 0x00007f9ea4800000
RBP=0x000070000ee92120 is pointing into the stack for thread: 0x00007f9ea4800000
RSI=0x0000000000000001 is an unknown value
RDI=0x0000000000000000 is an unknown value
R8 =0x0000000000000001 is an unknown value
R9 =0x00007f9ea2821e30 is an unknown value
R10=0x000070000ee920d0 is pointing into the stack for thread: 0x00007f9ea4800000
R11=0x000000010899d3f0: NLPIR_ParagraphProcess+0 in /Users/Debbie/bitarmdcrf/target/classes/darwin/libNLPIR.dylib at 0x0000000108940000
R12=0x0000000000000004 is an unknown value
R13=0x0000000000000002 is an unknown value
R14=0x000070000ee92318 is pointing into the stack for thread: 0x00007f9ea4800000
R15=0x000070000ee922b0 is pointing into the stack for thread: 0x00007f9ea4800000


Stack: [0x000070000ed95000,0x000070000ee95000],  sp=0x000070000ee920c0,  free space=1012k
Native frames: (J=compiled Java code, j=interpreted, Vv=VM code, C=native code)
C  [libNLPIR.dylib+0x5ddf8]  CNLPIR::SetAvailable(bool)+0x18
C  [libNLPIR.dylib+0x5d4bb]  NLPIR_ParagraphProcess+0xcb
C  [jna7283150722159986549.tmp+0xd94c]  ffi_call_unix64+0x4c
C  0x000070000ee92c10

Java frames: (J=compiled Java code, j=interpreted, Vv=VM code)
j  com.sun.jna.Native.invokePointer(JI[Ljava/lang/Object;)J+0
j  com.sun.jna.Function.invokePointer(I[Ljava/lang/Object;)Lcom/sun/jna/Pointer;+6
j  com.sun.jna.Function.invokeString(I[Ljava/lang/Object;Z)Ljava/lang/String;+3
j  com.sun.jna.Function.invoke([Ljava/lang/Object;Ljava/lang/Class;Z)Ljava/lang/Object;+364
j  com.sun.jna.Function.invoke(Ljava/lang/Class;[Ljava/lang/Object;Ljava/util/Map;)Ljava/lang/Object;+262
j  com.sun.jna.Library$Handler.invoke(Ljava/lang/Object;Ljava/lang/reflect/Method;[Ljava/lang/Object;)Ljava/lang/Object;+316
j  com.sun.proxy.$Proxy81.NLPIR_ParagraphProcess(Ljava/lang/String;I)Ljava/lang/String;+23
j  nlpir.lucene.cn.ictclas.NLPIRTokenizer.incrementToken()Z+149
j  org.apache.lucene.index.DefaultIndexingChain$PerField.invert(Lorg/apache/lucene/index/IndexableField;Z)V+154
j  org.apache.lucene.index.DefaultIndexingChain.processField(Lorg/apache/lucene/index/IndexableField;JI)I+170
j  org.apache.lucene.index.DefaultIndexingChain.processDocument()V+76
j  org.apache.lucene.index.DocumentsWriterPerThread.updateDocument(Ljava/lang/Iterable;Lorg/apache/lucene/analysis/Analyzer;Lorg/apache/lucene/index/Term;)J+65
j  org.apache.lucene.index.DocumentsWriter.updateDocument(Ljava/lang/Iterable;Lorg/apache/lucene/analysis/Analyzer;Lorg/apache/lucene/index/Term;)J+66
j  org.apache.lucene.index.IndexWriter.updateDocument(Lorg/apache/lucene/index/Term;Ljava/lang/Iterable;)J+16
j  org.apache.lucene.index.IndexWriter.addDocument(Ljava/lang/Iterable;)J+3
j  IndexWordImpl.fileIndexCreate(Ljava/nio/file/Path;)Z+109
j  com.bit.armdcrf.IndexWordFileTest.getFeildTest()V+13
v  ~StubRoutines::call_stub
J 2386  sun.reflect.NativeMethodAccessorImpl.invoke0(Ljava/lang/reflect/Method;Ljava/lang/Object;[Ljava/lang/Object;)Ljava/lang/Object; (0 bytes) @ 0x000000010a1ff477 [0x000000010a1ff400+0x77]
J 2385 C1 sun.reflect.NativeMethodAccessorImpl.invoke(Ljava/lang/Object;[Ljava/lang/Object;)Ljava/lang/Object; (104 bytes) @ 0x000000010a209aec [0x000000010a208940+0x11ac]
J 1991 C2 sun.reflect.DelegatingMethodAccessorImpl.invoke(Ljava/lang/Object;[Ljava/lang/Object;)Ljava/lang/Object; (10 bytes) @ 0x000000010a09a2e8 [0x000000010a09a2a0+0x48]
J 749 C1 java.lang.reflect.Method.invoke(Ljava/lang/Object;[Ljava/lang/Object;)Ljava/lang/Object; (62 bytes) @ 0x0000000109ca1e14 [0x0000000109ca1a20+0x3f4]
j  org.junit.runners.model.FrameworkMethod$1.runReflectiveCall()Ljava/lang/Object;+15
j  org.junit.internal.runners.model.ReflectiveCallable.run()Ljava/lang/Object;+1
j  org.junit.runners.model.FrameworkMethod.invokeExplosively(Ljava/lang/Object;[Ljava/lang/Object;)Ljava/lang/Object;+10
j  org.junit.internal.runners.statements.InvokeMethod.evaluate()V+12
j  org.springframework.test.context.junit4.statements.RunBeforeTestMethodCallbacks.evaluate()V+19
j  org.springframework.test.context.junit4.statements.RunAfterTestMethodCallbacks.evaluate()V+14
j  org.springframework.test.context.junit4.statements.SpringRepeat.evaluate()V+82
j  org.junit.runners.ParentRunner.runLeaf(Lorg/junit/runners/model/Statement;Lorg/junit/runner/Description;Lorg/junit/runner/notification/RunNotifier;)V+17
j  org.springframework.test.context.junit4.SpringJUnit4ClassRunner.runChild(Lorg/junit/runners/model/FrameworkMethod;Lorg/junit/runner/notification/RunNotifier;)V+50
j  org.springframework.test.context.junit4.SpringJUnit4ClassRunner.runChild(Ljava/lang/Object;Lorg/junit/runner/notification/RunNotifier;)V+6
j  org.junit.runners.ParentRunner$3.run()V+12
j  org.junit.runners.ParentRunner$1.schedule(Ljava/lang/Runnable;)V+1
j  org.junit.runners.ParentRunner.runChildren(Lorg/junit/runner/notification/RunNotifier;)V+44
j  org.junit.runners.ParentRunner.access$000(Lorg/junit/runners/ParentRunner;Lorg/junit/runner/notification/RunNotifier;)V+2
j  org.junit.runners.ParentRunner$2.evaluate()V+8
j  org.springframework.test.context.junit4.statements.RunBeforeTestClassCallbacks.evaluate()V+11
j  org.springframework.test.context.junit4.statements.RunAfterTestClassCallbacks.evaluate()V+12
j  org.junit.runners.ParentRunner.run(Lorg/junit/runner/notification/RunNotifier;)V+20
j  org.springframework.test.context.junit4.SpringJUnit4ClassRunner.run(Lorg/junit/runner/notification/RunNotifier;)V+24
j  org.junit.runner.JUnitCore.run(Lorg/junit/runner/Runner;)Lorg/junit/runner/Result;+37
j  com.intellij.junit4.JUnit4IdeaTestRunner.startRunnerWithArgs([Ljava/lang/String;Ljava/lang/String;IZ)I+146
j  com.intellij.rt.execution.junit.IdeaTestRunner$Repeater.startRunnerWithArgs(Lcom/intellij/rt/execution/junit/IdeaTestRunner;[Ljava/lang/String;Ljava/util/ArrayList;Ljava/lang/String;IZ)I+20
j  com.intellij.rt.execution.junit.JUnitStarter.prepareStreamsAndStart([Ljava/lang/String;Ljava/lang/String;Ljava/util/ArrayList;Ljava/lang/String;)I+116
j  com.intellij.rt.execution.junit.JUnitStarter.main([Ljava/lang/String;)V+116
v  ~StubRoutines::call_stub

---------------  P R O C E S S  ---------------

Java Threads: ( => current thread )
  0x00007f9ea500a000 JavaThread "Service Thread" daemon [_thread_blocked, id=22019, stack(0x00007000100d1000,0x00007000101d1000)]
  0x00007f9ea482d000 JavaThread "C1 CompilerThread3" daemon [_thread_blocked, id=21507, stack(0x000070000ffce000,0x00007000100ce000)]
  0x00007f9ea482c000 JavaThread "C2 CompilerThread2" daemon [_thread_blocked, id=20995, stack(0x000070000fecb000,0x000070000ffcb000)]
  0x00007f9ea3001800 JavaThread "C2 CompilerThread1" daemon [_thread_blocked, id=20483, stack(0x000070000fdc8000,0x000070000fec8000)]
  0x00007f9ea1058800 JavaThread "C2 CompilerThread0" daemon [_thread_blocked, id=19971, stack(0x000070000fcc5000,0x000070000fdc5000)]
  0x00007f9ea4837000 JavaThread "Monitor Ctrl-Break" daemon [_thread_in_native, id=19459, stack(0x000070000fbc2000,0x000070000fcc2000)]
  0x00007f9ea2000800 JavaThread "Signal Dispatcher" daemon [_thread_blocked, id=18947, stack(0x000070000fabf000,0x000070000fbbf000)]
  0x00007f9ea1053800 JavaThread "Finalizer" daemon [_thread_blocked, id=14339, stack(0x000070000f8b6000,0x000070000f9b6000)]
  0x00007f9ea1053000 JavaThread "Reference Handler" daemon [_thread_blocked, id=13827, stack(0x000070000f7b3000,0x000070000f8b3000)]
=>0x00007f9ea4800000 JavaThread "main" [_thread_in_native, id=6915, stack(0x000070000ed95000,0x000070000ee95000)]

Other Threads:
  0x00007f9ea1050000 VMThread [stack: 0x000070000f6b0000,0x000070000f7b0000] [id=13315]
  0x00007f9ea2047800 WatcherThread [stack: 0x00007000101d4000,0x00007000102d4000] [id=22531]

VM state:not at safepoint (normal execution)

VM Mutex/Monitor currently owned by a thread: None

Heap:
 PSYoungGen      total 362496K, used 348946K [0x000000076ab00000, 0x0000000785980000, 0x00000007c0000000)
  eden space 343552K, 96% used [0x000000076ab00000,0x000000077ed45010,0x000000077fa80000)
  from space 18944K, 99% used [0x0000000784700000,0x000000078597fbe0,0x0000000785980000)
  to   space 22016K, 0% used [0x0000000782e80000,0x0000000782e80000,0x0000000784400000)
 ParOldGen       total 150528K, used 29157K [0x00000006c0000000, 0x00000006c9300000, 0x000000076ab00000)
  object space 150528K, 19% used [0x00000006c0000000,0x00000006c1c79538,0x00000006c9300000)
 Metaspace       used 38212K, capacity 38710K, committed 39168K, reserved 1083392K
  class space    used 4657K, capacity 4796K, committed 4864K, reserved 1048576K

Card table byte_map: [0x000000010254d000,0x0000000102d4e000] byte_map_base: 0x00000000fef4d000

Marking Bits: (ParMarkBitMap*) 0x0000000101ae3ea0
 Begin Bits: [0x00000001189a9000, 0x000000011c9a9000)
 End Bits:   [0x000000011c9a9000, 0x00000001209a9000)

Polling page: 0x00000001000e7000

CodeCache: size=245760Kb used=17389Kb max_used=17414Kb free=228370Kb
 bounds [0x00000001099a9000, 0x000000010aab9000, 0x00000001189a9000]
 total_blobs=4706 nmethods=4242 adapters=377
 compilation: enabled

Compilation events (10 events):
Event: 4.614 Thread 0x00007f9ea482d000 4299       3       sun.reflect.NativeMethodAccessorImpl::<init> (10 bytes)
Event: 4.614 Thread 0x00007f9ea482d000 nmethod 4299 0x0000000109aeeed0 code [0x0000000109aef040, 0x0000000109aef2d0]
Event: 4.617 Thread 0x00007f9ea482c000 4301       4       sun.instrument.InstrumentationImpl::transform (38 bytes)
Event: 4.617 Thread 0x00007f9ea482d000 4302   !   3       java.io.PrintStream::write (69 bytes)
Event: 4.617 Thread 0x00007f9ea482c000 nmethod 4301 0x0000000109ac0390 code [0x0000000109ac04e0, 0x0000000109ac0618]
Event: 4.617 Thread 0x00007f9ea1058800 4303       4       java.lang.StringCoding::safeTrim (24 bytes)
Event: 4.618 Thread 0x00007f9ea482d000 nmethod 4302 0x0000000109ac4a90 code [0x0000000109ac4c60, 0x0000000109ac53d8]
Event: 4.618 Thread 0x00007f9ea482d000 4304   !   3       sun.nio.cs.StreamEncoder::flushBuffer (42 bytes)
Event: 4.619 Thread 0x00007f9ea3001800 4306       4       java.lang.StringCoding::access$300 (8 bytes)
Event: 4.619 Thread 0x00007f9ea482d000 nmethod 4304 0x0000000109ad9850 code [0x0000000109ad9a00, 0x0000000109ad9f98]

GC Heap History (10 events):
Event: 1.955 GC heap before
{Heap before GC invocations=6 (full 1):
 PSYoungGen      total 141824K, used 131072K [0x000000076ab00000, 0x0000000774000000, 0x00000007c0000000)
  eden space 131072K, 100% used [0x000000076ab00000,0x0000000772b00000,0x0000000772b00000)
  from space 10752K, 0% used [0x0000000773580000,0x0000000773580000,0x0000000774000000)
  to   space 10752K, 0% used [0x0000000772b00000,0x0000000772b00000,0x0000000773580000)
 ParOldGen       total 81920K, used 5498K [0x00000006c0000000, 0x00000006c5000000, 0x000000076ab00000)
  object space 81920K, 6% used [0x00000006c0000000,0x00000006c055ea60,0x00000006c5000000)
 Metaspace       used 26502K, capacity 26842K, committed 27264K, reserved 1073152K
  class space    used 3306K, capacity 3392K, committed 3456K, reserved 1048576K
Event: 1.963 GC heap after
Heap after GC invocations=6 (full 1):
 PSYoungGen      total 141824K, used 7619K [0x000000076ab00000, 0x000000077a580000, 0x00000007c0000000)
  eden space 131072K, 0% used [0x000000076ab00000,0x000000076ab00000,0x0000000772b00000)
  from space 10752K, 70% used [0x0000000772b00000,0x0000000773270ca0,0x0000000773580000)
  to   space 10240K, 0% used [0x0000000779b80000,0x0000000779b80000,0x000000077a580000)
 ParOldGen       total 81920K, used 5506K [0x00000006c0000000, 0x00000006c5000000, 0x000000076ab00000)
  object space 81920K, 6% used [0x00000006c0000000,0x00000006c0560a60,0x00000006c5000000)
 Metaspace       used 26502K, capacity 26842K, committed 27264K, reserved 1073152K
  class space    used 3306K, capacity 3392K, committed 3456K, reserved 1048576K
}
Event: 2.516 GC heap before
{Heap before GC invocations=7 (full 1):
 PSYoungGen      total 141824K, used 138691K [0x000000076ab00000, 0x000000077a580000, 0x00000007c0000000)
  eden space 131072K, 100% used [0x000000076ab00000,0x0000000772b00000,0x0000000772b00000)
  from space 10752K, 70% used [0x0000000772b00000,0x0000000773270ca0,0x0000000773580000)
  to   space 10240K, 0% used [0x0000000779b80000,0x0000000779b80000,0x000000077a580000)
 ParOldGen       total 81920K, used 5506K [0x00000006c0000000, 0x00000006c5000000, 0x000000076ab00000)
  object space 81920K, 6% used [0x00000006c0000000,0x00000006c0560a60,0x00000006c5000000)
 Metaspace       used 29970K, capacity 30298K, committed 30464K, reserved 1075200K
  class space    used 3752K, capacity 3834K, committed 3840K, reserved 1048576K
Event: 2.524 GC heap after
Heap after GC invocations=7 (full 1):
 PSYoungGen      total 239616K, used 7843K [0x000000076ab00000, 0x000000077a380000, 0x00000007c0000000)
  eden space 231424K, 0% used [0x000000076ab00000,0x000000076ab00000,0x0000000778d00000)
  from space 8192K, 95% used [0x0000000779b80000,0x000000077a328cf0,0x000000077a380000)
  to   space 10240K, 0% used [0x0000000778f80000,0x0000000778f80000,0x0000000779980000)
 ParOldGen       total 81920K, used 5514K [0x00000006c0000000, 0x00000006c5000000, 0x000000076ab00000)
  object space 81920K, 6% used [0x00000006c0000000,0x00000006c0562a60,0x00000006c5000000)
 Metaspace       used 29970K, capacity 30298K, committed 30464K, reserved 1075200K
  class space    used 3752K, capacity 3834K, committed 3840K, reserved 1048576K
}
Event: 3.043 GC heap before
{Heap before GC invocations=8 (full 1):
 PSYoungGen      total 239616K, used 80274K [0x000000076ab00000, 0x000000077a380000, 0x00000007c0000000)
  eden space 231424K, 31% used [0x000000076ab00000,0x000000076f1bbc18,0x0000000778d00000)
  from space 8192K, 95% used [0x0000000779b80000,0x000000077a328cf0,0x000000077a380000)
  to   space 10240K, 0% used [0x0000000778f80000,0x0000000778f80000,0x0000000779980000)
 ParOldGen       total 81920K, used 5514K [0x00000006c0000000, 0x00000006c5000000, 0x000000076ab00000)
  object space 81920K, 6% used [0x00000006c0000000,0x00000006c0562a60,0x00000006c5000000)
 Metaspace       used 34778K, capacity 35146K, committed 35456K, reserved 1081344K
  class space    used 4271K, capacity 4382K, committed 4480K, reserved 1048576K
Event: 3.058 GC heap after
Heap after GC invocations=8 (full 1):
 PSYoungGen      total 244224K, used 10232K [0x000000076ab00000, 0x0000000785980000, 0x00000007c0000000)
  eden space 233984K, 0% used [0x000000076ab00000,0x000000076ab00000,0x0000000778f80000)
  from space 10240K, 99% used [0x0000000778f80000,0x000000077997e298,0x0000000779980000)
  to   space 18944K, 0% used [0x0000000784700000,0x0000000784700000,0x0000000785980000)
 ParOldGen       total 81920K, used 20761K [0x00000006c0000000, 0x00000006c5000000, 0x000000076ab00000)
  object space 81920K, 25% used [0x00000006c0000000,0x00000006c14466f8,0x00000006c5000000)
 Metaspace       used 34778K, capacity 35146K, committed 35456K, reserved 1081344K
  class space    used 4271K, capacity 4382K, committed 4480K, reserved 1048576K
}
Event: 3.059 GC heap before
{Heap before GC invocations=9 (full 2):
 PSYoungGen      total 244224K, used 10232K [0x000000076ab00000, 0x0000000785980000, 0x00000007c0000000)
  eden space 233984K, 0% used [0x000000076ab00000,0x000000076ab00000,0x0000000778f80000)
  from space 10240K, 99% used [0x0000000778f80000,0x000000077997e298,0x0000000779980000)
  to   space 18944K, 0% used [0x0000000784700000,0x0000000784700000,0x0000000785980000)
 ParOldGen       total 81920K, used 20761K [0x00000006c0000000, 0x00000006c5000000, 0x000000076ab00000)
  object space 81920K, 25% used [0x00000006c0000000,0x00000006c14466f8,0x00000006c5000000)
 Metaspace       used 34778K, capacity 35146K, committed 35456K, reserved 1081344K
  class space    used 4271K, capacity 4382K, committed 4480K, reserved 1048576K
Event: 3.192 GC heap after
Heap after GC invocations=9 (full 2):
 PSYoungGen      total 244224K, used 0K [0x000000076ab00000, 0x0000000785980000, 0x00000007c0000000)
  eden space 233984K, 0% used [0x000000076ab00000,0x000000076ab00000,0x0000000778f80000)
  from space 10240K, 0% used [0x0000000778f80000,0x0000000778f80000,0x0000000779980000)
  to   space 18944K, 0% used [0x0000000784700000,0x0000000784700000,0x0000000785980000)
 ParOldGen       total 150528K, used 28752K [0x00000006c0000000, 0x00000006c9300000, 0x000000076ab00000)
  object space 150528K, 19% used [0x00000006c0000000,0x00000006c1c14160,0x00000006c9300000)
 Metaspace       used 34778K, capacity 35146K, committed 35456K, reserved 1081344K
  class space    used 4271K, capacity 4382K, committed 4480K, reserved 1048576K
}
Event: 3.784 GC heap before
{Heap before GC invocations=10 (full 2):
 PSYoungGen      total 244224K, used 233984K [0x000000076ab00000, 0x0000000785980000, 0x00000007c0000000)
  eden space 233984K, 100% used [0x000000076ab00000,0x0000000778f80000,0x0000000778f80000)
  from space 10240K, 0% used [0x0000000778f80000,0x0000000778f80000,0x0000000779980000)
  to   space 18944K, 0% used [0x0000000784700000,0x0000000784700000,0x0000000785980000)
 ParOldGen       total 150528K, used 28752K [0x00000006c0000000, 0x00000006c9300000, 0x000000076ab00000)
  object space 150528K, 19% used [0x00000006c0000000,0x00000006c1c14160,0x00000006c9300000)
 Metaspace       used 36916K, capacity 37392K, committed 37760K, reserved 1083392K
  class space    used 4518K, capacity 4623K, committed 4736K, reserved 1048576K
Event: 3.795 GC heap after
Heap after GC invocations=10 (full 2):
 PSYoungGen      total 362496K, used 18942K [0x000000076ab00000, 0x0000000785980000, 0x00000007c0000000)
  eden space 343552K, 0% used [0x000000076ab00000,0x000000076ab00000,0x000000077fa80000)
  from space 18944K, 99% used [0x0000000784700000,0x000000078597fbe0,0x0000000785980000)
  to   space 22016K, 0% used [0x0000000782e80000,0x0000000782e80000,0x0000000784400000)
 ParOldGen       total 150528K, used 29157K [0x00000006c0000000, 0x00000006c9300000, 0x000000076ab00000)
  object space 150528K, 19% used [0x00000006c0000000,0x00000006c1c79538,0x00000006c9300000)
 Metaspace       used 36916K, capacity 37392K, committed 37760K, reserved 1083392K
  class space    used 4518K, capacity 4623K, committed 4736K, reserved 1048576K
}

Deoptimization events (10 events):
Event: 4.150 Thread 0x00007f9ea4800000 Uncommon trap: reason=class_check action=maybe_recompile pc=0x000000010a92d744 method=org.apache.xmlbeans.impl.values.XmlObjectBase.create_element_user(Ljavax/xml/namespace/QName;Ljavax/xml/namespace/QName;)Lorg/apache/xmlbeans/impl/values/TypeStoreUser; 
Event: 4.150 Thread 0x00007f9ea4800000 Uncommon trap: reason=class_check action=maybe_recompile pc=0x000000010a92d744 method=org.apache.xmlbeans.impl.values.XmlObjectBase.create_element_user(Ljavax/xml/namespace/QName;Ljavax/xml/namespace/QName;)Lorg/apache/xmlbeans/impl/values/TypeStoreUser; 
Event: 4.151 Thread 0x00007f9ea4800000 Uncommon trap: reason=unstable_if action=reinterpret pc=0x000000010a7a11b0 method=org.apache.xmlbeans.impl.store.Xobj.bitIsSet(I)Z @ 6
Event: 4.151 Thread 0x00007f9ea4800000 Uncommon trap: reason=class_check action=maybe_recompile pc=0x000000010a92d744 method=org.apache.xmlbeans.impl.values.XmlObjectBase.create_element_user(Ljavax/xml/namespace/QName;Ljavax/xml/namespace/QName;)Lorg/apache/xmlbeans/impl/values/TypeStoreUser; 
Event: 4.585 Thread 0x00007f9ea4800000 Uncommon trap: reason=unstable_if action=reinterpret pc=0x0000000109e26e4c method=java.io.File.getName()Ljava/lang/String; @ 16
Event: 4.604 Thread 0x00007f9ea4800000 Uncommon trap: reason=unstable_if action=reinterpret pc=0x0000000109f945b8 method=java.io.File.getName()Ljava/lang/String; @ 16
Event: 4.604 Thread 0x00007f9ea4800000 Uncommon trap: reason=unstable_if action=reinterpret pc=0x0000000109e2969c method=java.io.File.getName()Ljava/lang/String; @ 16
Event: 4.605 Thread 0x00007f9ea4800000 Uncommon trap: reason=unstable_if action=reinterpret pc=0x0000000109e07250 method=java.lang.StringCoding.encode(Ljava/lang/String;[CII)[B @ 38
Event: 4.605 Thread 0x00007f9ea4800000 Uncommon trap: reason=unstable_if action=reinterpret pc=0x0000000109b4ab5c method=java.lang.String.lastIndexOf([CII[CIII)I @ 118
Event: 4.613 Thread 0x00007f9ea4800000 Uncommon trap: reason=unstable_if action=reinterpret pc=0x0000000109d7f76c method=java.lang.StringCoding$StringEncoder.encode([CII)[B @ 20

Internal exceptions (10 events):
Event: 2.750 Thread 0x00007f9ea4800000 Exception <a 'java/security/PrivilegedActionException'> (0x000000076c95a318) thrown at [/HUDSON3/workspace/8-2-build-macosx-x86_64/jdk8u73/6086/hotspot/src/share/vm/prims/jvm.cpp, line 1386]
Event: 2.750 Thread 0x00007f9ea4800000 Exception <a 'java/security/PrivilegedActionException'> (0x000000076c95a8f8) thrown at [/HUDSON3/workspace/8-2-build-macosx-x86_64/jdk8u73/6086/hotspot/src/share/vm/prims/jvm.cpp, line 1386]
Event: 2.750 Thread 0x00007f9ea4800000 Exception <a 'java/security/PrivilegedActionException'> (0x000000076c967918) thrown at [/HUDSON3/workspace/8-2-build-macosx-x86_64/jdk8u73/6086/hotspot/src/share/vm/prims/jvm.cpp, line 1386]
Event: 2.750 Thread 0x00007f9ea4800000 Exception <a 'java/security/PrivilegedActionException'> (0x000000076c967ef8) thrown at [/HUDSON3/workspace/8-2-build-macosx-x86_64/jdk8u73/6086/hotspot/src/share/vm/prims/jvm.cpp, line 1386]
Event: 2.750 Thread 0x00007f9ea4800000 Exception <a 'java/security/PrivilegedActionException'> (0x000000076c974dc8) thrown at [/HUDSON3/workspace/8-2-build-macosx-x86_64/jdk8u73/6086/hotspot/src/share/vm/prims/jvm.cpp, line 1386]
Event: 2.750 Thread 0x00007f9ea4800000 Exception <a 'java/security/PrivilegedActionException'> (0x000000076c9753a8) thrown at [/HUDSON3/workspace/8-2-build-macosx-x86_64/jdk8u73/6086/hotspot/src/share/vm/prims/jvm.cpp, line 1386]
Event: 2.750 Thread 0x00007f9ea4800000 Exception <a 'java/security/PrivilegedActionException'> (0x000000076c9827b0) thrown at [/HUDSON3/workspace/8-2-build-macosx-x86_64/jdk8u73/6086/hotspot/src/share/vm/prims/jvm.cpp, line 1386]
Event: 2.750 Thread 0x00007f9ea4800000 Exception <a 'java/security/PrivilegedActionException'> (0x000000076c982d90) thrown at [/HUDSON3/workspace/8-2-build-macosx-x86_64/jdk8u73/6086/hotspot/src/share/vm/prims/jvm.cpp, line 1386]
Event: 4.605 Thread 0x00007f9ea4800000 Exception <a 'java/lang/UnsatisfiedLinkError': dlopen(libNLPIR.dylib, 9): image not found> (0x000000077eb69da0) thrown at [/HUDSON3/workspace/8-2-build-macosx-x86_64/jdk8u73/6086/hotspot/src/share/vm/prims/jni.cpp, line 735]
Event: 4.606 Thread 0x00007f9ea4800000 Exception <a 'java/lang/UnsatisfiedLinkError': dlopen(libNLPIR.dylib, 9): image not found> (0x000000077eb6aca0) thrown at [/HUDSON3/workspace/8-2-build-macosx-x86_64/jdk8u73/6086/hotspot/src/share/vm/prims/jni.cpp, line 735]

Events (10 events):
Event: 4.616 loading class org/apache/log4j/spi/LoggingEvent
Event: 4.616 loading class org/apache/log4j/spi/LoggingEvent done
Event: 4.618 loading class java/lang/Throwable$WrappedPrintStream
Event: 4.618 loading class java/lang/Throwable$PrintStreamOrWriter
Event: 4.618 loading class java/lang/Throwable$PrintStreamOrWriter done
Event: 4.618 loading class java/lang/Throwable$WrappedPrintStream done
Event: 4.618 loading class java/util/IdentityHashMap$KeySet
Event: 4.618 loading class java/util/IdentityHashMap$KeySet done
Event: 4.618 loading class org/apache/lucene/analysis/Analyzer$TokenStreamComponents
Event: 4.618 loading class org/apache/lucene/analysis/Analyzer$TokenStreamComponents done


Dynamic libraries:
0x0000000018644000 	/System/Library/Frameworks/Cocoa.framework/Versions/A/Cocoa
0x0000000018644000 	/System/Library/Frameworks/Security.framework/Versions/A/Security
0x0000000018644000 	/System/Library/Frameworks/ApplicationServices.framework/Versions/A/ApplicationServices
0x0000000018644000 	/usr/lib/libz.1.dylib
0x0000000018644000 	/usr/lib/libSystem.B.dylib
0x0000000018644000 	/usr/lib/libobjc.A.dylib
0x0000000018644000 	/System/Library/Frameworks/CoreFoundation.framework/Versions/A/CoreFoundation
0x0000000018644000 	/System/Library/Frameworks/Foundation.framework/Versions/C/Foundation
0x0000000018644000 	/System/Library/Frameworks/AppKit.framework/Versions/C/AppKit
0x0000000018644000 	/System/Library/Frameworks/CoreData.framework/Versions/A/CoreData
0x0000000018644000 	/System/Library/PrivateFrameworks/RemoteViewServices.framework/Versions/A/RemoteViewServices
0x0000000018644000 	/System/Library/PrivateFrameworks/UIFoundation.framework/Versions/A/UIFoundation
0x0000000018644000 	/System/Library/PrivateFrameworks/DFRFoundation.framework/Versions/A/DFRFoundation
0x0000000018644000 	/usr/lib/libenergytrace.dylib
0x0000000018644000 	/System/Library/PrivateFrameworks/SkyLight.framework/Versions/A/SkyLight
0x0000000018644000 	/System/Library/Frameworks/CoreGraphics.framework/Versions/A/CoreGraphics
0x0000000018644000 	/usr/lib/libScreenReader.dylib
0x0000000018644000 	/System/Library/Frameworks/Accelerate.framework/Versions/A/Accelerate
0x0000000018644000 	/System/Library/Frameworks/IOSurface.framework/Versions/A/IOSurface
0x0000000018644000 	/System/Library/Frameworks/AudioToolbox.framework/Versions/A/AudioToolbox
0x0000000018644000 	/System/Library/Frameworks/AudioUnit.framework/Versions/A/AudioUnit
0x0000000018644000 	/System/Library/PrivateFrameworks/DataDetectorsCore.framework/Versions/A/DataDetectorsCore
0x0000000018644000 	/System/Library/PrivateFrameworks/DesktopServicesPriv.framework/Versions/A/DesktopServicesPriv
0x0000000018644000 	/System/Library/Frameworks/Carbon.framework/Versions/A/Frameworks/HIToolbox.framework/Versions/A/HIToolbox
0x0000000018644000 	/usr/lib/libicucore.A.dylib
0x0000000018644000 	/System/Library/Frameworks/QuartzCore.framework/Versions/A/QuartzCore
0x0000000018644000 	/System/Library/Frameworks/Carbon.framework/Versions/A/Frameworks/SpeechRecognition.framework/Versions/A/SpeechRecognition
0x0000000018644000 	/usr/lib/libauto.dylib
0x0000000018644000 	/usr/lib/libxml2.2.dylib
0x0000000018644000 	/System/Library/PrivateFrameworks/CoreUI.framework/Versions/A/CoreUI
0x0000000018644000 	/System/Library/Frameworks/CoreAudio.framework/Versions/A/CoreAudio
0x0000000018644000 	/System/Library/Frameworks/DiskArbitration.framework/Versions/A/DiskArbitration
0x0000000018644000 	/usr/lib/liblangid.dylib
0x0000000018644000 	/System/Library/PrivateFrameworks/MultitouchSupport.framework/Versions/A/MultitouchSupport
0x0000000018644000 	/System/Library/Frameworks/IOKit.framework/Versions/A/IOKit
0x0000000018644000 	/usr/lib/libDiagnosticMessagesClient.dylib
0x0000000018644000 	/System/Library/Frameworks/CoreServices.framework/Versions/A/CoreServices
0x0000000018644000 	/System/Library/PrivateFrameworks/PerformanceAnalysis.framework/Versions/A/PerformanceAnalysis
0x0000000018644000 	/System/Library/PrivateFrameworks/GenerationalStorage.framework/Versions/A/GenerationalStorage
0x0000000018644000 	/System/Library/Frameworks/OpenGL.framework/Versions/A/OpenGL
0x0000000018644000 	/System/Library/Frameworks/CoreImage.framework/Versions/A/CoreImage
0x0000000018644000 	/System/Library/Frameworks/CoreText.framework/Versions/A/CoreText
0x0000000018644000 	/System/Library/Frameworks/ImageIO.framework/Versions/A/ImageIO
0x0000000018644000 	/System/Library/PrivateFrameworks/Backup.framework/Versions/A/Backup
0x0000000018644000 	/usr/lib/libarchive.2.dylib
0x0000000018644000 	/System/Library/Frameworks/CFNetwork.framework/Versions/A/CFNetwork
0x0000000018644000 	/System/Library/Frameworks/SystemConfiguration.framework/Versions/A/SystemConfiguration
0x0000000018644000 	/usr/lib/libCRFSuite.dylib
0x0000000018644000 	/usr/lib/libc++.1.dylib
0x0000000018644000 	/usr/lib/libc++abi.dylib
0x0000000018644000 	/usr/lib/system/libcache.dylib
0x0000000018644000 	/usr/lib/system/libcommonCrypto.dylib
0x0000000018644000 	/usr/lib/system/libcompiler_rt.dylib
0x0000000018644000 	/usr/lib/system/libcopyfile.dylib
0x0000000018644000 	/usr/lib/system/libcorecrypto.dylib
0x0000000018644000 	/usr/lib/system/libdispatch.dylib
0x0000000018644000 	/usr/lib/system/libdyld.dylib
0x0000000018644000 	/usr/lib/system/libkeymgr.dylib
0x0000000018644000 	/usr/lib/system/liblaunch.dylib
0x0000000018644000 	/usr/lib/system/libmacho.dylib
0x0000000018644000 	/usr/lib/system/libquarantine.dylib
0x0000000018644000 	/usr/lib/system/libremovefile.dylib
0x0000000018644000 	/usr/lib/system/libsystem_asl.dylib
0x0000000018644000 	/usr/lib/system/libsystem_blocks.dylib
0x0000000018644000 	/usr/lib/system/libsystem_c.dylib
0x0000000018644000 	/usr/lib/system/libsystem_configuration.dylib
0x0000000018644000 	/usr/lib/system/libsystem_coreservices.dylib
0x0000000018644000 	/usr/lib/system/libsystem_coretls.dylib
0x0000000018644000 	/usr/lib/system/libsystem_dnssd.dylib
0x0000000018644000 	/usr/lib/system/libsystem_info.dylib
0x0000000018644000 	/usr/lib/system/libsystem_kernel.dylib
0x0000000018644000 	/usr/lib/system/libsystem_m.dylib
0x0000000018644000 	/usr/lib/system/libsystem_malloc.dylib
0x0000000018644000 	/usr/lib/system/libsystem_network.dylib
0x0000000018644000 	/usr/lib/system/libsystem_networkextension.dylib
0x0000000018644000 	/usr/lib/system/libsystem_notify.dylib
0x0000000018644000 	/usr/lib/system/libsystem_platform.dylib
0x0000000018644000 	/usr/lib/system/libsystem_pthread.dylib
0x0000000018644000 	/usr/lib/system/libsystem_sandbox.dylib
0x0000000018644000 	/usr/lib/system/libsystem_secinit.dylib
0x0000000018644000 	/usr/lib/system/libsystem_symptoms.dylib
0x0000000018644000 	/usr/lib/system/libsystem_trace.dylib
0x0000000018644000 	/usr/lib/system/libunwind.dylib
0x0000000018644000 	/usr/lib/system/libxpc.dylib
0x0000000018644000 	/usr/lib/libbsm.0.dylib
0x0000000018644000 	/usr/lib/system/libkxld.dylib
0x0000000018644000 	/usr/lib/libcoretls.dylib
0x0000000018644000 	/usr/lib/libcoretls_cfhelpers.dylib
0x0000000018644000 	/usr/lib/libxar.1.dylib
0x0000000018644000 	/usr/lib/libsqlite3.dylib
0x0000000018644000 	/usr/lib/libpam.2.dylib
0x0000000018644000 	/usr/lib/libOpenScriptingUtil.dylib
0x0000000018644000 	/usr/lib/libbz2.1.0.dylib
0x0000000018644000 	/usr/lib/liblzma.5.dylib
0x0000000018644000 	/usr/lib/libnetwork.dylib
0x0000000018644000 	/usr/lib/libpcap.A.dylib
0x0000000018644000 	/System/Library/Frameworks/CoreServices.framework/Versions/A/Frameworks/FSEvents.framework/Versions/A/FSEvents
0x0000000018644000 	/System/Library/Frameworks/CoreServices.framework/Versions/A/Frameworks/CarbonCore.framework/Versions/A/CarbonCore
0x0000000018644000 	/System/Library/Frameworks/CoreServices.framework/Versions/A/Frameworks/Metadata.framework/Versions/A/Metadata
0x0000000018644000 	/System/Library/Frameworks/CoreServices.framework/Versions/A/Frameworks/OSServices.framework/Versions/A/OSServices
0x0000000018644000 	/System/Library/Frameworks/CoreServices.framework/Versions/A/Frameworks/SearchKit.framework/Versions/A/SearchKit
0x0000000018644000 	/System/Library/Frameworks/CoreServices.framework/Versions/A/Frameworks/AE.framework/Versions/A/AE
0x0000000018644000 	/System/Library/Frameworks/CoreServices.framework/Versions/A/Frameworks/LaunchServices.framework/Versions/A/LaunchServices
0x0000000018644000 	/System/Library/Frameworks/CoreServices.framework/Versions/A/Frameworks/DictionaryServices.framework/Versions/A/DictionaryServices
0x0000000018644000 	/System/Library/Frameworks/CoreServices.framework/Versions/A/Frameworks/SharedFileList.framework/Versions/A/SharedFileList
0x0000000018644000 	/System/Library/Frameworks/NetFS.framework/Versions/A/NetFS
0x0000000018644000 	/System/Library/PrivateFrameworks/NetAuth.framework/Versions/A/NetAuth
0x0000000018644000 	/System/Library/PrivateFrameworks/login.framework/Versions/A/Frameworks/loginsupport.framework/Versions/A/loginsupport
0x0000000018644000 	/System/Library/PrivateFrameworks/TCC.framework/Versions/A/TCC
0x0000000018644000 	/usr/lib/libmecabra.dylib
0x0000000018644000 	/System/Library/Frameworks/ApplicationServices.framework/Versions/A/Frameworks/ATS.framework/Versions/A/ATS
0x0000000018644000 	/System/Library/Frameworks/ApplicationServices.framework/Versions/A/Frameworks/ColorSync.framework/Versions/A/ColorSync
0x0000000018644000 	/System/Library/Frameworks/ApplicationServices.framework/Versions/A/Frameworks/HIServices.framework/Versions/A/HIServices
0x0000000018644000 	/System/Library/Frameworks/ApplicationServices.framework/Versions/A/Frameworks/LangAnalysis.framework/Versions/A/LangAnalysis
0x0000000018644000 	/System/Library/Frameworks/ApplicationServices.framework/Versions/A/Frameworks/PrintCore.framework/Versions/A/PrintCore
0x0000000018644000 	/System/Library/Frameworks/ApplicationServices.framework/Versions/A/Frameworks/QD.framework/Versions/A/QD
0x0000000018644000 	/System/Library/Frameworks/ApplicationServices.framework/Versions/A/Frameworks/SpeechSynthesis.framework/Versions/A/SpeechSynthesis
0x0000000018644000 	/System/Library/Frameworks/Accelerate.framework/Versions/A/Frameworks/vImage.framework/Versions/A/vImage
0x0000000018644000 	/System/Library/Frameworks/Accelerate.framework/Versions/A/Frameworks/vecLib.framework/Versions/A/vecLib
0x0000000018644000 	/System/Library/Frameworks/Accelerate.framework/Versions/A/Frameworks/vecLib.framework/Versions/A/libvDSP.dylib
0x0000000018644000 	/System/Library/Frameworks/Accelerate.framework/Versions/A/Frameworks/vecLib.framework/Versions/A/libBNNS.dylib
0x0000000018644000 	/System/Library/Frameworks/Accelerate.framework/Versions/A/Frameworks/vecLib.framework/Versions/A/libQuadrature.dylib
0x0000000018644000 	/System/Library/Frameworks/Accelerate.framework/Versions/A/Frameworks/vecLib.framework/Versions/A/libvMisc.dylib
0x0000000018644000 	/System/Library/Frameworks/Accelerate.framework/Versions/A/Frameworks/vecLib.framework/Versions/A/libLAPACK.dylib
0x0000000018644000 	/System/Library/Frameworks/Accelerate.framework/Versions/A/Frameworks/vecLib.framework/Versions/A/libBLAS.dylib
0x0000000018644000 	/System/Library/Frameworks/Accelerate.framework/Versions/A/Frameworks/vecLib.framework/Versions/A/libLinearAlgebra.dylib
0x0000000018644000 	/System/Library/Frameworks/Accelerate.framework/Versions/A/Frameworks/vecLib.framework/Versions/A/libSparseBLAS.dylib
0x0000000018644000 	/System/Library/Frameworks/ApplicationServices.framework/Versions/A/Frameworks/ATS.framework/Versions/A/Resources/libFontParser.dylib
0x0000000018644000 	/System/Library/Frameworks/ApplicationServices.framework/Versions/A/Frameworks/ATS.framework/Versions/A/Resources/libFontRegistry.dylib
0x0000000018644000 	/System/Library/Frameworks/ImageIO.framework/Versions/A/Resources/libJPEG.dylib
0x0000000018644000 	/System/Library/Frameworks/ImageIO.framework/Versions/A/Resources/libTIFF.dylib
0x0000000018644000 	/System/Library/Frameworks/ImageIO.framework/Versions/A/Resources/libPng.dylib
0x0000000018644000 	/System/Library/Frameworks/ImageIO.framework/Versions/A/Resources/libGIF.dylib
0x0000000018644000 	/System/Library/Frameworks/ImageIO.framework/Versions/A/Resources/libJP2.dylib
0x0000000018644000 	/System/Library/Frameworks/ImageIO.framework/Versions/A/Resources/libRadiance.dylib
0x0000000018644000 	/usr/lib/libcompression.dylib
0x0000000018644000 	/System/Library/PrivateFrameworks/AppleJPEG.framework/Versions/A/AppleJPEG
0x0000000018644000 	/usr/lib/libcups.2.dylib
0x0000000018644000 	/System/Library/Frameworks/Kerberos.framework/Versions/A/Kerberos
0x0000000018644000 	/System/Library/Frameworks/GSS.framework/Versions/A/GSS
0x0000000018644000 	/usr/lib/libresolv.9.dylib
0x0000000018644000 	/usr/lib/libiconv.2.dylib
0x0000000018644000 	/System/Library/PrivateFrameworks/Heimdal.framework/Versions/A/Heimdal
0x0000000018644000 	/usr/lib/libheimdal-asn1.dylib
0x0000000018644000 	/System/Library/Frameworks/OpenDirectory.framework/Versions/A/OpenDirectory
0x0000000018644000 	/System/Library/PrivateFrameworks/CommonAuth.framework/Versions/A/CommonAuth
0x0000000018644000 	/System/Library/Frameworks/OpenDirectory.framework/Versions/A/Frameworks/CFOpenDirectory.framework/Versions/A/CFOpenDirectory
0x0000000018644000 	/System/Library/Frameworks/SecurityFoundation.framework/Versions/A/SecurityFoundation
0x0000000018644000 	/System/Library/PrivateFrameworks/LanguageModeling.framework/Versions/A/LanguageModeling
0x0000000018644000 	/usr/lib/libmarisa.dylib
0x0000000018644000 	/usr/lib/libChineseTokenizer.dylib
0x0000000018644000 	/usr/lib/libcmph.dylib
0x0000000018644000 	/System/Library/PrivateFrameworks/CoreEmoji.framework/Versions/A/CoreEmoji
0x0000000018644000 	/System/Library/Frameworks/ServiceManagement.framework/Versions/A/ServiceManagement
0x0000000018644000 	/usr/lib/libxslt.1.dylib
0x0000000018644000 	/System/Library/Frameworks/Carbon.framework/Versions/A/Frameworks/Ink.framework/Versions/A/Ink
0x0000000018644000 	/System/Library/PrivateFrameworks/TextureIO.framework/Versions/A/TextureIO
0x0000000018644000 	/System/Library/Frameworks/Metal.framework/Versions/A/Metal
0x0000000018644000 	/usr/lib/libate.dylib
0x0000000018644000 	/System/Library/PrivateFrameworks/GPUCompiler.framework/libmetal_timestamp.dylib
0x0000000018644000 	/System/Library/Frameworks/OpenGL.framework/Versions/A/Libraries/libCoreFSCache.dylib
0x0000000018644000 	/System/Library/PrivateFrameworks/IOAccelerator.framework/Versions/A/IOAccelerator
0x0000000018644000 	/System/Library/Frameworks/CoreVideo.framework/Versions/A/CoreVideo
0x0000000018644000 	/usr/lib/libFosl_dynamic.dylib
0x0000000018644000 	/System/Library/PrivateFrameworks/MetalPerformanceShaders.framework/Versions/A/MetalPerformanceShaders
0x0000000018644000 	/System/Library/PrivateFrameworks/FaceCore.framework/Versions/A/FaceCore
0x0000000018644000 	/System/Library/Frameworks/OpenCL.framework/Versions/A/OpenCL
0x0000000018644000 	/System/Library/Frameworks/OpenGL.framework/Versions/A/Libraries/libGLU.dylib
0x0000000018644000 	/System/Library/Frameworks/OpenGL.framework/Versions/A/Libraries/libGFXShared.dylib
0x0000000018644000 	/System/Library/Frameworks/OpenGL.framework/Versions/A/Libraries/libGL.dylib
0x0000000018644000 	/System/Library/Frameworks/OpenGL.framework/Versions/A/Libraries/libGLImage.dylib
0x0000000018644000 	/System/Library/Frameworks/OpenGL.framework/Versions/A/Libraries/libCVMSPluginSupport.dylib
0x0000000018644000 	/System/Library/Frameworks/OpenGL.framework/Versions/A/Libraries/libCoreVMClient.dylib
0x0000000018644000 	/System/Library/PrivateFrameworks/CrashReporterSupport.framework/Versions/A/CrashReporterSupport
0x0000000018644000 	/System/Library/PrivateFrameworks/Sharing.framework/Versions/A/Sharing
0x0000000018644000 	/System/Library/PrivateFrameworks/IconServices.framework/Versions/A/IconServices
0x0000000018644000 	/System/Library/PrivateFrameworks/ProtocolBuffer.framework/Versions/A/ProtocolBuffer
0x0000000018644000 	/System/Library/PrivateFrameworks/Apple80211.framework/Versions/A/Apple80211
0x0000000018644000 	/System/Library/Frameworks/CoreWLAN.framework/Versions/A/CoreWLAN
0x0000000018644000 	/System/Library/PrivateFrameworks/CoreUtils.framework/Versions/A/CoreUtils
0x0000000018644000 	/System/Library/Frameworks/IOBluetooth.framework/Versions/A/IOBluetooth
0x0000000018644000 	/System/Library/PrivateFrameworks/CoreWiFi.framework/Versions/A/CoreWiFi
0x0000000018644000 	/System/Library/Frameworks/CoreBluetooth.framework/Versions/A/CoreBluetooth
0x0000000018644000 	/System/Library/Frameworks/CoreDisplay.framework/Versions/A/CoreDisplay
0x0000000018644000 	/System/Library/PrivateFrameworks/IOPresentment.framework/Versions/A/IOPresentment
0x0000000018644000 	/System/Library/PrivateFrameworks/DebugSymbols.framework/Versions/A/DebugSymbols
0x0000000018644000 	/System/Library/PrivateFrameworks/CoreSymbolication.framework/Versions/A/CoreSymbolication
0x0000000018644000 	/System/Library/PrivateFrameworks/Symbolication.framework/Versions/A/Symbolication
0x0000000018644000 	/System/Library/PrivateFrameworks/AppleFSCompression.framework/Versions/A/AppleFSCompression
0x0000000018644000 	/System/Library/PrivateFrameworks/SpeechRecognitionCore.framework/Versions/A/SpeechRecognitionCore
0x0000000018644000 	/System/Library/PrivateFrameworks/ChunkingLibrary.framework/Versions/A/ChunkingLibrary
0x0000000100060000 	/System/Library/CoreServices/Encodings/libSimplifiedChineseConverter.dylib
0x0000000101200000 	/Library/Java/JavaVirtualMachines/jdk1.8.0_73.jdk/Contents/Home/jre/lib/server/libjvm.dylib
0x0000000018644000 	/usr/lib/libstdc++.6.dylib
0x00000001000a4000 	/Library/Java/JavaVirtualMachines/jdk1.8.0_73.jdk/Contents/Home/jre/lib/libverify.dylib
0x00000001000b2000 	/Library/Java/JavaVirtualMachines/jdk1.8.0_73.jdk/Contents/Home/jre/lib/libjava.dylib
0x00000001000e8000 	/Library/Java/JavaVirtualMachines/jdk1.8.0_73.jdk/Contents/Home/jre/lib/libinstrument.dylib
0x0000000100146000 	/Library/Java/JavaVirtualMachines/jdk1.8.0_73.jdk/Contents/Home/jre/lib/libzip.dylib
0x000000010616f000 	/System/Library/Frameworks/JavaVM.framework/Frameworks/JavaRuntimeSupport.framework/JavaRuntimeSupport
0x0000000106189000 	/System/Library/Frameworks/JavaVM.framework/Versions/A/Frameworks/JavaNativeFoundation.framework/Versions/A/JavaNativeFoundation
0x000000010619e000 	/System/Library/Frameworks/JavaVM.framework/Versions/A/JavaVM
0x0000000018644000 	/System/Library/Frameworks/Carbon.framework/Versions/A/Carbon
0x00000001061ab000 	/System/Library/PrivateFrameworks/JavaLaunching.framework/Versions/A/JavaLaunching
0x0000000018644000 	/System/Library/Frameworks/Carbon.framework/Versions/A/Frameworks/CommonPanels.framework/Versions/A/CommonPanels
0x0000000018644000 	/System/Library/Frameworks/Carbon.framework/Versions/A/Frameworks/Help.framework/Versions/A/Help
0x0000000018644000 	/System/Library/Frameworks/Carbon.framework/Versions/A/Frameworks/ImageCapture.framework/Versions/A/ImageCapture
0x0000000018644000 	/System/Library/Frameworks/Carbon.framework/Versions/A/Frameworks/OpenScripting.framework/Versions/A/OpenScripting
0x0000000018644000 	/System/Library/Frameworks/Carbon.framework/Versions/A/Frameworks/Print.framework/Versions/A/Print
0x0000000018644000 	/System/Library/Frameworks/Carbon.framework/Versions/A/Frameworks/SecurityHI.framework/Versions/A/SecurityHI
0x0000000107aee000 	/Library/Java/JavaVirtualMachines/jdk1.8.0_73.jdk/Contents/Home/jre/lib/libnet.dylib
0x0000000108157000 	/Library/Java/JavaVirtualMachines/jdk1.8.0_73.jdk/Contents/Home/jre/lib/libmanagement.dylib
0x0000000108180000 	/Library/Java/JavaVirtualMachines/jdk1.8.0_73.jdk/Contents/Home/jre/lib/libnio.dylib
0x0000000108035000 	/private/var/folders/pn/_p8tb9f17x7cr7jmw8s3plqh0000gn/T/jna-2043074941/jna7283150722159986549.tmp
0x0000000108940000 	/Users/Debbie/bitarmdcrf/target/classes/darwin/libNLPIR.dylib

VM Arguments:
jvm_args: -ea -Didea.test.cyclic.buffer.size=1048576 -javaagent:/Applications/IntelliJ IDEA.app/Contents/lib/idea_rt.jar=50959:/Applications/IntelliJ IDEA.app/Contents/bin -Dfile.encoding=UTF-8 
java_command: com.intellij.rt.execution.junit.JUnitStarter -ideVersion5 -junit4 com.bit.armdcrf.IndexWordFileTest,getFeildTest
java_class_path (initial): /Applications/IntelliJ IDEA.app/Contents/lib/idea_rt.jar:/Applications/IntelliJ IDEA.app/Contents/plugins/junit/lib/junit-rt.jar:/Applications/IntelliJ IDEA.app/Contents/plugins/junit/lib/junit5-rt.jar:/Library/Java/JavaVirtualMachines/jdk1.8.0_73.jdk/Contents/Home/jre/lib/charsets.jar:/Library/Java/JavaVirtualMachines/jdk1.8.0_73.jdk/Contents/Home/jre/lib/deploy.jar:/Library/Java/JavaVirtualMachines/jdk1.8.0_73.jdk/Contents/Home/jre/lib/ext/cldrdata.jar:/Library/Java/JavaVirtualMachines/jdk1.8.0_73.jdk/Contents/Home/jre/lib/ext/dnsns.jar:/Library/Java/JavaVirtualMachines/jdk1.8.0_73.jdk/Contents/Home/jre/lib/ext/jaccess.jar:/Library/Java/JavaVirtualMachines/jdk1.8.0_73.jdk/Contents/Home/jre/lib/ext/jfxrt.jar:/Library/Java/JavaVirtualMachines/jdk1.8.0_73.jdk/Contents/Home/jre/lib/ext/localedata.jar:/Library/Java/JavaVirtualMachines/jdk1.8.0_73.jdk/Contents/Home/jre/lib/ext/nashorn.jar:/Library/Java/JavaVirtualMachines/jdk1.8.0_73.jdk/Contents/Home/jre/lib/ext/sunec.jar:/Library/Java/JavaVirtualMachines/jdk1.8.0_73.jdk/Contents/Home/jre/lib/ext/sunjce_provider.jar:/Library/Java/JavaVirtualMachines/jdk1.8.0_73.jdk/Contents/Home/jre/lib/ext/sunpkcs11.jar:/Library/Java/JavaVirtualMachines/jdk1.8.0_73.jdk/Contents/Home/jre/lib/ext/zipfs.jar:/Library/Java/JavaVirtualMachines/jdk1.8.0_73.jdk/Contents/Home/jre/lib/javaws.jar:/Library/Java/JavaVirtualMachines/jdk1.8.0_73.jdk/Contents/Home/jre/lib/jce.jar:/Library/Java/JavaVirtualMachines/jdk1.8.0_73.jdk/Contents/Home/jre/lib/jfr.jar:/Library/Java/JavaVirtualMachines/jdk1.8.0_73.jdk/Contents/Home/jre/lib/jfxswt.jar:/Library/Java/JavaVirtualMachines/jdk1.8.0_73.jdk/Contents/Home/jre/lib/jsse.jar:/Library/Java/JavaVirtualMachines/jdk1.8.0_73.jdk/Contents/Home/jre/lib/management-agent.jar:/Library/Java/JavaVirtualMachines/jdk1.8.0_73.jdk/Contents/Home/jre/lib/plugin.jar:/Library/Java/JavaVirtualMachines/jdk1.8.0_73.jdk/Contents/Home/jre/lib/resources.jar:/Library/Java/JavaVirtualMachines/jdk1.8.0_73.
Launcher Type: SUN_STANDARD

Environment Variables:
JAVA_HOME=/Library/Java/JavaVirtualMachines/jdk1.8.0_73.jdk/Contents/Home
CLASSPATH=.:/Library/Java/JavaVirtualMachines/jdk1.8.0_73.jdk/Contents/Home/lib/dt.jar:/Library/Java/JavaVirtualMachines/jdk1.8.0_73.jdk/Contents/Home/lib/tools.jar
PATH=/Library/Java/JavaVirtualMachines/jdk1.8.0_73.jdk/Contents/Home/bin:/Users/Debbie/Documents/apache-ant-1.10.1/bin:/Users/Debbie/apache-maven-3.5.2/bin:/usr/local/opt/opencv3/bin:/Users/Debbie/anaconda/bin:/opt/local/bin:/opt/local/sbin:/Library/Frameworks/Python.framework/Versions/3.5/bin:/usr/local/bin:/usr/bin:/bin:/usr/sbin:/sbin:::
SHELL=/bin/bash

Signal Handlers:
SIGSEGV: [libjvm.dylib+0x5a71a5], sa_mask[0]=11111111011111110111111111111111, sa_flags=SA_ONSTACK|SA_RESTART|SA_SIGINFO
SIGBUS: [libjvm.dylib+0x5a71a5], sa_mask[0]=11111111011111110111111111111111, sa_flags=SA_RESTART|SA_SIGINFO
SIGFPE: [libjvm.dylib+0x480eb4], sa_mask[0]=11111111011111110111111111111111, sa_flags=SA_RESTART|SA_SIGINFO
SIGPIPE: [libjvm.dylib+0x480eb4], sa_mask[0]=11111111011111110111111111111111, sa_flags=SA_RESTART|SA_SIGINFO
SIGXFSZ: [libjvm.dylib+0x480eb4], sa_mask[0]=11111111011111110111111111111111, sa_flags=SA_RESTART|SA_SIGINFO
SIGILL: [libjvm.dylib+0x480eb4], sa_mask[0]=11111111011111110111111111111111, sa_flags=SA_RESTART|SA_SIGINFO
SIGUSR1: SIG_DFL, sa_mask[0]=00000000000000000000000000000000, sa_flags=none
SIGUSR2: [libjvm.dylib+0x4809d2], sa_mask[0]=00100000000000000000000000000000, sa_flags=SA_RESTART|SA_SIGINFO
SIGHUP: [libjvm.dylib+0x47efa9], sa_mask[0]=11111111011111110111111111111111, sa_flags=SA_RESTART|SA_SIGINFO
SIGINT: [libjvm.dylib+0x47efa9], sa_mask[0]=11111111011111110111111111111111, sa_flags=SA_RESTART|SA_SIGINFO
SIGTERM: [libjvm.dylib+0x47efa9], sa_mask[0]=11111111011111110111111111111111, sa_flags=SA_RESTART|SA_SIGINFO
SIGQUIT: [libjvm.dylib+0x47efa9], sa_mask[0]=11111111011111110111111111111111, sa_flags=SA_RESTART|SA_SIGINFO


---------------  S Y S T E M  ---------------

OS:Bsduname:Darwin 16.1.0 Darwin Kernel Version 16.1.0: Wed Oct 19 20:31:56 PDT 2016; root:xnu-3789.21.4~4/RELEASE_X86_64 x86_64
rlimit: STACK 8192k, CORE 0k, NPROC 709, NOFILE 10240, AS infinity
load average:2.04 2.37 2.52

CPU:total 8 (4 cores per cpu, 2 threads per core) family 6 model 70 stepping 1, cmov, cx8, fxsr, mmx, sse, sse2, sse3, ssse3, sse4.1, sse4.2, popcnt, avx, avx2, aes, clmul, erms, lzcnt, ht, tsc, tscinvbit, bmi1, bmi2

Memory: 4k page, physical 16777216k(1898436k free)

/proc/meminfo:


vm_info: Java HotSpot(TM) 64-Bit Server VM (25.73-b02) for bsd-amd64 JRE (1.8.0_73-b02), built on Jan 29 2016 15:02:00 by "java_re" with gcc 4.2.1 (Based on Apple Inc. build 5658) (LLVM build 2336.11.00)

time: Sat Mar 31 17:26:49 2018
elapsed time: 4 seconds (0d 0h 0m 4s)

