#
# A fatal error has been detected by the Java Runtime Environment:
#
#  SIGSEGV (0xb) at pc=0x00000001a2260df8, pid=7532, tid=30979
#
# JRE version: Java(TM) SE Runtime Environment (8.0_73-b02) (build 1.8.0_73-b02)
# Java VM: Java HotSpot(TM) 64-Bit Server VM (25.73-b02 mixed mode bsd-amd64 compressed oops)
# Problematic frame:
# C  [libNLPIR.dylib+0x5ddf8]  CNLPIR::SetAvailable(bool)+0x18
#
# Failed to write core dump. Core dumps have been disabled. To enable core dumping, try "ulimit -c unlimited" before starting Java again
#
# If you would like to submit a bug report, please visit:
#   http://bugreport.java.com/bugreport/crash.jsp
# The crash happened outside the Java Virtual Machine in native code.
# See problematic frame for where to report the bug.
#

---------------  T H R E A D  ---------------

Current thread (0x00007ffb80b63800):  JavaThread "http-nio-127.0.0.1-8081-exec-6" daemon [_thread_in_native, id=30979, stack(0x000070000ca61000,0x000070000cb61000)]

siginfo: si_signo: 11 (SIGSEGV), si_code: 1 (SEGV_MAPERR), si_addr: 0x000000000000000c

Registers:
RAX=0x00007ffb82235e01, RBX=0x0000000000000001, RCX=0x0000000000000001, RDX=0x0000000000000300
RSP=0x000070000cb5bbf0, RBP=0x000070000cb5bc50, RSI=0x0000000000000001, RDI=0x0000000000000000
R8 =0x0000000000000001, R9 =0x00007ffb82235ea0, R10=0x000070000cb5bc00, R11=0x00000001a22603f0
R12=0x0000000000000004, R13=0x0000000000000002, R14=0x000070000cb5be48, R15=0x000070000cb5bde0
RIP=0x00000001a2260df8, EFLAGS=0x0000000000010202, ERR=0x0000000000000004
  TRAPNO=0x000000000000000e

Top of Stack: (sp=0x000070000cb5bbf0)
0x000070000cb5bbf0:   0000000000000001 0000000000000001
0x000070000cb5bc00:   000070000cb5be48 000070000cb5bde0
0x000070000cb5bc10:   000070000cb5bc30 00007fffb364c2b0
0x000070000cb5bc20:   0000000000000001 0000000000000001
0x000070000cb5bc30:   000070000cb5bc50 01007fffb20e0e2e
0x000070000cb5bc40:   0000000000000000 0000000000000001
0x000070000cb5bc50:   000070000cb5bca0 00000001a22604bb
0x000070000cb5bc60:   0000000000000010 000070000cb5bd18
0x000070000cb5bc70:   0000000000000001 00007ffb82235ea0
0x000070000cb5bc80:   0000000000000000 0000000000000000
0x000070000cb5bc90:   0000000000000000 00007ffb82236f50
0x000070000cb5bca0:   000070000cb5bcb0 00000001a21fb94c
0x000070000cb5bcb0:   000000000000000e 000070000cb5c740
0x000070000cb5bcc0:   000070000cb5bdb0 00000001a21fb456
0x000070000cb5bcd0:   000070000cb5bd00 00000001a21faebb
0x000070000cb5bce0:   0000000000000008 000070000cb5bd60
0x000070000cb5bcf0:   000070000cb5beb0 000070000cb5bd74
0x000070000cb5bd00:   000070000cb5bd70 000070000cb5bd60
0x000070000cb5bd10:   000070000cb5bdc0 000070000cb5c740
0x000070000cb5bd20:   00000001a22603f0 000070000cb5beb0
0x000070000cb5bd30:   000070000cb5bc00 000070000cb5bcb0
0x000070000cb5bd40:   0000000000000002 0000000200000002
0x000070000cb5bd50:   000070000cb5bc00 0000000100000000
0x000070000cb5bd60:   0000700000000002 000070000cb5beb0
0x000070000cb5bd70:   0000000100000000 2540a1719e6c00fc
0x000070000cb5bd80:   000070000cb5bdd0 000070000cb5beb0
0x000070000cb5bd90:   000070000cb5be50 00007ffb80b639f8
0x000070000cb5bda0:   000070000cb5bdd0 000070000cb5bdf0
0x000070000cb5bdb0:   000070000cb5c730 00000001a21f22f5
0x000070000cb5bdc0:   000070000cb5be40 000070000cb5be48
0x000070000cb5bdd0:   000000011466f71f 000000010eea8528
0x000070000cb5bde0:   00000001a21fddd0 00000001a21fdd70 

Instructions: (pc=0x00000001a2260df8)
0x00000001a2260dd8:   01 00 00 5d c3 0f 1f 00 55 48 89 e5 48 83 ec 60
0x00000001a2260de8:   40 88 f0 48 89 7d f0 24 01 88 45 ef 48 8b 7d f0
0x00000001a2260df8:   f6 47 0c 01 48 89 7d e0 0f 84 09 00 00 00 c6 45
0x00000001a2260e08:   ff 00 e9 81 01 00 00 48 8d 3d 22 2c 04 00 e8 67 

Register to memory mapping:

RAX=0x00007ffb82235e01 is an unknown value
RBX=0x0000000000000001 is an unknown value
RCX=0x0000000000000001 is an unknown value
RDX=0x0000000000000300 is an unknown value
RSP=0x000070000cb5bbf0 is pointing into the stack for thread: 0x00007ffb80b63800
RBP=0x000070000cb5bc50 is pointing into the stack for thread: 0x00007ffb80b63800
RSI=0x0000000000000001 is an unknown value
RDI=0x0000000000000000 is an unknown value
R8 =0x0000000000000001 is an unknown value
R9 =0x00007ffb82235ea0 is an unknown value
R10=0x000070000cb5bc00 is pointing into the stack for thread: 0x00007ffb80b63800
R11=0x00000001a22603f0: NLPIR_ParagraphProcess+0 in /Users/Debbie/bitarmdcrf/target/classes/darwin/libNLPIR.dylib at 0x00000001a2203000
R12=0x0000000000000004 is an unknown value
R13=0x0000000000000002 is an unknown value
R14=0x000070000cb5be48 is pointing into the stack for thread: 0x00007ffb80b63800
R15=0x000070000cb5bde0 is pointing into the stack for thread: 0x00007ffb80b63800


Stack: [0x000070000ca61000,0x000070000cb61000],  sp=0x000070000cb5bbf0,  free space=1002k
Native frames: (J=compiled Java code, j=interpreted, Vv=VM code, C=native code)
C  [libNLPIR.dylib+0x5ddf8]  CNLPIR::SetAvailable(bool)+0x18
C  [libNLPIR.dylib+0x5d4bb]  NLPIR_ParagraphProcess+0xcb
C  [jna7349332551364112646.tmp+0xd94c]  ffi_call_unix64+0x4c
C  0x000070000cb5c740

Java frames: (J=compiled Java code, j=interpreted, Vv=VM code)
j  com.sun.jna.Native.invokePointer(JI[Ljava/lang/Object;)J+0
j  com.sun.jna.Function.invokePointer(I[Ljava/lang/Object;)Lcom/sun/jna/Pointer;+6
j  com.sun.jna.Function.invokeString(I[Ljava/lang/Object;Z)Ljava/lang/String;+3
j  com.sun.jna.Function.invoke([Ljava/lang/Object;Ljava/lang/Class;Z)Ljava/lang/Object;+364
j  com.sun.jna.Function.invoke(Ljava/lang/Class;[Ljava/lang/Object;Ljava/util/Map;)Ljava/lang/Object;+262
j  com.sun.jna.Library$Handler.invoke(Ljava/lang/Object;Ljava/lang/reflect/Method;[Ljava/lang/Object;)Ljava/lang/Object;+316
j  com.sun.proxy.$Proxy89.NLPIR_ParagraphProcess(Ljava/lang/String;I)Ljava/lang/String;+23
j  nlpir.lucene.cn.ictclas.NLPIRTokenizer.incrementToken()Z+149
j  org.apache.lucene.analysis.synonym.SynonymGraphFilter.parse()Z+199
j  org.apache.lucene.analysis.synonym.SynonymGraphFilter.incrementToken()Z+63
j  org.apache.lucene.index.DefaultIndexingChain$PerField.invert(Lorg/apache/lucene/index/IndexableField;Z)V+154
j  org.apache.lucene.index.DefaultIndexingChain.processField(Lorg/apache/lucene/index/IndexableField;JI)I+170
j  org.apache.lucene.index.DefaultIndexingChain.processDocument()V+76
j  org.apache.lucene.index.DocumentsWriterPerThread.updateDocument(Ljava/lang/Iterable;Lorg/apache/lucene/analysis/Analyzer;Lorg/apache/lucene/index/Term;)J+65
j  org.apache.lucene.index.DocumentsWriter.updateDocument(Ljava/lang/Iterable;Lorg/apache/lucene/analysis/Analyzer;Lorg/apache/lucene/index/Term;)J+66
j  org.apache.lucene.index.IndexWriter.updateDocument(Lorg/apache/lucene/index/Term;Ljava/lang/Iterable;)J+16
j  org.apache.lucene.index.IndexWriter.addDocument(Ljava/lang/Iterable;)J+3
j  com.bit.armdcrf.service.IndexHandler.IndexFile.IndexWordImpl.fileIndexCreate(Ljava/nio/file/Path;)Z+110
j  com.bit.armdcrf.service.DataHandler.WordDataHandlerImpl$1.visitFile(Ljava/nio/file/Path;Ljava/nio/file/attribute/BasicFileAttributes;)Ljava/nio/file/FileVisitResult;+103
j  com.bit.armdcrf.service.DataHandler.WordDataHandlerImpl$1.visitFile(Ljava/lang/Object;Ljava/nio/file/attribute/BasicFileAttributes;)Ljava/nio/file/FileVisitResult;+6
j  java.nio.file.Files.walkFileTree(Ljava/nio/file/Path;Ljava/util/Set;ILjava/nio/file/FileVisitor;)Ljava/nio/file/Path;+105
j  java.nio.file.Files.walkFileTree(Ljava/nio/file/Path;Ljava/nio/file/FileVisitor;)Ljava/nio/file/Path;+9
j  com.bit.armdcrf.service.DataHandler.WordDataHandlerImpl.add(Ljava/lang/String;)Z+28
j  com.bit.armdcrf.controller.DataController.importWord(Ljava/lang/String;)Ljava/util/Map;+5
v  ~StubRoutines::call_stub
J 1229  sun.reflect.NativeMethodAccessorImpl.invoke0(Ljava/lang/reflect/Method;Ljava/lang/Object;[Ljava/lang/Object;)Ljava/lang/Object; (0 bytes) @ 0x000000011494b8b7 [0x000000011494b840+0x77]
J 1228 C1 sun.reflect.NativeMethodAccessorImpl.invoke(Ljava/lang/Object;[Ljava/lang/Object;)Ljava/lang/Object; (104 bytes) @ 0x000000011494debc [0x000000011494db20+0x39c]
J 871 C1 sun.reflect.DelegatingMethodAccessorImpl.invoke(Ljava/lang/Object;[Ljava/lang/Object;)Ljava/lang/Object; (10 bytes) @ 0x00000001148ca384 [0x00000001148ca340+0x44]
J 870 C1 java.lang.reflect.Method.invoke(Ljava/lang/Object;[Ljava/lang/Object;)Ljava/lang/Object; (62 bytes) @ 0x00000001148c9f8c [0x00000001148c9ea0+0xec]
j  org.springframework.web.method.support.InvocableHandlerMethod.doInvoke([Ljava/lang/Object;)Ljava/lang/Object;+16
j  org.springframework.web.method.support.InvocableHandlerMethod.invokeForRequest(Lorg/springframework/web/context/request/NativeWebRequest;Lorg/springframework/web/method/support/ModelAndViewContainer;[Ljava/lang/Object;)Ljava/lang/Object;+75
j  org.springframework.web.servlet.mvc.method.annotation.ServletInvocableHandlerMethod.invokeAndHandle(Lorg/springframework/web/context/request/ServletWebRequest;Lorg/springframework/web/method/support/ModelAndViewContainer;[Ljava/lang/Object;)V+4
j  org.springframework.web.servlet.mvc.method.annotation.RequestMappingHandlerAdapter.invokeHandlerMethod(Ljavax/servlet/http/HttpServletRequest;Ljavax/servlet/http/HttpServletResponse;Lorg/springframework/web/method/HandlerMethod;)Lorg/springframework/web/servlet/ModelAndView;+262
j  org.springframework.web.servlet.mvc.method.annotation.RequestMappingHandlerAdapter.handleInternal(Ljavax/servlet/http/HttpServletRequest;Ljavax/servlet/http/HttpServletResponse;Lorg/springframework/web/method/HandlerMethod;)Lorg/springframework/web/servlet/ModelAndView;+81
j  org.springframework.web.servlet.mvc.method.AbstractHandlerMethodAdapter.handle(Ljavax/servlet/http/HttpServletRequest;Ljavax/servlet/http/HttpServletResponse;Ljava/lang/Object;)Lorg/springframework/web/servlet/ModelAndView;+7
j  org.springframework.web.servlet.DispatcherServlet.doDispatch(Ljavax/servlet/http/HttpServletRequest;Ljavax/servlet/http/HttpServletResponse;)V+318
j  org.springframework.web.servlet.DispatcherServlet.doService(Ljavax/servlet/http/HttpServletRequest;Ljavax/servlet/http/HttpServletResponse;)V+301
j  org.springframework.web.servlet.FrameworkServlet.processRequest(Ljavax/servlet/http/HttpServletRequest;Ljavax/servlet/http/HttpServletResponse;)V+71
j  org.springframework.web.servlet.FrameworkServlet.doPost(Ljavax/servlet/http/HttpServletRequest;Ljavax/servlet/http/HttpServletResponse;)V+3
j  javax.servlet.http.HttpServlet.service(Ljavax/servlet/http/HttpServletRequest;Ljavax/servlet/http/HttpServletResponse;)V+149
j  org.springframework.web.servlet.FrameworkServlet.service(Ljavax/servlet/http/HttpServletRequest;Ljavax/servlet/http/HttpServletResponse;)V+33
j  javax.servlet.http.HttpServlet.service(Ljavax/servlet/ServletRequest;Ljavax/servlet/ServletResponse;)V+30
j  org.apache.catalina.core.ApplicationFilterChain.internalDoFilter(Ljavax/servlet/ServletRequest;Ljavax/servlet/ServletResponse;)V+304
j  org.apache.catalina.core.ApplicationFilterChain.doFilter(Ljavax/servlet/ServletRequest;Ljavax/servlet/ServletResponse;)V+101
j  org.apache.tomcat.websocket.server.WsFilter.doFilter(Ljavax/servlet/ServletRequest;Ljavax/servlet/ServletResponse;Ljavax/servlet/FilterChain;)V+21
j  org.apache.catalina.core.ApplicationFilterChain.internalDoFilter(Ljavax/servlet/ServletRequest;Ljavax/servlet/ServletResponse;)V+135
j  org.apache.catalina.core.ApplicationFilterChain.doFilter(Ljavax/servlet/ServletRequest;Ljavax/servlet/ServletResponse;)V+101
j  org.springframework.security.web.FilterChainProxy$VirtualFilterChain.doFilter(Ljavax/servlet/ServletRequest;Ljavax/servlet/ServletResponse;)V+68
j  org.springframework.security.web.access.intercept.FilterSecurityInterceptor.invoke(Lorg/springframework/security/web/FilterInvocation;)V+87
j  org.springframework.security.web.access.intercept.FilterSecurityInterceptor.doFilter(Ljavax/servlet/ServletRequest;Ljavax/servlet/ServletResponse;Ljavax/servlet/FilterChain;)V+15
j  org.springframework.security.web.FilterChainProxy$VirtualFilterChain.doFilter(Ljavax/servlet/ServletRequest;Ljavax/servlet/ServletResponse;)V+192
j  org.springframework.security.web.access.ExceptionTranslationFilter.doFilter(Ljavax/servlet/ServletRequest;Ljavax/servlet/ServletResponse;Ljavax/servlet/FilterChain;)V+17
j  org.springframework.security.web.FilterChainProxy$VirtualFilterChain.doFilter(Ljavax/servlet/ServletRequest;Ljavax/servlet/ServletResponse;)V+192
j  org.springframework.security.web.session.SessionManagementFilter.doFilter(Ljavax/servlet/ServletRequest;Ljavax/servlet/ServletResponse;Ljavax/servlet/FilterChain;)V+258
j  org.springframework.security.web.FilterChainProxy$VirtualFilterChain.doFilter(Ljavax/servlet/ServletRequest;Ljavax/servlet/ServletResponse;)V+192
j  org.springframework.security.web.authentication.AnonymousAuthenticationFilter.doFilter(Ljavax/servlet/ServletRequest;Ljavax/servlet/ServletResponse;Ljavax/servlet/FilterChain;)V+137
j  org.springframework.security.web.FilterChainProxy$VirtualFilterChain.doFilter(Ljavax/servlet/ServletRequest;Ljavax/servlet/ServletResponse;)V+192
j  org.springframework.security.web.servletapi.SecurityContextHolderAwareRequestFilter.doFilter(Ljavax/servlet/ServletRequest;Ljavax/servlet/ServletResponse;Ljavax/servlet/FilterChain;)V+19
j  org.springframework.security.web.FilterChainProxy$VirtualFilterChain.doFilter(Ljavax/servlet/ServletRequest;Ljavax/servlet/ServletResponse;)V+192
j  org.springframework.security.web.savedrequest.RequestCacheAwareFilter.doFilter(Ljavax/servlet/ServletRequest;Ljavax/servlet/ServletResponse;Ljavax/servlet/FilterChain;)V+32
j  org.springframework.security.web.FilterChainProxy$VirtualFilterChain.doFilter(Ljavax/servlet/ServletRequest;Ljavax/servlet/ServletResponse;)V+192
j  org.springframework.security.web.authentication.AbstractAuthenticationProcessingFilter.doFilter(Ljavax/servlet/ServletRequest;Ljavax/servlet/ServletResponse;Ljavax/servlet/FilterChain;)V+28
j  org.springframework.security.web.FilterChainProxy$VirtualFilterChain.doFilter(Ljavax/servlet/ServletRequest;Ljavax/servlet/ServletResponse;)V+192
j  org.springframework.security.web.authentication.logout.LogoutFilter.doFilter(Ljavax/servlet/ServletRequest;Ljavax/servlet/ServletResponse;Ljavax/servlet/FilterChain;)V+115
j  org.springframework.security.web.FilterChainProxy$VirtualFilterChain.doFilter(Ljavax/servlet/ServletRequest;Ljavax/servlet/ServletResponse;)V+192
j  org.springframework.security.web.header.HeaderWriterFilter.doFilterInternal(Ljavax/servlet/http/HttpServletRequest;Ljavax/servlet/http/HttpServletResponse;Ljavax/servlet/FilterChain;)V+48
j  org.springframework.web.filter.OncePerRequestFilter.doFilter(Ljavax/servlet/ServletRequest;Ljavax/servlet/ServletResponse;Ljavax/servlet/FilterChain;)V+111
j  org.springframework.security.web.FilterChainProxy$VirtualFilterChain.doFilter(Ljavax/servlet/ServletRequest;Ljavax/servlet/ServletResponse;)V+192
j  org.springframework.security.web.context.SecurityContextPersistenceFilter.doFilter(Ljavax/servlet/ServletRequest;Ljavax/servlet/ServletResponse;Ljavax/servlet/FilterChain;)V+165
j  org.springframework.security.web.FilterChainProxy$VirtualFilterChain.doFilter(Ljavax/servlet/ServletRequest;Ljavax/servlet/ServletResponse;)V+192
j  org.springframework.security.web.context.request.async.WebAsyncManagerIntegrationFilter.doFilterInternal(Ljavax/servlet/http/HttpServletRequest;Ljavax/servlet/http/HttpServletResponse;Ljavax/servlet/FilterChain;)V+42
j  org.springframework.web.filter.OncePerRequestFilter.doFilter(Ljavax/servlet/ServletRequest;Ljavax/servlet/ServletResponse;Ljavax/servlet/FilterChain;)V+111
j  org.springframework.security.web.FilterChainProxy$VirtualFilterChain.doFilter(Ljavax/servlet/ServletRequest;Ljavax/servlet/ServletResponse;)V+192
j  org.springframework.security.web.FilterChainProxy.doFilterInternal(Ljavax/servlet/ServletRequest;Ljavax/servlet/ServletResponse;Ljavax/servlet/FilterChain;)V+142
j  org.springframework.security.web.FilterChainProxy.doFilter(Ljavax/servlet/ServletRequest;Ljavax/servlet/ServletResponse;Ljavax/servlet/FilterChain;)V+40
j  org.springframework.web.filter.DelegatingFilterProxy.invokeDelegate(Ljavax/servlet/Filter;Ljavax/servlet/ServletRequest;Ljavax/servlet/ServletResponse;Ljavax/servlet/FilterChain;)V+5
j  org.springframework.web.filter.DelegatingFilterProxy.doFilter(Ljavax/servlet/ServletRequest;Ljavax/servlet/ServletResponse;Ljavax/servlet/FilterChain;)V+85
j  org.apache.catalina.core.ApplicationFilterChain.internalDoFilter(Ljavax/servlet/ServletRequest;Ljavax/servlet/ServletResponse;)V+135
j  org.apache.catalina.core.ApplicationFilterChain.doFilter(Ljavax/servlet/ServletRequest;Ljavax/servlet/ServletResponse;)V+101
j  org.springframework.web.filter.RequestContextFilter.doFilterInternal(Ljavax/servlet/http/HttpServletRequest;Ljavax/servlet/http/HttpServletResponse;Ljavax/servlet/FilterChain;)V+21
j  org.springframework.web.filter.OncePerRequestFilter.doFilter(Ljavax/servlet/ServletRequest;Ljavax/servlet/ServletResponse;Ljavax/servlet/FilterChain;)V+111
j  org.apache.catalina.core.ApplicationFilterChain.internalDoFilter(Ljavax/servlet/ServletRequest;Ljavax/servlet/ServletResponse;)V+135
j  org.apache.catalina.core.ApplicationFilterChain.doFilter(Ljavax/servlet/ServletRequest;Ljavax/servlet/ServletResponse;)V+101
j  org.springframework.web.filter.HttpPutFormContentFilter.doFilterInternal(Ljavax/servlet/http/HttpServletRequest;Ljavax/servlet/http/HttpServletResponse;Ljavax/servlet/FilterChain;)V+95
j  org.springframework.web.filter.OncePerRequestFilter.doFilter(Ljavax/servlet/ServletRequest;Ljavax/servlet/ServletResponse;Ljavax/servlet/FilterChain;)V+111
j  org.apache.catalina.core.ApplicationFilterChain.internalDoFilter(Ljavax/servlet/ServletRequest;Ljavax/servlet/ServletResponse;)V+135
j  org.apache.catalina.core.ApplicationFilterChain.doFilter(Ljavax/servlet/ServletRequest;Ljavax/servlet/ServletResponse;)V+101
j  org.springframework.web.filter.HiddenHttpMethodFilter.doFilterInternal(Ljavax/servlet/http/HttpServletRequest;Ljavax/servlet/http/HttpServletResponse;Ljavax/servlet/FilterChain;)V+64
j  org.springframework.web.filter.OncePerRequestFilter.doFilter(Ljavax/servlet/ServletRequest;Ljavax/servlet/ServletResponse;Ljavax/servlet/FilterChain;)V+111
j  org.apache.catalina.core.ApplicationFilterChain.internalDoFilter(Ljavax/servlet/ServletRequest;Ljavax/servlet/ServletResponse;)V+135
j  org.apache.catalina.core.ApplicationFilterChain.doFilter(Ljavax/servlet/ServletRequest;Ljavax/servlet/ServletResponse;)V+101
j  org.springframework.web.filter.CharacterEncodingFilter.doFilterInternal(Ljavax/servlet/http/HttpServletRequest;Ljavax/servlet/http/HttpServletResponse;Ljavax/servlet/FilterChain;)V+53
j  org.springframework.web.filter.OncePerRequestFilter.doFilter(Ljavax/servlet/ServletRequest;Ljavax/servlet/ServletResponse;Ljavax/servlet/FilterChain;)V+111
j  org.apache.catalina.core.ApplicationFilterChain.internalDoFilter(Ljavax/servlet/ServletRequest;Ljavax/servlet/ServletResponse;)V+135
j  org.apache.catalina.core.ApplicationFilterChain.doFilter(Ljavax/servlet/ServletRequest;Ljavax/servlet/ServletResponse;)V+101
j  org.apache.catalina.core.StandardWrapperValve.invoke(Lorg/apache/catalina/connector/Request;Lorg/apache/catalina/connector/Response;)V+688
j  org.apache.catalina.core.StandardContextValve.invoke(Lorg/apache/catalina/connector/Request;Lorg/apache/catalina/connector/Response;)V+166
j  org.apache.catalina.authenticator.AuthenticatorBase.invoke(Lorg/apache/catalina/connector/Request;Lorg/apache/catalina/connector/Response;)V+272
j  org.apache.catalina.core.StandardHostValve.invoke(Lorg/apache/catalina/connector/Request;Lorg/apache/catalina/connector/Response;)V+138
j  org.apache.catalina.valves.ErrorReportValve.invoke(Lorg/apache/catalina/connector/Request;Lorg/apache/catalina/connector/Response;)V+6
j  org.apache.catalina.core.StandardEngineValve.invoke(Lorg/apache/catalina/connector/Request;Lorg/apache/catalina/connector/Response;)V+71
j  org.apache.catalina.connector.CoyoteAdapter.service(Lorg/apache/coyote/Request;Lorg/apache/coyote/Response;)V+199
j  org.apache.coyote.http11.Http11Processor.service(Lorg/apache/tomcat/util/net/SocketWrapperBase;)Lorg/apache/tomcat/util/net/AbstractEndpoint$Handler$SocketState;+806
j  org.apache.coyote.AbstractProcessorLight.process(Lorg/apache/tomcat/util/net/SocketWrapperBase;Lorg/apache/tomcat/util/net/SocketEvent;)Lorg/apache/tomcat/util/net/AbstractEndpoint$Handler$SocketState;+113
j  org.apache.coyote.AbstractProtocol$ConnectionHandler.process(Lorg/apache/tomcat/util/net/SocketWrapperBase;Lorg/apache/tomcat/util/net/SocketEvent;)Lorg/apache/tomcat/util/net/AbstractEndpoint$Handler$SocketState;+378
j  org.apache.tomcat.util.net.NioEndpoint$SocketProcessor.doRun()V+191
j  org.apache.tomcat.util.net.SocketProcessorBase.run()V+21
j  java.util.concurrent.ThreadPoolExecutor.runWorker(Ljava/util/concurrent/ThreadPoolExecutor$Worker;)V+95
j  java.util.concurrent.ThreadPoolExecutor$Worker.run()V+5
j  org.apache.tomcat.util.threads.TaskThread$WrappingRunnable.run()V+4
j  java.lang.Thread.run()V+11
v  ~StubRoutines::call_stub

---------------  P R O C E S S  ---------------

Java Threads: ( => current thread )
  0x00007ffb7f181000 JavaThread "Abandoned connection cleanup thread" daemon [_thread_blocked, id=39683, stack(0x000070000d47f000,0x000070000d57f000)]
  0x00007ffb7ec81000 JavaThread "Tomcat JDBC Pool Cleaner[349885916:1527908747529]" daemon [_thread_blocked, id=39299, stack(0x000070000c146000,0x000070000c246000)]
  0x00007ffb7d8bc800 JavaThread "Java2D Disposer" daemon [_thread_blocked, id=4107, stack(0x000070000c043000,0x000070000c143000)]
  0x00007ffb81165000 JavaThread "AWT-AppKit" daemon [_thread_in_native, id=775, stack(0x00007fff54071000,0x00007fff54871000)]
  0x00007ffb7f2b0000 JavaThread "RMI TCP Connection(idle)" daemon [_thread_blocked, id=36611, stack(0x000070000d582000,0x000070000d682000)]
  0x00007ffb7f2af800 JavaThread "RMI TCP Connection(idle)" daemon [_thread_blocked, id=35591, stack(0x000070000d37c000,0x000070000d47c000)]
  0x00007ffb7e4df800 JavaThread "DestroyJavaVM" [_thread_blocked, id=6915, stack(0x000070000a572000,0x000070000a672000)]
  0x00007ffb7e4de800 JavaThread "http-nio-127.0.0.1-8081-AsyncTimeout" daemon [_thread_blocked, id=35075, stack(0x000070000d279000,0x000070000d379000)]
  0x00007ffb7f2a6800 JavaThread "http-nio-127.0.0.1-8081-Acceptor-0" daemon [_thread_in_native, id=34563, stack(0x000070000d176000,0x000070000d276000)]
  0x00007ffb7f2ae000 JavaThread "http-nio-127.0.0.1-8081-ClientPoller-1" daemon [_thread_in_native, id=34051, stack(0x000070000d073000,0x000070000d173000)]
  0x00007ffb7ea53000 JavaThread "http-nio-127.0.0.1-8081-ClientPoller-0" daemon [_thread_in_native, id=33539, stack(0x000070000cf70000,0x000070000d070000)]
  0x00007ffb7ea50800 JavaThread "http-nio-127.0.0.1-8081-exec-10" daemon [_thread_blocked, id=33027, stack(0x000070000ce6d000,0x000070000cf6d000)]
  0x00007ffb7f2ab000 JavaThread "http-nio-127.0.0.1-8081-exec-9" daemon [_thread_blocked, id=32515, stack(0x000070000cd6a000,0x000070000ce6a000)]
  0x00007ffb7f2a3800 JavaThread "http-nio-127.0.0.1-8081-exec-8" daemon [_thread_blocked, id=32003, stack(0x000070000cc67000,0x000070000cd67000)]
  0x00007ffb7f2a2800 JavaThread "http-nio-127.0.0.1-8081-exec-7" daemon [_thread_blocked, id=31491, stack(0x000070000cb64000,0x000070000cc64000)]
=>0x00007ffb80b63800 JavaThread "http-nio-127.0.0.1-8081-exec-6" daemon [_thread_in_native, id=30979, stack(0x000070000ca61000,0x000070000cb61000)]
  0x00007ffb80b62000 JavaThread "http-nio-127.0.0.1-8081-exec-5" daemon [_thread_blocked, id=30467, stack(0x000070000c95e000,0x000070000ca5e000)]
  0x00007ffb80b61800 JavaThread "http-nio-127.0.0.1-8081-exec-4" daemon [_thread_blocked, id=29955, stack(0x000070000c85b000,0x000070000c95b000)]
  0x00007ffb80b5e800 JavaThread "http-nio-127.0.0.1-8081-exec-3" daemon [_thread_blocked, id=29443, stack(0x000070000c758000,0x000070000c858000)]
  0x00007ffb80b5e000 JavaThread "http-nio-127.0.0.1-8081-exec-2" daemon [_thread_blocked, id=28931, stack(0x000070000c655000,0x000070000c755000)]
  0x00007ffb80b57000 JavaThread "http-nio-127.0.0.1-8081-exec-1" daemon [_thread_blocked, id=28419, stack(0x000070000c552000,0x000070000c652000)]
  0x00007ffb80b53800 JavaThread "NioBlockingSelector.BlockPoller-1" daemon [_thread_in_native, id=27915, stack(0x000070000c44f000,0x000070000c54f000)]
  0x00007ffb7f236800 JavaThread "container-0" [_thread_blocked, id=27395, stack(0x000070000c34c000,0x000070000c44c000)]
  0x00007ffb7e49d000 JavaThread "ContainerBackgroundProcessor[StandardEngine[Tomcat]]" daemon [_thread_blocked, id=26887, stack(0x000070000c249000,0x000070000c349000)]
  0x00007ffb7f12c800 JavaThread "RMI TCP Connection(idle)" daemon [_thread_blocked, id=25347, stack(0x000070000bf40000,0x000070000c040000)]
  0x00007ffb809b2800 JavaThread "RMI Scheduler(0)" daemon [_thread_blocked, id=24835, stack(0x000070000be3d000,0x000070000bf3d000)]
  0x00007ffb7e336000 JavaThread "RMI TCP Connection(idle)" daemon [_thread_blocked, id=24323, stack(0x000070000bd3a000,0x000070000be3a000)]
  0x00007ffb8096a800 JavaThread "RMI TCP Accept-0" daemon [_thread_in_native, id=23299, stack(0x000070000bb34000,0x000070000bc34000)]
  0x00007ffb7e93e800 JavaThread "RMI TCP Accept-58666" daemon [_thread_in_native, id=22787, stack(0x000070000ba31000,0x000070000bb31000)]
  0x00007ffb7e939800 JavaThread "RMI TCP Accept-0" daemon [_thread_in_native, id=22275, stack(0x000070000b92e000,0x000070000ba2e000)]
  0x00007ffb8180d000 JavaThread "Service Thread" daemon [_thread_blocked, id=21763, stack(0x000070000b82b000,0x000070000b92b000)]
  0x00007ffb7e22a800 JavaThread "C1 CompilerThread3" daemon [_thread_blocked, id=21251, stack(0x000070000b728000,0x000070000b828000)]
  0x00007ffb7e229800 JavaThread "C2 CompilerThread2" daemon [_thread_blocked, id=20739, stack(0x000070000b625000,0x000070000b725000)]
  0x00007ffb808f3000 JavaThread "C2 CompilerThread1" daemon [_thread_blocked, id=20227, stack(0x000070000b522000,0x000070000b622000)]
  0x00007ffb808f2000 JavaThread "C2 CompilerThread0" daemon [_thread_blocked, id=19715, stack(0x000070000b41f000,0x000070000b51f000)]
  0x00007ffb808ef000 JavaThread "Monitor Ctrl-Break" daemon [_thread_in_native, id=19203, stack(0x000070000b31c000,0x000070000b41c000)]
  0x00007ffb7e846800 JavaThread "Signal Dispatcher" daemon [_thread_blocked, id=18691, stack(0x000070000b219000,0x000070000b319000)]
  0x00007ffb80806000 JavaThread "Finalizer" daemon [_thread_blocked, id=14339, stack(0x000070000b093000,0x000070000b193000)]
  0x00007ffb80805800 JavaThread "Reference Handler" daemon [_thread_blocked, id=13827, stack(0x000070000af90000,0x000070000b090000)]

Other Threads:
  0x00007ffb7f01b800 VMThread [stack: 0x000070000ae8d000,0x000070000af8d000] [id=13315]
  0x00007ffb7f0e2800 WatcherThread [stack: 0x000070000bc37000,0x000070000bd37000] [id=23811]

VM state:not at safepoint (normal execution)

VM Mutex/Monitor currently owned by a thread: None

Heap:
 PSYoungGen      total 359424K, used 239472K [0x000000076ab00000, 0x0000000789180000, 0x00000007c0000000)
  eden space 341504K, 64% used [0x000000076ab00000,0x000000077835c958,0x000000077f880000)
  from space 17920K, 99% used [0x000000077f880000,0x00000007809ff9e0,0x0000000780a00000)
  to   space 20992K, 0% used [0x0000000787d00000,0x0000000787d00000,0x0000000789180000)
 ParOldGen       total 136704K, used 22543K [0x00000006c0000000, 0x00000006c8580000, 0x000000076ab00000)
  object space 136704K, 16% used [0x00000006c0000000,0x00000006c1603ef8,0x00000006c8580000)
 Metaspace       used 49730K, capacity 50328K, committed 50648K, reserved 1093632K
  class space    used 6240K, capacity 6386K, committed 6400K, reserved 1048576K

Card table byte_map: [0x000000010d94d000,0x000000010e14e000] byte_map_base: 0x000000010a34d000

Marking Bits: (ParMarkBitMap*) 0x000000010cee3ea0
 Begin Bits: [0x000000012366f000, 0x000000012766f000)
 End Bits:   [0x000000012766f000, 0x000000012b66f000)

Polling page: 0x000000010b463000

CodeCache: size=245760Kb used=10090Kb max_used=10090Kb free=235669Kb
 bounds [0x000000011466f000, 0x000000011504f000, 0x000000012366f000]
 total_blobs=5588 nmethods=4912 adapters=588
 compilation: enabled

Compilation events (10 events):
Event: 45.368 Thread 0x00007ffb7e22a800 5009       1       java.lang.StackTraceElement::isNativeMethod (15 bytes)
Event: 45.368 Thread 0x00007ffb7e22a800 nmethod 5009 0x0000000115048e50 code [0x0000000115048fa0, 0x00000001150490d0]
Event: 45.368 Thread 0x00007ffb7e22a800 5010   !   1       java.io.PrintStream::newLine (73 bytes)
Event: 45.369 Thread 0x00007ffb7e22a800 nmethod 5010 0x0000000115049110 code [0x00000001150492e0, 0x00000001150497b8]
Event: 45.369 Thread 0x00007ffb7e22a800 5011       1       java.io.BufferedWriter::newLine (9 bytes)
Event: 45.369 Thread 0x00007ffb7e22a800 nmethod 5011 0x0000000115049d50 code [0x0000000115049ec0, 0x000000011504a008]
Event: 45.393 Thread 0x00007ffb7e22a800 5012       1       org.apache.catalina.loader.WebappClassLoaderBase::loadClass (7 bytes)
Event: 45.393 Thread 0x00007ffb7e22a800 nmethod 5012 0x000000011504a110 code [0x000000011504a280, 0x000000011504a3c8]
Event: 45.393 Thread 0x00007ffb7e22a800 5013  s    1       org.springframework.boot.context.embedded.tomcat.TomcatEmbeddedWebappClassLoader::loadClass (40 bytes)
Event: 45.393 Thread 0x00007ffb7e22a800 nmethod 5013 0x000000011504a450 code [0x000000011504a600, 0x000000011504aa38]

GC Heap History (10 events):
Event: 2.345 GC heap before
{Heap before GC invocations=7 (full 1):
 PSYoungGen      total 141824K, used 138770K [0x000000076ab00000, 0x0000000779500000, 0x00000007c0000000)
  eden space 131072K, 100% used [0x000000076ab00000,0x0000000772b00000,0x0000000772b00000)
  from space 10752K, 71% used [0x0000000772b00000,0x0000000773284998,0x0000000773580000)
  to   space 9728K, 0% used [0x0000000778b80000,0x0000000778b80000,0x0000000779500000)
 ParOldGen       total 91136K, used 6762K [0x00000006c0000000, 0x00000006c5900000, 0x000000076ab00000)
  object space 91136K, 7% used [0x00000006c0000000,0x00000006c069aa48,0x00000006c5900000)
 Metaspace       used 28846K, capacity 29246K, committed 29568K, reserved 1075200K
  class space    used 3754K, capacity 3844K, committed 3968K, reserved 1048576K
Event: 2.354 GC heap after
Heap after GC invocations=7 (full 1):
 PSYoungGen      total 225280K, used 9721K [0x000000076ab00000, 0x0000000779680000, 0x00000007c0000000)
  eden space 215552K, 0% used [0x000000076ab00000,0x000000076ab00000,0x0000000777d80000)
  from space 9728K, 99% used [0x0000000778b80000,0x00000007794fe578,0x0000000779500000)
  to   space 12800K, 0% used [0x0000000777d80000,0x0000000777d80000,0x0000000778a00000)
 ParOldGen       total 91136K, used 10969K [0x00000006c0000000, 0x00000006c5900000, 0x000000076ab00000)
  object space 91136K, 12% used [0x00000006c0000000,0x00000006c0ab6458,0x00000006c5900000)
 Metaspace       used 28846K, capacity 29246K, committed 29568K, reserved 1075200K
  class space    used 3754K, capacity 3844K, committed 3968K, reserved 1048576K
}
Event: 3.176 GC heap before
{Heap before GC invocations=8 (full 1):
 PSYoungGen      total 225280K, used 225273K [0x000000076ab00000, 0x0000000779680000, 0x00000007c0000000)
  eden space 215552K, 100% used [0x000000076ab00000,0x0000000777d80000,0x0000000777d80000)
  from space 9728K, 99% used [0x0000000778b80000,0x00000007794fe578,0x0000000779500000)
  to   space 12800K, 0% used [0x0000000777d80000,0x0000000777d80000,0x0000000778a00000)
 ParOldGen       total 91136K, used 10969K [0x00000006c0000000, 0x00000006c5900000, 0x000000076ab00000)
  object space 91136K, 12% used [0x00000006c0000000,0x00000006c0ab6458,0x00000006c5900000)
 Metaspace       used 33761K, capacity 34234K, committed 34560K, reserved 1079296K
  class space    used 4447K, capacity 4558K, committed 4608K, reserved 1048576K
Event: 3.190 GC heap after
Heap after GC invocations=8 (full 1):
 PSYoungGen      total 228352K, used 12790K [0x000000076ab00000, 0x0000000782100000, 0x00000007c0000000)
  eden space 215552K, 0% used [0x000000076ab00000,0x000000076ab00000,0x0000000777d80000)
  from space 12800K, 99% used [0x0000000777d80000,0x00000007789fd918,0x0000000778a00000)
  to   space 17920K, 0% used [0x0000000780f80000,0x0000000780f80000,0x0000000782100000)
 ParOldGen       total 91136K, used 17624K [0x00000006c0000000, 0x00000006c5900000, 0x000000076ab00000)
  object space 91136K, 19% used [0x00000006c0000000,0x00000006c11361d8,0x00000006c5900000)
 Metaspace       used 33761K, capacity 34234K, committed 34560K, reserved 1079296K
  class space    used 4447K, capacity 4558K, committed 4608K, reserved 1048576K
}
Event: 26.446 GC heap before
{Heap before GC invocations=9 (full 1):
 PSYoungGen      total 228352K, used 85977K [0x000000076ab00000, 0x0000000782100000, 0x00000007c0000000)
  eden space 215552K, 33% used [0x000000076ab00000,0x000000076f278de8,0x0000000777d80000)
  from space 12800K, 99% used [0x0000000777d80000,0x00000007789fd918,0x0000000778a00000)
  to   space 17920K, 0% used [0x0000000780f80000,0x0000000780f80000,0x0000000782100000)
 ParOldGen       total 91136K, used 17624K [0x00000006c0000000, 0x00000006c5900000, 0x000000076ab00000)
  object space 91136K, 19% used [0x00000006c0000000,0x00000006c11361d8,0x00000006c5900000)
 Metaspace       used 34824K, capacity 35264K, committed 35416K, reserved 1079296K
  class space    used 4591K, capacity 4700K, committed 4736K, reserved 1048576K
Event: 26.455 GC heap after
Heap after GC invocations=9 (full 1):
 PSYoungGen      total 344576K, used 12107K [0x000000076ab00000, 0x0000000781b80000, 0x00000007c0000000)
  eden space 332288K, 0% used [0x000000076ab00000,0x000000076ab00000,0x000000077ef80000)
  from space 12288K, 98% used [0x0000000780f80000,0x0000000781b52f28,0x0000000781b80000)
  to   space 17920K, 0% used [0x000000077f880000,0x000000077f880000,0x0000000780a00000)
 ParOldGen       total 91136K, used 17632K [0x00000006c0000000, 0x00000006c5900000, 0x000000076ab00000)
  object space 91136K, 19% used [0x00000006c0000000,0x00000006c11381d8,0x00000006c5900000)
 Metaspace       used 34824K, capacity 35264K, committed 35416K, reserved 1079296K
  class space    used 4591K, capacity 4700K, committed 4736K, reserved 1048576K
}
Event: 26.455 GC heap before
{Heap before GC invocations=10 (full 2):
 PSYoungGen      total 344576K, used 12107K [0x000000076ab00000, 0x0000000781b80000, 0x00000007c0000000)
  eden space 332288K, 0% used [0x000000076ab00000,0x000000076ab00000,0x000000077ef80000)
  from space 12288K, 98% used [0x0000000780f80000,0x0000000781b52f28,0x0000000781b80000)
  to   space 17920K, 0% used [0x000000077f880000,0x000000077f880000,0x0000000780a00000)
 ParOldGen       total 91136K, used 17632K [0x00000006c0000000, 0x00000006c5900000, 0x000000076ab00000)
  object space 91136K, 19% used [0x00000006c0000000,0x00000006c11381d8,0x00000006c5900000)
 Metaspace       used 34824K, capacity 35264K, committed 35416K, reserved 1079296K
  class space    used 4591K, capacity 4700K, committed 4736K, reserved 1048576K
Event: 26.499 GC heap after
Heap after GC invocations=10 (full 2):
 PSYoungGen      total 344576K, used 0K [0x000000076ab00000, 0x0000000781b80000, 0x00000007c0000000)
  eden space 332288K, 0% used [0x000000076ab00000,0x000000076ab00000,0x000000077ef80000)
  from space 12288K, 0% used [0x0000000780f80000,0x0000000780f80000,0x0000000781b80000)
  to   space 17920K, 0% used [0x000000077f880000,0x000000077f880000,0x0000000780a00000)
 ParOldGen       total 136704K, used 20388K [0x00000006c0000000, 0x00000006c8580000, 0x000000076ab00000)
  object space 136704K, 14% used [0x00000006c0000000,0x00000006c13e91b8,0x00000006c8580000)
 Metaspace       used 34824K, capacity 35264K, committed 35416K, reserved 1079296K
  class space    used 4591K, capacity 4700K, committed 4736K, reserved 1048576K
}
Event: 44.751 GC heap before
{Heap before GC invocations=11 (full 2):
 PSYoungGen      total 344576K, used 332288K [0x000000076ab00000, 0x0000000781b80000, 0x00000007c0000000)
  eden space 332288K, 100% used [0x000000076ab00000,0x000000077ef80000,0x000000077ef80000)
  from space 12288K, 0% used [0x0000000780f80000,0x0000000780f80000,0x0000000781b80000)
  to   space 17920K, 0% used [0x000000077f880000,0x000000077f880000,0x0000000780a00000)
 ParOldGen       total 136704K, used 20388K [0x00000006c0000000, 0x00000006c8580000, 0x000000076ab00000)
  object space 136704K, 14% used [0x00000006c0000000,0x00000006c13e91b8,0x00000006c8580000)
 Metaspace       used 48238K, capacity 48862K, committed 49240K, reserved 1091584K
  class space    used 6038K, capacity 6183K, committed 6272K, reserved 1048576K
Event: 44.764 GC heap after
Heap after GC invocations=11 (full 2):
 PSYoungGen      total 359424K, used 17918K [0x000000076ab00000, 0x0000000789180000, 0x00000007c0000000)
  eden space 341504K, 0% used [0x000000076ab00000,0x000000076ab00000,0x000000077f880000)
  from space 17920K, 99% used [0x000000077f880000,0x00000007809ff9e0,0x0000000780a00000)
  to   space 20992K, 0% used [0x0000000787d00000,0x0000000787d00000,0x0000000789180000)
 ParOldGen       total 136704K, used 22543K [0x00000006c0000000, 0x00000006c8580000, 0x000000076ab00000)
  object space 136704K, 16% used [0x00000006c0000000,0x00000006c1603ef8,0x00000006c8580000)
 Metaspace       used 48238K, capacity 48862K, committed 49240K, reserved 1091584K
  class space    used 6038K, capacity 6183K, committed 6272K, reserved 1048576K
}

Deoptimization events (0 events):
No events

Internal exceptions (10 events):
Event: 43.888 Thread 0x00007ffb80b63800 Exception <a 'java/security/PrivilegedActionException'> (0x0000000770879658) thrown at [/HUDSON3/workspace/8-2-build-macosx-x86_64/jdk8u73/6086/hotspot/src/share/vm/prims/jvm.cpp, line 1386]
Event: 43.888 Thread 0x00007ffb80b63800 Exception <a 'java/security/PrivilegedActionException'> (0x000000077087a008) thrown at [/HUDSON3/workspace/8-2-build-macosx-x86_64/jdk8u73/6086/hotspot/src/share/vm/prims/jvm.cpp, line 1386]
Event: 43.888 Thread 0x00007ffb80b63800 Exception <a 'java/security/PrivilegedActionException'> (0x00000007708875a0) thrown at [/HUDSON3/workspace/8-2-build-macosx-x86_64/jdk8u73/6086/hotspot/src/share/vm/prims/jvm.cpp, line 1386]
Event: 43.888 Thread 0x00007ffb80b63800 Exception <a 'java/security/PrivilegedActionException'> (0x0000000770887f50) thrown at [/HUDSON3/workspace/8-2-build-macosx-x86_64/jdk8u73/6086/hotspot/src/share/vm/prims/jvm.cpp, line 1386]
Event: 43.888 Thread 0x00007ffb80b63800 Exception <a 'java/security/PrivilegedActionException'> (0x0000000770895810) thrown at [/HUDSON3/workspace/8-2-build-macosx-x86_64/jdk8u73/6086/hotspot/src/share/vm/prims/jvm.cpp, line 1386]
Event: 43.888 Thread 0x00007ffb80b63800 Exception <a 'java/security/PrivilegedActionException'> (0x00000007708961c0) thrown at [/HUDSON3/workspace/8-2-build-macosx-x86_64/jdk8u73/6086/hotspot/src/share/vm/prims/jvm.cpp, line 1386]
Event: 43.888 Thread 0x00007ffb80b63800 Exception <a 'java/security/PrivilegedActionException'> (0x00000007708a3bb0) thrown at [/HUDSON3/workspace/8-2-build-macosx-x86_64/jdk8u73/6086/hotspot/src/share/vm/prims/jvm.cpp, line 1386]
Event: 43.888 Thread 0x00007ffb80b63800 Exception <a 'java/security/PrivilegedActionException'> (0x00000007708a4560) thrown at [/HUDSON3/workspace/8-2-build-macosx-x86_64/jdk8u73/6086/hotspot/src/share/vm/prims/jvm.cpp, line 1386]
Event: 45.361 Thread 0x00007ffb80b63800 Exception <a 'java/lang/UnsatisfiedLinkError': dlopen(libNLPIR.dylib, 9): image not found> (0x000000077770fc58) thrown at [/HUDSON3/workspace/8-2-build-macosx-x86_64/jdk8u73/6086/hotspot/src/share/vm/prims/jni.cpp, line 735]
Event: 45.362 Thread 0x00007ffb80b63800 Exception <a 'java/lang/UnsatisfiedLinkError': dlopen(libNLPIR.dylib, 9): image not found> (0x00000007777111a8) thrown at [/HUDSON3/workspace/8-2-build-macosx-x86_64/jdk8u73/6086/hotspot/src/share/vm/prims/jni.cpp, line 735]

Events (10 events):
Event: 45.411 Executing VM operation: Deoptimize
Event: 45.411 Executing VM operation: Deoptimize done
Event: 45.411 loading class org/apache/lucene/analysis/synonym/SynonymGraphFilter$1
Event: 45.411 loading class org/apache/lucene/analysis/synonym/SynonymGraphFilter$1 done
Event: 45.411 loading class org/apache/lucene/util/RollingBuffer
Event: 45.411 loading class org/apache/lucene/util/RollingBuffer done
Event: 45.412 loading class org/apache/lucene/util/RollingBuffer$Resettable
Event: 45.412 loading class org/apache/lucene/util/RollingBuffer$Resettable done
Event: 45.412 loading class org/apache/lucene/analysis/synonym/SynonymGraphFilter$BufferedInputToken
Event: 45.412 loading class org/apache/lucene/analysis/synonym/SynonymGraphFilter$BufferedInputToken done


Dynamic libraries:
0x0000000028f21000 	/System/Library/Frameworks/Cocoa.framework/Versions/A/Cocoa
0x0000000028f21000 	/System/Library/Frameworks/Security.framework/Versions/A/Security
0x0000000028f21000 	/System/Library/Frameworks/ApplicationServices.framework/Versions/A/ApplicationServices
0x0000000028f21000 	/usr/lib/libz.1.dylib
0x0000000028f21000 	/usr/lib/libSystem.B.dylib
0x0000000028f21000 	/usr/lib/libobjc.A.dylib
0x0000000028f21000 	/System/Library/Frameworks/CoreFoundation.framework/Versions/A/CoreFoundation
0x0000000028f21000 	/System/Library/Frameworks/Foundation.framework/Versions/C/Foundation
0x0000000028f21000 	/System/Library/Frameworks/AppKit.framework/Versions/C/AppKit
0x0000000028f21000 	/System/Library/Frameworks/CoreData.framework/Versions/A/CoreData
0x0000000028f21000 	/System/Library/PrivateFrameworks/RemoteViewServices.framework/Versions/A/RemoteViewServices
0x0000000028f21000 	/System/Library/PrivateFrameworks/UIFoundation.framework/Versions/A/UIFoundation
0x0000000028f21000 	/System/Library/PrivateFrameworks/DFRFoundation.framework/Versions/A/DFRFoundation
0x0000000028f21000 	/usr/lib/libenergytrace.dylib
0x0000000028f21000 	/System/Library/PrivateFrameworks/SkyLight.framework/Versions/A/SkyLight
0x0000000028f21000 	/System/Library/Frameworks/CoreGraphics.framework/Versions/A/CoreGraphics
0x0000000028f21000 	/usr/lib/libScreenReader.dylib
0x0000000028f21000 	/System/Library/Frameworks/Accelerate.framework/Versions/A/Accelerate
0x0000000028f21000 	/System/Library/Frameworks/IOSurface.framework/Versions/A/IOSurface
0x0000000028f21000 	/System/Library/Frameworks/AudioToolbox.framework/Versions/A/AudioToolbox
0x0000000028f21000 	/System/Library/Frameworks/AudioUnit.framework/Versions/A/AudioUnit
0x0000000028f21000 	/System/Library/PrivateFrameworks/DataDetectorsCore.framework/Versions/A/DataDetectorsCore
0x0000000028f21000 	/System/Library/PrivateFrameworks/DesktopServicesPriv.framework/Versions/A/DesktopServicesPriv
0x0000000028f21000 	/System/Library/Frameworks/Carbon.framework/Versions/A/Frameworks/HIToolbox.framework/Versions/A/HIToolbox
0x0000000028f21000 	/usr/lib/libicucore.A.dylib
0x0000000028f21000 	/System/Library/Frameworks/QuartzCore.framework/Versions/A/QuartzCore
0x0000000028f21000 	/System/Library/Frameworks/Carbon.framework/Versions/A/Frameworks/SpeechRecognition.framework/Versions/A/SpeechRecognition
0x0000000028f21000 	/usr/lib/libauto.dylib
0x0000000028f21000 	/usr/lib/libxml2.2.dylib
0x0000000028f21000 	/System/Library/PrivateFrameworks/CoreUI.framework/Versions/A/CoreUI
0x0000000028f21000 	/System/Library/Frameworks/CoreAudio.framework/Versions/A/CoreAudio
0x0000000028f21000 	/System/Library/Frameworks/DiskArbitration.framework/Versions/A/DiskArbitration
0x0000000028f21000 	/usr/lib/liblangid.dylib
0x0000000028f21000 	/System/Library/PrivateFrameworks/MultitouchSupport.framework/Versions/A/MultitouchSupport
0x0000000028f21000 	/System/Library/Frameworks/IOKit.framework/Versions/A/IOKit
0x0000000028f21000 	/usr/lib/libDiagnosticMessagesClient.dylib
0x0000000028f21000 	/System/Library/Frameworks/CoreServices.framework/Versions/A/CoreServices
0x0000000028f21000 	/System/Library/PrivateFrameworks/PerformanceAnalysis.framework/Versions/A/PerformanceAnalysis
0x0000000028f21000 	/System/Library/PrivateFrameworks/GenerationalStorage.framework/Versions/A/GenerationalStorage
0x0000000028f21000 	/System/Library/Frameworks/OpenGL.framework/Versions/A/OpenGL
0x0000000028f21000 	/System/Library/Frameworks/CoreImage.framework/Versions/A/CoreImage
0x0000000028f21000 	/System/Library/Frameworks/CoreText.framework/Versions/A/CoreText
0x0000000028f21000 	/System/Library/Frameworks/ImageIO.framework/Versions/A/ImageIO
0x0000000028f21000 	/System/Library/PrivateFrameworks/Backup.framework/Versions/A/Backup
0x0000000028f21000 	/usr/lib/libarchive.2.dylib
0x0000000028f21000 	/System/Library/Frameworks/CFNetwork.framework/Versions/A/CFNetwork
0x0000000028f21000 	/System/Library/Frameworks/SystemConfiguration.framework/Versions/A/SystemConfiguration
0x0000000028f21000 	/usr/lib/libCRFSuite.dylib
0x0000000028f21000 	/usr/lib/libc++.1.dylib
0x0000000028f21000 	/usr/lib/libc++abi.dylib
0x0000000028f21000 	/usr/lib/system/libcache.dylib
0x0000000028f21000 	/usr/lib/system/libcommonCrypto.dylib
0x0000000028f21000 	/usr/lib/system/libcompiler_rt.dylib
0x0000000028f21000 	/usr/lib/system/libcopyfile.dylib
0x0000000028f21000 	/usr/lib/system/libcorecrypto.dylib
0x0000000028f21000 	/usr/lib/system/libdispatch.dylib
0x0000000028f21000 	/usr/lib/system/libdyld.dylib
0x0000000028f21000 	/usr/lib/system/libkeymgr.dylib
0x0000000028f21000 	/usr/lib/system/liblaunch.dylib
0x0000000028f21000 	/usr/lib/system/libmacho.dylib
0x0000000028f21000 	/usr/lib/system/libquarantine.dylib
0x0000000028f21000 	/usr/lib/system/libremovefile.dylib
0x0000000028f21000 	/usr/lib/system/libsystem_asl.dylib
0x0000000028f21000 	/usr/lib/system/libsystem_blocks.dylib
0x0000000028f21000 	/usr/lib/system/libsystem_c.dylib
0x0000000028f21000 	/usr/lib/system/libsystem_configuration.dylib
0x0000000028f21000 	/usr/lib/system/libsystem_coreservices.dylib
0x0000000028f21000 	/usr/lib/system/libsystem_coretls.dylib
0x0000000028f21000 	/usr/lib/system/libsystem_dnssd.dylib
0x0000000028f21000 	/usr/lib/system/libsystem_info.dylib
0x0000000028f21000 	/usr/lib/system/libsystem_kernel.dylib
0x0000000028f21000 	/usr/lib/system/libsystem_m.dylib
0x0000000028f21000 	/usr/lib/system/libsystem_malloc.dylib
0x0000000028f21000 	/usr/lib/system/libsystem_network.dylib
0x0000000028f21000 	/usr/lib/system/libsystem_networkextension.dylib
0x0000000028f21000 	/usr/lib/system/libsystem_notify.dylib
0x0000000028f21000 	/usr/lib/system/libsystem_platform.dylib
0x0000000028f21000 	/usr/lib/system/libsystem_pthread.dylib
0x0000000028f21000 	/usr/lib/system/libsystem_sandbox.dylib
0x0000000028f21000 	/usr/lib/system/libsystem_secinit.dylib
0x0000000028f21000 	/usr/lib/system/libsystem_symptoms.dylib
0x0000000028f21000 	/usr/lib/system/libsystem_trace.dylib
0x0000000028f21000 	/usr/lib/system/libunwind.dylib
0x0000000028f21000 	/usr/lib/system/libxpc.dylib
0x0000000028f21000 	/usr/lib/libbsm.0.dylib
0x0000000028f21000 	/usr/lib/system/libkxld.dylib
0x0000000028f21000 	/usr/lib/libcoretls.dylib
0x0000000028f21000 	/usr/lib/libcoretls_cfhelpers.dylib
0x0000000028f21000 	/usr/lib/libxar.1.dylib
0x0000000028f21000 	/usr/lib/libsqlite3.dylib
0x0000000028f21000 	/usr/lib/libpam.2.dylib
0x0000000028f21000 	/usr/lib/libOpenScriptingUtil.dylib
0x0000000028f21000 	/usr/lib/libbz2.1.0.dylib
0x0000000028f21000 	/usr/lib/liblzma.5.dylib
0x0000000028f21000 	/usr/lib/libnetwork.dylib
0x0000000028f21000 	/usr/lib/libpcap.A.dylib
0x0000000028f21000 	/System/Library/Frameworks/CoreServices.framework/Versions/A/Frameworks/FSEvents.framework/Versions/A/FSEvents
0x0000000028f21000 	/System/Library/Frameworks/CoreServices.framework/Versions/A/Frameworks/CarbonCore.framework/Versions/A/CarbonCore
0x0000000028f21000 	/System/Library/Frameworks/CoreServices.framework/Versions/A/Frameworks/Metadata.framework/Versions/A/Metadata
0x0000000028f21000 	/System/Library/Frameworks/CoreServices.framework/Versions/A/Frameworks/OSServices.framework/Versions/A/OSServices
0x0000000028f21000 	/System/Library/Frameworks/CoreServices.framework/Versions/A/Frameworks/SearchKit.framework/Versions/A/SearchKit
0x0000000028f21000 	/System/Library/Frameworks/CoreServices.framework/Versions/A/Frameworks/AE.framework/Versions/A/AE
0x0000000028f21000 	/System/Library/Frameworks/CoreServices.framework/Versions/A/Frameworks/LaunchServices.framework/Versions/A/LaunchServices
0x0000000028f21000 	/System/Library/Frameworks/CoreServices.framework/Versions/A/Frameworks/DictionaryServices.framework/Versions/A/DictionaryServices
0x0000000028f21000 	/System/Library/Frameworks/CoreServices.framework/Versions/A/Frameworks/SharedFileList.framework/Versions/A/SharedFileList
0x0000000028f21000 	/System/Library/Frameworks/NetFS.framework/Versions/A/NetFS
0x0000000028f21000 	/System/Library/PrivateFrameworks/NetAuth.framework/Versions/A/NetAuth
0x0000000028f21000 	/System/Library/PrivateFrameworks/login.framework/Versions/A/Frameworks/loginsupport.framework/Versions/A/loginsupport
0x0000000028f21000 	/System/Library/PrivateFrameworks/TCC.framework/Versions/A/TCC
0x0000000028f21000 	/usr/lib/libmecabra.dylib
0x0000000028f21000 	/System/Library/Frameworks/ApplicationServices.framework/Versions/A/Frameworks/ATS.framework/Versions/A/ATS
0x0000000028f21000 	/System/Library/Frameworks/ApplicationServices.framework/Versions/A/Frameworks/ColorSync.framework/Versions/A/ColorSync
0x0000000028f21000 	/System/Library/Frameworks/ApplicationServices.framework/Versions/A/Frameworks/HIServices.framework/Versions/A/HIServices
0x0000000028f21000 	/System/Library/Frameworks/ApplicationServices.framework/Versions/A/Frameworks/LangAnalysis.framework/Versions/A/LangAnalysis
0x0000000028f21000 	/System/Library/Frameworks/ApplicationServices.framework/Versions/A/Frameworks/PrintCore.framework/Versions/A/PrintCore
0x0000000028f21000 	/System/Library/Frameworks/ApplicationServices.framework/Versions/A/Frameworks/QD.framework/Versions/A/QD
0x0000000028f21000 	/System/Library/Frameworks/ApplicationServices.framework/Versions/A/Frameworks/SpeechSynthesis.framework/Versions/A/SpeechSynthesis
0x0000000028f21000 	/System/Library/Frameworks/Accelerate.framework/Versions/A/Frameworks/vImage.framework/Versions/A/vImage
0x0000000028f21000 	/System/Library/Frameworks/Accelerate.framework/Versions/A/Frameworks/vecLib.framework/Versions/A/vecLib
0x0000000028f21000 	/System/Library/Frameworks/Accelerate.framework/Versions/A/Frameworks/vecLib.framework/Versions/A/libvDSP.dylib
0x0000000028f21000 	/System/Library/Frameworks/Accelerate.framework/Versions/A/Frameworks/vecLib.framework/Versions/A/libBNNS.dylib
0x0000000028f21000 	/System/Library/Frameworks/Accelerate.framework/Versions/A/Frameworks/vecLib.framework/Versions/A/libQuadrature.dylib
0x0000000028f21000 	/System/Library/Frameworks/Accelerate.framework/Versions/A/Frameworks/vecLib.framework/Versions/A/libvMisc.dylib
0x0000000028f21000 	/System/Library/Frameworks/Accelerate.framework/Versions/A/Frameworks/vecLib.framework/Versions/A/libLAPACK.dylib
0x0000000028f21000 	/System/Library/Frameworks/Accelerate.framework/Versions/A/Frameworks/vecLib.framework/Versions/A/libBLAS.dylib
0x0000000028f21000 	/System/Library/Frameworks/Accelerate.framework/Versions/A/Frameworks/vecLib.framework/Versions/A/libLinearAlgebra.dylib
0x0000000028f21000 	/System/Library/Frameworks/Accelerate.framework/Versions/A/Frameworks/vecLib.framework/Versions/A/libSparseBLAS.dylib
0x0000000028f21000 	/System/Library/Frameworks/ApplicationServices.framework/Versions/A/Frameworks/ATS.framework/Versions/A/Resources/libFontParser.dylib
0x0000000028f21000 	/System/Library/Frameworks/ApplicationServices.framework/Versions/A/Frameworks/ATS.framework/Versions/A/Resources/libFontRegistry.dylib
0x0000000028f21000 	/System/Library/Frameworks/ImageIO.framework/Versions/A/Resources/libJPEG.dylib
0x0000000028f21000 	/System/Library/Frameworks/ImageIO.framework/Versions/A/Resources/libTIFF.dylib
0x0000000028f21000 	/System/Library/Frameworks/ImageIO.framework/Versions/A/Resources/libPng.dylib
0x0000000028f21000 	/System/Library/Frameworks/ImageIO.framework/Versions/A/Resources/libGIF.dylib
0x0000000028f21000 	/System/Library/Frameworks/ImageIO.framework/Versions/A/Resources/libJP2.dylib
0x0000000028f21000 	/System/Library/Frameworks/ImageIO.framework/Versions/A/Resources/libRadiance.dylib
0x0000000028f21000 	/usr/lib/libcompression.dylib
0x0000000028f21000 	/System/Library/PrivateFrameworks/AppleJPEG.framework/Versions/A/AppleJPEG
0x0000000028f21000 	/usr/lib/libcups.2.dylib
0x0000000028f21000 	/System/Library/Frameworks/Kerberos.framework/Versions/A/Kerberos
0x0000000028f21000 	/System/Library/Frameworks/GSS.framework/Versions/A/GSS
0x0000000028f21000 	/usr/lib/libresolv.9.dylib
0x0000000028f21000 	/usr/lib/libiconv.2.dylib
0x0000000028f21000 	/System/Library/PrivateFrameworks/Heimdal.framework/Versions/A/Heimdal
0x0000000028f21000 	/usr/lib/libheimdal-asn1.dylib
0x0000000028f21000 	/System/Library/Frameworks/OpenDirectory.framework/Versions/A/OpenDirectory
0x0000000028f21000 	/System/Library/PrivateFrameworks/CommonAuth.framework/Versions/A/CommonAuth
0x0000000028f21000 	/System/Library/Frameworks/OpenDirectory.framework/Versions/A/Frameworks/CFOpenDirectory.framework/Versions/A/CFOpenDirectory
0x0000000028f21000 	/System/Library/Frameworks/SecurityFoundation.framework/Versions/A/SecurityFoundation
0x0000000028f21000 	/System/Library/PrivateFrameworks/LanguageModeling.framework/Versions/A/LanguageModeling
0x0000000028f21000 	/usr/lib/libmarisa.dylib
0x0000000028f21000 	/usr/lib/libChineseTokenizer.dylib
0x0000000028f21000 	/usr/lib/libcmph.dylib
0x0000000028f21000 	/System/Library/PrivateFrameworks/CoreEmoji.framework/Versions/A/CoreEmoji
0x0000000028f21000 	/System/Library/Frameworks/ServiceManagement.framework/Versions/A/ServiceManagement
0x0000000028f21000 	/usr/lib/libxslt.1.dylib
0x0000000028f21000 	/System/Library/Frameworks/Carbon.framework/Versions/A/Frameworks/Ink.framework/Versions/A/Ink
0x0000000028f21000 	/System/Library/PrivateFrameworks/TextureIO.framework/Versions/A/TextureIO
0x0000000028f21000 	/System/Library/Frameworks/Metal.framework/Versions/A/Metal
0x0000000028f21000 	/usr/lib/libate.dylib
0x0000000028f21000 	/System/Library/PrivateFrameworks/GPUCompiler.framework/libmetal_timestamp.dylib
0x0000000028f21000 	/System/Library/Frameworks/OpenGL.framework/Versions/A/Libraries/libCoreFSCache.dylib
0x0000000028f21000 	/System/Library/PrivateFrameworks/IOAccelerator.framework/Versions/A/IOAccelerator
0x0000000028f21000 	/System/Library/Frameworks/CoreVideo.framework/Versions/A/CoreVideo
0x0000000028f21000 	/usr/lib/libFosl_dynamic.dylib
0x0000000028f21000 	/System/Library/PrivateFrameworks/MetalPerformanceShaders.framework/Versions/A/MetalPerformanceShaders
0x0000000028f21000 	/System/Library/PrivateFrameworks/FaceCore.framework/Versions/A/FaceCore
0x0000000028f21000 	/System/Library/Frameworks/OpenCL.framework/Versions/A/OpenCL
0x0000000028f21000 	/System/Library/Frameworks/OpenGL.framework/Versions/A/Libraries/libGLU.dylib
0x0000000028f21000 	/System/Library/Frameworks/OpenGL.framework/Versions/A/Libraries/libGFXShared.dylib
0x0000000028f21000 	/System/Library/Frameworks/OpenGL.framework/Versions/A/Libraries/libGL.dylib
0x0000000028f21000 	/System/Library/Frameworks/OpenGL.framework/Versions/A/Libraries/libGLImage.dylib
0x0000000028f21000 	/System/Library/Frameworks/OpenGL.framework/Versions/A/Libraries/libCVMSPluginSupport.dylib
0x0000000028f21000 	/System/Library/Frameworks/OpenGL.framework/Versions/A/Libraries/libCoreVMClient.dylib
0x0000000028f21000 	/System/Library/PrivateFrameworks/CrashReporterSupport.framework/Versions/A/CrashReporterSupport
0x0000000028f21000 	/System/Library/PrivateFrameworks/Sharing.framework/Versions/A/Sharing
0x0000000028f21000 	/System/Library/PrivateFrameworks/IconServices.framework/Versions/A/IconServices
0x0000000028f21000 	/System/Library/PrivateFrameworks/ProtocolBuffer.framework/Versions/A/ProtocolBuffer
0x0000000028f21000 	/System/Library/PrivateFrameworks/Apple80211.framework/Versions/A/Apple80211
0x0000000028f21000 	/System/Library/Frameworks/CoreWLAN.framework/Versions/A/CoreWLAN
0x0000000028f21000 	/System/Library/PrivateFrameworks/CoreUtils.framework/Versions/A/CoreUtils
0x0000000028f21000 	/System/Library/Frameworks/IOBluetooth.framework/Versions/A/IOBluetooth
0x0000000028f21000 	/System/Library/PrivateFrameworks/CoreWiFi.framework/Versions/A/CoreWiFi
0x0000000028f21000 	/System/Library/Frameworks/CoreBluetooth.framework/Versions/A/CoreBluetooth
0x0000000028f21000 	/System/Library/Frameworks/CoreDisplay.framework/Versions/A/CoreDisplay
0x0000000028f21000 	/System/Library/PrivateFrameworks/IOPresentment.framework/Versions/A/IOPresentment
0x0000000028f21000 	/System/Library/PrivateFrameworks/DebugSymbols.framework/Versions/A/DebugSymbols
0x0000000028f21000 	/System/Library/PrivateFrameworks/CoreSymbolication.framework/Versions/A/CoreSymbolication
0x0000000028f21000 	/System/Library/PrivateFrameworks/Symbolication.framework/Versions/A/Symbolication
0x0000000028f21000 	/System/Library/PrivateFrameworks/AppleFSCompression.framework/Versions/A/AppleFSCompression
0x0000000028f21000 	/System/Library/PrivateFrameworks/SpeechRecognitionCore.framework/Versions/A/SpeechRecognitionCore
0x0000000028f21000 	/System/Library/PrivateFrameworks/ChunkingLibrary.framework/Versions/A/ChunkingLibrary
0x000000010b3dc000 	/System/Library/CoreServices/Encodings/libSimplifiedChineseConverter.dylib
0x000000010c600000 	/Library/Java/JavaVirtualMachines/jdk1.8.0_73.jdk/Contents/Home/jre/lib/server/libjvm.dylib
0x0000000028f21000 	/usr/lib/libstdc++.6.dylib
0x000000010b420000 	/Library/Java/JavaVirtualMachines/jdk1.8.0_73.jdk/Contents/Home/jre/lib/libverify.dylib
0x000000010b42e000 	/Library/Java/JavaVirtualMachines/jdk1.8.0_73.jdk/Contents/Home/jre/lib/libjava.dylib
0x000000010b464000 	/Library/Java/JavaVirtualMachines/jdk1.8.0_73.jdk/Contents/Home/jre/lib/libinstrument.dylib
0x000000010b4c2000 	/Library/Java/JavaVirtualMachines/jdk1.8.0_73.jdk/Contents/Home/jre/lib/libzip.dylib
0x00000001114f9000 	/System/Library/Frameworks/JavaVM.framework/Frameworks/JavaRuntimeSupport.framework/JavaRuntimeSupport
0x0000000111513000 	/System/Library/Frameworks/JavaVM.framework/Versions/A/Frameworks/JavaNativeFoundation.framework/Versions/A/JavaNativeFoundation
0x000000010b5ec000 	/System/Library/Frameworks/JavaVM.framework/Versions/A/JavaVM
0x0000000028f21000 	/System/Library/Frameworks/Carbon.framework/Versions/A/Carbon
0x0000000111528000 	/System/Library/PrivateFrameworks/JavaLaunching.framework/Versions/A/JavaLaunching
0x0000000028f21000 	/System/Library/Frameworks/Carbon.framework/Versions/A/Frameworks/CommonPanels.framework/Versions/A/CommonPanels
0x0000000028f21000 	/System/Library/Frameworks/Carbon.framework/Versions/A/Frameworks/Help.framework/Versions/A/Help
0x0000000028f21000 	/System/Library/Frameworks/Carbon.framework/Versions/A/Frameworks/ImageCapture.framework/Versions/A/ImageCapture
0x0000000028f21000 	/System/Library/Frameworks/Carbon.framework/Versions/A/Frameworks/OpenScripting.framework/Versions/A/OpenScripting
0x0000000028f21000 	/System/Library/Frameworks/Carbon.framework/Versions/A/Frameworks/Print.framework/Versions/A/Print
0x0000000028f21000 	/System/Library/Frameworks/Carbon.framework/Versions/A/Frameworks/SecurityHI.framework/Versions/A/SecurityHI
0x00000001132bc000 	/Library/Java/JavaVirtualMachines/jdk1.8.0_73.jdk/Contents/Home/jre/lib/libnet.dylib
0x000000011331b000 	/Library/Java/JavaVirtualMachines/jdk1.8.0_73.jdk/Contents/Home/jre/lib/libmanagement.dylib
0x0000000113329000 	/Library/Java/JavaVirtualMachines/jdk1.8.0_73.jdk/Contents/Home/jre/lib/libnio.dylib
0x0000000114463000 	/Library/Java/JavaVirtualMachines/jdk1.8.0_73.jdk/Contents/Home/jre/lib/libawt.dylib
0x000000011450b000 	/Library/Java/JavaVirtualMachines/jdk1.8.0_73.jdk/Contents/Home/jre/lib/./libmlib_image.dylib
0x000000012be6f000 	/Library/Java/JavaVirtualMachines/jdk1.8.0_73.jdk/Contents/Home/jre/lib/libawt_lwawt.dylib
0x000000012bf24000 	/Library/Java/JavaVirtualMachines/jdk1.8.0_73.jdk/Contents/Home/jre/lib/./libosxapp.dylib
0x0000000028f21000 	/System/Library/Frameworks/ExceptionHandling.framework/Versions/A/ExceptionHandling
0x000000012c140000 	/Library/Java/JavaVirtualMachines/jdk1.8.0_73.jdk/Contents/Home/jre/lib/libfontmanager.dylib
0x0000000028f21000 	/System/Library/PrivateFrameworks/CoreServicesInternal.framework/Versions/A/CoreServicesInternal
0x0000000028f21000 	/System/Library/Frameworks/ApplicationServices.framework/Versions/A/Frameworks/ATS.framework/Versions/A/Resources/libTrueTypeScaler.dylib
0x00000001a17c1000 	/Library/Java/JavaVirtualMachines/jdk1.8.0_73.jdk/Contents/Home/jre/lib/libjpeg.dylib
0x00000001a21ee000 	/private/var/folders/pn/_p8tb9f17x7cr7jmw8s3plqh0000gn/T/jna-2043074941/jna7349332551364112646.tmp
0x00000001a2203000 	/Users/Debbie/bitarmdcrf/target/classes/darwin/libNLPIR.dylib

VM Arguments:
jvm_args: -XX:TieredStopAtLevel=1 -Xverify:none -Dspring.output.ansi.enabled=always -Dcom.sun.management.jmxremote -Dcom.sun.management.jmxremote.port=58666 -Dcom.sun.management.jmxremote.authenticate=false -Dcom.sun.management.jmxremote.ssl=false -Djava.rmi.server.hostname=127.0.0.1 -Dspring.liveBeansView.mbeanDomain -Dspring.application.admin.enabled=true -javaagent:/Applications/IntelliJ IDEA.app/Contents/lib/idea_rt.jar=58667:/Applications/IntelliJ IDEA.app/Contents/bin -Dfile.encoding=UTF-8 
java_command: com.bit.armdcrf.BitarmdcrfApplication
java_class_path (initial): /Library/Java/JavaVirtualMachines/jdk1.8.0_73.jdk/Contents/Home/jre/lib/charsets.jar:/Library/Java/JavaVirtualMachines/jdk1.8.0_73.jdk/Contents/Home/jre/lib/deploy.jar:/Library/Java/JavaVirtualMachines/jdk1.8.0_73.jdk/Contents/Home/jre/lib/ext/cldrdata.jar:/Library/Java/JavaVirtualMachines/jdk1.8.0_73.jdk/Contents/Home/jre/lib/ext/dnsns.jar:/Library/Java/JavaVirtualMachines/jdk1.8.0_73.jdk/Contents/Home/jre/lib/ext/jaccess.jar:/Library/Java/JavaVirtualMachines/jdk1.8.0_73.jdk/Contents/Home/jre/lib/ext/jfxrt.jar:/Library/Java/JavaVirtualMachines/jdk1.8.0_73.jdk/Contents/Home/jre/lib/ext/localedata.jar:/Library/Java/JavaVirtualMachines/jdk1.8.0_73.jdk/Contents/Home/jre/lib/ext/nashorn.jar:/Library/Java/JavaVirtualMachines/jdk1.8.0_73.jdk/Contents/Home/jre/lib/ext/sunec.jar:/Library/Java/JavaVirtualMachines/jdk1.8.0_73.jdk/Contents/Home/jre/lib/ext/sunjce_provider.jar:/Library/Java/JavaVirtualMachines/jdk1.8.0_73.jdk/Contents/Home/jre/lib/ext/sunpkcs11.jar:/Library/Java/JavaVirtualMachines/jdk1.8.0_73.jdk/Contents/Home/jre/lib/ext/zipfs.jar:/Library/Java/JavaVirtualMachines/jdk1.8.0_73.jdk/Contents/Home/jre/lib/javaws.jar:/Library/Java/JavaVirtualMachines/jdk1.8.0_73.jdk/Contents/Home/jre/lib/jce.jar:/Library/Java/JavaVirtualMachines/jdk1.8.0_73.jdk/Contents/Home/jre/lib/jfr.jar:/Library/Java/JavaVirtualMachines/jdk1.8.0_73.jdk/Contents/Home/jre/lib/jfxswt.jar:/Library/Java/JavaVirtualMachines/jdk1.8.0_73.jdk/Contents/Home/jre/lib/jsse.jar:/Library/Java/JavaVirtualMachines/jdk1.8.0_73.jdk/Contents/Home/jre/lib/management-agent.jar:/Library/Java/JavaVirtualMachines/jdk1.8.0_73.jdk/Contents/Home/jre/lib/plugin.jar:/Library/Java/JavaVirtualMachines/jdk1.8.0_73.jdk/Contents/Home/jre/lib/resources.jar:/Library/Java/JavaVirtualMachines/jdk1.8.0_73.jdk/Contents/Home/jre/lib/rt.jar:/Library/Java/JavaVirtualMachines/jdk1.8.0_73.jdk/Contents/Home/lib/ant-javafx.jar:/Library/Java/JavaVirtualMachines/jdk1.8.0_73.jdk/Contents/Home/lib/dt.jar:/Library/Ja
Launcher Type: SUN_STANDARD

Environment Variables:
JAVA_HOME=/Library/Java/JavaVirtualMachines/jdk1.8.0_73.jdk/Contents/Home
CLASSPATH=.:/Library/Java/JavaVirtualMachines/jdk1.8.0_73.jdk/Contents/Home/lib/dt.jar:/Library/Java/JavaVirtualMachines/jdk1.8.0_73.jdk/Contents/Home/lib/tools.jar
PATH=/Library/Java/JavaVirtualMachines/jdk1.8.0_73.jdk/Contents/Home/bin:/Users/Debbie/Documents/apache-ant-1.10.1/bin:/Users/Debbie/apache-maven-3.5.2/bin:/usr/local/opt/opencv3/bin:/Users/Debbie/anaconda/bin:/opt/local/bin:/opt/local/sbin:/Library/Frameworks/Python.framework/Versions/3.5/bin:/usr/local/bin:/usr/bin:/bin:/usr/sbin:/sbin:::
SHELL=/bin/bash

Signal Handlers:
SIGSEGV: [libjvm.dylib+0x5a71a5], sa_mask[0]=11111111011111110111111111111111, sa_flags=SA_ONSTACK|SA_RESTART|SA_SIGINFO
SIGBUS: [libjvm.dylib+0x5a71a5], sa_mask[0]=11111111011111110111111111111111, sa_flags=SA_RESTART|SA_SIGINFO
SIGFPE: [libjvm.dylib+0x480eb4], sa_mask[0]=11111111011111110111111111111111, sa_flags=SA_RESTART|SA_SIGINFO
SIGPIPE: [libjvm.dylib+0x480eb4], sa_mask[0]=11111111011111110111111111111111, sa_flags=SA_RESTART|SA_SIGINFO
SIGXFSZ: [libjvm.dylib+0x480eb4], sa_mask[0]=11111111011111110111111111111111, sa_flags=SA_RESTART|SA_SIGINFO
SIGILL: [libjvm.dylib+0x480eb4], sa_mask[0]=11111111011111110111111111111111, sa_flags=SA_RESTART|SA_SIGINFO
SIGUSR1: SIG_DFL, sa_mask[0]=00000000000000000000000000000000, sa_flags=none
SIGUSR2: [libjvm.dylib+0x4809d2], sa_mask[0]=00100000000000000000000000000000, sa_flags=SA_RESTART|SA_SIGINFO
SIGHUP: [libjvm.dylib+0x47efa9], sa_mask[0]=11111111011111110111111111111111, sa_flags=SA_RESTART|SA_SIGINFO
SIGINT: [libjvm.dylib+0x47efa9], sa_mask[0]=11111111011111110111111111111111, sa_flags=SA_RESTART|SA_SIGINFO
SIGTERM: [libjvm.dylib+0x47efa9], sa_mask[0]=11111111011111110111111111111111, sa_flags=SA_RESTART|SA_SIGINFO
SIGQUIT: [libjvm.dylib+0x47efa9], sa_mask[0]=11111111011111110111111111111111, sa_flags=SA_RESTART|SA_SIGINFO


---------------  S Y S T E M  ---------------

OS:Bsduname:Darwin 16.1.0 Darwin Kernel Version 16.1.0: Wed Oct 19 20:31:56 PDT 2016; root:xnu-3789.21.4~4/RELEASE_X86_64 x86_64
rlimit: STACK 8192k, CORE 0k, NPROC 709, NOFILE 10240, AS infinity
load average:3.40 2.99 2.89

CPU:total 8 (4 cores per cpu, 2 threads per core) family 6 model 70 stepping 1, cmov, cx8, fxsr, mmx, sse, sse2, sse3, ssse3, sse4.1, sse4.2, popcnt, avx, avx2, aes, clmul, erms, lzcnt, ht, tsc, tscinvbit, bmi1, bmi2

Memory: 4k page, physical 16777216k(1228640k free)

/proc/meminfo:


vm_info: Java HotSpot(TM) 64-Bit Server VM (25.73-b02) for bsd-amd64 JRE (1.8.0_73-b02), built on Jan 29 2016 15:02:00 by "java_re" with gcc 4.2.1 (Based on Apple Inc. build 5658) (LLVM build 2336.11.00)

time: Sat Jun  2 11:06:02 2018
elapsed time: 45 seconds (0d 0h 0m 45s)

