#
# A fatal error has been detected by the Java Runtime Environment:
#
#  SIGBUS (0xa) at pc=0x0000000102df0eb9, pid=1697, tid=7171
#
# JRE version: Java(TM) SE Runtime Environment (8.0_73-b02) (build 1.8.0_73-b02)
# Java VM: Java HotSpot(TM) 64-Bit Server VM (25.73-b02 mixed mode bsd-amd64 compressed oops)
# Problematic frame:
# C  [libzip.dylib+0x2eb9]  newEntry+0x154
#
# Failed to write core dump. Core dumps have been disabled. To enable core dumping, try "ulimit -c unlimited" before starting Java again
#
# If you would like to submit a bug report, please visit:
#   http://bugreport.java.com/bugreport/crash.jsp
# The crash happened outside the Java Virtual Machine in native code.
# See problematic frame for where to report the bug.
#

---------------  T H R E A D  ---------------

Current thread (0x00007fb4b9002000):  JavaThread "main" [_thread_in_native, id=7171, stack(0x000070000e5ec000,0x000070000e6ec000)]

siginfo: si_signo: 10 (SIGBUS), si_code: 2 (BUS_ADRERR), si_addr: 0x0000000121fa713e

Registers:
RAX=0x00007fb4b6d2ed10, RBX=0x0000000121fa7132, RCX=0x0000000000000001, RDX=0x0000000000000100
RSP=0x000070000e6e9ea0, RBP=0x000070000e6e9f00, RSI=0x0000000000080000, RDI=0x00000000000001ab
R8 =0x0000000000000048, R9 =0x00007fb4b8a1aae0, R10=0x00000000fff80000, R11=0x00006ff8a02a1d5e
R12=0x00007fb4b6d2da50, R13=0x0000000000000080, R14=0x000000004eecb6d3, R15=0x00007fb4b898bf70
RIP=0x0000000102df0eb9, EFLAGS=0x0000000000010202, ERR=0x0000000000000004
  TRAPNO=0x000000000000000e

Top of Stack: (sp=0x000070000e6e9ea0)
0x000070000e6e9ea0:   000000011df3ca49 000000000e6e9ee8
0x000070000e6e9eb0:   000000011df3ce20 0000000000000000
0x000070000e6e9ec0:   000070000e6e9ee0 00007fb4b6d2ed10
0x000070000e6e9ed0:   00007fb4b8a1aae0 00007fb4b6d2ed10
0x000070000e6e9ee0:   00007fb4b6d2da50 0000000000000080
0x000070000e6e9ef0:   000000004eecb6d3 00007fb4b898bf70
0x000070000e6e9f00:   000070000e6e9f60 0000000102df1554
0x000070000e6e9f10:   000070000e6e9f8f 000070000e6e9f8e
0x000070000e6e9f20:   0000000f00000000 0000001000002000
0x000070000e6e9f30:   000070000e6e9f7e 000070000e6ea3c8
0x000070000e6e9f40:   0000000000000010 000070000e6e9f7e
0x000070000e6e9f50:   00007fb4b6d2ed10 00007fb4b90021f8
0x000070000e6e9f60:   000070000e6ea3b0 0000000102df034f
0x000070000e6e9f70:   000000011e094568 6f64000100000000
0x000070000e6e9f80:   612f73706f725063 00006c6d782e7070
0x000070000e6e9f90:   000000011e094568 00007fb4b9002000
0x000070000e6e9fa0:   0000000000000000 000000011e094568
0x000070000e6e9fb0:   0000000000000001 000070000e6ea088
0x000070000e6e9fc0:   000070000e6ea050 00000001041c7d74
0x000070000e6e9fd0:   00000007c009a010 000000011e094568
0x000070000e6e9fe0:   00007fb4b9002000 00000001041c69c1
0x000070000e6e9ff0:   0000000700000001 00007fb4b9002000
0x000070000e6ea000:   000000011df3fdd2 000000011e094568
0x000070000e6ea010:   000070000e6ea030 000000011e094568
0x000070000e6ea020:   000000011e094568 000000011e094568
0x000070000e6ea030:   0000000000000001 000000011e094568
0x000070000e6ea040:   000070000e6ea198 000070000e6ea458
0x000070000e6ea050:   000070000e6ea0e0 00000001041c8850
0x000070000e6ea060:   000070000000000a 00007fb4b9002000
0x000070000e6ea070:   00000007c009a010 0000000a065fe87c
0x000070000e6ea080:   00000007c009b888 000000011e094568
0x000070000e6ea090:   00007fb4b9002000 000000011e094568 

Instructions: (pc=0x0000000102df0eb9)
0x0000000102df0e99:   49 8b 7f 38 e8 50 1b 00 00 4d 89 77 38 49 89 5f
0x0000000102df0ea9:   40 4c 89 f0 48 85 c0 0f 84 11 05 00 00 48 89 c3
0x0000000102df0eb9:   0f b6 43 0c 0f b6 4b 0d 48 c1 e1 08 48 01 c1 0f
0x0000000102df0ec9:   b6 43 0e 0f b6 53 0f 48 c1 e2 08 48 01 c2 48 c1 

Register to memory mapping:

RAX=0x00007fb4b6d2ed10 is an unknown value
RBX=0x0000000121fa7132 is an unknown value
RCX=0x0000000000000001 is an unknown value
RDX=0x0000000000000100 is an unknown value
RSP=0x000070000e6e9ea0 is pointing into the stack for thread: 0x00007fb4b9002000
RBP=0x000070000e6e9f00 is pointing into the stack for thread: 0x00007fb4b9002000
RSI=0x0000000000080000 is an unknown value
RDI=0x00000000000001ab is an unknown value
R8 =0x0000000000000048 is an unknown value
R9 =0x00007fb4b8a1aae0 is an unknown value
R10=0x00000000fff80000 is an unknown value
R11=0x00006ff8a02a1d5e is an unknown value
R12=0x00007fb4b6d2da50 is an unknown value
R13=0x0000000000000080 is an unknown value
R14=0x000000004eecb6d3 is an unknown value
R15=0x00007fb4b898bf70 is an unknown value


Stack: [0x000070000e5ec000,0x000070000e6ec000],  sp=0x000070000e6e9ea0,  free space=1015k
Native frames: (J=compiled Java code, j=interpreted, Vv=VM code, C=native code)
C  [libzip.dylib+0x2eb9]  newEntry+0x154
C  [libzip.dylib+0x3554]  ZIP_GetEntry2+0xd4
C  [libzip.dylib+0x234f]  Java_java_util_zip_ZipFile_getEntry+0xcf
J 87  java.util.zip.ZipFile.getEntry(J[BZ)J (0 bytes) @ 0x0000000106525e8e [0x0000000106525dc0+0xce]
J 321 C1 java.util.zip.ZipFile.getInputStream(Ljava/util/zip/ZipEntry;)Ljava/io/InputStream; (304 bytes) @ 0x00000001065cde4c [0x00000001065cdac0+0x38c]
j  org.apache.poi.openxml4j.util.ZipFileZipEntrySource.getInputStream(Ljava/util/zip/ZipEntry;)Ljava/io/InputStream;+22
j  org.apache.poi.openxml4j.opc.ZipPackagePart.getInputStreamImpl()Ljava/io/InputStream;+14
j  org.apache.poi.openxml4j.opc.PackagePart.getInputStream()Ljava/io/InputStream;+1
j  org.apache.poi.POIXMLProperties.<init>(Lorg/apache/poi/openxml4j/opc/OPCPackage;)V+70
j  org.apache.poi.POIXMLDocument.getProperties()Lorg/apache/poi/POIXMLProperties;+16
j  org.apache.poi.POIXMLDocument.write(Ljava/io/OutputStream;)V+20
j  com.bit.armdcrf.POITest.changeWord(Ljava/lang/String;Ljava/lang/String;)V+154
j  com.bit.armdcrf.POITest.test()V+8
v  ~StubRoutines::call_stub
V  [libjvm.dylib+0x2eae7a]
V  [libjvm.dylib+0x4cb3ac]
V  [libjvm.dylib+0x4cb8e0]
V  [libjvm.dylib+0x34308c]
j  sun.reflect.NativeMethodAccessorImpl.invoke0(Ljava/lang/reflect/Method;Ljava/lang/Object;[Ljava/lang/Object;)Ljava/lang/Object;+0
j  sun.reflect.NativeMethodAccessorImpl.invoke(Ljava/lang/Object;[Ljava/lang/Object;)Ljava/lang/Object;+100
j  sun.reflect.DelegatingMethodAccessorImpl.invoke(Ljava/lang/Object;[Ljava/lang/Object;)Ljava/lang/Object;+6
j  java.lang.reflect.Method.invoke(Ljava/lang/Object;[Ljava/lang/Object;)Ljava/lang/Object;+56
j  org.junit.runners.model.FrameworkMethod$1.runReflectiveCall()Ljava/lang/Object;+15
j  org.junit.internal.runners.model.ReflectiveCallable.run()Ljava/lang/Object;+1
j  org.junit.runners.model.FrameworkMethod.invokeExplosively(Ljava/lang/Object;[Ljava/lang/Object;)Ljava/lang/Object;+10
j  org.junit.internal.runners.statements.InvokeMethod.evaluate()V+12
j  org.junit.runners.ParentRunner.runLeaf(Lorg/junit/runners/model/Statement;Lorg/junit/runner/Description;Lorg/junit/runner/notification/RunNotifier;)V+17
j  org.junit.runners.BlockJUnit4ClassRunner.runChild(Lorg/junit/runners/model/FrameworkMethod;Lorg/junit/runner/notification/RunNotifier;)V+30
j  org.junit.runners.BlockJUnit4ClassRunner.runChild(Ljava/lang/Object;Lorg/junit/runner/notification/RunNotifier;)V+6
j  org.junit.runners.ParentRunner$3.run()V+12
j  org.junit.runners.ParentRunner$1.schedule(Ljava/lang/Runnable;)V+1
j  org.junit.runners.ParentRunner.runChildren(Lorg/junit/runner/notification/RunNotifier;)V+44
j  org.junit.runners.ParentRunner.access$000(Lorg/junit/runners/ParentRunner;Lorg/junit/runner/notification/RunNotifier;)V+2
j  org.junit.runners.ParentRunner$2.evaluate()V+8
j  org.junit.runners.ParentRunner.run(Lorg/junit/runner/notification/RunNotifier;)V+20
j  org.junit.runner.JUnitCore.run(Lorg/junit/runner/Runner;)Lorg/junit/runner/Result;+37
j  com.intellij.junit4.JUnit4IdeaTestRunner.startRunnerWithArgs([Ljava/lang/String;Ljava/lang/String;IZ)I+146
j  com.intellij.rt.execution.junit.IdeaTestRunner$Repeater.startRunnerWithArgs(Lcom/intellij/rt/execution/junit/IdeaTestRunner;[Ljava/lang/String;Ljava/util/ArrayList;Ljava/lang/String;IZ)I+20
j  com.intellij.rt.execution.junit.JUnitStarter.prepareStreamsAndStart([Ljava/lang/String;Ljava/lang/String;Ljava/util/ArrayList;Ljava/lang/String;)I+116
j  com.intellij.rt.execution.junit.JUnitStarter.main([Ljava/lang/String;)V+116
v  ~StubRoutines::call_stub
V  [libjvm.dylib+0x2eae7a]
V  [libjvm.dylib+0x321bec]
V  [libjvm.dylib+0x31a966]
C  [java+0x393e]  JavaMain+0x9b1
C  [libsystem_pthread.dylib+0x3aab]  _pthread_body+0xb4
C  [libsystem_pthread.dylib+0x39f7]  _pthread_body+0x0
C  [libsystem_pthread.dylib+0x3221]  thread_start+0xd
C  0x0000000000000000

Java frames: (J=compiled Java code, j=interpreted, Vv=VM code)
J 87  java.util.zip.ZipFile.getEntry(J[BZ)J (0 bytes) @ 0x0000000106525e18 [0x0000000106525dc0+0x58]
J 321 C1 java.util.zip.ZipFile.getInputStream(Ljava/util/zip/ZipEntry;)Ljava/io/InputStream; (304 bytes) @ 0x00000001065cde4c [0x00000001065cdac0+0x38c]
j  org.apache.poi.openxml4j.util.ZipFileZipEntrySource.getInputStream(Ljava/util/zip/ZipEntry;)Ljava/io/InputStream;+22
j  org.apache.poi.openxml4j.opc.ZipPackagePart.getInputStreamImpl()Ljava/io/InputStream;+14
j  org.apache.poi.openxml4j.opc.PackagePart.getInputStream()Ljava/io/InputStream;+1
j  org.apache.poi.POIXMLProperties.<init>(Lorg/apache/poi/openxml4j/opc/OPCPackage;)V+70
j  org.apache.poi.POIXMLDocument.getProperties()Lorg/apache/poi/POIXMLProperties;+16
j  org.apache.poi.POIXMLDocument.write(Ljava/io/OutputStream;)V+20
j  com.bit.armdcrf.POITest.changeWord(Ljava/lang/String;Ljava/lang/String;)V+154
j  com.bit.armdcrf.POITest.test()V+8
v  ~StubRoutines::call_stub
j  sun.reflect.NativeMethodAccessorImpl.invoke0(Ljava/lang/reflect/Method;Ljava/lang/Object;[Ljava/lang/Object;)Ljava/lang/Object;+0
j  sun.reflect.NativeMethodAccessorImpl.invoke(Ljava/lang/Object;[Ljava/lang/Object;)Ljava/lang/Object;+100
j  sun.reflect.DelegatingMethodAccessorImpl.invoke(Ljava/lang/Object;[Ljava/lang/Object;)Ljava/lang/Object;+6
j  java.lang.reflect.Method.invoke(Ljava/lang/Object;[Ljava/lang/Object;)Ljava/lang/Object;+56
j  org.junit.runners.model.FrameworkMethod$1.runReflectiveCall()Ljava/lang/Object;+15
j  org.junit.internal.runners.model.ReflectiveCallable.run()Ljava/lang/Object;+1
j  org.junit.runners.model.FrameworkMethod.invokeExplosively(Ljava/lang/Object;[Ljava/lang/Object;)Ljava/lang/Object;+10
j  org.junit.internal.runners.statements.InvokeMethod.evaluate()V+12
j  org.junit.runners.ParentRunner.runLeaf(Lorg/junit/runners/model/Statement;Lorg/junit/runner/Description;Lorg/junit/runner/notification/RunNotifier;)V+17
j  org.junit.runners.BlockJUnit4ClassRunner.runChild(Lorg/junit/runners/model/FrameworkMethod;Lorg/junit/runner/notification/RunNotifier;)V+30
j  org.junit.runners.BlockJUnit4ClassRunner.runChild(Ljava/lang/Object;Lorg/junit/runner/notification/RunNotifier;)V+6
j  org.junit.runners.ParentRunner$3.run()V+12
j  org.junit.runners.ParentRunner$1.schedule(Ljava/lang/Runnable;)V+1
j  org.junit.runners.ParentRunner.runChildren(Lorg/junit/runner/notification/RunNotifier;)V+44
j  org.junit.runners.ParentRunner.access$000(Lorg/junit/runners/ParentRunner;Lorg/junit/runner/notification/RunNotifier;)V+2
j  org.junit.runners.ParentRunner$2.evaluate()V+8
j  org.junit.runners.ParentRunner.run(Lorg/junit/runner/notification/RunNotifier;)V+20
j  org.junit.runner.JUnitCore.run(Lorg/junit/runner/Runner;)Lorg/junit/runner/Result;+37
j  com.intellij.junit4.JUnit4IdeaTestRunner.startRunnerWithArgs([Ljava/lang/String;Ljava/lang/String;IZ)I+146
j  com.intellij.rt.execution.junit.IdeaTestRunner$Repeater.startRunnerWithArgs(Lcom/intellij/rt/execution/junit/IdeaTestRunner;[Ljava/lang/String;Ljava/util/ArrayList;Ljava/lang/String;IZ)I+20
j  com.intellij.rt.execution.junit.JUnitStarter.prepareStreamsAndStart([Ljava/lang/String;Ljava/lang/String;Ljava/util/ArrayList;Ljava/lang/String;)I+116
j  com.intellij.rt.execution.junit.JUnitStarter.main([Ljava/lang/String;)V+116
v  ~StubRoutines::call_stub

---------------  P R O C E S S  ---------------

Java Threads: ( => current thread )
  0x00007fb4b986d800 JavaThread "Service Thread" daemon [_thread_blocked, id=21763, stack(0x000070000f822000,0x000070000f922000)]
  0x00007fb4b986a800 JavaThread "C1 CompilerThread3" daemon [_thread_blocked, id=21251, stack(0x000070000f71f000,0x000070000f81f000)]
  0x00007fb4b9868800 JavaThread "C2 CompilerThread2" daemon [_thread_blocked, id=20739, stack(0x000070000f61c000,0x000070000f71c000)]
  0x00007fb4bb002000 JavaThread "C2 CompilerThread1" daemon [_thread_blocked, id=20227, stack(0x000070000f519000,0x000070000f619000)]
  0x00007fb4b900b000 JavaThread "C2 CompilerThread0" daemon [_thread_blocked, id=19715, stack(0x000070000f416000,0x000070000f516000)]
  0x00007fb4b9869800 JavaThread "Monitor Ctrl-Break" daemon [_thread_in_native, id=19203, stack(0x000070000f313000,0x000070000f413000)]
  0x00007fb4b980e000 JavaThread "Signal Dispatcher" daemon [_thread_blocked, id=18691, stack(0x000070000f210000,0x000070000f310000)]
  0x00007fb4b7829000 JavaThread "Finalizer" daemon [_thread_blocked, id=14595, stack(0x000070000f10d000,0x000070000f20d000)]
  0x00007fb4b9806000 JavaThread "Reference Handler" daemon [_thread_blocked, id=14083, stack(0x000070000f00a000,0x000070000f10a000)]
=>0x00007fb4b9002000 JavaThread "main" [_thread_in_native, id=7171, stack(0x000070000e5ec000,0x000070000e6ec000)]

Other Threads:
  0x00007fb4b7036800 VMThread [stack: 0x000070000ef07000,0x000070000f007000] [id=13571]
  0x00007fb4b780d000 WatcherThread [stack: 0x000070000f925000,0x000070000fa25000] [id=22275]

VM state:not at safepoint (normal execution)

VM Mutex/Monitor currently owned by a thread: None

Heap:
 PSYoungGen      total 76288K, used 59227K [0x000000076ab00000, 0x0000000770000000, 0x00000007c0000000)
  eden space 65536K, 90% used [0x000000076ab00000,0x000000076e4d6f88,0x000000076eb00000)
  from space 10752K, 0% used [0x000000076f580000,0x000000076f580000,0x0000000770000000)
  to   space 10752K, 0% used [0x000000076eb00000,0x000000076eb00000,0x000000076f580000)
 ParOldGen       total 175104K, used 0K [0x00000006c0000000, 0x00000006cab00000, 0x000000076ab00000)
  object space 175104K, 0% used [0x00000006c0000000,0x00000006c0000000,0x00000006cab00000)
 Metaspace       used 11877K, capacity 12020K, committed 12160K, reserved 1060864K
  class space    used 1314K, capacity 1336K, committed 1408K, reserved 1048576K

Card table byte_map: [0x000000010517e000,0x000000010597f000] byte_map_base: 0x0000000101b7e000

Marking Bits: (ParMarkBitMap*) 0x00000001046e3ea0
 Begin Bits: [0x00000001153f5000, 0x00000001193f5000)
 End Bits:   [0x00000001193f5000, 0x000000011d3f5000)

Polling page: 0x0000000102dc0000

CodeCache: size=245760Kb used=3964Kb max_used=3976Kb free=241795Kb
 bounds [0x00000001063f5000, 0x00000001067e5000, 0x00000001153f5000]
 total_blobs=1324 nmethods=998 adapters=240
 compilation: enabled

Compilation events (10 events):
Event: 0.876 Thread 0x00007fb4b986a800 nmethod 993 0x00000001067cd610 code [0x00000001067cd7a0, 0x00000001067cdb30]
Event: 0.876 Thread 0x00007fb4b986a800  994       3       org.apache.xmlbeans.impl.schema.SchemaTypeSystemImpl$XsbReader::readSOAPArrayType (26 bytes)
Event: 0.877 Thread 0x00007fb4b986a800 nmethod 994 0x00000001067c5b10 code [0x00000001067c5d80, 0x00000001067c6ad8]
Event: 0.877 Thread 0x00007fb4b986a800  996       3       org.apache.xmlbeans.impl.schema.SchemaPropertyImpl::<init> (5 bytes)
Event: 0.877 Thread 0x00007fb4b986a800 nmethod 996 0x00000001067b45d0 code [0x00000001067b4740, 0x00000001067b48f0]
Event: 0.877 Thread 0x00007fb4b986a800  997       3       org.apache.xmlbeans.impl.schema.SchemaPropertyImpl::setName (10 bytes)
Event: 0.877 Thread 0x00007fb4b986a800 nmethod 997 0x00000001067c5550 code [0x00000001067c56e0, 0x00000001067c59c8]
Event: 0.879 Thread 0x00007fb4b986a800  998       3       org.apache.xmlbeans.impl.store.Cur::getUser (29 bytes)
Event: 0.879 Thread 0x00007fb4b9868800 nmethod 982 0x00000001067da390 code [0x00000001067da560, 0x00000001067dad28]
Event: 0.879 Thread 0x00007fb4b986a800 nmethod 998 0x00000001067ccf90 code [0x00000001067cd120, 0x00000001067cd4e8]

GC Heap History (0 events):
No events

Deoptimization events (10 events):
Event: 0.262 Thread 0x00007fb4b9002000 Uncommon trap: reason=unstable_if action=reinterpret pc=0x000000010653b6e4 method=sun.nio.cs.UTF_8$Encoder.encode([CII[B)I @ 33
Event: 0.441 Thread 0x00007fb4b9002000 Uncommon trap: reason=unstable_if action=reinterpret pc=0x0000000106578c8c method=java.lang.String.indexOf([CII[CIII)I @ 3
Event: 0.490 Thread 0x00007fb4b9002000 Uncommon trap: reason=unstable_if action=reinterpret pc=0x0000000106676aec method=java.io.DataInputStream.readUTF(Ljava/io/DataInput;)Ljava/lang/String; @ 31
Event: 0.739 Thread 0x00007fb4b9002000 Uncommon trap: reason=unstable_if action=reinterpret pc=0x00000001066d5f3c method=org.apache.xmlbeans.impl.piccolo.util.CharStringConverter.convert([CII)Ljava/lang/String; @ 8
Event: 0.779 Thread 0x00007fb4b9002000 Uncommon trap: reason=unstable_if action=reinterpret pc=0x0000000106719524 method=org.apache.xmlbeans.impl.store.Xobj.isNormal(I)Z @ 15
Event: 0.783 Thread 0x00007fb4b9002000 Uncommon trap: reason=unstable_if action=reinterpret pc=0x0000000106726224 method=org.apache.xmlbeans.impl.store.Cur.isNormal()Z @ 60
Event: 0.783 Thread 0x00007fb4b9002000 Uncommon trap: reason=unstable_if action=reinterpret pc=0x0000000106716a44 method=org.apache.xmlbeans.impl.store.Cur.isNormal()Z @ 60
Event: 0.853 Thread 0x00007fb4b9002000 Uncommon trap: reason=unstable_if action=reinterpret pc=0x00000001067abfa4 method=org.apache.xmlbeans.impl.store.Saver$TextSaver.preEmit(I)Z @ 34
Event: 0.853 Thread 0x00007fb4b9002000 Uncommon trap: reason=unstable_if action=reinterpret pc=0x0000000106750538 method=org.apache.xmlbeans.impl.store.Saver$TextSaver.getAvailable()I @ 4
Event: 0.868 Thread 0x00007fb4b9002000 Uncommon trap: reason=unstable_if action=reinterpret pc=0x00000001067b3efc method=org.apache.xmlbeans.impl.store.Xobj.cchRight(I)I @ 23

Internal exceptions (10 events):
Event: 0.429 Thread 0x00007fb4b9002000 Exception <a 'java/security/PrivilegedActionException'> (0x000000076ca14380) thrown at [/HUDSON3/workspace/8-2-build-macosx-x86_64/jdk8u73/6086/hotspot/src/share/vm/prims/jvm.cpp, line 1386]
Event: 0.429 Thread 0x00007fb4b9002000 Exception <a 'java/security/PrivilegedActionException'> (0x000000076ca22f60) thrown at [/HUDSON3/workspace/8-2-build-macosx-x86_64/jdk8u73/6086/hotspot/src/share/vm/prims/jvm.cpp, line 1386]
Event: 0.429 Thread 0x00007fb4b9002000 Exception <a 'java/security/PrivilegedActionException'> (0x000000076ca23540) thrown at [/HUDSON3/workspace/8-2-build-macosx-x86_64/jdk8u73/6086/hotspot/src/share/vm/prims/jvm.cpp, line 1386]
Event: 0.429 Thread 0x00007fb4b9002000 Exception <a 'java/security/PrivilegedActionException'> (0x000000076ca32728) thrown at [/HUDSON3/workspace/8-2-build-macosx-x86_64/jdk8u73/6086/hotspot/src/share/vm/prims/jvm.cpp, line 1386]
Event: 0.429 Thread 0x00007fb4b9002000 Exception <a 'java/security/PrivilegedActionException'> (0x000000076ca32d08) thrown at [/HUDSON3/workspace/8-2-build-macosx-x86_64/jdk8u73/6086/hotspot/src/share/vm/prims/jvm.cpp, line 1386]
Event: 0.430 Thread 0x00007fb4b9002000 Exception <a 'java/security/PrivilegedActionException'> (0x000000076ca421d0) thrown at [/HUDSON3/workspace/8-2-build-macosx-x86_64/jdk8u73/6086/hotspot/src/share/vm/prims/jvm.cpp, line 1386]
Event: 0.430 Thread 0x00007fb4b9002000 Exception <a 'java/security/PrivilegedActionException'> (0x000000076ca427b0) thrown at [/HUDSON3/workspace/8-2-build-macosx-x86_64/jdk8u73/6086/hotspot/src/share/vm/prims/jvm.cpp, line 1386]
Event: 0.430 Thread 0x00007fb4b9002000 Exception <a 'java/security/PrivilegedActionException'> (0x000000076ca51eb0) thrown at [/HUDSON3/workspace/8-2-build-macosx-x86_64/jdk8u73/6086/hotspot/src/share/vm/prims/jvm.cpp, line 1386]
Event: 0.430 Thread 0x00007fb4b9002000 Exception <a 'java/security/PrivilegedActionException'> (0x000000076ca52490) thrown at [/HUDSON3/workspace/8-2-build-macosx-x86_64/jdk8u73/6086/hotspot/src/share/vm/prims/jvm.cpp, line 1386]
Event: 0.853 Thread 0x00007fb4b9002000 Implicit null exception at 0x0000000106750510 to 0x0000000106750524

Events (10 events):
Event: 0.876 loading class org/openxmlformats/schemas/officeDocument/x2006/customProperties/PropertiesDocument
Event: 0.876 loading class org/openxmlformats/schemas/officeDocument/x2006/customProperties/PropertiesDocument done
Event: 0.877 loading class org/openxmlformats/schemas/officeDocument/x2006/customProperties/impl/PropertiesDocumentImpl
Event: 0.877 loading class org/openxmlformats/schemas/officeDocument/x2006/customProperties/impl/PropertiesDocumentImpl done
Event: 0.878 loading class org/openxmlformats/schemas/officeDocument/x2006/customProperties/impl/CTPropertiesImpl
Event: 0.878 loading class org/openxmlformats/schemas/officeDocument/x2006/customProperties/impl/CTPropertiesImpl done
Event: 0.879 loading class org/openxmlformats/schemas/officeDocument/x2006/customProperties/CTProperties
Event: 0.879 loading class org/openxmlformats/schemas/officeDocument/x2006/customProperties/CTProperties done
Event: 0.880 loading class org/apache/poi/POIXMLProperties$CoreProperties
Event: 0.880 loading class org/apache/poi/POIXMLProperties$CoreProperties done


Dynamic libraries:
0x0000000036485000 	/System/Library/Frameworks/Cocoa.framework/Versions/A/Cocoa
0x0000000036485000 	/System/Library/Frameworks/Security.framework/Versions/A/Security
0x0000000036485000 	/System/Library/Frameworks/ApplicationServices.framework/Versions/A/ApplicationServices
0x0000000036485000 	/usr/lib/libz.1.dylib
0x0000000036485000 	/usr/lib/libSystem.B.dylib
0x0000000036485000 	/usr/lib/libobjc.A.dylib
0x0000000036485000 	/System/Library/Frameworks/CoreFoundation.framework/Versions/A/CoreFoundation
0x0000000036485000 	/System/Library/Frameworks/Foundation.framework/Versions/C/Foundation
0x0000000036485000 	/System/Library/Frameworks/AppKit.framework/Versions/C/AppKit
0x0000000036485000 	/System/Library/Frameworks/CoreData.framework/Versions/A/CoreData
0x0000000036485000 	/System/Library/PrivateFrameworks/RemoteViewServices.framework/Versions/A/RemoteViewServices
0x0000000036485000 	/System/Library/PrivateFrameworks/UIFoundation.framework/Versions/A/UIFoundation
0x0000000036485000 	/System/Library/PrivateFrameworks/DFRFoundation.framework/Versions/A/DFRFoundation
0x0000000036485000 	/usr/lib/libenergytrace.dylib
0x0000000036485000 	/System/Library/PrivateFrameworks/SkyLight.framework/Versions/A/SkyLight
0x0000000036485000 	/System/Library/Frameworks/CoreGraphics.framework/Versions/A/CoreGraphics
0x0000000036485000 	/usr/lib/libScreenReader.dylib
0x0000000036485000 	/System/Library/Frameworks/Accelerate.framework/Versions/A/Accelerate
0x0000000036485000 	/System/Library/Frameworks/IOSurface.framework/Versions/A/IOSurface
0x0000000036485000 	/System/Library/Frameworks/AudioToolbox.framework/Versions/A/AudioToolbox
0x0000000036485000 	/System/Library/Frameworks/AudioUnit.framework/Versions/A/AudioUnit
0x0000000036485000 	/System/Library/PrivateFrameworks/DataDetectorsCore.framework/Versions/A/DataDetectorsCore
0x0000000036485000 	/System/Library/PrivateFrameworks/DesktopServicesPriv.framework/Versions/A/DesktopServicesPriv
0x0000000036485000 	/System/Library/Frameworks/Carbon.framework/Versions/A/Frameworks/HIToolbox.framework/Versions/A/HIToolbox
0x0000000036485000 	/usr/lib/libicucore.A.dylib
0x0000000036485000 	/System/Library/Frameworks/QuartzCore.framework/Versions/A/QuartzCore
0x0000000036485000 	/System/Library/Frameworks/Carbon.framework/Versions/A/Frameworks/SpeechRecognition.framework/Versions/A/SpeechRecognition
0x0000000036485000 	/usr/lib/libauto.dylib
0x0000000036485000 	/usr/lib/libxml2.2.dylib
0x0000000036485000 	/System/Library/PrivateFrameworks/CoreUI.framework/Versions/A/CoreUI
0x0000000036485000 	/System/Library/Frameworks/CoreAudio.framework/Versions/A/CoreAudio
0x0000000036485000 	/System/Library/Frameworks/DiskArbitration.framework/Versions/A/DiskArbitration
0x0000000036485000 	/usr/lib/liblangid.dylib
0x0000000036485000 	/System/Library/PrivateFrameworks/MultitouchSupport.framework/Versions/A/MultitouchSupport
0x0000000036485000 	/System/Library/Frameworks/IOKit.framework/Versions/A/IOKit
0x0000000036485000 	/usr/lib/libDiagnosticMessagesClient.dylib
0x0000000036485000 	/System/Library/Frameworks/CoreServices.framework/Versions/A/CoreServices
0x0000000036485000 	/System/Library/PrivateFrameworks/PerformanceAnalysis.framework/Versions/A/PerformanceAnalysis
0x0000000036485000 	/System/Library/PrivateFrameworks/GenerationalStorage.framework/Versions/A/GenerationalStorage
0x0000000036485000 	/System/Library/Frameworks/OpenGL.framework/Versions/A/OpenGL
0x0000000036485000 	/System/Library/Frameworks/CoreImage.framework/Versions/A/CoreImage
0x0000000036485000 	/System/Library/Frameworks/CoreText.framework/Versions/A/CoreText
0x0000000036485000 	/System/Library/Frameworks/ImageIO.framework/Versions/A/ImageIO
0x0000000036485000 	/System/Library/PrivateFrameworks/Backup.framework/Versions/A/Backup
0x0000000036485000 	/usr/lib/libarchive.2.dylib
0x0000000036485000 	/System/Library/Frameworks/CFNetwork.framework/Versions/A/CFNetwork
0x0000000036485000 	/System/Library/Frameworks/SystemConfiguration.framework/Versions/A/SystemConfiguration
0x0000000036485000 	/usr/lib/libCRFSuite.dylib
0x0000000036485000 	/usr/lib/libc++.1.dylib
0x0000000036485000 	/usr/lib/libc++abi.dylib
0x0000000036485000 	/usr/lib/system/libcache.dylib
0x0000000036485000 	/usr/lib/system/libcommonCrypto.dylib
0x0000000036485000 	/usr/lib/system/libcompiler_rt.dylib
0x0000000036485000 	/usr/lib/system/libcopyfile.dylib
0x0000000036485000 	/usr/lib/system/libcorecrypto.dylib
0x0000000036485000 	/usr/lib/system/libdispatch.dylib
0x0000000036485000 	/usr/lib/system/libdyld.dylib
0x0000000036485000 	/usr/lib/system/libkeymgr.dylib
0x0000000036485000 	/usr/lib/system/liblaunch.dylib
0x0000000036485000 	/usr/lib/system/libmacho.dylib
0x0000000036485000 	/usr/lib/system/libquarantine.dylib
0x0000000036485000 	/usr/lib/system/libremovefile.dylib
0x0000000036485000 	/usr/lib/system/libsystem_asl.dylib
0x0000000036485000 	/usr/lib/system/libsystem_blocks.dylib
0x0000000036485000 	/usr/lib/system/libsystem_c.dylib
0x0000000036485000 	/usr/lib/system/libsystem_configuration.dylib
0x0000000036485000 	/usr/lib/system/libsystem_coreservices.dylib
0x0000000036485000 	/usr/lib/system/libsystem_coretls.dylib
0x0000000036485000 	/usr/lib/system/libsystem_dnssd.dylib
0x0000000036485000 	/usr/lib/system/libsystem_info.dylib
0x0000000036485000 	/usr/lib/system/libsystem_kernel.dylib
0x0000000036485000 	/usr/lib/system/libsystem_m.dylib
0x0000000036485000 	/usr/lib/system/libsystem_malloc.dylib
0x0000000036485000 	/usr/lib/system/libsystem_network.dylib
0x0000000036485000 	/usr/lib/system/libsystem_networkextension.dylib
0x0000000036485000 	/usr/lib/system/libsystem_notify.dylib
0x0000000036485000 	/usr/lib/system/libsystem_platform.dylib
0x0000000036485000 	/usr/lib/system/libsystem_pthread.dylib
0x0000000036485000 	/usr/lib/system/libsystem_sandbox.dylib
0x0000000036485000 	/usr/lib/system/libsystem_secinit.dylib
0x0000000036485000 	/usr/lib/system/libsystem_symptoms.dylib
0x0000000036485000 	/usr/lib/system/libsystem_trace.dylib
0x0000000036485000 	/usr/lib/system/libunwind.dylib
0x0000000036485000 	/usr/lib/system/libxpc.dylib
0x0000000036485000 	/usr/lib/libbsm.0.dylib
0x0000000036485000 	/usr/lib/system/libkxld.dylib
0x0000000036485000 	/usr/lib/libcoretls.dylib
0x0000000036485000 	/usr/lib/libcoretls_cfhelpers.dylib
0x0000000036485000 	/usr/lib/libxar.1.dylib
0x0000000036485000 	/usr/lib/libsqlite3.dylib
0x0000000036485000 	/usr/lib/libpam.2.dylib
0x0000000036485000 	/usr/lib/libOpenScriptingUtil.dylib
0x0000000036485000 	/usr/lib/libbz2.1.0.dylib
0x0000000036485000 	/usr/lib/liblzma.5.dylib
0x0000000036485000 	/usr/lib/libnetwork.dylib
0x0000000036485000 	/usr/lib/libpcap.A.dylib
0x0000000036485000 	/System/Library/Frameworks/CoreServices.framework/Versions/A/Frameworks/FSEvents.framework/Versions/A/FSEvents
0x0000000036485000 	/System/Library/Frameworks/CoreServices.framework/Versions/A/Frameworks/CarbonCore.framework/Versions/A/CarbonCore
0x0000000036485000 	/System/Library/Frameworks/CoreServices.framework/Versions/A/Frameworks/Metadata.framework/Versions/A/Metadata
0x0000000036485000 	/System/Library/Frameworks/CoreServices.framework/Versions/A/Frameworks/OSServices.framework/Versions/A/OSServices
0x0000000036485000 	/System/Library/Frameworks/CoreServices.framework/Versions/A/Frameworks/SearchKit.framework/Versions/A/SearchKit
0x0000000036485000 	/System/Library/Frameworks/CoreServices.framework/Versions/A/Frameworks/AE.framework/Versions/A/AE
0x0000000036485000 	/System/Library/Frameworks/CoreServices.framework/Versions/A/Frameworks/LaunchServices.framework/Versions/A/LaunchServices
0x0000000036485000 	/System/Library/Frameworks/CoreServices.framework/Versions/A/Frameworks/DictionaryServices.framework/Versions/A/DictionaryServices
0x0000000036485000 	/System/Library/Frameworks/CoreServices.framework/Versions/A/Frameworks/SharedFileList.framework/Versions/A/SharedFileList
0x0000000036485000 	/System/Library/Frameworks/NetFS.framework/Versions/A/NetFS
0x0000000036485000 	/System/Library/PrivateFrameworks/NetAuth.framework/Versions/A/NetAuth
0x0000000036485000 	/System/Library/PrivateFrameworks/login.framework/Versions/A/Frameworks/loginsupport.framework/Versions/A/loginsupport
0x0000000036485000 	/System/Library/PrivateFrameworks/TCC.framework/Versions/A/TCC
0x0000000036485000 	/usr/lib/libmecabra.dylib
0x0000000036485000 	/System/Library/Frameworks/ApplicationServices.framework/Versions/A/Frameworks/ATS.framework/Versions/A/ATS
0x0000000036485000 	/System/Library/Frameworks/ApplicationServices.framework/Versions/A/Frameworks/ColorSync.framework/Versions/A/ColorSync
0x0000000036485000 	/System/Library/Frameworks/ApplicationServices.framework/Versions/A/Frameworks/HIServices.framework/Versions/A/HIServices
0x0000000036485000 	/System/Library/Frameworks/ApplicationServices.framework/Versions/A/Frameworks/LangAnalysis.framework/Versions/A/LangAnalysis
0x0000000036485000 	/System/Library/Frameworks/ApplicationServices.framework/Versions/A/Frameworks/PrintCore.framework/Versions/A/PrintCore
0x0000000036485000 	/System/Library/Frameworks/ApplicationServices.framework/Versions/A/Frameworks/QD.framework/Versions/A/QD
0x0000000036485000 	/System/Library/Frameworks/ApplicationServices.framework/Versions/A/Frameworks/SpeechSynthesis.framework/Versions/A/SpeechSynthesis
0x0000000036485000 	/System/Library/Frameworks/Accelerate.framework/Versions/A/Frameworks/vImage.framework/Versions/A/vImage
0x0000000036485000 	/System/Library/Frameworks/Accelerate.framework/Versions/A/Frameworks/vecLib.framework/Versions/A/vecLib
0x0000000036485000 	/System/Library/Frameworks/Accelerate.framework/Versions/A/Frameworks/vecLib.framework/Versions/A/libvDSP.dylib
0x0000000036485000 	/System/Library/Frameworks/Accelerate.framework/Versions/A/Frameworks/vecLib.framework/Versions/A/libBNNS.dylib
0x0000000036485000 	/System/Library/Frameworks/Accelerate.framework/Versions/A/Frameworks/vecLib.framework/Versions/A/libQuadrature.dylib
0x0000000036485000 	/System/Library/Frameworks/Accelerate.framework/Versions/A/Frameworks/vecLib.framework/Versions/A/libvMisc.dylib
0x0000000036485000 	/System/Library/Frameworks/Accelerate.framework/Versions/A/Frameworks/vecLib.framework/Versions/A/libLAPACK.dylib
0x0000000036485000 	/System/Library/Frameworks/Accelerate.framework/Versions/A/Frameworks/vecLib.framework/Versions/A/libBLAS.dylib
0x0000000036485000 	/System/Library/Frameworks/Accelerate.framework/Versions/A/Frameworks/vecLib.framework/Versions/A/libLinearAlgebra.dylib
0x0000000036485000 	/System/Library/Frameworks/Accelerate.framework/Versions/A/Frameworks/vecLib.framework/Versions/A/libSparseBLAS.dylib
0x0000000036485000 	/System/Library/Frameworks/ApplicationServices.framework/Versions/A/Frameworks/ATS.framework/Versions/A/Resources/libFontParser.dylib
0x0000000036485000 	/System/Library/Frameworks/ApplicationServices.framework/Versions/A/Frameworks/ATS.framework/Versions/A/Resources/libFontRegistry.dylib
0x0000000036485000 	/System/Library/Frameworks/ImageIO.framework/Versions/A/Resources/libJPEG.dylib
0x0000000036485000 	/System/Library/Frameworks/ImageIO.framework/Versions/A/Resources/libTIFF.dylib
0x0000000036485000 	/System/Library/Frameworks/ImageIO.framework/Versions/A/Resources/libPng.dylib
0x0000000036485000 	/System/Library/Frameworks/ImageIO.framework/Versions/A/Resources/libGIF.dylib
0x0000000036485000 	/System/Library/Frameworks/ImageIO.framework/Versions/A/Resources/libJP2.dylib
0x0000000036485000 	/System/Library/Frameworks/ImageIO.framework/Versions/A/Resources/libRadiance.dylib
0x0000000036485000 	/usr/lib/libcompression.dylib
0x0000000036485000 	/System/Library/PrivateFrameworks/AppleJPEG.framework/Versions/A/AppleJPEG
0x0000000036485000 	/usr/lib/libcups.2.dylib
0x0000000036485000 	/System/Library/Frameworks/Kerberos.framework/Versions/A/Kerberos
0x0000000036485000 	/System/Library/Frameworks/GSS.framework/Versions/A/GSS
0x0000000036485000 	/usr/lib/libresolv.9.dylib
0x0000000036485000 	/usr/lib/libiconv.2.dylib
0x0000000036485000 	/System/Library/PrivateFrameworks/Heimdal.framework/Versions/A/Heimdal
0x0000000036485000 	/usr/lib/libheimdal-asn1.dylib
0x0000000036485000 	/System/Library/Frameworks/OpenDirectory.framework/Versions/A/OpenDirectory
0x0000000036485000 	/System/Library/PrivateFrameworks/CommonAuth.framework/Versions/A/CommonAuth
0x0000000036485000 	/System/Library/Frameworks/OpenDirectory.framework/Versions/A/Frameworks/CFOpenDirectory.framework/Versions/A/CFOpenDirectory
0x0000000036485000 	/System/Library/Frameworks/SecurityFoundation.framework/Versions/A/SecurityFoundation
0x0000000036485000 	/System/Library/PrivateFrameworks/LanguageModeling.framework/Versions/A/LanguageModeling
0x0000000036485000 	/usr/lib/libmarisa.dylib
0x0000000036485000 	/usr/lib/libChineseTokenizer.dylib
0x0000000036485000 	/usr/lib/libcmph.dylib
0x0000000036485000 	/System/Library/PrivateFrameworks/CoreEmoji.framework/Versions/A/CoreEmoji
0x0000000036485000 	/System/Library/Frameworks/ServiceManagement.framework/Versions/A/ServiceManagement
0x0000000036485000 	/usr/lib/libxslt.1.dylib
0x0000000036485000 	/System/Library/Frameworks/Carbon.framework/Versions/A/Frameworks/Ink.framework/Versions/A/Ink
0x0000000036485000 	/System/Library/PrivateFrameworks/TextureIO.framework/Versions/A/TextureIO
0x0000000036485000 	/System/Library/Frameworks/Metal.framework/Versions/A/Metal
0x0000000036485000 	/usr/lib/libate.dylib
0x0000000036485000 	/System/Library/PrivateFrameworks/GPUCompiler.framework/libmetal_timestamp.dylib
0x0000000036485000 	/System/Library/Frameworks/OpenGL.framework/Versions/A/Libraries/libCoreFSCache.dylib
0x0000000036485000 	/System/Library/PrivateFrameworks/IOAccelerator.framework/Versions/A/IOAccelerator
0x0000000036485000 	/System/Library/Frameworks/CoreVideo.framework/Versions/A/CoreVideo
0x0000000036485000 	/usr/lib/libFosl_dynamic.dylib
0x0000000036485000 	/System/Library/PrivateFrameworks/MetalPerformanceShaders.framework/Versions/A/MetalPerformanceShaders
0x0000000036485000 	/System/Library/PrivateFrameworks/FaceCore.framework/Versions/A/FaceCore
0x0000000036485000 	/System/Library/Frameworks/OpenCL.framework/Versions/A/OpenCL
0x0000000036485000 	/System/Library/Frameworks/OpenGL.framework/Versions/A/Libraries/libGLU.dylib
0x0000000036485000 	/System/Library/Frameworks/OpenGL.framework/Versions/A/Libraries/libGFXShared.dylib
0x0000000036485000 	/System/Library/Frameworks/OpenGL.framework/Versions/A/Libraries/libGL.dylib
0x0000000036485000 	/System/Library/Frameworks/OpenGL.framework/Versions/A/Libraries/libGLImage.dylib
0x0000000036485000 	/System/Library/Frameworks/OpenGL.framework/Versions/A/Libraries/libCVMSPluginSupport.dylib
0x0000000036485000 	/System/Library/Frameworks/OpenGL.framework/Versions/A/Libraries/libCoreVMClient.dylib
0x0000000036485000 	/System/Library/PrivateFrameworks/CrashReporterSupport.framework/Versions/A/CrashReporterSupport
0x0000000036485000 	/System/Library/PrivateFrameworks/Sharing.framework/Versions/A/Sharing
0x0000000036485000 	/System/Library/PrivateFrameworks/IconServices.framework/Versions/A/IconServices
0x0000000036485000 	/System/Library/PrivateFrameworks/ProtocolBuffer.framework/Versions/A/ProtocolBuffer
0x0000000036485000 	/System/Library/PrivateFrameworks/Apple80211.framework/Versions/A/Apple80211
0x0000000036485000 	/System/Library/Frameworks/CoreWLAN.framework/Versions/A/CoreWLAN
0x0000000036485000 	/System/Library/PrivateFrameworks/CoreUtils.framework/Versions/A/CoreUtils
0x0000000036485000 	/System/Library/Frameworks/IOBluetooth.framework/Versions/A/IOBluetooth
0x0000000036485000 	/System/Library/PrivateFrameworks/CoreWiFi.framework/Versions/A/CoreWiFi
0x0000000036485000 	/System/Library/Frameworks/CoreBluetooth.framework/Versions/A/CoreBluetooth
0x0000000036485000 	/System/Library/Frameworks/CoreDisplay.framework/Versions/A/CoreDisplay
0x0000000036485000 	/System/Library/PrivateFrameworks/IOPresentment.framework/Versions/A/IOPresentment
0x0000000036485000 	/System/Library/PrivateFrameworks/DebugSymbols.framework/Versions/A/DebugSymbols
0x0000000036485000 	/System/Library/PrivateFrameworks/CoreSymbolication.framework/Versions/A/CoreSymbolication
0x0000000036485000 	/System/Library/PrivateFrameworks/Symbolication.framework/Versions/A/Symbolication
0x0000000036485000 	/System/Library/PrivateFrameworks/AppleFSCompression.framework/Versions/A/AppleFSCompression
0x0000000036485000 	/System/Library/PrivateFrameworks/SpeechRecognitionCore.framework/Versions/A/SpeechRecognitionCore
0x0000000036485000 	/System/Library/PrivateFrameworks/ChunkingLibrary.framework/Versions/A/ChunkingLibrary
0x0000000102d39000 	/System/Library/CoreServices/Encodings/libSimplifiedChineseConverter.dylib
0x0000000103e00000 	/Library/Java/JavaVirtualMachines/jdk1.8.0_73.jdk/Contents/Home/jre/lib/server/libjvm.dylib
0x0000000036485000 	/usr/lib/libstdc++.6.dylib
0x0000000102d7d000 	/Library/Java/JavaVirtualMachines/jdk1.8.0_73.jdk/Contents/Home/jre/lib/libverify.dylib
0x0000000102d8b000 	/Library/Java/JavaVirtualMachines/jdk1.8.0_73.jdk/Contents/Home/jre/lib/libjava.dylib
0x0000000102dc1000 	/Library/Java/JavaVirtualMachines/jdk1.8.0_73.jdk/Contents/Home/jre/lib/libinstrument.dylib
0x0000000102dee000 	/Library/Java/JavaVirtualMachines/jdk1.8.0_73.jdk/Contents/Home/jre/lib/libzip.dylib
0x000000010634b000 	/System/Library/Frameworks/JavaVM.framework/Frameworks/JavaRuntimeSupport.framework/JavaRuntimeSupport
0x000000011fef5000 	/System/Library/Frameworks/JavaVM.framework/Versions/A/Frameworks/JavaNativeFoundation.framework/Versions/A/JavaNativeFoundation
0x000000011ff0a000 	/System/Library/Frameworks/JavaVM.framework/Versions/A/JavaVM
0x0000000036485000 	/System/Library/Frameworks/Carbon.framework/Versions/A/Carbon
0x000000011ff17000 	/System/Library/PrivateFrameworks/JavaLaunching.framework/Versions/A/JavaLaunching
0x0000000036485000 	/System/Library/Frameworks/Carbon.framework/Versions/A/Frameworks/CommonPanels.framework/Versions/A/CommonPanels
0x0000000036485000 	/System/Library/Frameworks/Carbon.framework/Versions/A/Frameworks/Help.framework/Versions/A/Help
0x0000000036485000 	/System/Library/Frameworks/Carbon.framework/Versions/A/Frameworks/ImageCapture.framework/Versions/A/ImageCapture
0x0000000036485000 	/System/Library/Frameworks/Carbon.framework/Versions/A/Frameworks/OpenScripting.framework/Versions/A/OpenScripting
0x0000000036485000 	/System/Library/Frameworks/Carbon.framework/Versions/A/Frameworks/Print.framework/Versions/A/Print
0x0000000036485000 	/System/Library/Frameworks/Carbon.framework/Versions/A/Frameworks/SecurityHI.framework/Versions/A/SecurityHI
0x0000000121851000 	/Library/Java/JavaVirtualMachines/jdk1.8.0_73.jdk/Contents/Home/jre/lib/libnet.dylib

VM Arguments:
jvm_args: -ea -Didea.test.cyclic.buffer.size=1048576 -javaagent:/Applications/IntelliJ IDEA.app/Contents/lib/idea_rt.jar=57039:/Applications/IntelliJ IDEA.app/Contents/bin -Dfile.encoding=UTF-8 
java_command: com.intellij.rt.execution.junit.JUnitStarter -ideVersion5 -junit4 com.bit.armdcrf.POITest
java_class_path (initial): /Applications/IntelliJ IDEA.app/Contents/lib/idea_rt.jar:/Applications/IntelliJ IDEA.app/Contents/plugins/junit/lib/junit-rt.jar:/Applications/IntelliJ IDEA.app/Contents/plugins/junit/lib/junit5-rt.jar:/Library/Java/JavaVirtualMachines/jdk1.8.0_73.jdk/Contents/Home/jre/lib/charsets.jar:/Library/Java/JavaVirtualMachines/jdk1.8.0_73.jdk/Contents/Home/jre/lib/deploy.jar:/Library/Java/JavaVirtualMachines/jdk1.8.0_73.jdk/Contents/Home/jre/lib/ext/cldrdata.jar:/Library/Java/JavaVirtualMachines/jdk1.8.0_73.jdk/Contents/Home/jre/lib/ext/dnsns.jar:/Library/Java/JavaVirtualMachines/jdk1.8.0_73.jdk/Contents/Home/jre/lib/ext/jaccess.jar:/Library/Java/JavaVirtualMachines/jdk1.8.0_73.jdk/Contents/Home/jre/lib/ext/jfxrt.jar:/Library/Java/JavaVirtualMachines/jdk1.8.0_73.jdk/Contents/Home/jre/lib/ext/localedata.jar:/Library/Java/JavaVirtualMachines/jdk1.8.0_73.jdk/Contents/Home/jre/lib/ext/nashorn.jar:/Library/Java/JavaVirtualMachines/jdk1.8.0_73.jdk/Contents/Home/jre/lib/ext/sunec.jar:/Library/Java/JavaVirtualMachines/jdk1.8.0_73.jdk/Contents/Home/jre/lib/ext/sunjce_provider.jar:/Library/Java/JavaVirtualMachines/jdk1.8.0_73.jdk/Contents/Home/jre/lib/ext/sunpkcs11.jar:/Library/Java/JavaVirtualMachines/jdk1.8.0_73.jdk/Contents/Home/jre/lib/ext/zipfs.jar:/Library/Java/JavaVirtualMachines/jdk1.8.0_73.jdk/Contents/Home/jre/lib/javaws.jar:/Library/Java/JavaVirtualMachines/jdk1.8.0_73.jdk/Contents/Home/jre/lib/jce.jar:/Library/Java/JavaVirtualMachines/jdk1.8.0_73.jdk/Contents/Home/jre/lib/jfr.jar:/Library/Java/JavaVirtualMachines/jdk1.8.0_73.jdk/Contents/Home/jre/lib/jfxswt.jar:/Library/Java/JavaVirtualMachines/jdk1.8.0_73.jdk/Contents/Home/jre/lib/jsse.jar:/Library/Java/JavaVirtualMachines/jdk1.8.0_73.jdk/Contents/Home/jre/lib/management-agent.jar:/Library/Java/JavaVirtualMachines/jdk1.8.0_73.jdk/Contents/Home/jre/lib/plugin.jar:/Library/Java/JavaVirtualMachines/jdk1.8.0_73.jdk/Contents/Home/jre/lib/resources.jar:/Library/Java/JavaVirtualMachines/jdk1.8.0_73.
Launcher Type: SUN_STANDARD

Environment Variables:
JAVA_HOME=/Library/Java/JavaVirtualMachines/jdk1.8.0_73.jdk/Contents/Home
CLASSPATH=.:/Library/Java/JavaVirtualMachines/jdk1.8.0_73.jdk/Contents/Home/lib/dt.jar:/Library/Java/JavaVirtualMachines/jdk1.8.0_73.jdk/Contents/Home/lib/tools.jar
PATH=/Library/Java/JavaVirtualMachines/jdk1.8.0_73.jdk/Contents/Home/bin:/Users/Debbie/Documents/apache-ant-1.10.1/bin:/Users/Debbie/apache-maven-3.5.2/bin:/usr/local/opt/opencv3/bin:/Users/Debbie/anaconda/bin:/opt/local/bin:/opt/local/sbin:/Library/Frameworks/Python.framework/Versions/3.5/bin:/usr/local/bin:/usr/bin:/bin:/usr/sbin:/sbin:::
SHELL=/bin/bash

Signal Handlers:
SIGSEGV: [libjvm.dylib+0x5a71a5], sa_mask[0]=11111111011111110111111111111111, sa_flags=SA_ONSTACK|SA_RESTART|SA_SIGINFO
SIGBUS: [libjvm.dylib+0x5a71a5], sa_mask[0]=11111111011111110111111111111111, sa_flags=SA_RESTART|SA_SIGINFO
SIGFPE: [libjvm.dylib+0x480eb4], sa_mask[0]=11111111011111110111111111111111, sa_flags=SA_RESTART|SA_SIGINFO
SIGPIPE: [libjvm.dylib+0x480eb4], sa_mask[0]=11111111011111110111111111111111, sa_flags=SA_RESTART|SA_SIGINFO
SIGXFSZ: [libjvm.dylib+0x480eb4], sa_mask[0]=11111111011111110111111111111111, sa_flags=SA_RESTART|SA_SIGINFO
SIGILL: [libjvm.dylib+0x480eb4], sa_mask[0]=11111111011111110111111111111111, sa_flags=SA_RESTART|SA_SIGINFO
SIGUSR1: SIG_DFL, sa_mask[0]=00000000000000000000000000000000, sa_flags=none
SIGUSR2: [libjvm.dylib+0x4809d2], sa_mask[0]=00100000000000000000000000000000, sa_flags=SA_RESTART|SA_SIGINFO
SIGHUP: [libjvm.dylib+0x47efa9], sa_mask[0]=11111111011111110111111111111111, sa_flags=SA_RESTART|SA_SIGINFO
SIGINT: [libjvm.dylib+0x47efa9], sa_mask[0]=11111111011111110111111111111111, sa_flags=SA_RESTART|SA_SIGINFO
SIGTERM: [libjvm.dylib+0x47efa9], sa_mask[0]=11111111011111110111111111111111, sa_flags=SA_RESTART|SA_SIGINFO
SIGQUIT: [libjvm.dylib+0x47efa9], sa_mask[0]=11111111011111110111111111111111, sa_flags=SA_RESTART|SA_SIGINFO


---------------  S Y S T E M  ---------------

OS:Bsduname:Darwin 16.1.0 Darwin Kernel Version 16.1.0: Wed Oct 19 20:31:56 PDT 2016; root:xnu-3789.21.4~4/RELEASE_X86_64 x86_64
rlimit: STACK 8192k, CORE 0k, NPROC 709, NOFILE 10240, AS infinity
load average:3.51 3.09 2.86

CPU:total 8 (4 cores per cpu, 2 threads per core) family 6 model 70 stepping 1, cmov, cx8, fxsr, mmx, sse, sse2, sse3, ssse3, sse4.1, sse4.2, popcnt, avx, avx2, aes, clmul, erms, lzcnt, ht, tsc, tscinvbit, bmi1, bmi2

Memory: 4k page, physical 16777216k(1728316k free)

/proc/meminfo:


vm_info: Java HotSpot(TM) 64-Bit Server VM (25.73-b02) for bsd-amd64 JRE (1.8.0_73-b02), built on Jan 29 2016 15:02:00 by "java_re" with gcc 4.2.1 (Based on Apple Inc. build 5658) (LLVM build 2336.11.00)

time: Mon Jun  4 22:18:25 2018
elapsed time: 0 seconds (0d 0h 0m 0s)

