#
# A fatal error has been detected by the Java Runtime Environment:
#
#  SIGSEGV (0xb) at pc=0x00000001274a1df8, pid=10132, tid=6915
#
# JRE version: Java(TM) SE Runtime Environment (8.0_73-b02) (build 1.8.0_73-b02)
# Java VM: Java HotSpot(TM) 64-Bit Server VM (25.73-b02 mixed mode bsd-amd64 compressed oops)
# Problematic frame:
# C  [libNLPIR.dylib+0x5ddf8]  _ZN6CNLPIR12SetAvailableEb+0x18
#
# Failed to write core dump. Core dumps have been disabled. To enable core dumping, try "ulimit -c unlimited" before starting Java again
#
# If you would like to submit a bug report, please visit:
#   http://bugreport.java.com/bugreport/crash.jsp
# The crash happened outside the Java Virtual Machine in native code.
# See problematic frame for where to report the bug.
#

---------------  T H R E A D  ---------------

Current thread (0x00007f8225001000):  JavaThread "main" [_thread_in_native, id=6915, stack(0x000070000c27a000,0x000070000c37a000)]

siginfo: si_signo: 11 (SIGSEGV), si_code: 1 (SEGV_MAPERR), si_addr: 0x000000000000000c

Registers:
RAX=0x00007f8224666a01, RBX=0x0000000000000001, RCX=0x0000000000000001, RDX=0x0000000000000600
RSP=0x000070000c377140, RBP=0x000070000c3771a0, RSI=0x0000000000000001, RDI=0x0000000000000000
R8 =0x0000000000000001, R9 =0x00007f8224666a20, R10=0x000070000c377150, R11=0x00000001274a13f0
R12=0x0000000000000004, R13=0x0000000000000002, R14=0x000070000c377398, R15=0x000070000c377330
RIP=0x00000001274a1df8, EFLAGS=0x0000000000010202, ERR=0x0000000000000004
  TRAPNO=0x000000000000000e

Top of Stack: (sp=0x000070000c377140)
0x000070000c377140:   0000000000000001 0000000000000001
0x000070000c377150:   000070000c377398 000070000c377330
0x000070000c377160:   000070000c377180 00007fffa2d6b2b0
0x000070000c377170:   0000000000000001 0000000000000001
0x000070000c377180:   000070000c3771a0 01007fffa17ffe2e
0x000070000c377190:   0000000000000000 0000000000000001
0x000070000c3771a0:   000070000c3771f0 00000001274a14bb
0x000070000c3771b0:   0000000000000005 00007f8200000001
0x000070000c3771c0:   000000010b9efb71 00007f8224666a20
0x000070000c3771d0:   0000000000000000 0000000000000000
0x000070000c3771e0:   00000000ffffffa8 00007f822467c000
0x000070000c3771f0:   000070000c377200 0000000126e0294c
0x000070000c377200:   000000000000000e 000070000c377c90
0x000070000c377210:   000070000c377300 0000000126e02456
0x000070000c377220:   000070000c377250 0000000126e01ebb
0x000070000c377230:   0000000000000008 000070000c3772b0
0x000070000c377240:   000070000c377400 000070000c3772c4
0x000070000c377250:   000070000c3772c0 000070000c3772b0
0x000070000c377260:   000070000c377310 000070000c377c90
0x000070000c377270:   00000001274a13f0 000070000c377400
0x000070000c377280:   000070000c377150 000070000c377200
0x000070000c377290:   0000000000000002 0000000200000002
0x000070000c3772a0:   000070000c377150 0000000100000000
0x000070000c3772b0:   0000000100000002 000070000c377400
0x000070000c3772c0:   0000000100000000 224455ea8e9a0069
0x000070000c3772d0:   000070000c377320 000070000c377400
0x000070000c3772e0:   000070000c3773a0 00007f82250011f8
0x000070000c3772f0:   000070000c377320 000070000c377340
0x000070000c377300:   000070000c377c80 0000000126df92f5
0x000070000c377310:   000070000c377390 000070000c377398
0x000070000c377320:   00007f8225001000 000070000c377a00
0x000070000c377330:   0000000126e04dd0 0000000126e04d70 

Instructions: (pc=0x00000001274a1df8)
0x00000001274a1dd8:   01 00 00 5d c3 0f 1f 00 55 48 89 e5 48 83 ec 60
0x00000001274a1de8:   40 88 f0 48 89 7d f0 24 01 88 45 ef 48 8b 7d f0
0x00000001274a1df8:   f6 47 0c 01 48 89 7d e0 0f 84 09 00 00 00 c6 45
0x00000001274a1e08:   ff 00 e9 81 01 00 00 48 8d 3d 22 2c 04 00 e8 67 

Register to memory mapping:

RAX=0x00007f8224666a01 is an unknown value
RBX=0x0000000000000001 is an unknown value
RCX=0x0000000000000001 is an unknown value
RDX=0x0000000000000600 is an unknown value
RSP=0x000070000c377140 is pointing into the stack for thread: 0x00007f8225001000
RBP=0x000070000c3771a0 is pointing into the stack for thread: 0x00007f8225001000
RSI=0x0000000000000001 is an unknown value
RDI=0x0000000000000000 is an unknown value
R8 =0x0000000000000001 is an unknown value
R9 =0x00007f8224666a20 is an unknown value
R10=0x000070000c377150 is pointing into the stack for thread: 0x00007f8225001000
R11=0x00000001274a13f0: NLPIR_ParagraphProcess+0 in /Users/Debbie/bitarmdcrf/target/classes/darwin/libNLPIR.dylib at 0x0000000127444000
R12=0x0000000000000004 is an unknown value
R13=0x0000000000000002 is an unknown value
R14=0x000070000c377398 is pointing into the stack for thread: 0x00007f8225001000
R15=0x000070000c377330 is pointing into the stack for thread: 0x00007f8225001000


Stack: [0x000070000c27a000,0x000070000c37a000],  sp=0x000070000c377140,  free space=1012k
Native frames: (J=compiled Java code, j=interpreted, Vv=VM code, C=native code)
C  [libNLPIR.dylib+0x5ddf8]  _ZN6CNLPIR12SetAvailableEb+0x18
C  [libNLPIR.dylib+0x5d4bb]  NLPIR_ParagraphProcess+0xcb
C  [jna7865633760572353644.tmp+0xd94c]  ffi_call_unix64+0x4c
C  0x000070000c377c90

Java frames: (J=compiled Java code, j=interpreted, Vv=VM code)
j  com.sun.jna.Native.invokePointer(JI[Ljava/lang/Object;)J+0
j  com.sun.jna.Function.invokePointer(I[Ljava/lang/Object;)Lcom/sun/jna/Pointer;+6
j  com.sun.jna.Function.invokeString(I[Ljava/lang/Object;Z)Ljava/lang/String;+3
j  com.sun.jna.Function.invoke([Ljava/lang/Object;Ljava/lang/Class;Z)Ljava/lang/Object;+364
j  com.sun.jna.Function.invoke(Ljava/lang/Class;[Ljava/lang/Object;Ljava/util/Map;)Ljava/lang/Object;+262
j  com.sun.jna.Library$Handler.invoke(Ljava/lang/Object;Ljava/lang/reflect/Method;[Ljava/lang/Object;)Ljava/lang/Object;+316
j  com.sun.proxy.$Proxy81.NLPIR_ParagraphProcess(Ljava/lang/String;I)Ljava/lang/String;+23
j  nlpir.lucene.cn.ictclas.NLPIRTokenizer.incrementToken()Z+149
j  org.apache.lucene.index.DefaultIndexingChain$PerField.invert(Lorg/apache/lucene/index/IndexableField;Z)V+154
j  org.apache.lucene.index.DefaultIndexingChain.processField(Lorg/apache/lucene/index/IndexableField;JI)I+170
j  org.apache.lucene.index.DefaultIndexingChain.processDocument()V+76
j  org.apache.lucene.index.DocumentsWriterPerThread.updateDocument(Ljava/lang/Iterable;Lorg/apache/lucene/analysis/Analyzer;Lorg/apache/lucene/index/Term;)J+65
j  org.apache.lucene.index.DocumentsWriter.updateDocument(Ljava/lang/Iterable;Lorg/apache/lucene/analysis/Analyzer;Lorg/apache/lucene/index/Term;)J+66
j  org.apache.lucene.index.IndexWriter.updateDocument(Lorg/apache/lucene/index/Term;Ljava/lang/Iterable;)J+16
j  org.apache.lucene.index.IndexWriter.addDocument(Ljava/lang/Iterable;)J+3
j  IndexWordImpl.fileIndexCreate(Ljava/nio/file/Path;)Z+109
j  com.bit.armdcrf.IndexWordFileTest.getFeildTest()V+13
v  ~StubRoutines::call_stub
J 1314  sun.reflect.NativeMethodAccessorImpl.invoke0(Ljava/lang/reflect/Method;Ljava/lang/Object;[Ljava/lang/Object;)Ljava/lang/Object; (0 bytes) @ 0x000000010d995cb7 [0x000000010d995c40+0x77]
J 1235 C1 sun.reflect.NativeMethodAccessorImpl.invoke(Ljava/lang/Object;[Ljava/lang/Object;)Ljava/lang/Object; (104 bytes) @ 0x000000010d95c254 [0x000000010d95b080+0x11d4]
J 1990 C2 java.lang.reflect.Method.invoke(Ljava/lang/Object;[Ljava/lang/Object;)Ljava/lang/Object; (62 bytes) @ 0x000000010dbfd0a8 [0x000000010dbfd000+0xa8]
j  org.junit.runners.model.FrameworkMethod$1.runReflectiveCall()Ljava/lang/Object;+15
j  org.junit.internal.runners.model.ReflectiveCallable.run()Ljava/lang/Object;+1
j  org.junit.runners.model.FrameworkMethod.invokeExplosively(Ljava/lang/Object;[Ljava/lang/Object;)Ljava/lang/Object;+10
j  org.junit.internal.runners.statements.InvokeMethod.evaluate()V+12
j  org.springframework.test.context.junit4.statements.RunBeforeTestMethodCallbacks.evaluate()V+19
j  org.springframework.test.context.junit4.statements.RunAfterTestMethodCallbacks.evaluate()V+14
j  org.springframework.test.context.junit4.statements.SpringRepeat.evaluate()V+82
j  org.junit.runners.ParentRunner.runLeaf(Lorg/junit/runners/model/Statement;Lorg/junit/runner/Description;Lorg/junit/runner/notification/RunNotifier;)V+17
j  org.springframework.test.context.junit4.SpringJUnit4ClassRunner.runChild(Lorg/junit/runners/model/FrameworkMethod;Lorg/junit/runner/notification/RunNotifier;)V+50
j  org.springframework.test.context.junit4.SpringJUnit4ClassRunner.runChild(Ljava/lang/Object;Lorg/junit/runner/notification/RunNotifier;)V+6
j  org.junit.runners.ParentRunner$3.run()V+12
j  org.junit.runners.ParentRunner$1.schedule(Ljava/lang/Runnable;)V+1
j  org.junit.runners.ParentRunner.runChildren(Lorg/junit/runner/notification/RunNotifier;)V+44
j  org.junit.runners.ParentRunner.access$000(Lorg/junit/runners/ParentRunner;Lorg/junit/runner/notification/RunNotifier;)V+2
j  org.junit.runners.ParentRunner$2.evaluate()V+8
j  org.springframework.test.context.junit4.statements.RunBeforeTestClassCallbacks.evaluate()V+11
j  org.springframework.test.context.junit4.statements.RunAfterTestClassCallbacks.evaluate()V+12
j  org.junit.runners.ParentRunner.run(Lorg/junit/runner/notification/RunNotifier;)V+20
j  org.springframework.test.context.junit4.SpringJUnit4ClassRunner.run(Lorg/junit/runner/notification/RunNotifier;)V+24
j  org.junit.runner.JUnitCore.run(Lorg/junit/runner/Runner;)Lorg/junit/runner/Result;+37
j  com.intellij.junit4.JUnit4IdeaTestRunner.startRunnerWithArgs([Ljava/lang/String;Ljava/lang/String;IZ)I+146
j  com.intellij.rt.execution.junit.IdeaTestRunner$Repeater.startRunnerWithArgs(Lcom/intellij/rt/execution/junit/IdeaTestRunner;[Ljava/lang/String;Ljava/util/ArrayList;Ljava/lang/String;IZ)I+20
j  com.intellij.rt.execution.junit.JUnitStarter.prepareStreamsAndStart([Ljava/lang/String;Ljava/lang/String;Ljava/util/ArrayList;Ljava/lang/String;)I+116
j  com.intellij.rt.execution.junit.JUnitStarter.main([Ljava/lang/String;)V+116
v  ~StubRoutines::call_stub

---------------  P R O C E S S  ---------------

Java Threads: ( => current thread )
  0x00007f8225836800 JavaThread "Service Thread" daemon [_thread_blocked, id=22019, stack(0x000070000d5b6000,0x000070000d6b6000)]
  0x00007f8226811800 JavaThread "C1 CompilerThread3" daemon [_thread_blocked, id=21507, stack(0x000070000d4b3000,0x000070000d5b3000)]
  0x00007f8226811000 JavaThread "C2 CompilerThread2" daemon [_thread_blocked, id=20995, stack(0x000070000d3b0000,0x000070000d4b0000)]
  0x00007f822606c800 JavaThread "C2 CompilerThread1" daemon [_thread_blocked, id=20483, stack(0x000070000d2ad000,0x000070000d3ad000)]
  0x00007f8223876000 JavaThread "C2 CompilerThread0" daemon [_thread_blocked, id=19971, stack(0x000070000d1aa000,0x000070000d2aa000)]
  0x00007f8223874000 JavaThread "Monitor Ctrl-Break" daemon [_thread_in_native, id=19459, stack(0x000070000d0a7000,0x000070000d1a7000)]
  0x00007f8225835800 JavaThread "Signal Dispatcher" daemon [_thread_blocked, id=18947, stack(0x000070000cfa4000,0x000070000d0a4000)]
  0x00007f822600d800 JavaThread "Finalizer" daemon [_thread_blocked, id=14339, stack(0x000070000cd9b000,0x000070000ce9b000)]
  0x00007f822600d000 JavaThread "Reference Handler" daemon [_thread_blocked, id=13827, stack(0x000070000cc98000,0x000070000cd98000)]
=>0x00007f8225001000 JavaThread "main" [_thread_in_native, id=6915, stack(0x000070000c27a000,0x000070000c37a000)]

Other Threads:
  0x00007f8225821800 VMThread [stack: 0x000070000cb95000,0x000070000cc95000] [id=13315]
  0x00007f8225853800 WatcherThread [stack: 0x000070000d6b9000,0x000070000d7b9000] [id=22531]

VM state:not at safepoint (normal execution)

VM Mutex/Monitor currently owned by a thread: None

Heap:
 PSYoungGen      total 443392K, used 318338K [0x000000076ab00000, 0x0000000787f80000, 0x00000007c0000000)
  eden space 425984K, 70% used [0x000000076ab00000,0x000000077d149d08,0x0000000784b00000)
  from space 17408K, 97% used [0x0000000786e80000,0x0000000787f16be0,0x0000000787f80000)
  to   space 22528K, 0% used [0x0000000785380000,0x0000000785380000,0x0000000786980000)
 ParOldGen       total 138240K, used 31371K [0x00000006c0000000, 0x00000006c8700000, 0x000000076ab00000)
  object space 138240K, 22% used [0x00000006c0000000,0x00000006c1ea2ea0,0x00000006c8700000)
 Metaspace       used 38213K, capacity 38646K, committed 38908K, reserved 1083392K
  class space    used 4658K, capacity 4796K, committed 4864K, reserved 1048576K

Card table byte_map: [0x000000010a34d000,0x000000010ab4e000] byte_map_base: 0x0000000106d4d000

Marking Bits: (ParMarkBitMap*) 0x00000001098e3ea0
 Begin Bits: [0x000000011c519000, 0x0000000120519000)
 End Bits:   [0x0000000120519000, 0x0000000124519000)

Polling page: 0x0000000107e5f000

CodeCache: size=245760Kb used=14949Kb max_used=14957Kb free=230810Kb
 bounds [0x000000010d519000, 0x000000010e3c9000, 0x000000011c519000]
 total_blobs=4284 nmethods=3820 adapters=377
 compilation: enabled

Compilation events (10 events):
Event: 4.583 Thread 0x00007f8223876000 nmethod 4361 0x000000010e3bbc10 code [0x000000010e3bbd60, 0x000000010e3bbe98]
Event: 4.583 Thread 0x00007f8226811800 nmethod 4359 0x000000010e3c1150 code [0x000000010e3c12e0, 0x000000010e3c15d0]
Event: 4.584 Thread 0x00007f822606c800 4363       4       java.lang.StringCoding::safeTrim (24 bytes)
Event: 4.584 Thread 0x00007f8226811800 4364       2       java.lang.StringCoding::access$300 (8 bytes)
Event: 4.584 Thread 0x00007f8226811800 nmethod 4364 0x000000010e3c0bd0 code [0x000000010e3c0d40, 0x000000010e3c0fe8]
Event: 4.586 Thread 0x00007f822606c800 nmethod 4363 0x000000010e3b8ad0 code [0x000000010e3b8c20, 0x000000010e3b8e38]
Event: 4.586 Thread 0x00007f8226811800 4365   !   3       sun.nio.cs.StreamEncoder::flushBuffer (42 bytes)
Event: 4.586 Thread 0x00007f8226811800 nmethod 4365 0x000000010e3c01d0 code [0x000000010e3c0380, 0x000000010e3c0918]
Event: 4.586 Thread 0x00007f8226811800 4366       3       sun.nio.cs.StreamEncoder::implFlushBuffer (15 bytes)
Event: 4.587 Thread 0x00007f8226811800 nmethod 4366 0x000000010e3b9f10 code [0x000000010e3ba080, 0x000000010e3ba2e8]

GC Heap History (10 events):
Event: 1.380 GC heap before
{Heap before GC invocations=6 (full 1):
 PSYoungGen      total 141824K, used 6016K [0x000000076ab00000, 0x000000077bf00000, 0x00000007c0000000)
  eden space 131072K, 0% used [0x000000076ab00000,0x000000076ab00000,0x0000000772b00000)
  from space 10752K, 55% used [0x0000000772b00000,0x00000007730e0230,0x0000000773580000)
  to   space 10240K, 0% used [0x000000077b500000,0x000000077b500000,0x000000077bf00000)
 ParOldGen       total 175104K, used 112K [0x00000006c0000000, 0x00000006cab00000, 0x000000076ab00000)
  object space 175104K, 0% used [0x00000006c0000000,0x00000006c001c010,0x00000006cab00000)
 Metaspace       used 21275K, capacity 21492K, committed 21628K, reserved 1069056K
  class space    used 2638K, capacity 2687K, committed 2688K, reserved 1048576K
Event: 1.403 GC heap after
Heap after GC invocations=6 (full 1):
 PSYoungGen      total 141824K, used 0K [0x000000076ab00000, 0x000000077bf00000, 0x00000007c0000000)
  eden space 131072K, 0% used [0x000000076ab00000,0x000000076ab00000,0x0000000772b00000)
  from space 10752K, 0% used [0x0000000772b00000,0x0000000772b00000,0x0000000773580000)
  to   space 10240K, 0% used [0x000000077b500000,0x000000077b500000,0x000000077bf00000)
 ParOldGen       total 79872K, used 5943K [0x00000006c0000000, 0x00000006c4e00000, 0x000000076ab00000)
  object space 79872K, 7% used [0x00000006c0000000,0x00000006c05cdc88,0x00000006c4e00000)
 Metaspace       used 21275K, capacity 21492K, committed 21628K, reserved 1069056K
  class space    used 2638K, capacity 2687K, committed 2688K, reserved 1048576K
}
Event: 2.033 GC heap before
{Heap before GC invocations=7 (full 1):
 PSYoungGen      total 141824K, used 131072K [0x000000076ab00000, 0x000000077bf00000, 0x00000007c0000000)
  eden space 131072K, 100% used [0x000000076ab00000,0x0000000772b00000,0x0000000772b00000)
  from space 10752K, 0% used [0x0000000772b00000,0x0000000772b00000,0x0000000773580000)
  to   space 10240K, 0% used [0x000000077b500000,0x000000077b500000,0x000000077bf00000)
 ParOldGen       total 79872K, used 5943K [0x00000006c0000000, 0x00000006c4e00000, 0x000000076ab00000)
  object space 79872K, 7% used [0x00000006c0000000,0x00000006c05cdc88,0x00000006c4e00000)
 Metaspace       used 27090K, capacity 27424K, committed 27900K, reserved 1073152K
  class space    used 3361K, capacity 3457K, committed 3584K, reserved 1048576K
Event: 2.041 GC heap after
Heap after GC invocations=7 (full 1):
 PSYoungGen      total 250880K, used 8091K [0x000000076ab00000, 0x000000077bd00000, 0x00000007c0000000)
  eden space 242688K, 0% used [0x000000076ab00000,0x000000076ab00000,0x0000000779800000)
  from space 8192K, 98% used [0x000000077b500000,0x000000077bce6fe8,0x000000077bd00000)
  to   space 10240K, 0% used [0x000000077a900000,0x000000077a900000,0x000000077b300000)
 ParOldGen       total 79872K, used 5951K [0x00000006c0000000, 0x00000006c4e00000, 0x000000076ab00000)
  object space 79872K, 7% used [0x00000006c0000000,0x00000006c05cfc88,0x00000006c4e00000)
 Metaspace       used 27090K, capacity 27424K, committed 27900K, reserved 1073152K
  class space    used 3361K, capacity 3457K, committed 3584K, reserved 1048576K
}
Event: 3.164 GC heap before
{Heap before GC invocations=8 (full 1):
 PSYoungGen      total 250880K, used 209219K [0x000000076ab00000, 0x000000077bd00000, 0x00000007c0000000)
  eden space 242688K, 82% used [0x000000076ab00000,0x0000000776f69e40,0x0000000779800000)
  from space 8192K, 98% used [0x000000077b500000,0x000000077bce6fe8,0x000000077bd00000)
  to   space 10240K, 0% used [0x000000077a900000,0x000000077a900000,0x000000077b300000)
 ParOldGen       total 79872K, used 5951K [0x00000006c0000000, 0x00000006c4e00000, 0x000000076ab00000)
  object space 79872K, 7% used [0x00000006c0000000,0x00000006c05cfc88,0x00000006c4e00000)
 Metaspace       used 35459K, capacity 35816K, committed 36048K, reserved 1081344K
  class space    used 4346K, capacity 4451K, committed 4480K, reserved 1048576K
Event: 3.182 GC heap after
Heap after GC invocations=8 (full 1):
 PSYoungGen      total 270336K, used 10219K [0x000000076ab00000, 0x0000000788300000, 0x00000007c0000000)
  eden space 260096K, 0% used [0x000000076ab00000,0x000000076ab00000,0x000000077a900000)
  from space 10240K, 99% used [0x000000077a900000,0x000000077b2fada8,0x000000077b300000)
  to   space 20992K, 0% used [0x0000000786e80000,0x0000000786e80000,0x0000000788300000)
 ParOldGen       total 79872K, used 25068K [0x00000006c0000000, 0x00000006c4e00000, 0x000000076ab00000)
  object space 79872K, 31% used [0x00000006c0000000,0x00000006c187b300,0x00000006c4e00000)
 Metaspace       used 35459K, capacity 35816K, committed 36048K, reserved 1081344K
  class space    used 4346K, capacity 4451K, committed 4480K, reserved 1048576K
}
Event: 3.182 GC heap before
{Heap before GC invocations=9 (full 2):
 PSYoungGen      total 270336K, used 10219K [0x000000076ab00000, 0x0000000788300000, 0x00000007c0000000)
  eden space 260096K, 0% used [0x000000076ab00000,0x000000076ab00000,0x000000077a900000)
  from space 10240K, 99% used [0x000000077a900000,0x000000077b2fada8,0x000000077b300000)
  to   space 20992K, 0% used [0x0000000786e80000,0x0000000786e80000,0x0000000788300000)
 ParOldGen       total 79872K, used 25068K [0x00000006c0000000, 0x00000006c4e00000, 0x000000076ab00000)
  object space 79872K, 31% used [0x00000006c0000000,0x00000006c187b300,0x00000006c4e00000)
 Metaspace       used 35459K, capacity 35816K, committed 36048K, reserved 1081344K
  class space    used 4346K, capacity 4451K, committed 4480K, reserved 1048576K
Event: 3.277 GC heap after
Heap after GC invocations=9 (full 2):
 PSYoungGen      total 270336K, used 0K [0x000000076ab00000, 0x0000000788300000, 0x00000007c0000000)
  eden space 260096K, 0% used [0x000000076ab00000,0x000000076ab00000,0x000000077a900000)
  from space 10240K, 0% used [0x000000077a900000,0x000000077a900000,0x000000077b300000)
  to   space 20992K, 0% used [0x0000000786e80000,0x0000000786e80000,0x0000000788300000)
 ParOldGen       total 138240K, used 31363K [0x00000006c0000000, 0x00000006c8700000, 0x000000076ab00000)
  object space 138240K, 22% used [0x00000006c0000000,0x00000006c1ea0ea0,0x00000006c8700000)
 Metaspace       used 35459K, capacity 35816K, committed 36048K, reserved 1081344K
  class space    used 4346K, capacity 4451K, committed 4480K, reserved 1048576K
}
Event: 3.884 GC heap before
{Heap before GC invocations=10 (full 2):
 PSYoungGen      total 270336K, used 260096K [0x000000076ab00000, 0x0000000788300000, 0x00000007c0000000)
  eden space 260096K, 100% used [0x000000076ab00000,0x000000077a900000,0x000000077a900000)
  from space 10240K, 0% used [0x000000077a900000,0x000000077a900000,0x000000077b300000)
  to   space 20992K, 0% used [0x0000000786e80000,0x0000000786e80000,0x0000000788300000)
 ParOldGen       total 138240K, used 31363K [0x00000006c0000000, 0x00000006c8700000, 0x000000076ab00000)
  object space 138240K, 22% used [0x00000006c0000000,0x00000006c1ea0ea0,0x00000006c8700000)
 Metaspace       used 36924K, capacity 37398K, committed 37756K, reserved 1083392K
  class space    used 4522K, capacity 4624K, committed 4736K, reserved 1048576K
Event: 3.893 GC heap after
Heap after GC invocations=10 (full 2):
 PSYoungGen      total 443392K, used 16986K [0x000000076ab00000, 0x0000000787f80000, 0x00000007c0000000)
  eden space 425984K, 0% used [0x000000076ab00000,0x000000076ab00000,0x0000000784b00000)
  from space 17408K, 97% used [0x0000000786e80000,0x0000000787f16be0,0x0000000787f80000)
  to   space 22528K, 0% used [0x0000000785380000,0x0000000785380000,0x0000000786980000)
 ParOldGen       total 138240K, used 31371K [0x00000006c0000000, 0x00000006c8700000, 0x000000076ab00000)
  object space 138240K, 22% used [0x00000006c0000000,0x00000006c1ea2ea0,0x00000006c8700000)
 Metaspace       used 36924K, capacity 37398K, committed 37756K, reserved 1083392K
  class space    used 4522K, capacity 4624K, committed 4736K, reserved 1048576K
}

Deoptimization events (10 events):
Event: 4.336 Thread 0x00007f8225001000 Uncommon trap: reason=class_check action=maybe_recompile pc=0x000000010d86b184 method=org.apache.xmlbeans.impl.values.XmlObjectBase.create_element_user(Ljavax/xml/namespace/QName;Ljavax/xml/namespace/QName;)Lorg/apache/xmlbeans/impl/values/TypeStoreUser; 
Event: 4.337 Thread 0x00007f8225001000 Uncommon trap: reason=class_check action=maybe_recompile pc=0x000000010d86b184 method=org.apache.xmlbeans.impl.values.XmlObjectBase.create_element_user(Ljavax/xml/namespace/QName;Ljavax/xml/namespace/QName;)Lorg/apache/xmlbeans/impl/values/TypeStoreUser; 
Event: 4.337 Thread 0x00007f8225001000 Uncommon trap: reason=class_check action=maybe_recompile pc=0x000000010d86b184 method=org.apache.xmlbeans.impl.values.XmlObjectBase.create_element_user(Ljavax/xml/namespace/QName;Ljavax/xml/namespace/QName;)Lorg/apache/xmlbeans/impl/values/TypeStoreUser; 
Event: 4.557 Thread 0x00007f8225001000 Uncommon trap: reason=unstable_if action=reinterpret pc=0x000000010d9975cc method=java.io.File.getName()Ljava/lang/String; @ 16
Event: 4.576 Thread 0x00007f8225001000 Uncommon trap: reason=unstable_if action=reinterpret pc=0x000000010da11964 method=java.io.File.getName()Ljava/lang/String; @ 16
Event: 4.577 Thread 0x00007f8225001000 Uncommon trap: reason=unstable_if action=reinterpret pc=0x000000010d963b10 method=java.lang.StringCoding.encode(Ljava/lang/String;[CII)[B @ 38
Event: 4.577 Thread 0x00007f8225001000 Uncommon trap: reason=unstable_if action=reinterpret pc=0x000000010db5a240 method=java.lang.String.lastIndexOf([CII[CIII)I @ 118
Event: 4.577 Thread 0x00007f8225001000 Uncommon trap: reason=unstable_if action=reinterpret pc=0x000000010d6b695c method=java.lang.String.lastIndexOf([CII[CIII)I @ 118
Event: 4.582 Thread 0x00007f8225001000 Uncommon trap: reason=unstable_if action=reinterpret pc=0x000000010d8e2bac method=java.lang.StringCoding$StringEncoder.encode([CII)[B @ 20
Event: 4.587 Thread 0x00007f8225001000 Uncommon trap: reason=unstable_if action=reinterpret pc=0x000000010d64e964 method=sun.nio.cs.UTF_8$Encoder.encode([CII[B)I @ 33

Internal exceptions (10 events):
Event: 2.805 Thread 0x00007f8225001000 Exception <a 'java/security/PrivilegedActionException'> (0x000000077415e1a0) thrown at [/HUDSON3/workspace/8-2-build-macosx-x86_64/jdk8u73/6086/hotspot/src/share/vm/prims/jvm.cpp, line 1386]
Event: 2.805 Thread 0x00007f8225001000 Exception <a 'java/security/PrivilegedActionException'> (0x000000077415e780) thrown at [/HUDSON3/workspace/8-2-build-macosx-x86_64/jdk8u73/6086/hotspot/src/share/vm/prims/jvm.cpp, line 1386]
Event: 2.805 Thread 0x00007f8225001000 Exception <a 'java/security/PrivilegedActionException'> (0x000000077416b7a0) thrown at [/HUDSON3/workspace/8-2-build-macosx-x86_64/jdk8u73/6086/hotspot/src/share/vm/prims/jvm.cpp, line 1386]
Event: 2.805 Thread 0x00007f8225001000 Exception <a 'java/security/PrivilegedActionException'> (0x000000077416bd80) thrown at [/HUDSON3/workspace/8-2-build-macosx-x86_64/jdk8u73/6086/hotspot/src/share/vm/prims/jvm.cpp, line 1386]
Event: 2.805 Thread 0x00007f8225001000 Exception <a 'java/security/PrivilegedActionException'> (0x0000000774178c50) thrown at [/HUDSON3/workspace/8-2-build-macosx-x86_64/jdk8u73/6086/hotspot/src/share/vm/prims/jvm.cpp, line 1386]
Event: 2.805 Thread 0x00007f8225001000 Exception <a 'java/security/PrivilegedActionException'> (0x0000000774179230) thrown at [/HUDSON3/workspace/8-2-build-macosx-x86_64/jdk8u73/6086/hotspot/src/share/vm/prims/jvm.cpp, line 1386]
Event: 2.805 Thread 0x00007f8225001000 Exception <a 'java/security/PrivilegedActionException'> (0x0000000774186638) thrown at [/HUDSON3/workspace/8-2-build-macosx-x86_64/jdk8u73/6086/hotspot/src/share/vm/prims/jvm.cpp, line 1386]
Event: 2.805 Thread 0x00007f8225001000 Exception <a 'java/security/PrivilegedActionException'> (0x0000000774186c18) thrown at [/HUDSON3/workspace/8-2-build-macosx-x86_64/jdk8u73/6086/hotspot/src/share/vm/prims/jvm.cpp, line 1386]
Event: 4.577 Thread 0x00007f8225001000 Exception <a 'java/lang/UnsatisfiedLinkError': dlopen(libNLPIR.dylib, 9): image not found> (0x000000077cbf9218) thrown at [/HUDSON3/workspace/8-2-build-macosx-x86_64/jdk8u73/6086/hotspot/src/share/vm/prims/jni.cpp, line 735]
Event: 4.577 Thread 0x00007f8225001000 Exception <a 'java/lang/UnsatisfiedLinkError': dlopen(libNLPIR.dylib, 9): image not found> (0x000000077cbfa118) thrown at [/HUDSON3/workspace/8-2-build-macosx-x86_64/jdk8u73/6086/hotspot/src/share/vm/prims/jni.cpp, line 735]

Events (10 events):
Event: 4.585 loading class java/lang/Throwable$PrintStreamOrWriter
Event: 4.586 loading class java/lang/Throwable$PrintStreamOrWriter done
Event: 4.586 loading class java/lang/Throwable$WrappedPrintStream done
Event: 4.586 loading class java/util/IdentityHashMap$KeySet
Event: 4.586 loading class java/util/IdentityHashMap$KeySet done
Event: 4.586 loading class org/apache/lucene/analysis/Analyzer$TokenStreamComponents
Event: 4.586 loading class org/apache/lucene/analysis/Analyzer$TokenStreamComponents done
Event: 4.587 Thread 0x00007f8225001000 Uncommon trap: trap_request=0xffffff65 fr.pc=0x000000010d64e964
Event: 4.587 Thread 0x00007f8225001000 DEOPT PACKING pc=0x000000010d64e964 sp=0x000070000c377a10
Event: 4.587 Thread 0x00007f8225001000 DEOPT UNPACKING pc=0x000000010d51e229 sp=0x000070000c3779c8 mode 2


Dynamic libraries:
0x0000000018644000 	/System/Library/Frameworks/Cocoa.framework/Versions/A/Cocoa
0x0000000018644000 	/System/Library/Frameworks/Security.framework/Versions/A/Security
0x0000000018644000 	/System/Library/Frameworks/ApplicationServices.framework/Versions/A/ApplicationServices
0x0000000018644000 	/usr/lib/libz.1.dylib
0x0000000018644000 	/usr/lib/libSystem.B.dylib
0x0000000018644000 	/usr/lib/libobjc.A.dylib
0x0000000018644000 	/System/Library/Frameworks/CoreFoundation.framework/Versions/A/CoreFoundation
0x0000000018644000 	/System/Library/Frameworks/Foundation.framework/Versions/C/Foundation
0x0000000018644000 	/System/Library/Frameworks/AppKit.framework/Versions/C/AppKit
0x0000000018644000 	/System/Library/Frameworks/CoreData.framework/Versions/A/CoreData
0x0000000018644000 	/System/Library/PrivateFrameworks/RemoteViewServices.framework/Versions/A/RemoteViewServices
0x0000000018644000 	/System/Library/PrivateFrameworks/UIFoundation.framework/Versions/A/UIFoundation
0x0000000018644000 	/System/Library/PrivateFrameworks/DFRFoundation.framework/Versions/A/DFRFoundation
0x0000000018644000 	/usr/lib/libenergytrace.dylib
0x0000000018644000 	/System/Library/PrivateFrameworks/SkyLight.framework/Versions/A/SkyLight
0x0000000018644000 	/System/Library/Frameworks/CoreGraphics.framework/Versions/A/CoreGraphics
0x0000000018644000 	/usr/lib/libScreenReader.dylib
0x0000000018644000 	/System/Library/Frameworks/Accelerate.framework/Versions/A/Accelerate
0x0000000018644000 	/System/Library/Frameworks/IOSurface.framework/Versions/A/IOSurface
0x0000000018644000 	/System/Library/Frameworks/AudioToolbox.framework/Versions/A/AudioToolbox
0x0000000018644000 	/System/Library/Frameworks/AudioUnit.framework/Versions/A/AudioUnit
0x0000000018644000 	/System/Library/PrivateFrameworks/DataDetectorsCore.framework/Versions/A/DataDetectorsCore
0x0000000018644000 	/System/Library/PrivateFrameworks/DesktopServicesPriv.framework/Versions/A/DesktopServicesPriv
0x0000000018644000 	/System/Library/Frameworks/Carbon.framework/Versions/A/Frameworks/HIToolbox.framework/Versions/A/HIToolbox
0x0000000018644000 	/usr/lib/libicucore.A.dylib
0x0000000018644000 	/System/Library/Frameworks/QuartzCore.framework/Versions/A/QuartzCore
0x0000000018644000 	/System/Library/Frameworks/Carbon.framework/Versions/A/Frameworks/SpeechRecognition.framework/Versions/A/SpeechRecognition
0x0000000018644000 	/usr/lib/libauto.dylib
0x0000000018644000 	/usr/lib/libxml2.2.dylib
0x0000000018644000 	/System/Library/PrivateFrameworks/CoreUI.framework/Versions/A/CoreUI
0x0000000018644000 	/System/Library/Frameworks/CoreAudio.framework/Versions/A/CoreAudio
0x0000000018644000 	/System/Library/Frameworks/DiskArbitration.framework/Versions/A/DiskArbitration
0x0000000018644000 	/usr/lib/liblangid.dylib
0x0000000018644000 	/System/Library/PrivateFrameworks/MultitouchSupport.framework/Versions/A/MultitouchSupport
0x0000000018644000 	/System/Library/Frameworks/IOKit.framework/Versions/A/IOKit
0x0000000018644000 	/usr/lib/libDiagnosticMessagesClient.dylib
0x0000000018644000 	/System/Library/Frameworks/CoreServices.framework/Versions/A/CoreServices
0x0000000018644000 	/System/Library/PrivateFrameworks/PerformanceAnalysis.framework/Versions/A/PerformanceAnalysis
0x0000000018644000 	/System/Library/PrivateFrameworks/GenerationalStorage.framework/Versions/A/GenerationalStorage
0x0000000018644000 	/System/Library/Frameworks/OpenGL.framework/Versions/A/OpenGL
0x0000000018644000 	/System/Library/Frameworks/CoreImage.framework/Versions/A/CoreImage
0x0000000018644000 	/System/Library/Frameworks/CoreText.framework/Versions/A/CoreText
0x0000000018644000 	/System/Library/Frameworks/ImageIO.framework/Versions/A/ImageIO
0x0000000018644000 	/System/Library/PrivateFrameworks/Backup.framework/Versions/A/Backup
0x0000000018644000 	/usr/lib/libarchive.2.dylib
0x0000000018644000 	/System/Library/Frameworks/CFNetwork.framework/Versions/A/CFNetwork
0x0000000018644000 	/System/Library/Frameworks/SystemConfiguration.framework/Versions/A/SystemConfiguration
0x0000000018644000 	/usr/lib/libCRFSuite.dylib
0x0000000018644000 	/usr/lib/libc++.1.dylib
0x0000000018644000 	/usr/lib/libc++abi.dylib
0x0000000018644000 	/usr/lib/system/libcache.dylib
0x0000000018644000 	/usr/lib/system/libcommonCrypto.dylib
0x0000000018644000 	/usr/lib/system/libcompiler_rt.dylib
0x0000000018644000 	/usr/lib/system/libcopyfile.dylib
0x0000000018644000 	/usr/lib/system/libcorecrypto.dylib
0x0000000018644000 	/usr/lib/system/libdispatch.dylib
0x0000000018644000 	/usr/lib/system/libdyld.dylib
0x0000000018644000 	/usr/lib/system/libkeymgr.dylib
0x0000000018644000 	/usr/lib/system/liblaunch.dylib
0x0000000018644000 	/usr/lib/system/libmacho.dylib
0x0000000018644000 	/usr/lib/system/libquarantine.dylib
0x0000000018644000 	/usr/lib/system/libremovefile.dylib
0x0000000018644000 	/usr/lib/system/libsystem_asl.dylib
0x0000000018644000 	/usr/lib/system/libsystem_blocks.dylib
0x0000000018644000 	/usr/lib/system/libsystem_c.dylib
0x0000000018644000 	/usr/lib/system/libsystem_configuration.dylib
0x0000000018644000 	/usr/lib/system/libsystem_coreservices.dylib
0x0000000018644000 	/usr/lib/system/libsystem_coretls.dylib
0x0000000018644000 	/usr/lib/system/libsystem_dnssd.dylib
0x0000000018644000 	/usr/lib/system/libsystem_info.dylib
0x0000000018644000 	/usr/lib/system/libsystem_kernel.dylib
0x0000000018644000 	/usr/lib/system/libsystem_m.dylib
0x0000000018644000 	/usr/lib/system/libsystem_malloc.dylib
0x0000000018644000 	/usr/lib/system/libsystem_network.dylib
0x0000000018644000 	/usr/lib/system/libsystem_networkextension.dylib
0x0000000018644000 	/usr/lib/system/libsystem_notify.dylib
0x0000000018644000 	/usr/lib/system/libsystem_platform.dylib
0x0000000018644000 	/usr/lib/system/libsystem_pthread.dylib
0x0000000018644000 	/usr/lib/system/libsystem_sandbox.dylib
0x0000000018644000 	/usr/lib/system/libsystem_secinit.dylib
0x0000000018644000 	/usr/lib/system/libsystem_symptoms.dylib
0x0000000018644000 	/usr/lib/system/libsystem_trace.dylib
0x0000000018644000 	/usr/lib/system/libunwind.dylib
0x0000000018644000 	/usr/lib/system/libxpc.dylib
0x0000000018644000 	/usr/lib/libbsm.0.dylib
0x0000000018644000 	/usr/lib/system/libkxld.dylib
0x0000000018644000 	/usr/lib/libcoretls.dylib
0x0000000018644000 	/usr/lib/libcoretls_cfhelpers.dylib
0x0000000018644000 	/usr/lib/libxar.1.dylib
0x0000000018644000 	/usr/lib/libsqlite3.dylib
0x0000000018644000 	/usr/lib/libpam.2.dylib
0x0000000018644000 	/usr/lib/libOpenScriptingUtil.dylib
0x0000000018644000 	/usr/lib/libbz2.1.0.dylib
0x0000000018644000 	/usr/lib/liblzma.5.dylib
0x0000000018644000 	/usr/lib/libnetwork.dylib
0x0000000018644000 	/usr/lib/libpcap.A.dylib
0x0000000018644000 	/System/Library/Frameworks/CoreServices.framework/Versions/A/Frameworks/FSEvents.framework/Versions/A/FSEvents
0x0000000018644000 	/System/Library/Frameworks/CoreServices.framework/Versions/A/Frameworks/CarbonCore.framework/Versions/A/CarbonCore
0x0000000018644000 	/System/Library/Frameworks/CoreServices.framework/Versions/A/Frameworks/Metadata.framework/Versions/A/Metadata
0x0000000018644000 	/System/Library/Frameworks/CoreServices.framework/Versions/A/Frameworks/OSServices.framework/Versions/A/OSServices
0x0000000018644000 	/System/Library/Frameworks/CoreServices.framework/Versions/A/Frameworks/SearchKit.framework/Versions/A/SearchKit
0x0000000018644000 	/System/Library/Frameworks/CoreServices.framework/Versions/A/Frameworks/AE.framework/Versions/A/AE
0x0000000018644000 	/System/Library/Frameworks/CoreServices.framework/Versions/A/Frameworks/LaunchServices.framework/Versions/A/LaunchServices
0x0000000018644000 	/System/Library/Frameworks/CoreServices.framework/Versions/A/Frameworks/DictionaryServices.framework/Versions/A/DictionaryServices
0x0000000018644000 	/System/Library/Frameworks/CoreServices.framework/Versions/A/Frameworks/SharedFileList.framework/Versions/A/SharedFileList
0x0000000018644000 	/System/Library/Frameworks/NetFS.framework/Versions/A/NetFS
0x0000000018644000 	/System/Library/PrivateFrameworks/NetAuth.framework/Versions/A/NetAuth
0x0000000018644000 	/System/Library/PrivateFrameworks/login.framework/Versions/A/Frameworks/loginsupport.framework/Versions/A/loginsupport
0x0000000018644000 	/System/Library/PrivateFrameworks/TCC.framework/Versions/A/TCC
0x0000000018644000 	/usr/lib/libmecabra.dylib
0x0000000018644000 	/System/Library/Frameworks/ApplicationServices.framework/Versions/A/Frameworks/ATS.framework/Versions/A/ATS
0x0000000018644000 	/System/Library/Frameworks/ApplicationServices.framework/Versions/A/Frameworks/ColorSync.framework/Versions/A/ColorSync
0x0000000018644000 	/System/Library/Frameworks/ApplicationServices.framework/Versions/A/Frameworks/HIServices.framework/Versions/A/HIServices
0x0000000018644000 	/System/Library/Frameworks/ApplicationServices.framework/Versions/A/Frameworks/LangAnalysis.framework/Versions/A/LangAnalysis
0x0000000018644000 	/System/Library/Frameworks/ApplicationServices.framework/Versions/A/Frameworks/PrintCore.framework/Versions/A/PrintCore
0x0000000018644000 	/System/Library/Frameworks/ApplicationServices.framework/Versions/A/Frameworks/QD.framework/Versions/A/QD
0x0000000018644000 	/System/Library/Frameworks/ApplicationServices.framework/Versions/A/Frameworks/SpeechSynthesis.framework/Versions/A/SpeechSynthesis
0x0000000018644000 	/System/Library/Frameworks/Accelerate.framework/Versions/A/Frameworks/vImage.framework/Versions/A/vImage
0x0000000018644000 	/System/Library/Frameworks/Accelerate.framework/Versions/A/Frameworks/vecLib.framework/Versions/A/vecLib
0x0000000018644000 	/System/Library/Frameworks/Accelerate.framework/Versions/A/Frameworks/vecLib.framework/Versions/A/libvDSP.dylib
0x0000000018644000 	/System/Library/Frameworks/Accelerate.framework/Versions/A/Frameworks/vecLib.framework/Versions/A/libBNNS.dylib
0x0000000018644000 	/System/Library/Frameworks/Accelerate.framework/Versions/A/Frameworks/vecLib.framework/Versions/A/libQuadrature.dylib
0x0000000018644000 	/System/Library/Frameworks/Accelerate.framework/Versions/A/Frameworks/vecLib.framework/Versions/A/libvMisc.dylib
0x0000000018644000 	/System/Library/Frameworks/Accelerate.framework/Versions/A/Frameworks/vecLib.framework/Versions/A/libLAPACK.dylib
0x0000000018644000 	/System/Library/Frameworks/Accelerate.framework/Versions/A/Frameworks/vecLib.framework/Versions/A/libBLAS.dylib
0x0000000018644000 	/System/Library/Frameworks/Accelerate.framework/Versions/A/Frameworks/vecLib.framework/Versions/A/libLinearAlgebra.dylib
0x0000000018644000 	/System/Library/Frameworks/Accelerate.framework/Versions/A/Frameworks/vecLib.framework/Versions/A/libSparseBLAS.dylib
0x0000000018644000 	/System/Library/Frameworks/ApplicationServices.framework/Versions/A/Frameworks/ATS.framework/Versions/A/Resources/libFontParser.dylib
0x0000000018644000 	/System/Library/Frameworks/ApplicationServices.framework/Versions/A/Frameworks/ATS.framework/Versions/A/Resources/libFontRegistry.dylib
0x0000000018644000 	/System/Library/Frameworks/ImageIO.framework/Versions/A/Resources/libJPEG.dylib
0x0000000018644000 	/System/Library/Frameworks/ImageIO.framework/Versions/A/Resources/libTIFF.dylib
0x0000000018644000 	/System/Library/Frameworks/ImageIO.framework/Versions/A/Resources/libPng.dylib
0x0000000018644000 	/System/Library/Frameworks/ImageIO.framework/Versions/A/Resources/libGIF.dylib
0x0000000018644000 	/System/Library/Frameworks/ImageIO.framework/Versions/A/Resources/libJP2.dylib
0x0000000018644000 	/System/Library/Frameworks/ImageIO.framework/Versions/A/Resources/libRadiance.dylib
0x0000000018644000 	/usr/lib/libcompression.dylib
0x0000000018644000 	/System/Library/PrivateFrameworks/AppleJPEG.framework/Versions/A/AppleJPEG
0x0000000018644000 	/usr/lib/libcups.2.dylib
0x0000000018644000 	/System/Library/Frameworks/Kerberos.framework/Versions/A/Kerberos
0x0000000018644000 	/System/Library/Frameworks/GSS.framework/Versions/A/GSS
0x0000000018644000 	/usr/lib/libresolv.9.dylib
0x0000000018644000 	/usr/lib/libiconv.2.dylib
0x0000000018644000 	/System/Library/PrivateFrameworks/Heimdal.framework/Versions/A/Heimdal
0x0000000018644000 	/usr/lib/libheimdal-asn1.dylib
0x0000000018644000 	/System/Library/Frameworks/OpenDirectory.framework/Versions/A/OpenDirectory
0x0000000018644000 	/System/Library/PrivateFrameworks/CommonAuth.framework/Versions/A/CommonAuth
0x0000000018644000 	/System/Library/Frameworks/OpenDirectory.framework/Versions/A/Frameworks/CFOpenDirectory.framework/Versions/A/CFOpenDirectory
0x0000000018644000 	/System/Library/Frameworks/SecurityFoundation.framework/Versions/A/SecurityFoundation
0x0000000018644000 	/System/Library/PrivateFrameworks/LanguageModeling.framework/Versions/A/LanguageModeling
0x0000000018644000 	/usr/lib/libmarisa.dylib
0x0000000018644000 	/usr/lib/libChineseTokenizer.dylib
0x0000000018644000 	/usr/lib/libcmph.dylib
0x0000000018644000 	/System/Library/PrivateFrameworks/CoreEmoji.framework/Versions/A/CoreEmoji
0x0000000018644000 	/System/Library/Frameworks/ServiceManagement.framework/Versions/A/ServiceManagement
0x0000000018644000 	/usr/lib/libxslt.1.dylib
0x0000000018644000 	/System/Library/Frameworks/Carbon.framework/Versions/A/Frameworks/Ink.framework/Versions/A/Ink
0x0000000018644000 	/System/Library/PrivateFrameworks/TextureIO.framework/Versions/A/TextureIO
0x0000000018644000 	/System/Library/Frameworks/Metal.framework/Versions/A/Metal
0x0000000018644000 	/usr/lib/libate.dylib
0x0000000018644000 	/System/Library/PrivateFrameworks/GPUCompiler.framework/libmetal_timestamp.dylib
0x0000000018644000 	/System/Library/Frameworks/OpenGL.framework/Versions/A/Libraries/libCoreFSCache.dylib
0x0000000018644000 	/System/Library/PrivateFrameworks/IOAccelerator.framework/Versions/A/IOAccelerator
0x0000000018644000 	/System/Library/Frameworks/CoreVideo.framework/Versions/A/CoreVideo
0x0000000018644000 	/usr/lib/libFosl_dynamic.dylib
0x0000000018644000 	/System/Library/PrivateFrameworks/MetalPerformanceShaders.framework/Versions/A/MetalPerformanceShaders
0x0000000018644000 	/System/Library/PrivateFrameworks/FaceCore.framework/Versions/A/FaceCore
0x0000000018644000 	/System/Library/Frameworks/OpenCL.framework/Versions/A/OpenCL
0x0000000018644000 	/System/Library/Frameworks/OpenGL.framework/Versions/A/Libraries/libGLU.dylib
0x0000000018644000 	/System/Library/Frameworks/OpenGL.framework/Versions/A/Libraries/libGFXShared.dylib
0x0000000018644000 	/System/Library/Frameworks/OpenGL.framework/Versions/A/Libraries/libGL.dylib
0x0000000018644000 	/System/Library/Frameworks/OpenGL.framework/Versions/A/Libraries/libGLImage.dylib
0x0000000018644000 	/System/Library/Frameworks/OpenGL.framework/Versions/A/Libraries/libCVMSPluginSupport.dylib
0x0000000018644000 	/System/Library/Frameworks/OpenGL.framework/Versions/A/Libraries/libCoreVMClient.dylib
0x0000000018644000 	/System/Library/PrivateFrameworks/CrashReporterSupport.framework/Versions/A/CrashReporterSupport
0x0000000018644000 	/System/Library/PrivateFrameworks/Sharing.framework/Versions/A/Sharing
0x0000000018644000 	/System/Library/PrivateFrameworks/IconServices.framework/Versions/A/IconServices
0x0000000018644000 	/System/Library/PrivateFrameworks/ProtocolBuffer.framework/Versions/A/ProtocolBuffer
0x0000000018644000 	/System/Library/PrivateFrameworks/Apple80211.framework/Versions/A/Apple80211
0x0000000018644000 	/System/Library/Frameworks/CoreWLAN.framework/Versions/A/CoreWLAN
0x0000000018644000 	/System/Library/PrivateFrameworks/CoreUtils.framework/Versions/A/CoreUtils
0x0000000018644000 	/System/Library/Frameworks/IOBluetooth.framework/Versions/A/IOBluetooth
0x0000000018644000 	/System/Library/PrivateFrameworks/CoreWiFi.framework/Versions/A/CoreWiFi
0x0000000018644000 	/System/Library/Frameworks/CoreBluetooth.framework/Versions/A/CoreBluetooth
0x0000000018644000 	/System/Library/Frameworks/CoreDisplay.framework/Versions/A/CoreDisplay
0x0000000018644000 	/System/Library/PrivateFrameworks/IOPresentment.framework/Versions/A/IOPresentment
0x0000000018644000 	/System/Library/PrivateFrameworks/DebugSymbols.framework/Versions/A/DebugSymbols
0x0000000018644000 	/System/Library/PrivateFrameworks/CoreSymbolication.framework/Versions/A/CoreSymbolication
0x0000000018644000 	/System/Library/PrivateFrameworks/Symbolication.framework/Versions/A/Symbolication
0x0000000018644000 	/System/Library/PrivateFrameworks/AppleFSCompression.framework/Versions/A/AppleFSCompression
0x0000000018644000 	/System/Library/PrivateFrameworks/SpeechRecognitionCore.framework/Versions/A/SpeechRecognitionCore
0x0000000018644000 	/System/Library/PrivateFrameworks/ChunkingLibrary.framework/Versions/A/ChunkingLibrary
0x0000000107dd8000 	/System/Library/CoreServices/Encodings/libSimplifiedChineseConverter.dylib
0x0000000109000000 	/Library/Java/JavaVirtualMachines/jdk1.8.0_73.jdk/Contents/Home/jre/lib/server/libjvm.dylib
0x0000000018644000 	/usr/lib/libstdc++.6.dylib
0x0000000107e1c000 	/Library/Java/JavaVirtualMachines/jdk1.8.0_73.jdk/Contents/Home/jre/lib/libverify.dylib
0x0000000107e2a000 	/Library/Java/JavaVirtualMachines/jdk1.8.0_73.jdk/Contents/Home/jre/lib/libjava.dylib
0x0000000107e60000 	/Library/Java/JavaVirtualMachines/jdk1.8.0_73.jdk/Contents/Home/jre/lib/libinstrument.dylib
0x0000000107ebe000 	/Library/Java/JavaVirtualMachines/jdk1.8.0_73.jdk/Contents/Home/jre/lib/libzip.dylib
0x000000010d3f9000 	/System/Library/Frameworks/JavaVM.framework/Frameworks/JavaRuntimeSupport.framework/JavaRuntimeSupport
0x0000000107fe8000 	/System/Library/Frameworks/JavaVM.framework/Versions/A/Frameworks/JavaNativeFoundation.framework/Versions/A/JavaNativeFoundation
0x000000010d413000 	/System/Library/Frameworks/JavaVM.framework/Versions/A/JavaVM
0x0000000018644000 	/System/Library/Frameworks/Carbon.framework/Versions/A/Carbon
0x000000010d420000 	/System/Library/PrivateFrameworks/JavaLaunching.framework/Versions/A/JavaLaunching
0x0000000018644000 	/System/Library/Frameworks/Carbon.framework/Versions/A/Frameworks/CommonPanels.framework/Versions/A/CommonPanels
0x0000000018644000 	/System/Library/Frameworks/Carbon.framework/Versions/A/Frameworks/Help.framework/Versions/A/Help
0x0000000018644000 	/System/Library/Frameworks/Carbon.framework/Versions/A/Frameworks/ImageCapture.framework/Versions/A/ImageCapture
0x0000000018644000 	/System/Library/Frameworks/Carbon.framework/Versions/A/Frameworks/OpenScripting.framework/Versions/A/OpenScripting
0x0000000018644000 	/System/Library/Frameworks/Carbon.framework/Versions/A/Frameworks/Print.framework/Versions/A/Print
0x0000000018644000 	/System/Library/Frameworks/Carbon.framework/Versions/A/Frameworks/SecurityHI.framework/Versions/A/SecurityHI
0x00000001268f1000 	/Library/Java/JavaVirtualMachines/jdk1.8.0_73.jdk/Contents/Home/jre/lib/libnet.dylib
0x0000000126f50000 	/Library/Java/JavaVirtualMachines/jdk1.8.0_73.jdk/Contents/Home/jre/lib/libmanagement.dylib
0x0000000126e94000 	/Library/Java/JavaVirtualMachines/jdk1.8.0_73.jdk/Contents/Home/jre/lib/libnio.dylib
0x0000000126df5000 	/private/var/folders/pn/_p8tb9f17x7cr7jmw8s3plqh0000gn/T/jna-2043074941/jna7865633760572353644.tmp
0x0000000127444000 	/Users/Debbie/bitarmdcrf/target/classes/darwin/libNLPIR.dylib

VM Arguments:
jvm_args: -ea -Didea.test.cyclic.buffer.size=1048576 -javaagent:/Applications/IntelliJ IDEA.app/Contents/lib/idea_rt.jar=50992:/Applications/IntelliJ IDEA.app/Contents/bin -Dfile.encoding=UTF-8 
java_command: com.intellij.rt.execution.junit.JUnitStarter -ideVersion5 -junit4 com.bit.armdcrf.IndexWordFileTest,getFeildTest
java_class_path (initial): /Applications/IntelliJ IDEA.app/Contents/lib/idea_rt.jar:/Applications/IntelliJ IDEA.app/Contents/plugins/junit/lib/junit-rt.jar:/Applications/IntelliJ IDEA.app/Contents/plugins/junit/lib/junit5-rt.jar:/Library/Java/JavaVirtualMachines/jdk1.8.0_73.jdk/Contents/Home/jre/lib/charsets.jar:/Library/Java/JavaVirtualMachines/jdk1.8.0_73.jdk/Contents/Home/jre/lib/deploy.jar:/Library/Java/JavaVirtualMachines/jdk1.8.0_73.jdk/Contents/Home/jre/lib/ext/cldrdata.jar:/Library/Java/JavaVirtualMachines/jdk1.8.0_73.jdk/Contents/Home/jre/lib/ext/dnsns.jar:/Library/Java/JavaVirtualMachines/jdk1.8.0_73.jdk/Contents/Home/jre/lib/ext/jaccess.jar:/Library/Java/JavaVirtualMachines/jdk1.8.0_73.jdk/Contents/Home/jre/lib/ext/jfxrt.jar:/Library/Java/JavaVirtualMachines/jdk1.8.0_73.jdk/Contents/Home/jre/lib/ext/localedata.jar:/Library/Java/JavaVirtualMachines/jdk1.8.0_73.jdk/Contents/Home/jre/lib/ext/nashorn.jar:/Library/Java/JavaVirtualMachines/jdk1.8.0_73.jdk/Contents/Home/jre/lib/ext/sunec.jar:/Library/Java/JavaVirtualMachines/jdk1.8.0_73.jdk/Contents/Home/jre/lib/ext/sunjce_provider.jar:/Library/Java/JavaVirtualMachines/jdk1.8.0_73.jdk/Contents/Home/jre/lib/ext/sunpkcs11.jar:/Library/Java/JavaVirtualMachines/jdk1.8.0_73.jdk/Contents/Home/jre/lib/ext/zipfs.jar:/Library/Java/JavaVirtualMachines/jdk1.8.0_73.jdk/Contents/Home/jre/lib/javaws.jar:/Library/Java/JavaVirtualMachines/jdk1.8.0_73.jdk/Contents/Home/jre/lib/jce.jar:/Library/Java/JavaVirtualMachines/jdk1.8.0_73.jdk/Contents/Home/jre/lib/jfr.jar:/Library/Java/JavaVirtualMachines/jdk1.8.0_73.jdk/Contents/Home/jre/lib/jfxswt.jar:/Library/Java/JavaVirtualMachines/jdk1.8.0_73.jdk/Contents/Home/jre/lib/jsse.jar:/Library/Java/JavaVirtualMachines/jdk1.8.0_73.jdk/Contents/Home/jre/lib/management-agent.jar:/Library/Java/JavaVirtualMachines/jdk1.8.0_73.jdk/Contents/Home/jre/lib/plugin.jar:/Library/Java/JavaVirtualMachines/jdk1.8.0_73.jdk/Contents/Home/jre/lib/resources.jar:/Library/Java/JavaVirtualMachines/jdk1.8.0_73.
Launcher Type: SUN_STANDARD

Environment Variables:
JAVA_HOME=/Library/Java/JavaVirtualMachines/jdk1.8.0_73.jdk/Contents/Home
CLASSPATH=.:/Library/Java/JavaVirtualMachines/jdk1.8.0_73.jdk/Contents/Home/lib/dt.jar:/Library/Java/JavaVirtualMachines/jdk1.8.0_73.jdk/Contents/Home/lib/tools.jar
PATH=/Library/Java/JavaVirtualMachines/jdk1.8.0_73.jdk/Contents/Home/bin:/Users/Debbie/Documents/apache-ant-1.10.1/bin:/Users/Debbie/apache-maven-3.5.2/bin:/usr/local/opt/opencv3/bin:/Users/Debbie/anaconda/bin:/opt/local/bin:/opt/local/sbin:/Library/Frameworks/Python.framework/Versions/3.5/bin:/usr/local/bin:/usr/bin:/bin:/usr/sbin:/sbin:::
SHELL=/bin/bash

Signal Handlers:
SIGSEGV: [libjvm.dylib+0x5a71a5], sa_mask[0]=11111111011111110111111111111111, sa_flags=SA_ONSTACK|SA_RESTART|SA_SIGINFO
SIGBUS: [libjvm.dylib+0x5a71a5], sa_mask[0]=11111111011111110111111111111111, sa_flags=SA_RESTART|SA_SIGINFO
SIGFPE: [libjvm.dylib+0x480eb4], sa_mask[0]=11111111011111110111111111111111, sa_flags=SA_RESTART|SA_SIGINFO
SIGPIPE: [libjvm.dylib+0x480eb4], sa_mask[0]=11111111011111110111111111111111, sa_flags=SA_RESTART|SA_SIGINFO
SIGXFSZ: [libjvm.dylib+0x480eb4], sa_mask[0]=11111111011111110111111111111111, sa_flags=SA_RESTART|SA_SIGINFO
SIGILL: [libjvm.dylib+0x480eb4], sa_mask[0]=11111111011111110111111111111111, sa_flags=SA_RESTART|SA_SIGINFO
SIGUSR1: SIG_DFL, sa_mask[0]=00000000000000000000000000000000, sa_flags=none
SIGUSR2: [libjvm.dylib+0x4809d2], sa_mask[0]=00100000000000000000000000000000, sa_flags=SA_RESTART|SA_SIGINFO
SIGHUP: [libjvm.dylib+0x47efa9], sa_mask[0]=11111111011111110111111111111111, sa_flags=SA_RESTART|SA_SIGINFO
SIGINT: [libjvm.dylib+0x47efa9], sa_mask[0]=11111111011111110111111111111111, sa_flags=SA_RESTART|SA_SIGINFO
SIGTERM: [libjvm.dylib+0x47efa9], sa_mask[0]=11111111011111110111111111111111, sa_flags=SA_RESTART|SA_SIGINFO
SIGQUIT: [libjvm.dylib+0x47efa9], sa_mask[0]=11111111011111110111111111111111, sa_flags=SA_RESTART|SA_SIGINFO


---------------  S Y S T E M  ---------------

OS:Bsduname:Darwin 16.1.0 Darwin Kernel Version 16.1.0: Wed Oct 19 20:31:56 PDT 2016; root:xnu-3789.21.4~4/RELEASE_X86_64 x86_64
rlimit: STACK 8192k, CORE 0k, NPROC 709, NOFILE 10240, AS infinity
load average:2.45 2.26 2.39

CPU:total 8 (4 cores per cpu, 2 threads per core) family 6 model 70 stepping 1, cmov, cx8, fxsr, mmx, sse, sse2, sse3, ssse3, sse4.1, sse4.2, popcnt, avx, avx2, aes, clmul, erms, lzcnt, ht, tsc, tscinvbit, bmi1, bmi2

Memory: 4k page, physical 16777216k(1866636k free)

/proc/meminfo:


vm_info: Java HotSpot(TM) 64-Bit Server VM (25.73-b02) for bsd-amd64 JRE (1.8.0_73-b02), built on Jan 29 2016 15:02:00 by "java_re" with gcc 4.2.1 (Based on Apple Inc. build 5658) (LLVM build 2336.11.00)

time: Sat Mar 31 17:32:09 2018
elapsed time: 4 seconds (0d 0h 0m 4s)

