#
# A fatal error has been detected by the Java Runtime Environment:
#
#  SIGSEGV (0xb) at pc=0x000000012426cdf8, pid=10094, tid=7171
#
# JRE version: Java(TM) SE Runtime Environment (8.0_73-b02) (build 1.8.0_73-b02)
# Java VM: Java HotSpot(TM) 64-Bit Server VM (25.73-b02 mixed mode bsd-amd64 compressed oops)
# Problematic frame:
# C  [libNLPIR.dylib+0x5ddf8]  CNLPIR::SetAvailable(bool)+0x18
#
# Failed to write core dump. Core dumps have been disabled. To enable core dumping, try "ulimit -c unlimited" before starting Java again
#
# If you would like to submit a bug report, please visit:
#   http://bugreport.java.com/bugreport/crash.jsp
# The crash happened outside the Java Virtual Machine in native code.
# See problematic frame for where to report the bug.
#

---------------  T H R E A D  ---------------

Current thread (0x00007faee180a800):  JavaThread "main" [_thread_in_native, id=7171, stack(0x000070000aed2000,0x000070000afd2000)]

siginfo: si_signo: 11 (SIGSEGV), si_code: 1 (SEGV_MAPERR), si_addr: 0x000000000000000c

Registers:
RAX=0x00007faee3650801, RBX=0x0000000000000001, RCX=0x0000000000000001, RDX=0x0000000000000500
RSP=0x000070000afcf140, RBP=0x000070000afcf1a0, RSI=0x0000000000000001, RDI=0x0000000000000000
R8 =0x0000000000000001, R9 =0x00007faee36508e0, R10=0x000070000afcf150, R11=0x000000012426c3f0
R12=0x0000000000000004, R13=0x0000000000000002, R14=0x000070000afcf398, R15=0x000070000afcf330
RIP=0x000000012426cdf8, EFLAGS=0x0000000000010202, ERR=0x0000000000000004
  TRAPNO=0x000000000000000e

Top of Stack: (sp=0x000070000afcf140)
0x000070000afcf140:   0000000000000001 0000000000000001
0x000070000afcf150:   000070000afcf398 000070000afcf330
0x000070000afcf160:   000070000afcf180 00007fffa2d6b2b0
0x000070000afcf170:   0000000000000001 0000000000000001
0x000070000afcf180:   000070000afcf1a0 01007fffa17ffe2e
0x000070000afcf190:   0000000000000000 0000000000000001
0x000070000afcf1a0:   000070000afcf1f0 000000012426c4bb
0x000070000afcf1b0:   0000000000000000 00007faee78ca200
0x000070000afcf1c0:   000070000afcf8d0 00007faee36508e0
0x000070000afcf1d0:   0000000000000000 0000000000000000
0x000070000afcf1e0:   00000000e78ca948 00007faee36508b0
0x000070000afcf1f0:   000070000afcf200 0000000123f6894c
0x000070000afcf200:   000000000000000e 000070000afcfc90
0x000070000afcf210:   000070000afcf300 0000000123f68456
0x000070000afcf220:   000070000afcf250 0000000123f67ebb
0x000070000afcf230:   0000000000000008 000070000afcf2b0
0x000070000afcf240:   000070000afcf400 000070000afcf2c4
0x000070000afcf250:   000070000afcf2c0 000070000afcf2b0
0x000070000afcf260:   000070000afcf310 000070000afcfc90
0x000070000afcf270:   000000012426c3f0 000070000afcf400
0x000070000afcf280:   000070000afcf150 000070000afcf200
0x000070000afcf290:   0000000000000002 0000000200000002
0x000070000afcf2a0:   000070000afcf150 0000000100000000
0x000070000afcf2b0:   0000700000000002 000070000afcf400
0x000070000afcf2c0:   0000000100000000 a53d36479d9b0007
0x000070000afcf2d0:   000070000afcf320 000070000afcf400
0x000070000afcf2e0:   000070000afcf3a0 00007faee180a9f8
0x000070000afcf2f0:   000070000afcf320 000070000afcf340
0x000070000afcf300:   000070000afcfc80 0000000123f5f2f5
0x000070000afcf310:   000070000afcf390 000070000afcf398
0x000070000afcf320:   00007faee180a800 0000000000000000
0x000070000afcf330:   0000000123f6add0 0000000123f6ad70 

Instructions: (pc=0x000000012426cdf8)
0x000000012426cdd8:   01 00 00 5d c3 0f 1f 00 55 48 89 e5 48 83 ec 60
0x000000012426cde8:   40 88 f0 48 89 7d f0 24 01 88 45 ef 48 8b 7d f0
0x000000012426cdf8:   f6 47 0c 01 48 89 7d e0 0f 84 09 00 00 00 c6 45
0x000000012426ce08:   ff 00 e9 81 01 00 00 48 8d 3d 22 2c 04 00 e8 67 

Register to memory mapping:

RAX=0x00007faee3650801 is an unknown value
RBX=0x0000000000000001 is an unknown value
RCX=0x0000000000000001 is an unknown value
RDX=0x0000000000000500 is an unknown value
RSP=0x000070000afcf140 is pointing into the stack for thread: 0x00007faee180a800
RBP=0x000070000afcf1a0 is pointing into the stack for thread: 0x00007faee180a800
RSI=0x0000000000000001 is an unknown value
RDI=0x0000000000000000 is an unknown value
R8 =0x0000000000000001 is an unknown value
R9 =0x00007faee36508e0 is an unknown value
R10=0x000070000afcf150 is pointing into the stack for thread: 0x00007faee180a800
R11=0x000000012426c3f0: NLPIR_ParagraphProcess+0 in /Users/Debbie/bitarmdcrf/target/classes/darwin/libNLPIR.dylib at 0x000000012420f000
R12=0x0000000000000004 is an unknown value
R13=0x0000000000000002 is an unknown value
R14=0x000070000afcf398 is pointing into the stack for thread: 0x00007faee180a800
R15=0x000070000afcf330 is pointing into the stack for thread: 0x00007faee180a800


Stack: [0x000070000aed2000,0x000070000afd2000],  sp=0x000070000afcf140,  free space=1012k
Native frames: (J=compiled Java code, j=interpreted, Vv=VM code, C=native code)
C  [libNLPIR.dylib+0x5ddf8]  CNLPIR::SetAvailable(bool)+0x18
C  [libNLPIR.dylib+0x5d4bb]  NLPIR_ParagraphProcess+0xcb
C  [jna594584183941195266.tmp+0xd94c]  ffi_call_unix64+0x4c
C  0x000070000afcfc90

Java frames: (J=compiled Java code, j=interpreted, Vv=VM code)
j  com.sun.jna.Native.invokePointer(JI[Ljava/lang/Object;)J+0
j  com.sun.jna.Function.invokePointer(I[Ljava/lang/Object;)Lcom/sun/jna/Pointer;+6
j  com.sun.jna.Function.invokeString(I[Ljava/lang/Object;Z)Ljava/lang/String;+3
j  com.sun.jna.Function.invoke([Ljava/lang/Object;Ljava/lang/Class;Z)Ljava/lang/Object;+364
j  com.sun.jna.Function.invoke(Ljava/lang/Class;[Ljava/lang/Object;Ljava/util/Map;)Ljava/lang/Object;+262
j  com.sun.jna.Library$Handler.invoke(Ljava/lang/Object;Ljava/lang/reflect/Method;[Ljava/lang/Object;)Ljava/lang/Object;+316
j  com.sun.proxy.$Proxy81.NLPIR_ParagraphProcess(Ljava/lang/String;I)Ljava/lang/String;+23
j  nlpir.lucene.cn.ictclas.NLPIRTokenizer.incrementToken()Z+149
j  org.apache.lucene.index.DefaultIndexingChain$PerField.invert(Lorg/apache/lucene/index/IndexableField;Z)V+154
j  org.apache.lucene.index.DefaultIndexingChain.processField(Lorg/apache/lucene/index/IndexableField;JI)I+170
j  org.apache.lucene.index.DefaultIndexingChain.processDocument()V+76
j  org.apache.lucene.index.DocumentsWriterPerThread.updateDocument(Ljava/lang/Iterable;Lorg/apache/lucene/analysis/Analyzer;Lorg/apache/lucene/index/Term;)J+65
j  org.apache.lucene.index.DocumentsWriter.updateDocument(Ljava/lang/Iterable;Lorg/apache/lucene/analysis/Analyzer;Lorg/apache/lucene/index/Term;)J+66
j  org.apache.lucene.index.IndexWriter.updateDocument(Lorg/apache/lucene/index/Term;Ljava/lang/Iterable;)J+16
j  org.apache.lucene.index.IndexWriter.addDocument(Ljava/lang/Iterable;)J+3
j  IndexWordImpl.fileIndexCreate(Ljava/nio/file/Path;)Z+109
j  com.bit.armdcrf.IndexWordFileTest.getFeildTest()V+13
v  ~StubRoutines::call_stub
J 2390  sun.reflect.NativeMethodAccessorImpl.invoke0(Ljava/lang/reflect/Method;Ljava/lang/Object;[Ljava/lang/Object;)Ljava/lang/Object; (0 bytes) @ 0x000000010be3edf7 [0x000000010be3ed80+0x77]
J 1258 C1 sun.reflect.NativeMethodAccessorImpl.invoke(Ljava/lang/Object;[Ljava/lang/Object;)Ljava/lang/Object; (104 bytes) @ 0x000000010ba32bd4 [0x000000010ba31a00+0x11d4]
J 1961 C2 java.lang.reflect.Method.invoke(Ljava/lang/Object;[Ljava/lang/Object;)Ljava/lang/Object; (62 bytes) @ 0x000000010bcbbaa8 [0x000000010bcbba00+0xa8]
j  org.junit.runners.model.FrameworkMethod$1.runReflectiveCall()Ljava/lang/Object;+15
j  org.junit.internal.runners.model.ReflectiveCallable.run()Ljava/lang/Object;+1
j  org.junit.runners.model.FrameworkMethod.invokeExplosively(Ljava/lang/Object;[Ljava/lang/Object;)Ljava/lang/Object;+10
j  org.junit.internal.runners.statements.InvokeMethod.evaluate()V+12
j  org.springframework.test.context.junit4.statements.RunBeforeTestMethodCallbacks.evaluate()V+19
j  org.springframework.test.context.junit4.statements.RunAfterTestMethodCallbacks.evaluate()V+14
j  org.springframework.test.context.junit4.statements.SpringRepeat.evaluate()V+82
j  org.junit.runners.ParentRunner.runLeaf(Lorg/junit/runners/model/Statement;Lorg/junit/runner/Description;Lorg/junit/runner/notification/RunNotifier;)V+17
j  org.springframework.test.context.junit4.SpringJUnit4ClassRunner.runChild(Lorg/junit/runners/model/FrameworkMethod;Lorg/junit/runner/notification/RunNotifier;)V+50
j  org.springframework.test.context.junit4.SpringJUnit4ClassRunner.runChild(Ljava/lang/Object;Lorg/junit/runner/notification/RunNotifier;)V+6
j  org.junit.runners.ParentRunner$3.run()V+12
j  org.junit.runners.ParentRunner$1.schedule(Ljava/lang/Runnable;)V+1
j  org.junit.runners.ParentRunner.runChildren(Lorg/junit/runner/notification/RunNotifier;)V+44
j  org.junit.runners.ParentRunner.access$000(Lorg/junit/runners/ParentRunner;Lorg/junit/runner/notification/RunNotifier;)V+2
j  org.junit.runners.ParentRunner$2.evaluate()V+8
j  org.springframework.test.context.junit4.statements.RunBeforeTestClassCallbacks.evaluate()V+11
j  org.springframework.test.context.junit4.statements.RunAfterTestClassCallbacks.evaluate()V+12
j  org.junit.runners.ParentRunner.run(Lorg/junit/runner/notification/RunNotifier;)V+20
j  org.springframework.test.context.junit4.SpringJUnit4ClassRunner.run(Lorg/junit/runner/notification/RunNotifier;)V+24
j  org.junit.runner.JUnitCore.run(Lorg/junit/runner/Runner;)Lorg/junit/runner/Result;+37
j  com.intellij.junit4.JUnit4IdeaTestRunner.startRunnerWithArgs([Ljava/lang/String;Ljava/lang/String;IZ)I+146
j  com.intellij.rt.execution.junit.IdeaTestRunner$Repeater.startRunnerWithArgs(Lcom/intellij/rt/execution/junit/IdeaTestRunner;[Ljava/lang/String;Ljava/util/ArrayList;Ljava/lang/String;IZ)I+20
j  com.intellij.rt.execution.junit.JUnitStarter.prepareStreamsAndStart([Ljava/lang/String;Ljava/lang/String;Ljava/util/ArrayList;Ljava/lang/String;)I+116
j  com.intellij.rt.execution.junit.JUnitStarter.main([Ljava/lang/String;)V+116
v  ~StubRoutines::call_stub

---------------  P R O C E S S  ---------------

Java Threads: ( => current thread )
  0x00007faee281d800 JavaThread "Service Thread" daemon [_thread_blocked, id=21763, stack(0x000070000c108000,0x000070000c208000)]
  0x00007faee20a4800 JavaThread "C1 CompilerThread3" daemon [_thread_blocked, id=21251, stack(0x000070000c005000,0x000070000c105000)]
  0x00007faee20a4000 JavaThread "C2 CompilerThread2" daemon [_thread_blocked, id=20739, stack(0x000070000bf02000,0x000070000c002000)]
  0x00007faee20a3000 JavaThread "C2 CompilerThread1" daemon [_thread_blocked, id=20227, stack(0x000070000bdff000,0x000070000beff000)]
  0x00007faee180e000 JavaThread "C2 CompilerThread0" daemon [_thread_blocked, id=19715, stack(0x000070000bcfc000,0x000070000bdfc000)]
  0x00007faee20a2800 JavaThread "Monitor Ctrl-Break" daemon [_thread_in_native, id=19203, stack(0x000070000bbf9000,0x000070000bcf9000)]
  0x00007faee5803000 JavaThread "Signal Dispatcher" daemon [_thread_blocked, id=18691, stack(0x000070000baf6000,0x000070000bbf6000)]
  0x00007faee2804800 JavaThread "Finalizer" daemon [_thread_blocked, id=14595, stack(0x000070000b9f3000,0x000070000baf3000)]
  0x00007faee3801000 JavaThread "Reference Handler" daemon [_thread_blocked, id=14083, stack(0x000070000b8f0000,0x000070000b9f0000)]
=>0x00007faee180a800 JavaThread "main" [_thread_in_native, id=7171, stack(0x000070000aed2000,0x000070000afd2000)]

Other Threads:
  0x00007faee403a000 VMThread [stack: 0x000070000b7ed000,0x000070000b8ed000] [id=13571]
  0x00007faee2820000 WatcherThread [stack: 0x000070000c20b000,0x000070000c30b000] [id=22275]

VM state:not at safepoint (normal execution)

VM Mutex/Monitor currently owned by a thread: None

Heap:
 PSYoungGen      total 347648K, used 347647K [0x000000076ab00000, 0x0000000785200000, 0x00000007c0000000)
  eden space 328704K, 100% used [0x000000076ab00000,0x000000077ec00000,0x000000077ec00000)
  from space 18944K, 99% used [0x0000000783f80000,0x00000007851fff08,0x0000000785200000)
  to   space 22016K, 0% used [0x0000000782700000,0x0000000782700000,0x0000000783c80000)
 ParOldGen       total 157696K, used 29267K [0x00000006c0000000, 0x00000006c9a00000, 0x000000076ab00000)
  object space 157696K, 18% used [0x00000006c0000000,0x00000006c1c94e68,0x00000006c9a00000)
 Metaspace       used 38191K, capacity 38710K, committed 39168K, reserved 1083392K
  class space    used 4657K, capacity 4796K, committed 4864K, reserved 1048576K

Card table byte_map: [0x00000001073aa000,0x0000000107bab000] byte_map_base: 0x0000000103daa000

Marking Bits: (ParMarkBitMap*) 0x00000001068e3ea0
 Begin Bits: [0x000000011a5e3000, 0x000000011e5e3000)
 End Bits:   [0x000000011e5e3000, 0x00000001225e3000)

Polling page: 0x0000000104ff3000

CodeCache: size=245760Kb used=14845Kb max_used=14857Kb free=230914Kb
 bounds [0x000000010b5e3000, 0x000000010c4e3000, 0x000000011a5e3000]
 total_blobs=4324 nmethods=3860 adapters=377
 compilation: enabled

Compilation events (10 events):
Event: 5.447 Thread 0x00007faee20a4800 4369       3       java.io.UnixFileSystem::getBooleanAttributes (49 bytes)
Event: 5.447 Thread 0x00007faee180e000 4370       4       java.lang.StringCoding::safeTrim (24 bytes)
Event: 5.448 Thread 0x00007faee20a4800 nmethod 4369 0x000000010b91f410 code [0x000000010b91f5c0, 0x000000010b91fb28]
Event: 5.448 Thread 0x00007faee20a4000 nmethod 4368 0x000000010babf110 code [0x000000010babf260, 0x000000010babf318]
Event: 5.448 Thread 0x00007faee20a4000 4371       4       java.lang.StringCoding::access$300 (8 bytes)
Event: 5.448 Thread 0x00007faee20a3000 nmethod 4367 0x000000010babed10 code [0x000000010babee60, 0x000000010babef98]
Event: 5.449 Thread 0x00007faee20a4800 4372   !   3       java.io.PrintStream::write (69 bytes)
Event: 5.449 Thread 0x00007faee20a4800 nmethod 4372 0x000000010bcded50 code [0x000000010bcdef20, 0x000000010bcdf698]
Event: 5.450 Thread 0x00007faee180e000 nmethod 4370 0x000000010bcdd390 code [0x000000010bcdd4e0, 0x000000010bcdd6f8]
Event: 5.450 Thread 0x00007faee20a4000 nmethod 4371 0x000000010b91ef10 code [0x000000010b91f060, 0x000000010b91f278]

GC Heap History (10 events):
Event: 2.453 GC heap before
{Heap before GC invocations=6 (full 1):
 PSYoungGen      total 141824K, used 131072K [0x000000076ab00000, 0x0000000774000000, 0x00000007c0000000)
  eden space 131072K, 100% used [0x000000076ab00000,0x0000000772b00000,0x0000000772b00000)
  from space 10752K, 0% used [0x0000000773580000,0x0000000773580000,0x0000000774000000)
  to   space 10752K, 0% used [0x0000000772b00000,0x0000000772b00000,0x0000000773580000)
 ParOldGen       total 84480K, used 5701K [0x00000006c0000000, 0x00000006c5280000, 0x000000076ab00000)
  object space 84480K, 6% used [0x00000006c0000000,0x00000006c0591500,0x00000006c5280000)
 Metaspace       used 26683K, capacity 27072K, committed 27264K, reserved 1073152K
  class space    used 3319K, capacity 3425K, committed 3456K, reserved 1048576K
Event: 2.459 GC heap after
Heap after GC invocations=6 (full 1):
 PSYoungGen      total 141824K, used 7824K [0x000000076ab00000, 0x000000077a200000, 0x00000007c0000000)
  eden space 131072K, 0% used [0x000000076ab00000,0x000000076ab00000,0x0000000772b00000)
  from space 10752K, 72% used [0x0000000772b00000,0x00000007732a4350,0x0000000773580000)
  to   space 10240K, 0% used [0x0000000779800000,0x0000000779800000,0x000000077a200000)
 ParOldGen       total 84480K, used 5709K [0x00000006c0000000, 0x00000006c5280000, 0x000000076ab00000)
  object space 84480K, 6% used [0x00000006c0000000,0x00000006c0593500,0x00000006c5280000)
 Metaspace       used 26683K, capacity 27072K, committed 27264K, reserved 1073152K
  class space    used 3319K, capacity 3425K, committed 3456K, reserved 1048576K
}
Event: 2.994 GC heap before
{Heap before GC invocations=7 (full 1):
 PSYoungGen      total 141824K, used 138896K [0x000000076ab00000, 0x000000077a200000, 0x00000007c0000000)
  eden space 131072K, 100% used [0x000000076ab00000,0x0000000772b00000,0x0000000772b00000)
  from space 10752K, 72% used [0x0000000772b00000,0x00000007732a4350,0x0000000773580000)
  to   space 10240K, 0% used [0x0000000779800000,0x0000000779800000,0x000000077a200000)
 ParOldGen       total 84480K, used 5709K [0x00000006c0000000, 0x00000006c5280000, 0x000000076ab00000)
  object space 84480K, 6% used [0x00000006c0000000,0x00000006c0593500,0x00000006c5280000)
 Metaspace       used 30117K, capacity 30458K, committed 30848K, reserved 1077248K
  class space    used 3771K, capacity 3866K, committed 3968K, reserved 1048576K
Event: 3.001 GC heap after
Heap after GC invocations=7 (full 1):
 PSYoungGen      total 236032K, used 7852K [0x000000076ab00000, 0x000000077a000000, 0x00000007c0000000)
  eden space 227840K, 0% used [0x000000076ab00000,0x000000076ab00000,0x0000000778980000)
  from space 8192K, 95% used [0x0000000779800000,0x0000000779fab240,0x000000077a000000)
  to   space 10240K, 0% used [0x0000000778c00000,0x0000000778c00000,0x0000000779600000)
 ParOldGen       total 84480K, used 5717K [0x00000006c0000000, 0x00000006c5280000, 0x000000076ab00000)
  object space 84480K, 6% used [0x00000006c0000000,0x00000006c0595500,0x00000006c5280000)
 Metaspace       used 30117K, capacity 30458K, committed 30848K, reserved 1077248K
  class space    used 3771K, capacity 3866K, committed 3968K, reserved 1048576K
}
Event: 3.573 GC heap before
{Heap before GC invocations=8 (full 1):
 PSYoungGen      total 236032K, used 77666K [0x000000076ab00000, 0x000000077a000000, 0x00000007c0000000)
  eden space 227840K, 30% used [0x000000076ab00000,0x000000076ef2d5c8,0x0000000778980000)
  from space 8192K, 95% used [0x0000000779800000,0x0000000779fab240,0x000000077a000000)
  to   space 10240K, 0% used [0x0000000778c00000,0x0000000778c00000,0x0000000779600000)
 ParOldGen       total 84480K, used 5717K [0x00000006c0000000, 0x00000006c5280000, 0x000000076ab00000)
  object space 84480K, 6% used [0x00000006c0000000,0x00000006c0595500,0x00000006c5280000)
 Metaspace       used 34772K, capacity 35146K, committed 35456K, reserved 1081344K
  class space    used 4271K, capacity 4382K, committed 4480K, reserved 1048576K
Event: 3.592 GC heap after
Heap after GC invocations=8 (full 1):
 PSYoungGen      total 240640K, used 10217K [0x000000076ab00000, 0x0000000785200000, 0x00000007c0000000)
  eden space 230400K, 0% used [0x000000076ab00000,0x000000076ab00000,0x0000000778c00000)
  from space 10240K, 99% used [0x0000000778c00000,0x00000007795fa528,0x0000000779600000)
  to   space 18944K, 0% used [0x0000000783f80000,0x0000000783f80000,0x0000000785200000)
 ParOldGen       total 84480K, used 21188K [0x00000006c0000000, 0x00000006c5280000, 0x000000076ab00000)
  object space 84480K, 25% used [0x00000006c0000000,0x00000006c14b1000,0x00000006c5280000)
 Metaspace       used 34772K, capacity 35146K, committed 35456K, reserved 1081344K
  class space    used 4271K, capacity 4382K, committed 4480K, reserved 1048576K
}
Event: 3.592 GC heap before
{Heap before GC invocations=9 (full 2):
 PSYoungGen      total 240640K, used 10217K [0x000000076ab00000, 0x0000000785200000, 0x00000007c0000000)
  eden space 230400K, 0% used [0x000000076ab00000,0x000000076ab00000,0x0000000778c00000)
  from space 10240K, 99% used [0x0000000778c00000,0x00000007795fa528,0x0000000779600000)
  to   space 18944K, 0% used [0x0000000783f80000,0x0000000783f80000,0x0000000785200000)
 ParOldGen       total 84480K, used 21188K [0x00000006c0000000, 0x00000006c5280000, 0x000000076ab00000)
  object space 84480K, 25% used [0x00000006c0000000,0x00000006c14b1000,0x00000006c5280000)
 Metaspace       used 34772K, capacity 35146K, committed 35456K, reserved 1081344K
  class space    used 4271K, capacity 4382K, committed 4480K, reserved 1048576K
Event: 3.721 GC heap after
Heap after GC invocations=9 (full 2):
 PSYoungGen      total 240640K, used 0K [0x000000076ab00000, 0x0000000785200000, 0x00000007c0000000)
  eden space 230400K, 0% used [0x000000076ab00000,0x000000076ab00000,0x0000000778c00000)
  from space 10240K, 0% used [0x0000000778c00000,0x0000000778c00000,0x0000000779600000)
  to   space 18944K, 0% used [0x0000000783f80000,0x0000000783f80000,0x0000000785200000)
 ParOldGen       total 157696K, used 28587K [0x00000006c0000000, 0x00000006c9a00000, 0x000000076ab00000)
  object space 157696K, 18% used [0x00000006c0000000,0x00000006c1beae90,0x00000006c9a00000)
 Metaspace       used 34772K, capacity 35146K, committed 35456K, reserved 1081344K
  class space    used 4271K, capacity 4382K, committed 4480K, reserved 1048576K
}
Event: 4.485 GC heap before
{Heap before GC invocations=10 (full 2):
 PSYoungGen      total 240640K, used 230400K [0x000000076ab00000, 0x0000000785200000, 0x00000007c0000000)
  eden space 230400K, 100% used [0x000000076ab00000,0x0000000778c00000,0x0000000778c00000)
  from space 10240K, 0% used [0x0000000778c00000,0x0000000778c00000,0x0000000779600000)
  to   space 18944K, 0% used [0x0000000783f80000,0x0000000783f80000,0x0000000785200000)
 ParOldGen       total 157696K, used 28587K [0x00000006c0000000, 0x00000006c9a00000, 0x000000076ab00000)
  object space 157696K, 18% used [0x00000006c0000000,0x00000006c1beae90,0x00000006c9a00000)
 Metaspace       used 36904K, capacity 37328K, committed 37760K, reserved 1083392K
  class space    used 4517K, capacity 4623K, committed 4736K, reserved 1048576K
Event: 4.499 GC heap after
Heap after GC invocations=10 (full 2):
 PSYoungGen      total 347648K, used 18943K [0x000000076ab00000, 0x0000000785200000, 0x00000007c0000000)
  eden space 328704K, 0% used [0x000000076ab00000,0x000000076ab00000,0x000000077ec00000)
  from space 18944K, 99% used [0x0000000783f80000,0x00000007851fff08,0x0000000785200000)
  to   space 22016K, 0% used [0x0000000782700000,0x0000000782700000,0x0000000783c80000)
 ParOldGen       total 157696K, used 29267K [0x00000006c0000000, 0x00000006c9a00000, 0x000000076ab00000)
  object space 157696K, 18% used [0x00000006c0000000,0x00000006c1c94e68,0x00000006c9a00000)
 Metaspace       used 36904K, capacity 37328K, committed 37760K, reserved 1083392K
  class space    used 4517K, capacity 4623K, committed 4736K, reserved 1048576K
}

Deoptimization events (10 events):
Event: 5.232 Thread 0x00007faee180a800 Uncommon trap: reason=bimorphic action=maybe_recompile pc=0x000000010b881118 method=org.apache.xmlbeans.impl.values.XmlObjectBase.monitor()Ljava/lang/Object; @ 11
Event: 5.419 Thread 0x00007faee180a800 Uncommon trap: reason=unstable_if action=reinterpret pc=0x000000010ba5710c method=java.io.File.getName()Ljava/lang/String; @ 16
Event: 5.438 Thread 0x00007faee180a800 Uncommon trap: reason=unstable_if action=reinterpret pc=0x000000010bbce2e4 method=java.io.File.getName()Ljava/lang/String; @ 16
Event: 5.438 Thread 0x00007faee180a800 Uncommon trap: reason=unstable_if action=reinterpret pc=0x000000010bbac1dc method=java.io.File.getName()Ljava/lang/String; @ 16
Event: 5.438 Thread 0x00007faee180a800 Uncommon trap: reason=unstable_if action=reinterpret pc=0x000000010ba40010 method=java.lang.StringCoding.encode(Ljava/lang/String;[CII)[B @ 38
Event: 5.438 Thread 0x00007faee180a800 Uncommon trap: reason=unstable_if action=reinterpret pc=0x000000010bf5ee40 method=java.lang.String.lastIndexOf([CII[CIII)I @ 118
Event: 5.438 Thread 0x00007faee180a800 Uncommon trap: reason=unstable_if action=reinterpret pc=0x000000010b76e85c method=java.lang.String.lastIndexOf([CII[CIII)I @ 118
Event: 5.444 Thread 0x00007faee180a800 Uncommon trap: reason=unstable_if action=reinterpret pc=0x000000010b9beb6c method=java.lang.StringCoding$StringEncoder.encode([CII)[B @ 20
Event: 5.451 Thread 0x00007faee180a800 Uncommon trap: reason=unstable_if action=reinterpret pc=0x000000010b712464 method=sun.nio.cs.UTF_8$Encoder.encode([CII[B)I @ 33
Event: 5.451 Thread 0x00007faee180a800 Uncommon trap: reason=unstable_if action=reinterpret pc=0x000000010b91f224 method=java.lang.StringCoding.safeTrim([BILjava/nio/charset/Charset;Z)[B @ 3

Internal exceptions (10 events):
Event: 3.226 Thread 0x00007faee180a800 Exception <a 'java/security/PrivilegedActionException'> (0x000000076c74a2e8) thrown at [/HUDSON3/workspace/8-2-build-macosx-x86_64/jdk8u73/6086/hotspot/src/share/vm/prims/jvm.cpp, line 1386]
Event: 3.226 Thread 0x00007faee180a800 Exception <a 'java/security/PrivilegedActionException'> (0x000000076c74a8c8) thrown at [/HUDSON3/workspace/8-2-build-macosx-x86_64/jdk8u73/6086/hotspot/src/share/vm/prims/jvm.cpp, line 1386]
Event: 3.226 Thread 0x00007faee180a800 Exception <a 'java/security/PrivilegedActionException'> (0x000000076c757920) thrown at [/HUDSON3/workspace/8-2-build-macosx-x86_64/jdk8u73/6086/hotspot/src/share/vm/prims/jvm.cpp, line 1386]
Event: 3.226 Thread 0x00007faee180a800 Exception <a 'java/security/PrivilegedActionException'> (0x000000076c757f00) thrown at [/HUDSON3/workspace/8-2-build-macosx-x86_64/jdk8u73/6086/hotspot/src/share/vm/prims/jvm.cpp, line 1386]
Event: 3.226 Thread 0x00007faee180a800 Exception <a 'java/security/PrivilegedActionException'> (0x000000076c764dd0) thrown at [/HUDSON3/workspace/8-2-build-macosx-x86_64/jdk8u73/6086/hotspot/src/share/vm/prims/jvm.cpp, line 1386]
Event: 3.226 Thread 0x00007faee180a800 Exception <a 'java/security/PrivilegedActionException'> (0x000000076c7653b0) thrown at [/HUDSON3/workspace/8-2-build-macosx-x86_64/jdk8u73/6086/hotspot/src/share/vm/prims/jvm.cpp, line 1386]
Event: 3.226 Thread 0x00007faee180a800 Exception <a 'java/security/PrivilegedActionException'> (0x000000076c7727b8) thrown at [/HUDSON3/workspace/8-2-build-macosx-x86_64/jdk8u73/6086/hotspot/src/share/vm/prims/jvm.cpp, line 1386]
Event: 3.227 Thread 0x00007faee180a800 Exception <a 'java/security/PrivilegedActionException'> (0x000000076c772d98) thrown at [/HUDSON3/workspace/8-2-build-macosx-x86_64/jdk8u73/6086/hotspot/src/share/vm/prims/jvm.cpp, line 1386]
Event: 5.438 Thread 0x00007faee180a800 Exception <a 'java/lang/UnsatisfiedLinkError': dlopen(libNLPIR.dylib, 9): image not found> (0x000000077e8c5438) thrown at [/HUDSON3/workspace/8-2-build-macosx-x86_64/jdk8u73/6086/hotspot/src/share/vm/prims/jni.cpp, line 735]
Event: 5.439 Thread 0x00007faee180a800 Exception <a 'java/lang/UnsatisfiedLinkError': dlopen(libNLPIR.dylib, 9): image not found> (0x000000077e8c6338) thrown at [/HUDSON3/workspace/8-2-build-macosx-x86_64/jdk8u73/6086/hotspot/src/share/vm/prims/jni.cpp, line 735]

Events (10 events):
Event: 5.449 loading class java/util/IdentityHashMap$KeySet
Event: 5.449 loading class java/util/IdentityHashMap$KeySet done
Event: 5.450 loading class org/apache/lucene/analysis/Analyzer$TokenStreamComponents
Event: 5.450 loading class org/apache/lucene/analysis/Analyzer$TokenStreamComponents done
Event: 5.451 Thread 0x00007faee180a800 Uncommon trap: trap_request=0xffffff65 fr.pc=0x000000010b712464
Event: 5.451 Thread 0x00007faee180a800 DEOPT PACKING pc=0x000000010b712464 sp=0x000070000afcfa10
Event: 5.451 Thread 0x00007faee180a800 DEOPT UNPACKING pc=0x000000010b5e8229 sp=0x000070000afcf9c8 mode 2
Event: 5.451 Thread 0x00007faee180a800 Uncommon trap: trap_request=0xffffff65 fr.pc=0x000000010b91f224
Event: 5.451 Thread 0x00007faee180a800 DEOPT PACKING pc=0x000000010b91f224 sp=0x000070000afcfa20
Event: 5.451 Thread 0x00007faee180a800 DEOPT UNPACKING pc=0x000000010b5e8229 sp=0x000070000afcf980 mode 2


Dynamic libraries:
0x0000000018644000 	/System/Library/Frameworks/Cocoa.framework/Versions/A/Cocoa
0x0000000018644000 	/System/Library/Frameworks/Security.framework/Versions/A/Security
0x0000000018644000 	/System/Library/Frameworks/ApplicationServices.framework/Versions/A/ApplicationServices
0x0000000018644000 	/usr/lib/libz.1.dylib
0x0000000018644000 	/usr/lib/libSystem.B.dylib
0x0000000018644000 	/usr/lib/libobjc.A.dylib
0x0000000018644000 	/System/Library/Frameworks/CoreFoundation.framework/Versions/A/CoreFoundation
0x0000000018644000 	/System/Library/Frameworks/Foundation.framework/Versions/C/Foundation
0x0000000018644000 	/System/Library/Frameworks/AppKit.framework/Versions/C/AppKit
0x0000000018644000 	/System/Library/Frameworks/CoreData.framework/Versions/A/CoreData
0x0000000018644000 	/System/Library/PrivateFrameworks/RemoteViewServices.framework/Versions/A/RemoteViewServices
0x0000000018644000 	/System/Library/PrivateFrameworks/UIFoundation.framework/Versions/A/UIFoundation
0x0000000018644000 	/System/Library/PrivateFrameworks/DFRFoundation.framework/Versions/A/DFRFoundation
0x0000000018644000 	/usr/lib/libenergytrace.dylib
0x0000000018644000 	/System/Library/PrivateFrameworks/SkyLight.framework/Versions/A/SkyLight
0x0000000018644000 	/System/Library/Frameworks/CoreGraphics.framework/Versions/A/CoreGraphics
0x0000000018644000 	/usr/lib/libScreenReader.dylib
0x0000000018644000 	/System/Library/Frameworks/Accelerate.framework/Versions/A/Accelerate
0x0000000018644000 	/System/Library/Frameworks/IOSurface.framework/Versions/A/IOSurface
0x0000000018644000 	/System/Library/Frameworks/AudioToolbox.framework/Versions/A/AudioToolbox
0x0000000018644000 	/System/Library/Frameworks/AudioUnit.framework/Versions/A/AudioUnit
0x0000000018644000 	/System/Library/PrivateFrameworks/DataDetectorsCore.framework/Versions/A/DataDetectorsCore
0x0000000018644000 	/System/Library/PrivateFrameworks/DesktopServicesPriv.framework/Versions/A/DesktopServicesPriv
0x0000000018644000 	/System/Library/Frameworks/Carbon.framework/Versions/A/Frameworks/HIToolbox.framework/Versions/A/HIToolbox
0x0000000018644000 	/usr/lib/libicucore.A.dylib
0x0000000018644000 	/System/Library/Frameworks/QuartzCore.framework/Versions/A/QuartzCore
0x0000000018644000 	/System/Library/Frameworks/Carbon.framework/Versions/A/Frameworks/SpeechRecognition.framework/Versions/A/SpeechRecognition
0x0000000018644000 	/usr/lib/libauto.dylib
0x0000000018644000 	/usr/lib/libxml2.2.dylib
0x0000000018644000 	/System/Library/PrivateFrameworks/CoreUI.framework/Versions/A/CoreUI
0x0000000018644000 	/System/Library/Frameworks/CoreAudio.framework/Versions/A/CoreAudio
0x0000000018644000 	/System/Library/Frameworks/DiskArbitration.framework/Versions/A/DiskArbitration
0x0000000018644000 	/usr/lib/liblangid.dylib
0x0000000018644000 	/System/Library/PrivateFrameworks/MultitouchSupport.framework/Versions/A/MultitouchSupport
0x0000000018644000 	/System/Library/Frameworks/IOKit.framework/Versions/A/IOKit
0x0000000018644000 	/usr/lib/libDiagnosticMessagesClient.dylib
0x0000000018644000 	/System/Library/Frameworks/CoreServices.framework/Versions/A/CoreServices
0x0000000018644000 	/System/Library/PrivateFrameworks/PerformanceAnalysis.framework/Versions/A/PerformanceAnalysis
0x0000000018644000 	/System/Library/PrivateFrameworks/GenerationalStorage.framework/Versions/A/GenerationalStorage
0x0000000018644000 	/System/Library/Frameworks/OpenGL.framework/Versions/A/OpenGL
0x0000000018644000 	/System/Library/Frameworks/CoreImage.framework/Versions/A/CoreImage
0x0000000018644000 	/System/Library/Frameworks/CoreText.framework/Versions/A/CoreText
0x0000000018644000 	/System/Library/Frameworks/ImageIO.framework/Versions/A/ImageIO
0x0000000018644000 	/System/Library/PrivateFrameworks/Backup.framework/Versions/A/Backup
0x0000000018644000 	/usr/lib/libarchive.2.dylib
0x0000000018644000 	/System/Library/Frameworks/CFNetwork.framework/Versions/A/CFNetwork
0x0000000018644000 	/System/Library/Frameworks/SystemConfiguration.framework/Versions/A/SystemConfiguration
0x0000000018644000 	/usr/lib/libCRFSuite.dylib
0x0000000018644000 	/usr/lib/libc++.1.dylib
0x0000000018644000 	/usr/lib/libc++abi.dylib
0x0000000018644000 	/usr/lib/system/libcache.dylib
0x0000000018644000 	/usr/lib/system/libcommonCrypto.dylib
0x0000000018644000 	/usr/lib/system/libcompiler_rt.dylib
0x0000000018644000 	/usr/lib/system/libcopyfile.dylib
0x0000000018644000 	/usr/lib/system/libcorecrypto.dylib
0x0000000018644000 	/usr/lib/system/libdispatch.dylib
0x0000000018644000 	/usr/lib/system/libdyld.dylib
0x0000000018644000 	/usr/lib/system/libkeymgr.dylib
0x0000000018644000 	/usr/lib/system/liblaunch.dylib
0x0000000018644000 	/usr/lib/system/libmacho.dylib
0x0000000018644000 	/usr/lib/system/libquarantine.dylib
0x0000000018644000 	/usr/lib/system/libremovefile.dylib
0x0000000018644000 	/usr/lib/system/libsystem_asl.dylib
0x0000000018644000 	/usr/lib/system/libsystem_blocks.dylib
0x0000000018644000 	/usr/lib/system/libsystem_c.dylib
0x0000000018644000 	/usr/lib/system/libsystem_configuration.dylib
0x0000000018644000 	/usr/lib/system/libsystem_coreservices.dylib
0x0000000018644000 	/usr/lib/system/libsystem_coretls.dylib
0x0000000018644000 	/usr/lib/system/libsystem_dnssd.dylib
0x0000000018644000 	/usr/lib/system/libsystem_info.dylib
0x0000000018644000 	/usr/lib/system/libsystem_kernel.dylib
0x0000000018644000 	/usr/lib/system/libsystem_m.dylib
0x0000000018644000 	/usr/lib/system/libsystem_malloc.dylib
0x0000000018644000 	/usr/lib/system/libsystem_network.dylib
0x0000000018644000 	/usr/lib/system/libsystem_networkextension.dylib
0x0000000018644000 	/usr/lib/system/libsystem_notify.dylib
0x0000000018644000 	/usr/lib/system/libsystem_platform.dylib
0x0000000018644000 	/usr/lib/system/libsystem_pthread.dylib
0x0000000018644000 	/usr/lib/system/libsystem_sandbox.dylib
0x0000000018644000 	/usr/lib/system/libsystem_secinit.dylib
0x0000000018644000 	/usr/lib/system/libsystem_symptoms.dylib
0x0000000018644000 	/usr/lib/system/libsystem_trace.dylib
0x0000000018644000 	/usr/lib/system/libunwind.dylib
0x0000000018644000 	/usr/lib/system/libxpc.dylib
0x0000000018644000 	/usr/lib/libbsm.0.dylib
0x0000000018644000 	/usr/lib/system/libkxld.dylib
0x0000000018644000 	/usr/lib/libcoretls.dylib
0x0000000018644000 	/usr/lib/libcoretls_cfhelpers.dylib
0x0000000018644000 	/usr/lib/libxar.1.dylib
0x0000000018644000 	/usr/lib/libsqlite3.dylib
0x0000000018644000 	/usr/lib/libpam.2.dylib
0x0000000018644000 	/usr/lib/libOpenScriptingUtil.dylib
0x0000000018644000 	/usr/lib/libbz2.1.0.dylib
0x0000000018644000 	/usr/lib/liblzma.5.dylib
0x0000000018644000 	/usr/lib/libnetwork.dylib
0x0000000018644000 	/usr/lib/libpcap.A.dylib
0x0000000018644000 	/System/Library/Frameworks/CoreServices.framework/Versions/A/Frameworks/FSEvents.framework/Versions/A/FSEvents
0x0000000018644000 	/System/Library/Frameworks/CoreServices.framework/Versions/A/Frameworks/CarbonCore.framework/Versions/A/CarbonCore
0x0000000018644000 	/System/Library/Frameworks/CoreServices.framework/Versions/A/Frameworks/Metadata.framework/Versions/A/Metadata
0x0000000018644000 	/System/Library/Frameworks/CoreServices.framework/Versions/A/Frameworks/OSServices.framework/Versions/A/OSServices
0x0000000018644000 	/System/Library/Frameworks/CoreServices.framework/Versions/A/Frameworks/SearchKit.framework/Versions/A/SearchKit
0x0000000018644000 	/System/Library/Frameworks/CoreServices.framework/Versions/A/Frameworks/AE.framework/Versions/A/AE
0x0000000018644000 	/System/Library/Frameworks/CoreServices.framework/Versions/A/Frameworks/LaunchServices.framework/Versions/A/LaunchServices
0x0000000018644000 	/System/Library/Frameworks/CoreServices.framework/Versions/A/Frameworks/DictionaryServices.framework/Versions/A/DictionaryServices
0x0000000018644000 	/System/Library/Frameworks/CoreServices.framework/Versions/A/Frameworks/SharedFileList.framework/Versions/A/SharedFileList
0x0000000018644000 	/System/Library/Frameworks/NetFS.framework/Versions/A/NetFS
0x0000000018644000 	/System/Library/PrivateFrameworks/NetAuth.framework/Versions/A/NetAuth
0x0000000018644000 	/System/Library/PrivateFrameworks/login.framework/Versions/A/Frameworks/loginsupport.framework/Versions/A/loginsupport
0x0000000018644000 	/System/Library/PrivateFrameworks/TCC.framework/Versions/A/TCC
0x0000000018644000 	/usr/lib/libmecabra.dylib
0x0000000018644000 	/System/Library/Frameworks/ApplicationServices.framework/Versions/A/Frameworks/ATS.framework/Versions/A/ATS
0x0000000018644000 	/System/Library/Frameworks/ApplicationServices.framework/Versions/A/Frameworks/ColorSync.framework/Versions/A/ColorSync
0x0000000018644000 	/System/Library/Frameworks/ApplicationServices.framework/Versions/A/Frameworks/HIServices.framework/Versions/A/HIServices
0x0000000018644000 	/System/Library/Frameworks/ApplicationServices.framework/Versions/A/Frameworks/LangAnalysis.framework/Versions/A/LangAnalysis
0x0000000018644000 	/System/Library/Frameworks/ApplicationServices.framework/Versions/A/Frameworks/PrintCore.framework/Versions/A/PrintCore
0x0000000018644000 	/System/Library/Frameworks/ApplicationServices.framework/Versions/A/Frameworks/QD.framework/Versions/A/QD
0x0000000018644000 	/System/Library/Frameworks/ApplicationServices.framework/Versions/A/Frameworks/SpeechSynthesis.framework/Versions/A/SpeechSynthesis
0x0000000018644000 	/System/Library/Frameworks/Accelerate.framework/Versions/A/Frameworks/vImage.framework/Versions/A/vImage
0x0000000018644000 	/System/Library/Frameworks/Accelerate.framework/Versions/A/Frameworks/vecLib.framework/Versions/A/vecLib
0x0000000018644000 	/System/Library/Frameworks/Accelerate.framework/Versions/A/Frameworks/vecLib.framework/Versions/A/libvDSP.dylib
0x0000000018644000 	/System/Library/Frameworks/Accelerate.framework/Versions/A/Frameworks/vecLib.framework/Versions/A/libBNNS.dylib
0x0000000018644000 	/System/Library/Frameworks/Accelerate.framework/Versions/A/Frameworks/vecLib.framework/Versions/A/libQuadrature.dylib
0x0000000018644000 	/System/Library/Frameworks/Accelerate.framework/Versions/A/Frameworks/vecLib.framework/Versions/A/libvMisc.dylib
0x0000000018644000 	/System/Library/Frameworks/Accelerate.framework/Versions/A/Frameworks/vecLib.framework/Versions/A/libLAPACK.dylib
0x0000000018644000 	/System/Library/Frameworks/Accelerate.framework/Versions/A/Frameworks/vecLib.framework/Versions/A/libBLAS.dylib
0x0000000018644000 	/System/Library/Frameworks/Accelerate.framework/Versions/A/Frameworks/vecLib.framework/Versions/A/libLinearAlgebra.dylib
0x0000000018644000 	/System/Library/Frameworks/Accelerate.framework/Versions/A/Frameworks/vecLib.framework/Versions/A/libSparseBLAS.dylib
0x0000000018644000 	/System/Library/Frameworks/ApplicationServices.framework/Versions/A/Frameworks/ATS.framework/Versions/A/Resources/libFontParser.dylib
0x0000000018644000 	/System/Library/Frameworks/ApplicationServices.framework/Versions/A/Frameworks/ATS.framework/Versions/A/Resources/libFontRegistry.dylib
0x0000000018644000 	/System/Library/Frameworks/ImageIO.framework/Versions/A/Resources/libJPEG.dylib
0x0000000018644000 	/System/Library/Frameworks/ImageIO.framework/Versions/A/Resources/libTIFF.dylib
0x0000000018644000 	/System/Library/Frameworks/ImageIO.framework/Versions/A/Resources/libPng.dylib
0x0000000018644000 	/System/Library/Frameworks/ImageIO.framework/Versions/A/Resources/libGIF.dylib
0x0000000018644000 	/System/Library/Frameworks/ImageIO.framework/Versions/A/Resources/libJP2.dylib
0x0000000018644000 	/System/Library/Frameworks/ImageIO.framework/Versions/A/Resources/libRadiance.dylib
0x0000000018644000 	/usr/lib/libcompression.dylib
0x0000000018644000 	/System/Library/PrivateFrameworks/AppleJPEG.framework/Versions/A/AppleJPEG
0x0000000018644000 	/usr/lib/libcups.2.dylib
0x0000000018644000 	/System/Library/Frameworks/Kerberos.framework/Versions/A/Kerberos
0x0000000018644000 	/System/Library/Frameworks/GSS.framework/Versions/A/GSS
0x0000000018644000 	/usr/lib/libresolv.9.dylib
0x0000000018644000 	/usr/lib/libiconv.2.dylib
0x0000000018644000 	/System/Library/PrivateFrameworks/Heimdal.framework/Versions/A/Heimdal
0x0000000018644000 	/usr/lib/libheimdal-asn1.dylib
0x0000000018644000 	/System/Library/Frameworks/OpenDirectory.framework/Versions/A/OpenDirectory
0x0000000018644000 	/System/Library/PrivateFrameworks/CommonAuth.framework/Versions/A/CommonAuth
0x0000000018644000 	/System/Library/Frameworks/OpenDirectory.framework/Versions/A/Frameworks/CFOpenDirectory.framework/Versions/A/CFOpenDirectory
0x0000000018644000 	/System/Library/Frameworks/SecurityFoundation.framework/Versions/A/SecurityFoundation
0x0000000018644000 	/System/Library/PrivateFrameworks/LanguageModeling.framework/Versions/A/LanguageModeling
0x0000000018644000 	/usr/lib/libmarisa.dylib
0x0000000018644000 	/usr/lib/libChineseTokenizer.dylib
0x0000000018644000 	/usr/lib/libcmph.dylib
0x0000000018644000 	/System/Library/PrivateFrameworks/CoreEmoji.framework/Versions/A/CoreEmoji
0x0000000018644000 	/System/Library/Frameworks/ServiceManagement.framework/Versions/A/ServiceManagement
0x0000000018644000 	/usr/lib/libxslt.1.dylib
0x0000000018644000 	/System/Library/Frameworks/Carbon.framework/Versions/A/Frameworks/Ink.framework/Versions/A/Ink
0x0000000018644000 	/System/Library/PrivateFrameworks/TextureIO.framework/Versions/A/TextureIO
0x0000000018644000 	/System/Library/Frameworks/Metal.framework/Versions/A/Metal
0x0000000018644000 	/usr/lib/libate.dylib
0x0000000018644000 	/System/Library/PrivateFrameworks/GPUCompiler.framework/libmetal_timestamp.dylib
0x0000000018644000 	/System/Library/Frameworks/OpenGL.framework/Versions/A/Libraries/libCoreFSCache.dylib
0x0000000018644000 	/System/Library/PrivateFrameworks/IOAccelerator.framework/Versions/A/IOAccelerator
0x0000000018644000 	/System/Library/Frameworks/CoreVideo.framework/Versions/A/CoreVideo
0x0000000018644000 	/usr/lib/libFosl_dynamic.dylib
0x0000000018644000 	/System/Library/PrivateFrameworks/MetalPerformanceShaders.framework/Versions/A/MetalPerformanceShaders
0x0000000018644000 	/System/Library/PrivateFrameworks/FaceCore.framework/Versions/A/FaceCore
0x0000000018644000 	/System/Library/Frameworks/OpenCL.framework/Versions/A/OpenCL
0x0000000018644000 	/System/Library/Frameworks/OpenGL.framework/Versions/A/Libraries/libGLU.dylib
0x0000000018644000 	/System/Library/Frameworks/OpenGL.framework/Versions/A/Libraries/libGFXShared.dylib
0x0000000018644000 	/System/Library/Frameworks/OpenGL.framework/Versions/A/Libraries/libGL.dylib
0x0000000018644000 	/System/Library/Frameworks/OpenGL.framework/Versions/A/Libraries/libGLImage.dylib
0x0000000018644000 	/System/Library/Frameworks/OpenGL.framework/Versions/A/Libraries/libCVMSPluginSupport.dylib
0x0000000018644000 	/System/Library/Frameworks/OpenGL.framework/Versions/A/Libraries/libCoreVMClient.dylib
0x0000000018644000 	/System/Library/PrivateFrameworks/CrashReporterSupport.framework/Versions/A/CrashReporterSupport
0x0000000018644000 	/System/Library/PrivateFrameworks/Sharing.framework/Versions/A/Sharing
0x0000000018644000 	/System/Library/PrivateFrameworks/IconServices.framework/Versions/A/IconServices
0x0000000018644000 	/System/Library/PrivateFrameworks/ProtocolBuffer.framework/Versions/A/ProtocolBuffer
0x0000000018644000 	/System/Library/PrivateFrameworks/Apple80211.framework/Versions/A/Apple80211
0x0000000018644000 	/System/Library/Frameworks/CoreWLAN.framework/Versions/A/CoreWLAN
0x0000000018644000 	/System/Library/PrivateFrameworks/CoreUtils.framework/Versions/A/CoreUtils
0x0000000018644000 	/System/Library/Frameworks/IOBluetooth.framework/Versions/A/IOBluetooth
0x0000000018644000 	/System/Library/PrivateFrameworks/CoreWiFi.framework/Versions/A/CoreWiFi
0x0000000018644000 	/System/Library/Frameworks/CoreBluetooth.framework/Versions/A/CoreBluetooth
0x0000000018644000 	/System/Library/Frameworks/CoreDisplay.framework/Versions/A/CoreDisplay
0x0000000018644000 	/System/Library/PrivateFrameworks/IOPresentment.framework/Versions/A/IOPresentment
0x0000000018644000 	/System/Library/PrivateFrameworks/DebugSymbols.framework/Versions/A/DebugSymbols
0x0000000018644000 	/System/Library/PrivateFrameworks/CoreSymbolication.framework/Versions/A/CoreSymbolication
0x0000000018644000 	/System/Library/PrivateFrameworks/Symbolication.framework/Versions/A/Symbolication
0x0000000018644000 	/System/Library/PrivateFrameworks/AppleFSCompression.framework/Versions/A/AppleFSCompression
0x0000000018644000 	/System/Library/PrivateFrameworks/SpeechRecognitionCore.framework/Versions/A/SpeechRecognitionCore
0x0000000018644000 	/System/Library/PrivateFrameworks/ChunkingLibrary.framework/Versions/A/ChunkingLibrary
0x0000000104f6c000 	/System/Library/CoreServices/Encodings/libSimplifiedChineseConverter.dylib
0x0000000106000000 	/Library/Java/JavaVirtualMachines/jdk1.8.0_73.jdk/Contents/Home/jre/lib/server/libjvm.dylib
0x0000000018644000 	/usr/lib/libstdc++.6.dylib
0x0000000104fb0000 	/Library/Java/JavaVirtualMachines/jdk1.8.0_73.jdk/Contents/Home/jre/lib/libverify.dylib
0x0000000104fbe000 	/Library/Java/JavaVirtualMachines/jdk1.8.0_73.jdk/Contents/Home/jre/lib/libjava.dylib
0x0000000106f8d000 	/Library/Java/JavaVirtualMachines/jdk1.8.0_73.jdk/Contents/Home/jre/lib/libinstrument.dylib
0x0000000106fe1000 	/Library/Java/JavaVirtualMachines/jdk1.8.0_73.jdk/Contents/Home/jre/lib/libzip.dylib
0x000000010b077000 	/System/Library/Frameworks/JavaVM.framework/Frameworks/JavaRuntimeSupport.framework/JavaRuntimeSupport
0x000000010b091000 	/System/Library/Frameworks/JavaVM.framework/Versions/A/Frameworks/JavaNativeFoundation.framework/Versions/A/JavaNativeFoundation
0x000000010b0a6000 	/System/Library/Frameworks/JavaVM.framework/Versions/A/JavaVM
0x0000000018644000 	/System/Library/Frameworks/Carbon.framework/Versions/A/Carbon
0x000000010b0b3000 	/System/Library/PrivateFrameworks/JavaLaunching.framework/Versions/A/JavaLaunching
0x0000000018644000 	/System/Library/Frameworks/Carbon.framework/Versions/A/Frameworks/CommonPanels.framework/Versions/A/CommonPanels
0x0000000018644000 	/System/Library/Frameworks/Carbon.framework/Versions/A/Frameworks/Help.framework/Versions/A/Help
0x0000000018644000 	/System/Library/Frameworks/Carbon.framework/Versions/A/Frameworks/ImageCapture.framework/Versions/A/ImageCapture
0x0000000018644000 	/System/Library/Frameworks/Carbon.framework/Versions/A/Frameworks/OpenScripting.framework/Versions/A/OpenScripting
0x0000000018644000 	/System/Library/Frameworks/Carbon.framework/Versions/A/Frameworks/Print.framework/Versions/A/Print
0x0000000018644000 	/System/Library/Frameworks/Carbon.framework/Versions/A/Frameworks/SecurityHI.framework/Versions/A/SecurityHI
0x000000010b144000 	/Library/Java/JavaVirtualMachines/jdk1.8.0_73.jdk/Contents/Home/jre/lib/libnet.dylib
0x000000012415d000 	/Library/Java/JavaVirtualMachines/jdk1.8.0_73.jdk/Contents/Home/jre/lib/libmanagement.dylib
0x0000000123fb5000 	/Library/Java/JavaVirtualMachines/jdk1.8.0_73.jdk/Contents/Home/jre/lib/libnio.dylib
0x0000000123f5b000 	/private/var/folders/pn/_p8tb9f17x7cr7jmw8s3plqh0000gn/T/jna-2043074941/jna594584183941195266.tmp
0x000000012420f000 	/Users/Debbie/bitarmdcrf/target/classes/darwin/libNLPIR.dylib

VM Arguments:
jvm_args: -ea -Didea.test.cyclic.buffer.size=1048576 -javaagent:/Applications/IntelliJ IDEA.app/Contents/lib/idea_rt.jar=50968:/Applications/IntelliJ IDEA.app/Contents/bin -Dfile.encoding=UTF-8 
java_command: com.intellij.rt.execution.junit.JUnitStarter -ideVersion5 com.bit.armdcrf.IndexWordFileTest,getFeildTest
java_class_path (initial): /Applications/IntelliJ IDEA.app/Contents/lib/idea_rt.jar:/Applications/IntelliJ IDEA.app/Contents/plugins/junit/lib/junit-rt.jar:/Applications/IntelliJ IDEA.app/Contents/plugins/junit/lib/junit5-rt.jar:/Library/Java/JavaVirtualMachines/jdk1.8.0_73.jdk/Contents/Home/jre/lib/charsets.jar:/Library/Java/JavaVirtualMachines/jdk1.8.0_73.jdk/Contents/Home/jre/lib/deploy.jar:/Library/Java/JavaVirtualMachines/jdk1.8.0_73.jdk/Contents/Home/jre/lib/ext/cldrdata.jar:/Library/Java/JavaVirtualMachines/jdk1.8.0_73.jdk/Contents/Home/jre/lib/ext/dnsns.jar:/Library/Java/JavaVirtualMachines/jdk1.8.0_73.jdk/Contents/Home/jre/lib/ext/jaccess.jar:/Library/Java/JavaVirtualMachines/jdk1.8.0_73.jdk/Contents/Home/jre/lib/ext/jfxrt.jar:/Library/Java/JavaVirtualMachines/jdk1.8.0_73.jdk/Contents/Home/jre/lib/ext/localedata.jar:/Library/Java/JavaVirtualMachines/jdk1.8.0_73.jdk/Contents/Home/jre/lib/ext/nashorn.jar:/Library/Java/JavaVirtualMachines/jdk1.8.0_73.jdk/Contents/Home/jre/lib/ext/sunec.jar:/Library/Java/JavaVirtualMachines/jdk1.8.0_73.jdk/Contents/Home/jre/lib/ext/sunjce_provider.jar:/Library/Java/JavaVirtualMachines/jdk1.8.0_73.jdk/Contents/Home/jre/lib/ext/sunpkcs11.jar:/Library/Java/JavaVirtualMachines/jdk1.8.0_73.jdk/Contents/Home/jre/lib/ext/zipfs.jar:/Library/Java/JavaVirtualMachines/jdk1.8.0_73.jdk/Contents/Home/jre/lib/javaws.jar:/Library/Java/JavaVirtualMachines/jdk1.8.0_73.jdk/Contents/Home/jre/lib/jce.jar:/Library/Java/JavaVirtualMachines/jdk1.8.0_73.jdk/Contents/Home/jre/lib/jfr.jar:/Library/Java/JavaVirtualMachines/jdk1.8.0_73.jdk/Contents/Home/jre/lib/jfxswt.jar:/Library/Java/JavaVirtualMachines/jdk1.8.0_73.jdk/Contents/Home/jre/lib/jsse.jar:/Library/Java/JavaVirtualMachines/jdk1.8.0_73.jdk/Contents/Home/jre/lib/management-agent.jar:/Library/Java/JavaVirtualMachines/jdk1.8.0_73.jdk/Contents/Home/jre/lib/plugin.jar:/Library/Java/JavaVirtualMachines/jdk1.8.0_73.jdk/Contents/Home/jre/lib/resources.jar:/Library/Java/JavaVirtualMachines/jdk1.8.0_73.
Launcher Type: SUN_STANDARD

Environment Variables:
JAVA_HOME=/Library/Java/JavaVirtualMachines/jdk1.8.0_73.jdk/Contents/Home
CLASSPATH=.:/Library/Java/JavaVirtualMachines/jdk1.8.0_73.jdk/Contents/Home/lib/dt.jar:/Library/Java/JavaVirtualMachines/jdk1.8.0_73.jdk/Contents/Home/lib/tools.jar
PATH=/Library/Java/JavaVirtualMachines/jdk1.8.0_73.jdk/Contents/Home/bin:/Users/Debbie/Documents/apache-ant-1.10.1/bin:/Users/Debbie/apache-maven-3.5.2/bin:/usr/local/opt/opencv3/bin:/Users/Debbie/anaconda/bin:/opt/local/bin:/opt/local/sbin:/Library/Frameworks/Python.framework/Versions/3.5/bin:/usr/local/bin:/usr/bin:/bin:/usr/sbin:/sbin:::
SHELL=/bin/bash

Signal Handlers:
SIGSEGV: [libjvm.dylib+0x5a71a5], sa_mask[0]=11111111011111110111111111111111, sa_flags=SA_ONSTACK|SA_RESTART|SA_SIGINFO
SIGBUS: [libjvm.dylib+0x5a71a5], sa_mask[0]=11111111011111110111111111111111, sa_flags=SA_RESTART|SA_SIGINFO
SIGFPE: [libjvm.dylib+0x480eb4], sa_mask[0]=11111111011111110111111111111111, sa_flags=SA_RESTART|SA_SIGINFO
SIGPIPE: [libjvm.dylib+0x480eb4], sa_mask[0]=11111111011111110111111111111111, sa_flags=SA_RESTART|SA_SIGINFO
SIGXFSZ: [libjvm.dylib+0x480eb4], sa_mask[0]=11111111011111110111111111111111, sa_flags=SA_RESTART|SA_SIGINFO
SIGILL: [libjvm.dylib+0x480eb4], sa_mask[0]=11111111011111110111111111111111, sa_flags=SA_RESTART|SA_SIGINFO
SIGUSR1: SIG_DFL, sa_mask[0]=00000000000000000000000000000000, sa_flags=none
SIGUSR2: [libjvm.dylib+0x4809d2], sa_mask[0]=00100000000000000000000000000000, sa_flags=SA_RESTART|SA_SIGINFO
SIGHUP: [libjvm.dylib+0x47efa9], sa_mask[0]=11111111011111110111111111111111, sa_flags=SA_RESTART|SA_SIGINFO
SIGINT: [libjvm.dylib+0x47efa9], sa_mask[0]=11111111011111110111111111111111, sa_flags=SA_RESTART|SA_SIGINFO
SIGTERM: [libjvm.dylib+0x47efa9], sa_mask[0]=11111111011111110111111111111111, sa_flags=SA_RESTART|SA_SIGINFO
SIGQUIT: [libjvm.dylib+0x47efa9], sa_mask[0]=11111111011111110111111111111111, sa_flags=SA_RESTART|SA_SIGINFO


---------------  S Y S T E M  ---------------

OS:Bsduname:Darwin 16.1.0 Darwin Kernel Version 16.1.0: Wed Oct 19 20:31:56 PDT 2016; root:xnu-3789.21.4~4/RELEASE_X86_64 x86_64
rlimit: STACK 8192k, CORE 0k, NPROC 709, NOFILE 10240, AS infinity
load average:2.02 2.12 2.38

CPU:total 8 (4 cores per cpu, 2 threads per core) family 6 model 70 stepping 1, cmov, cx8, fxsr, mmx, sse, sse2, sse3, ssse3, sse4.1, sse4.2, popcnt, avx, avx2, aes, clmul, erms, lzcnt, ht, tsc, tscinvbit, bmi1, bmi2

Memory: 4k page, physical 16777216k(1847980k free)

/proc/meminfo:


vm_info: Java HotSpot(TM) 64-Bit Server VM (25.73-b02) for bsd-amd64 JRE (1.8.0_73-b02), built on Jan 29 2016 15:02:00 by "java_re" with gcc 4.2.1 (Based on Apple Inc. build 5658) (LLVM build 2336.11.00)

time: Sat Mar 31 17:29:37 2018
elapsed time: 5 seconds (0d 0h 0m 5s)

