[2018-04-02 15:24:19,525][main][INFO][com.bit.armdcrf.IndexWordFileTest:48] Starting IndexWordFileTest on debbieqiu with PID 3897 (started by Debbie in /Users/Debbie/bitarmdcrf)
[2018-04-02 15:24:19,547][main][INFO][com.bit.armdcrf.IndexWordFileTest:593] No active profile set, falling back to default profiles: default
[2018-04-02 15:24:19,582][main][INFO][org.springframework.web.context.support.GenericWebApplicationContext:583] Refreshing org.springframework.web.context.support.GenericWebApplicationContext@2584b82d: startup date [Mon Apr 02 15:24:19 CST 2018]; root of context hierarchy
[2018-04-02 15:24:19,840][background-preinit][INFO][org.hibernate.validator.internal.util.Version:30] HV000001: Hibernate Validator 5.3.6.Final
[2018-04-02 15:24:20,793][main][INFO][org.springframework.web.servlet.mvc.method.annotation.RequestMappingHandlerAdapter:534] Looking for @ControllerAdvice: org.springframework.web.context.support.GenericWebApplicationContext@2584b82d: startup date [Mon Apr 02 15:24:19 CST 2018]; root of context hierarchy
[2018-04-02 15:24:20,850][main][INFO][org.springframework.web.servlet.mvc.method.annotation.RequestMappingHandlerMapping:543] Mapped "{[/data/importword],methods=[POST]}" onto public java.util.Map<java.lang.String, java.lang.String> com.bit.armdcrf.Controller.DataController.importWord(java.lang.String)
[2018-04-02 15:24:20,851][main][INFO][org.springframework.web.servlet.mvc.method.annotation.RequestMappingHandlerMapping:543] Mapped "{[/data/importimg],methods=[POST]}" onto public java.util.Map<java.lang.String, java.lang.String> com.bit.armdcrf.Controller.DataController.importImg(java.lang.String)
[2018-04-02 15:24:20,851][main][INFO][org.springframework.web.servlet.mvc.method.annotation.RequestMappingHandlerMapping:543] Mapped "{[/data/import_info_img],methods=[POST]}" onto public java.util.Map<java.lang.String, java.lang.String> com.bit.armdcrf.Controller.DataController.importInfoImg(com.bit.armdcrf.dto.ImgData)
[2018-04-02 15:24:20,851][main][INFO][org.springframework.web.servlet.mvc.method.annotation.RequestMappingHandlerMapping:543] Mapped "{[/data/crf_text],methods=[POST]}" onto public java.util.Map<java.lang.String, java.lang.String> com.bit.armdcrf.Controller.DataController.getCrfText(java.lang.String,java.lang.String)
[2018-04-02 15:24:20,852][main][INFO][org.springframework.web.servlet.mvc.method.annotation.RequestMappingHandlerMapping:543] Mapped "{[/data/search_word],methods=[POST]}" onto public java.util.Map<java.lang.String, java.lang.String> com.bit.armdcrf.Controller.DataController.searchWord(com.bit.armdcrf.dto.SearchData)
[2018-04-02 15:24:20,852][main][INFO][org.springframework.web.servlet.mvc.method.annotation.RequestMappingHandlerMapping:543] Mapped "{[/test]}" onto public java.util.Map<java.lang.Object, java.lang.Object> com.bit.armdcrf.Controller.WebController.function(java.lang.String)
[2018-04-02 15:24:20,853][main][INFO][org.springframework.web.servlet.mvc.method.annotation.RequestMappingHandlerMapping:543] Mapped "{[/menu-form]}" onto public com.alibaba.fastjson.JSONArray com.bit.armdcrf.Controller.WebController.crfWordResolveTest() throws java.io.IOException
[2018-04-02 15:24:20,854][main][INFO][org.springframework.web.servlet.mvc.method.annotation.RequestMappingHandlerMapping:543] Mapped "{[/error]}" onto public org.springframework.http.ResponseEntity<java.util.Map<java.lang.String, java.lang.Object>> org.springframework.boot.autoconfigure.web.BasicErrorController.error(javax.servlet.http.HttpServletRequest)
[2018-04-02 15:24:20,855][main][INFO][org.springframework.web.servlet.mvc.method.annotation.RequestMappingHandlerMapping:543] Mapped "{[/error],produces=[text/html]}" onto public org.springframework.web.servlet.ModelAndView org.springframework.boot.autoconfigure.web.BasicErrorController.errorHtml(javax.servlet.http.HttpServletRequest,javax.servlet.http.HttpServletResponse)
[2018-04-02 15:24:20,877][main][INFO][org.springframework.web.servlet.handler.SimpleUrlHandlerMapping:362] Mapped URL path [/webjars/**] onto handler of type [class org.springframework.web.servlet.resource.ResourceHttpRequestHandler]
[2018-04-02 15:24:20,878][main][INFO][org.springframework.web.servlet.handler.SimpleUrlHandlerMapping:362] Mapped URL path [/**] onto handler of type [class org.springframework.web.servlet.resource.ResourceHttpRequestHandler]
[2018-04-02 15:24:20,905][main][INFO][org.springframework.web.servlet.handler.SimpleUrlHandlerMapping:362] Mapped URL path [/**/favicon.ico] onto handler of type [class org.springframework.web.servlet.resource.ResourceHttpRequestHandler]
[2018-04-02 15:24:20,920][main][INFO][org.springframework.boot.autoconfigure.web.WebMvcAutoConfiguration$WelcomePageHandlerMapping:549] Adding welcome page: ServletContext resource [/index.html]
[2018-04-02 15:24:21,006][main][INFO][com.bit.armdcrf.IndexWordFileTest:57] Started IndexWordFileTest in 1.778 seconds (JVM running for 3.028)
[2018-04-02 15:24:22,069][main][INFO][com.bit.armdcrf.service.CrfResolve.WordToTable:28] 开始处理对应文档crf1_part1部分的内容。
[2018-04-02 15:24:22,070][main][INFO][com.bit.armdcrf.service.CrfResolve.CrfWordResolveImpl:30] 开始获取对应所处理文档部分的关键字集crf1_part1.txt。
[2018-04-02 15:24:22,071][main][INFO][com.bit.armdcrf.service.CrfResolve.WordToTable:187] 文档解析到键值对成功!
[2018-04-02 15:24:22,079][main][INFO][com.bit.armdcrf.service.CrfResolve.WordToTable:28] 开始处理对应文档crf1_part2部分的内容。
[2018-04-02 15:24:22,079][main][INFO][com.bit.armdcrf.service.CrfResolve.CrfWordResolveImpl:30] 开始获取对应所处理文档部分的关键字集crf1_part2.txt。
[2018-04-02 15:24:22,080][main][INFO][com.bit.armdcrf.service.CrfResolve.WordToTable:187] 文档解析到键值对成功!
[2018-04-02 15:24:22,219][main][INFO][com.bit.armdcrf.service.CrfResolve.WordToTable:28] 开始处理对应文档labStudy部分的内容。
[2018-04-02 15:24:22,219][main][INFO][com.bit.armdcrf.service.CrfResolve.CrfWordResolveImpl:30] 开始获取对应所处理文档部分的关键字集labStudy.txt。
[2018-04-02 15:24:22,221][main][INFO][com.bit.armdcrf.service.CrfResolve.WordToTable:187] 文档解析到键值对成功!
[2018-04-02 15:24:22,222][main][INFO][com.bit.armdcrf.service.CrfResolve.WordToTable:28] 开始处理对应文档preLab部分的内容。
[2018-04-02 15:24:22,222][main][INFO][com.bit.armdcrf.service.CrfResolve.CrfWordResolveImpl:30] 开始获取对应所处理文档部分的关键字集preLab.txt。
[2018-04-02 15:24:22,222][main][INFO][com.bit.armdcrf.service.CrfResolve.WordToTable:187] 文档解析到键值对成功!
[2018-04-02 15:24:22,358][main][INFO][com.bit.armdcrf.service.CrfResolve.WordToTable:28] 开始处理对应文档preUSExtra部分的内容。
[2018-04-02 15:24:22,358][main][INFO][com.bit.armdcrf.service.CrfResolve.CrfWordResolveImpl:30] 开始获取对应所处理文档部分的关键字集preUSExtra.txt。
[2018-04-02 15:24:22,361][main][INFO][com.bit.armdcrf.service.CrfResolve.WordToTable:187] 文档解析到键值对成功!
[2018-04-02 15:24:22,472][main][INFO][com.bit.armdcrf.service.CrfResolve.WordToTable:28] 开始处理对应文档preUS部分的内容。
[2018-04-02 15:24:22,472][main][INFO][com.bit.armdcrf.service.CrfResolve.CrfWordResolveImpl:30] 开始获取对应所处理文档部分的关键字集preUS.txt。
[2018-04-02 15:24:22,474][main][INFO][com.bit.armdcrf.service.CrfResolve.WordToTable:187] 文档解析到键值对成功!
[2018-04-02 15:24:22,475][main][INFO][com.bit.armdcrf.service.CrfResolve.WordToTable:28] 开始处理对应文档preUS部分的内容。
[2018-04-02 15:24:22,475][main][INFO][com.bit.armdcrf.service.CrfResolve.CrfWordResolveImpl:30] 开始获取对应所处理文档部分的关键字集preUS.txt。
[2018-04-02 15:24:22,476][main][INFO][com.bit.armdcrf.service.CrfResolve.WordToTable:187] 文档解析到键值对成功!
[2018-04-02 15:24:22,476][main][INFO][com.bit.armdcrf.service.CrfResolve.WordToTable:28] 开始处理对应文档preUS部分的内容。
[2018-04-02 15:24:22,476][main][INFO][com.bit.armdcrf.service.CrfResolve.CrfWordResolveImpl:30] 开始获取对应所处理文档部分的关键字集preUS.txt。
[2018-04-02 15:24:22,477][main][INFO][com.bit.armdcrf.service.CrfResolve.WordToTable:187] 文档解析到键值对成功!
[2018-04-02 15:24:22,477][main][INFO][com.bit.armdcrf.service.CrfResolve.WordToTable:28] 开始处理对应文档preUS部分的内容。
[2018-04-02 15:24:22,478][main][INFO][com.bit.armdcrf.service.CrfResolve.CrfWordResolveImpl:30] 开始获取对应所处理文档部分的关键字集preUS.txt。
[2018-04-02 15:24:22,478][main][INFO][com.bit.armdcrf.service.CrfResolve.WordToTable:187] 文档解析到键值对成功!
[2018-04-02 15:24:22,479][main][INFO][com.bit.armdcrf.service.CrfResolve.WordToTable:28] 开始处理对应文档preUS部分的内容。
[2018-04-02 15:24:22,479][main][INFO][com.bit.armdcrf.service.CrfResolve.CrfWordResolveImpl:30] 开始获取对应所处理文档部分的关键字集preUS.txt。
[2018-04-02 15:24:22,480][main][INFO][com.bit.armdcrf.service.CrfResolve.WordToTable:187] 文档解析到键值对成功!
[2018-04-02 15:24:22,589][main][INFO][com.bit.armdcrf.service.CrfResolve.WordToTable:28] 开始处理对应文档preMRI部分的内容。
[2018-04-02 15:24:22,589][main][INFO][com.bit.armdcrf.service.CrfResolve.CrfWordResolveImpl:30] 开始获取对应所处理文档部分的关键字集preMRI.txt。
[2018-04-02 15:24:22,591][main][INFO][com.bit.armdcrf.service.CrfResolve.WordToTable:187] 文档解析到键值对成功!
[2018-04-02 15:24:22,591][main][INFO][com.bit.armdcrf.service.CrfResolve.WordToTable:28] 开始处理对应文档preMRI部分的内容。
[2018-04-02 15:24:22,592][main][INFO][com.bit.armdcrf.service.CrfResolve.CrfWordResolveImpl:30] 开始获取对应所处理文档部分的关键字集preMRI.txt。
[2018-04-02 15:24:22,592][main][INFO][com.bit.armdcrf.service.CrfResolve.WordToTable:187] 文档解析到键值对成功!
[2018-04-02 15:24:22,593][main][INFO][com.bit.armdcrf.service.CrfResolve.WordToTable:28] 开始处理对应文档preMRI部分的内容。
[2018-04-02 15:24:22,593][main][INFO][com.bit.armdcrf.service.CrfResolve.CrfWordResolveImpl:30] 开始获取对应所处理文档部分的关键字集preMRI.txt。
[2018-04-02 15:24:22,593][main][INFO][com.bit.armdcrf.service.CrfResolve.WordToTable:187] 文档解析到键值对成功!
[2018-04-02 15:24:22,593][main][INFO][com.bit.armdcrf.service.CrfResolve.WordToTable:28] 开始处理对应文档preMRI部分的内容。
[2018-04-02 15:24:22,593][main][INFO][com.bit.armdcrf.service.CrfResolve.CrfWordResolveImpl:30] 开始获取对应所处理文档部分的关键字集preMRI.txt。
[2018-04-02 15:24:22,594][main][INFO][com.bit.armdcrf.service.CrfResolve.WordToTable:187] 文档解析到键值对成功!
[2018-04-02 15:24:22,711][main][INFO][com.bit.armdcrf.service.CrfResolve.WordToTable:28] 开始处理对应文档preCT部分的内容。
[2018-04-02 15:24:22,712][main][INFO][com.bit.armdcrf.service.CrfResolve.CrfWordResolveImpl:30] 开始获取对应所处理文档部分的关键字集preCT.txt。
[2018-04-02 15:24:22,714][main][INFO][com.bit.armdcrf.service.CrfResolve.WordToTable:187] 文档解析到键值对成功!
[2018-04-02 15:24:22,714][main][INFO][com.bit.armdcrf.service.CrfResolve.WordToTable:28] 开始处理对应文档preCT部分的内容。
[2018-04-02 15:24:22,714][main][INFO][com.bit.armdcrf.service.CrfResolve.CrfWordResolveImpl:30] 开始获取对应所处理文档部分的关键字集preCT.txt。
[2018-04-02 15:24:22,715][main][INFO][com.bit.armdcrf.service.CrfResolve.WordToTable:187] 文档解析到键值对成功!
[2018-04-02 15:24:22,715][main][INFO][com.bit.armdcrf.service.CrfResolve.WordToTable:28] 开始处理对应文档preCT部分的内容。
[2018-04-02 15:24:22,715][main][INFO][com.bit.armdcrf.service.CrfResolve.CrfWordResolveImpl:30] 开始获取对应所处理文档部分的关键字集preCT.txt。
[2018-04-02 15:24:22,715][main][INFO][com.bit.armdcrf.service.CrfResolve.WordToTable:187] 文档解析到键值对成功!
[2018-04-02 15:24:22,810][main][INFO][com.bit.armdcrf.service.CrfResolve.WordToTable:28] 开始处理对应文档preCEUSExtra部分的内容。
[2018-04-02 15:24:22,811][main][INFO][com.bit.armdcrf.service.CrfResolve.CrfWordResolveImpl:30] 开始获取对应所处理文档部分的关键字集preCEUSExtra.txt。
[2018-04-02 15:24:22,813][main][INFO][com.bit.armdcrf.service.CrfResolve.WordToTable:187] 文档解析到键值对成功!
[2018-04-02 15:24:22,892][main][INFO][com.bit.armdcrf.service.CrfResolve.WordToTable:28] 开始处理对应文档preCEUS部分的内容。
[2018-04-02 15:24:22,892][main][INFO][com.bit.armdcrf.service.CrfResolve.CrfWordResolveImpl:30] 开始获取对应所处理文档部分的关键字集preCEUS.txt。
[2018-04-02 15:24:22,894][main][INFO][com.bit.armdcrf.service.CrfResolve.WordToTable:187] 文档解析到键值对成功!
[2018-04-02 15:24:22,895][main][INFO][com.bit.armdcrf.service.CrfResolve.WordToTable:28] 开始处理对应文档preCEUS部分的内容。
[2018-04-02 15:24:22,895][main][INFO][com.bit.armdcrf.service.CrfResolve.CrfWordResolveImpl:30] 开始获取对应所处理文档部分的关键字集preCEUS.txt。
[2018-04-02 15:24:22,895][main][INFO][com.bit.armdcrf.service.CrfResolve.WordToTable:187] 文档解析到键值对成功!
[2018-04-02 15:24:22,895][main][INFO][com.bit.armdcrf.service.CrfResolve.WordToTable:28] 开始处理对应文档preCEUS部分的内容。
[2018-04-02 15:24:22,896][main][INFO][com.bit.armdcrf.service.CrfResolve.CrfWordResolveImpl:30] 开始获取对应所处理文档部分的关键字集preCEUS.txt。
[2018-04-02 15:24:22,896][main][INFO][com.bit.armdcrf.service.CrfResolve.WordToTable:187] 文档解析到键值对成功!
[2018-04-02 15:24:22,971][main][INFO][com.bit.armdcrf.service.CrfResolve.WordToTable:28] 开始处理对应文档prePETCTExtra部分的内容。
[2018-04-02 15:24:22,971][main][INFO][com.bit.armdcrf.service.CrfResolve.CrfWordResolveImpl:30] 开始获取对应所处理文档部分的关键字集prePETCTExtra.txt。
[2018-04-02 15:24:22,973][main][INFO][com.bit.armdcrf.service.CrfResolve.WordToTable:187] 文档解析到键值对成功!
[2018-04-02 15:24:23,050][main][INFO][com.bit.armdcrf.service.CrfResolve.WordToTable:28] 开始处理对应文档prePETCT部分的内容。
[2018-04-02 15:24:23,050][main][INFO][com.bit.armdcrf.service.CrfResolve.CrfWordResolveImpl:30] 开始获取对应所处理文档部分的关键字集prePETCT.txt。
[2018-04-02 15:24:23,053][main][INFO][com.bit.armdcrf.service.CrfResolve.WordToTable:187] 文档解析到键值对成功!
[2018-04-02 15:24:23,053][main][INFO][com.bit.armdcrf.service.CrfResolve.WordToTable:28] 开始处理对应文档prePETCT部分的内容。
[2018-04-02 15:24:23,053][main][INFO][com.bit.armdcrf.service.CrfResolve.CrfWordResolveImpl:30] 开始获取对应所处理文档部分的关键字集prePETCT.txt。
[2018-04-02 15:24:23,053][main][INFO][com.bit.armdcrf.service.CrfResolve.WordToTable:187] 文档解析到键值对成功!
[2018-04-02 15:24:23,053][main][INFO][com.bit.armdcrf.service.CrfResolve.WordToTable:28] 开始处理对应文档prePETCT部分的内容。
[2018-04-02 15:24:23,054][main][INFO][com.bit.armdcrf.service.CrfResolve.CrfWordResolveImpl:30] 开始获取对应所处理文档部分的关键字集prePETCT.txt。
[2018-04-02 15:24:23,054][main][INFO][com.bit.armdcrf.service.CrfResolve.WordToTable:187] 文档解析到键值对成功!
[2018-04-02 15:24:23,348][Thread-2][INFO][org.springframework.web.context.support.GenericWebApplicationContext:984] Closing org.springframework.web.context.support.GenericWebApplicationContext@2584b82d: startup date [Mon Apr 02 15:24:19 CST 2018]; root of context hierarchy
[2018-04-02 16:54:18,965][main][INFO][com.bit.armdcrf.IndexWordFileTest:48] Starting IndexWordFileTest on debbieqiu with PID 4557 (started by Debbie in /Users/Debbie/bitarmdcrf)
[2018-04-02 16:54:18,971][main][INFO][com.bit.armdcrf.IndexWordFileTest:593] No active profile set, falling back to default profiles: default
[2018-04-02 16:54:19,004][main][INFO][org.springframework.web.context.support.GenericWebApplicationContext:583] Refreshing org.springframework.web.context.support.GenericWebApplicationContext@532a02d9: startup date [Mon Apr 02 16:54:19 CST 2018]; root of context hierarchy
[2018-04-02 16:54:19,283][background-preinit][INFO][org.hibernate.validator.internal.util.Version:30] HV000001: Hibernate Validator 5.3.6.Final
[2018-04-02 16:54:20,312][main][INFO][org.springframework.web.servlet.mvc.method.annotation.RequestMappingHandlerAdapter:534] Looking for @ControllerAdvice: org.springframework.web.context.support.GenericWebApplicationContext@532a02d9: startup date [Mon Apr 02 16:54:19 CST 2018]; root of context hierarchy
[2018-04-02 16:54:20,378][main][INFO][org.springframework.web.servlet.mvc.method.annotation.RequestMappingHandlerMapping:543] Mapped "{[/data/importword],methods=[POST]}" onto public java.util.Map<java.lang.String, java.lang.String> com.bit.armdcrf.Controller.DataController.importWord(java.lang.String)
[2018-04-02 16:54:20,379][main][INFO][org.springframework.web.servlet.mvc.method.annotation.RequestMappingHandlerMapping:543] Mapped "{[/data/importimg],methods=[POST]}" onto public java.util.Map<java.lang.String, java.lang.String> com.bit.armdcrf.Controller.DataController.importImg(java.lang.String)
[2018-04-02 16:54:20,380][main][INFO][org.springframework.web.servlet.mvc.method.annotation.RequestMappingHandlerMapping:543] Mapped "{[/data/import_info_img],methods=[POST]}" onto public java.util.Map<java.lang.String, java.lang.String> com.bit.armdcrf.Controller.DataController.importInfoImg(com.bit.armdcrf.dto.ImgData)
[2018-04-02 16:54:20,381][main][INFO][org.springframework.web.servlet.mvc.method.annotation.RequestMappingHandlerMapping:543] Mapped "{[/data/crf_text],methods=[POST]}" onto public java.util.Map<java.lang.String, java.lang.String> com.bit.armdcrf.Controller.DataController.getCrfText(java.lang.String,java.lang.String)
[2018-04-02 16:54:20,381][main][INFO][org.springframework.web.servlet.mvc.method.annotation.RequestMappingHandlerMapping:543] Mapped "{[/data/search_word],methods=[POST]}" onto public java.util.Map<java.lang.String, java.lang.String> com.bit.armdcrf.Controller.DataController.searchWord(com.bit.armdcrf.dto.SearchData)
[2018-04-02 16:54:20,381][main][INFO][org.springframework.web.servlet.mvc.method.annotation.RequestMappingHandlerMapping:543] Mapped "{[/test]}" onto public java.util.Map<java.lang.Object, java.lang.Object> com.bit.armdcrf.Controller.WebController.function(java.lang.String)
[2018-04-02 16:54:20,382][main][INFO][org.springframework.web.servlet.mvc.method.annotation.RequestMappingHandlerMapping:543] Mapped "{[/menu-form]}" onto public com.alibaba.fastjson.JSONArray com.bit.armdcrf.Controller.WebController.crfWordResolveTest() throws java.io.IOException
[2018-04-02 16:54:20,384][main][INFO][org.springframework.web.servlet.mvc.method.annotation.RequestMappingHandlerMapping:543] Mapped "{[/error]}" onto public org.springframework.http.ResponseEntity<java.util.Map<java.lang.String, java.lang.Object>> org.springframework.boot.autoconfigure.web.BasicErrorController.error(javax.servlet.http.HttpServletRequest)
[2018-04-02 16:54:20,385][main][INFO][org.springframework.web.servlet.mvc.method.annotation.RequestMappingHandlerMapping:543] Mapped "{[/error],produces=[text/html]}" onto public org.springframework.web.servlet.ModelAndView org.springframework.boot.autoconfigure.web.BasicErrorController.errorHtml(javax.servlet.http.HttpServletRequest,javax.servlet.http.HttpServletResponse)
[2018-04-02 16:54:20,415][main][INFO][org.springframework.web.servlet.handler.SimpleUrlHandlerMapping:362] Mapped URL path [/webjars/**] onto handler of type [class org.springframework.web.servlet.resource.ResourceHttpRequestHandler]
[2018-04-02 16:54:20,415][main][INFO][org.springframework.web.servlet.handler.SimpleUrlHandlerMapping:362] Mapped URL path [/**] onto handler of type [class org.springframework.web.servlet.resource.ResourceHttpRequestHandler]
[2018-04-02 16:54:20,450][main][INFO][org.springframework.web.servlet.handler.SimpleUrlHandlerMapping:362] Mapped URL path [/**/favicon.ico] onto handler of type [class org.springframework.web.servlet.resource.ResourceHttpRequestHandler]
[2018-04-02 16:54:20,471][main][INFO][org.springframework.boot.autoconfigure.web.WebMvcAutoConfiguration$WelcomePageHandlerMapping:549] Adding welcome page: ServletContext resource [/index.html]
[2018-04-02 16:54:20,663][main][INFO][com.bit.armdcrf.IndexWordFileTest:57] Started IndexWordFileTest in 2.015 seconds (JVM running for 3.037)
[2018-04-02 16:54:51,966][main][INFO][com.bit.armdcrf.service.CrfResolve.WordToTable:28] 开始处理对应文档crf1_part1部分的内容。
[2018-04-02 16:54:51,969][main][INFO][com.bit.armdcrf.service.CrfResolve.CrfWordResolveImpl:30] 开始获取对应所处理文档部分的关键字集crf1_part1.txt。
[2018-04-02 16:54:51,973][main][INFO][com.bit.armdcrf.service.CrfResolve.WordToTable:187] 文档解析到键值对成功!
[2018-04-02 16:54:52,020][main][INFO][com.bit.armdcrf.service.CrfResolve.WordToTable:28] 开始处理对应文档crf1_part2部分的内容。
[2018-04-02 16:54:52,020][main][INFO][com.bit.armdcrf.service.CrfResolve.CrfWordResolveImpl:30] 开始获取对应所处理文档部分的关键字集crf1_part2.txt。
[2018-04-02 16:54:52,024][main][INFO][com.bit.armdcrf.service.CrfResolve.WordToTable:187] 文档解析到键值对成功!
[2018-04-02 16:55:05,274][main][INFO][com.bit.armdcrf.service.CrfResolve.WordToTable:28] 开始处理对应文档labStudy部分的内容。
[2018-04-02 16:55:05,275][main][INFO][com.bit.armdcrf.service.CrfResolve.CrfWordResolveImpl:30] 开始获取对应所处理文档部分的关键字集labStudy.txt。
[2018-04-02 16:55:05,278][main][INFO][com.bit.armdcrf.service.CrfResolve.WordToTable:187] 文档解析到键值对成功!
[2018-04-02 16:55:05,280][main][INFO][com.bit.armdcrf.service.CrfResolve.WordToTable:28] 开始处理对应文档preLab部分的内容。
[2018-04-02 16:55:05,281][main][INFO][com.bit.armdcrf.service.CrfResolve.CrfWordResolveImpl:30] 开始获取对应所处理文档部分的关键字集preLab.txt。
[2018-04-02 16:55:05,282][main][INFO][com.bit.armdcrf.service.CrfResolve.WordToTable:187] 文档解析到键值对成功!
[2018-04-02 16:55:18,434][main][INFO][com.bit.armdcrf.service.CrfResolve.WordToTable:28] 开始处理对应文档preUSExtra部分的内容。
[2018-04-02 16:55:18,434][main][INFO][com.bit.armdcrf.service.CrfResolve.CrfWordResolveImpl:30] 开始获取对应所处理文档部分的关键字集preUSExtra.txt。
[2018-04-02 16:55:18,435][main][INFO][com.bit.armdcrf.service.CrfResolve.WordToTable:187] 文档解析到键值对成功!
[2018-04-02 16:55:31,363][main][INFO][com.bit.armdcrf.service.CrfResolve.WordToTable:28] 开始处理对应文档preUS部分的内容。
[2018-04-02 16:55:31,364][main][INFO][com.bit.armdcrf.service.CrfResolve.CrfWordResolveImpl:30] 开始获取对应所处理文档部分的关键字集preUS.txt。
[2018-04-02 16:55:31,367][main][INFO][com.bit.armdcrf.service.CrfResolve.WordToTable:187] 文档解析到键值对成功!
[2018-04-02 16:55:31,369][main][INFO][com.bit.armdcrf.service.CrfResolve.WordToTable:28] 开始处理对应文档preUS部分的内容。
[2018-04-02 16:55:31,369][main][INFO][com.bit.armdcrf.service.CrfResolve.CrfWordResolveImpl:30] 开始获取对应所处理文档部分的关键字集preUS.txt。
[2018-04-02 16:55:31,372][main][INFO][com.bit.armdcrf.service.CrfResolve.WordToTable:187] 文档解析到键值对成功!
[2018-04-02 16:55:31,374][main][INFO][com.bit.armdcrf.service.CrfResolve.WordToTable:28] 开始处理对应文档preUS部分的内容。
[2018-04-02 16:55:31,375][main][INFO][com.bit.armdcrf.service.CrfResolve.CrfWordResolveImpl:30] 开始获取对应所处理文档部分的关键字集preUS.txt。
[2018-04-02 16:55:31,378][main][INFO][com.bit.armdcrf.service.CrfResolve.WordToTable:187] 文档解析到键值对成功!
[2018-04-02 16:55:31,379][main][INFO][com.bit.armdcrf.service.CrfResolve.WordToTable:28] 开始处理对应文档preUS部分的内容。
[2018-04-02 16:55:31,380][main][INFO][com.bit.armdcrf.service.CrfResolve.CrfWordResolveImpl:30] 开始获取对应所处理文档部分的关键字集preUS.txt。
[2018-04-02 16:55:31,383][main][INFO][com.bit.armdcrf.service.CrfResolve.WordToTable:187] 文档解析到键值对成功!
[2018-04-02 16:55:31,385][main][INFO][com.bit.armdcrf.service.CrfResolve.WordToTable:28] 开始处理对应文档preUS部分的内容。
[2018-04-02 16:55:31,386][main][INFO][com.bit.armdcrf.service.CrfResolve.CrfWordResolveImpl:30] 开始获取对应所处理文档部分的关键字集preUS.txt。
[2018-04-02 16:55:31,389][main][INFO][com.bit.armdcrf.service.CrfResolve.WordToTable:187] 文档解析到键值对成功!
[2018-04-02 16:55:44,462][main][INFO][com.bit.armdcrf.service.CrfResolve.WordToTable:28] 开始处理对应文档preMRI部分的内容。
[2018-04-02 16:55:44,463][main][INFO][com.bit.armdcrf.service.CrfResolve.CrfWordResolveImpl:30] 开始获取对应所处理文档部分的关键字集preMRI.txt。
[2018-04-02 16:55:44,468][main][INFO][com.bit.armdcrf.service.CrfResolve.WordToTable:187] 文档解析到键值对成功!
[2018-04-02 16:55:44,470][main][INFO][com.bit.armdcrf.service.CrfResolve.WordToTable:28] 开始处理对应文档preMRI部分的内容。
[2018-04-02 16:55:44,471][main][INFO][com.bit.armdcrf.service.CrfResolve.CrfWordResolveImpl:30] 开始获取对应所处理文档部分的关键字集preMRI.txt。
[2018-04-02 16:55:44,473][main][INFO][com.bit.armdcrf.service.CrfResolve.WordToTable:187] 文档解析到键值对成功!
[2018-04-02 16:55:44,475][main][INFO][com.bit.armdcrf.service.CrfResolve.WordToTable:28] 开始处理对应文档preMRI部分的内容。
[2018-04-02 16:55:44,476][main][INFO][com.bit.armdcrf.service.CrfResolve.CrfWordResolveImpl:30] 开始获取对应所处理文档部分的关键字集preMRI.txt。
[2018-04-02 16:55:44,478][main][INFO][com.bit.armdcrf.service.CrfResolve.WordToTable:187] 文档解析到键值对成功!
[2018-04-02 16:55:44,479][main][INFO][com.bit.armdcrf.service.CrfResolve.WordToTable:28] 开始处理对应文档preMRI部分的内容。
[2018-04-02 16:55:44,480][main][INFO][com.bit.armdcrf.service.CrfResolve.CrfWordResolveImpl:30] 开始获取对应所处理文档部分的关键字集preMRI.txt。
[2018-04-02 16:55:44,482][main][INFO][com.bit.armdcrf.service.CrfResolve.WordToTable:187] 文档解析到键值对成功!
[2018-04-02 16:55:47,952][Thread-2][INFO][org.springframework.web.context.support.GenericWebApplicationContext:984] Closing org.springframework.web.context.support.GenericWebApplicationContext@532a02d9: startup date [Mon Apr 02 16:54:19 CST 2018]; root of context hierarchy
[2018-04-02 16:55:54,305][main][INFO][com.bit.armdcrf.IndexWordFileTest:48] Starting IndexWordFileTest on debbieqiu with PID 4570 (started by Debbie in /Users/Debbie/bitarmdcrf)
[2018-04-02 16:55:54,309][main][INFO][com.bit.armdcrf.IndexWordFileTest:593] No active profile set, falling back to default profiles: default
[2018-04-02 16:55:54,341][main][INFO][org.springframework.web.context.support.GenericWebApplicationContext:583] Refreshing org.springframework.web.context.support.GenericWebApplicationContext@532a02d9: startup date [Mon Apr 02 16:55:54 CST 2018]; root of context hierarchy
[2018-04-02 16:55:54,627][background-preinit][INFO][org.hibernate.validator.internal.util.Version:30] HV000001: Hibernate Validator 5.3.6.Final
[2018-04-02 16:55:55,760][main][INFO][org.springframework.web.servlet.mvc.method.annotation.RequestMappingHandlerAdapter:534] Looking for @ControllerAdvice: org.springframework.web.context.support.GenericWebApplicationContext@532a02d9: startup date [Mon Apr 02 16:55:54 CST 2018]; root of context hierarchy
[2018-04-02 16:55:55,840][main][INFO][org.springframework.web.servlet.mvc.method.annotation.RequestMappingHandlerMapping:543] Mapped "{[/data/importword],methods=[POST]}" onto public java.util.Map<java.lang.String, java.lang.String> com.bit.armdcrf.Controller.DataController.importWord(java.lang.String)
[2018-04-02 16:55:55,842][main][INFO][org.springframework.web.servlet.mvc.method.annotation.RequestMappingHandlerMapping:543] Mapped "{[/data/importimg],methods=[POST]}" onto public java.util.Map<java.lang.String, java.lang.String> com.bit.armdcrf.Controller.DataController.importImg(java.lang.String)
[2018-04-02 16:55:55,842][main][INFO][org.springframework.web.servlet.mvc.method.annotation.RequestMappingHandlerMapping:543] Mapped "{[/data/import_info_img],methods=[POST]}" onto public java.util.Map<java.lang.String, java.lang.String> com.bit.armdcrf.Controller.DataController.importInfoImg(com.bit.armdcrf.dto.ImgData)
[2018-04-02 16:55:55,842][main][INFO][org.springframework.web.servlet.mvc.method.annotation.RequestMappingHandlerMapping:543] Mapped "{[/data/crf_text],methods=[POST]}" onto public java.util.Map<java.lang.String, java.lang.String> com.bit.armdcrf.Controller.DataController.getCrfText(java.lang.String,java.lang.String)
[2018-04-02 16:55:55,843][main][INFO][org.springframework.web.servlet.mvc.method.annotation.RequestMappingHandlerMapping:543] Mapped "{[/data/search_word],methods=[POST]}" onto public java.util.Map<java.lang.String, java.lang.String> com.bit.armdcrf.Controller.DataController.searchWord(com.bit.armdcrf.dto.SearchData)
[2018-04-02 16:55:55,844][main][INFO][org.springframework.web.servlet.mvc.method.annotation.RequestMappingHandlerMapping:543] Mapped "{[/test]}" onto public java.util.Map<java.lang.Object, java.lang.Object> com.bit.armdcrf.Controller.WebController.function(java.lang.String)
[2018-04-02 16:55:55,844][main][INFO][org.springframework.web.servlet.mvc.method.annotation.RequestMappingHandlerMapping:543] Mapped "{[/menu-form]}" onto public com.alibaba.fastjson.JSONArray com.bit.armdcrf.Controller.WebController.crfWordResolveTest() throws java.io.IOException
[2018-04-02 16:55:55,846][main][INFO][org.springframework.web.servlet.mvc.method.annotation.RequestMappingHandlerMapping:543] Mapped "{[/error]}" onto public org.springframework.http.ResponseEntity<java.util.Map<java.lang.String, java.lang.Object>> org.springframework.boot.autoconfigure.web.BasicErrorController.error(javax.servlet.http.HttpServletRequest)
[2018-04-02 16:55:55,847][main][INFO][org.springframework.web.servlet.mvc.method.annotation.RequestMappingHandlerMapping:543] Mapped "{[/error],produces=[text/html]}" onto public org.springframework.web.servlet.ModelAndView org.springframework.boot.autoconfigure.web.BasicErrorController.errorHtml(javax.servlet.http.HttpServletRequest,javax.servlet.http.HttpServletResponse)
[2018-04-02 16:55:55,885][main][INFO][org.springframework.web.servlet.handler.SimpleUrlHandlerMapping:362] Mapped URL path [/webjars/**] onto handler of type [class org.springframework.web.servlet.resource.ResourceHttpRequestHandler]
[2018-04-02 16:55:55,885][main][INFO][org.springframework.web.servlet.handler.SimpleUrlHandlerMapping:362] Mapped URL path [/**] onto handler of type [class org.springframework.web.servlet.resource.ResourceHttpRequestHandler]
[2018-04-02 16:55:55,930][main][INFO][org.springframework.web.servlet.handler.SimpleUrlHandlerMapping:362] Mapped URL path [/**/favicon.ico] onto handler of type [class org.springframework.web.servlet.resource.ResourceHttpRequestHandler]
[2018-04-02 16:55:55,959][main][INFO][org.springframework.boot.autoconfigure.web.WebMvcAutoConfiguration$WelcomePageHandlerMapping:549] Adding welcome page: ServletContext resource [/index.html]
[2018-04-02 16:55:56,194][main][INFO][com.bit.armdcrf.IndexWordFileTest:57] Started IndexWordFileTest in 2.174 seconds (JVM running for 3.162)
[2018-04-02 16:55:57,299][main][INFO][com.bit.armdcrf.service.CrfResolve.WordToTable:28] 开始处理对应文档crf1_part1部分的内容。
[2018-04-02 16:55:57,300][main][INFO][com.bit.armdcrf.service.CrfResolve.CrfWordResolveImpl:30] 开始获取对应所处理文档部分的关键字集crf1_part1.txt。
[2018-04-02 16:55:57,301][main][INFO][com.bit.armdcrf.service.CrfResolve.WordToTable:187] 文档解析到键值对成功!
[2018-04-02 16:55:57,309][main][INFO][com.bit.armdcrf.service.CrfResolve.WordToTable:28] 开始处理对应文档crf1_part2部分的内容。
[2018-04-02 16:55:57,309][main][INFO][com.bit.armdcrf.service.CrfResolve.CrfWordResolveImpl:30] 开始获取对应所处理文档部分的关键字集crf1_part2.txt。
[2018-04-02 16:55:57,310][main][INFO][com.bit.armdcrf.service.CrfResolve.WordToTable:187] 文档解析到键值对成功!
[2018-04-02 16:55:57,505][main][INFO][com.bit.armdcrf.service.CrfResolve.WordToTable:28] 开始处理对应文档labStudy部分的内容。
[2018-04-02 16:55:57,506][main][INFO][com.bit.armdcrf.service.CrfResolve.CrfWordResolveImpl:30] 开始获取对应所处理文档部分的关键字集labStudy.txt。
[2018-04-02 16:55:57,507][main][INFO][com.bit.armdcrf.service.CrfResolve.WordToTable:187] 文档解析到键值对成功!
[2018-04-02 16:55:57,507][main][INFO][com.bit.armdcrf.service.CrfResolve.WordToTable:28] 开始处理对应文档preLab部分的内容。
[2018-04-02 16:55:57,508][main][INFO][com.bit.armdcrf.service.CrfResolve.CrfWordResolveImpl:30] 开始获取对应所处理文档部分的关键字集preLab.txt。
[2018-04-02 16:55:57,508][main][INFO][com.bit.armdcrf.service.CrfResolve.WordToTable:187] 文档解析到键值对成功!
[2018-04-02 16:55:57,638][main][INFO][com.bit.armdcrf.service.CrfResolve.WordToTable:28] 开始处理对应文档preUSExtra部分的内容。
[2018-04-02 16:55:57,638][main][INFO][com.bit.armdcrf.service.CrfResolve.CrfWordResolveImpl:30] 开始获取对应所处理文档部分的关键字集preUSExtra.txt。
[2018-04-02 16:55:57,639][main][INFO][com.bit.armdcrf.service.CrfResolve.WordToTable:187] 文档解析到键值对成功!
[2018-04-02 16:55:57,747][main][INFO][com.bit.armdcrf.service.CrfResolve.WordToTable:28] 开始处理对应文档preUS部分的内容。
[2018-04-02 16:55:57,747][main][INFO][com.bit.armdcrf.service.CrfResolve.CrfWordResolveImpl:30] 开始获取对应所处理文档部分的关键字集preUS.txt。
[2018-04-02 16:55:57,747][main][INFO][com.bit.armdcrf.service.CrfResolve.WordToTable:187] 文档解析到键值对成功!
[2018-04-02 16:55:57,748][main][INFO][com.bit.armdcrf.service.CrfResolve.WordToTable:28] 开始处理对应文档preUS部分的内容。
[2018-04-02 16:55:57,748][main][INFO][com.bit.armdcrf.service.CrfResolve.CrfWordResolveImpl:30] 开始获取对应所处理文档部分的关键字集preUS.txt。
[2018-04-02 16:55:57,748][main][INFO][com.bit.armdcrf.service.CrfResolve.WordToTable:187] 文档解析到键值对成功!
[2018-04-02 16:55:57,749][main][INFO][com.bit.armdcrf.service.CrfResolve.WordToTable:28] 开始处理对应文档preUS部分的内容。
[2018-04-02 16:55:57,749][main][INFO][com.bit.armdcrf.service.CrfResolve.CrfWordResolveImpl:30] 开始获取对应所处理文档部分的关键字集preUS.txt。
[2018-04-02 16:55:57,749][main][INFO][com.bit.armdcrf.service.CrfResolve.WordToTable:187] 文档解析到键值对成功!
[2018-04-02 16:55:57,749][main][INFO][com.bit.armdcrf.service.CrfResolve.WordToTable:28] 开始处理对应文档preUS部分的内容。
[2018-04-02 16:55:57,750][main][INFO][com.bit.armdcrf.service.CrfResolve.CrfWordResolveImpl:30] 开始获取对应所处理文档部分的关键字集preUS.txt。
[2018-04-02 16:55:57,750][main][INFO][com.bit.armdcrf.service.CrfResolve.WordToTable:187] 文档解析到键值对成功!
[2018-04-02 16:55:57,750][main][INFO][com.bit.armdcrf.service.CrfResolve.WordToTable:28] 开始处理对应文档preUS部分的内容。
[2018-04-02 16:55:57,750][main][INFO][com.bit.armdcrf.service.CrfResolve.CrfWordResolveImpl:30] 开始获取对应所处理文档部分的关键字集preUS.txt。
[2018-04-02 16:55:57,751][main][INFO][com.bit.armdcrf.service.CrfResolve.WordToTable:187] 文档解析到键值对成功!
[2018-04-02 16:55:57,869][main][INFO][com.bit.armdcrf.service.CrfResolve.WordToTable:28] 开始处理对应文档preMRI部分的内容。
[2018-04-02 16:55:57,870][main][INFO][com.bit.armdcrf.service.CrfResolve.CrfWordResolveImpl:30] 开始获取对应所处理文档部分的关键字集preMRI.txt。
[2018-04-02 16:55:57,870][main][INFO][com.bit.armdcrf.service.CrfResolve.WordToTable:187] 文档解析到键值对成功!
[2018-04-02 16:55:57,871][main][INFO][com.bit.armdcrf.service.CrfResolve.WordToTable:28] 开始处理对应文档preMRI部分的内容。
[2018-04-02 16:55:57,871][main][INFO][com.bit.armdcrf.service.CrfResolve.CrfWordResolveImpl:30] 开始获取对应所处理文档部分的关键字集preMRI.txt。
[2018-04-02 16:55:57,871][main][INFO][com.bit.armdcrf.service.CrfResolve.WordToTable:187] 文档解析到键值对成功!
[2018-04-02 16:55:57,872][main][INFO][com.bit.armdcrf.service.CrfResolve.WordToTable:28] 开始处理对应文档preMRI部分的内容。
[2018-04-02 16:55:57,872][main][INFO][com.bit.armdcrf.service.CrfResolve.CrfWordResolveImpl:30] 开始获取对应所处理文档部分的关键字集preMRI.txt。
[2018-04-02 16:55:57,872][main][INFO][com.bit.armdcrf.service.CrfResolve.WordToTable:187] 文档解析到键值对成功!
[2018-04-02 16:55:57,873][main][INFO][com.bit.armdcrf.service.CrfResolve.WordToTable:28] 开始处理对应文档preMRI部分的内容。
[2018-04-02 16:55:57,873][main][INFO][com.bit.armdcrf.service.CrfResolve.CrfWordResolveImpl:30] 开始获取对应所处理文档部分的关键字集preMRI.txt。
[2018-04-02 16:55:57,873][main][INFO][com.bit.armdcrf.service.CrfResolve.WordToTable:187] 文档解析到键值对成功!
[2018-04-02 16:55:57,988][main][INFO][com.bit.armdcrf.service.CrfResolve.WordToTable:28] 开始处理对应文档preCT部分的内容。
[2018-04-02 16:55:57,988][main][INFO][com.bit.armdcrf.service.CrfResolve.CrfWordResolveImpl:30] 开始获取对应所处理文档部分的关键字集preCT.txt。
[2018-04-02 16:55:57,990][main][INFO][com.bit.armdcrf.service.CrfResolve.WordToTable:187] 文档解析到键值对成功!
[2018-04-02 16:55:57,990][main][INFO][com.bit.armdcrf.service.CrfResolve.WordToTable:28] 开始处理对应文档preCT部分的内容。
[2018-04-02 16:55:57,990][main][INFO][com.bit.armdcrf.service.CrfResolve.CrfWordResolveImpl:30] 开始获取对应所处理文档部分的关键字集preCT.txt。
[2018-04-02 16:55:57,990][main][INFO][com.bit.armdcrf.service.CrfResolve.WordToTable:187] 文档解析到键值对成功!
[2018-04-02 16:55:57,990][main][INFO][com.bit.armdcrf.service.CrfResolve.WordToTable:28] 开始处理对应文档preCT部分的内容。
[2018-04-02 16:55:57,991][main][INFO][com.bit.armdcrf.service.CrfResolve.CrfWordResolveImpl:30] 开始获取对应所处理文档部分的关键字集preCT.txt。
[2018-04-02 16:55:57,991][main][INFO][com.bit.armdcrf.service.CrfResolve.WordToTable:187] 文档解析到键值对成功!
[2018-04-02 16:55:58,078][main][INFO][com.bit.armdcrf.service.CrfResolve.WordToTable:28] 开始处理对应文档preCEUSExtra部分的内容。
[2018-04-02 16:55:58,078][main][INFO][com.bit.armdcrf.service.CrfResolve.CrfWordResolveImpl:30] 开始获取对应所处理文档部分的关键字集preCEUSExtra.txt。
[2018-04-02 16:55:58,078][main][INFO][com.bit.armdcrf.service.CrfResolve.WordToTable:187] 文档解析到键值对成功!
[2018-04-02 16:55:58,170][main][INFO][com.bit.armdcrf.service.CrfResolve.WordToTable:28] 开始处理对应文档preCEUS部分的内容。
[2018-04-02 16:55:58,171][main][INFO][com.bit.armdcrf.service.CrfResolve.CrfWordResolveImpl:30] 开始获取对应所处理文档部分的关键字集preCEUS.txt。
[2018-04-02 16:55:58,171][main][INFO][com.bit.armdcrf.service.CrfResolve.WordToTable:187] 文档解析到键值对成功!
[2018-04-02 16:55:58,171][main][INFO][com.bit.armdcrf.service.CrfResolve.WordToTable:28] 开始处理对应文档preCEUS部分的内容。
[2018-04-02 16:55:58,171][main][INFO][com.bit.armdcrf.service.CrfResolve.CrfWordResolveImpl:30] 开始获取对应所处理文档部分的关键字集preCEUS.txt。
[2018-04-02 16:55:58,172][main][INFO][com.bit.armdcrf.service.CrfResolve.WordToTable:187] 文档解析到键值对成功!
[2018-04-02 16:55:58,172][main][INFO][com.bit.armdcrf.service.CrfResolve.WordToTable:28] 开始处理对应文档preCEUS部分的内容。
[2018-04-02 16:55:58,172][main][INFO][com.bit.armdcrf.service.CrfResolve.CrfWordResolveImpl:30] 开始获取对应所处理文档部分的关键字集preCEUS.txt。
[2018-04-02 16:55:58,172][main][INFO][com.bit.armdcrf.service.CrfResolve.WordToTable:187] 文档解析到键值对成功!
[2018-04-02 16:55:58,255][main][INFO][com.bit.armdcrf.service.CrfResolve.WordToTable:28] 开始处理对应文档prePETCTExtra部分的内容。
[2018-04-02 16:55:58,255][main][INFO][com.bit.armdcrf.service.CrfResolve.CrfWordResolveImpl:30] 开始获取对应所处理文档部分的关键字集prePETCTExtra.txt。
[2018-04-02 16:55:58,255][main][INFO][com.bit.armdcrf.service.CrfResolve.WordToTable:187] 文档解析到键值对成功!
[2018-04-02 16:55:58,334][main][INFO][com.bit.armdcrf.service.CrfResolve.WordToTable:28] 开始处理对应文档prePETCT部分的内容。
[2018-04-02 16:55:58,334][main][INFO][com.bit.armdcrf.service.CrfResolve.CrfWordResolveImpl:30] 开始获取对应所处理文档部分的关键字集prePETCT.txt。
[2018-04-02 16:55:58,335][main][INFO][com.bit.armdcrf.service.CrfResolve.WordToTable:187] 文档解析到键值对成功!
[2018-04-02 16:55:58,335][main][INFO][com.bit.armdcrf.service.CrfResolve.WordToTable:28] 开始处理对应文档prePETCT部分的内容。
[2018-04-02 16:55:58,335][main][INFO][com.bit.armdcrf.service.CrfResolve.CrfWordResolveImpl:30] 开始获取对应所处理文档部分的关键字集prePETCT.txt。
[2018-04-02 16:55:58,335][main][INFO][com.bit.armdcrf.service.CrfResolve.WordToTable:187] 文档解析到键值对成功!
[2018-04-02 16:55:58,336][main][INFO][com.bit.armdcrf.service.CrfResolve.WordToTable:28] 开始处理对应文档prePETCT部分的内容。
[2018-04-02 16:55:58,336][main][INFO][com.bit.armdcrf.service.CrfResolve.CrfWordResolveImpl:30] 开始获取对应所处理文档部分的关键字集prePETCT.txt。
[2018-04-02 16:55:58,336][main][INFO][com.bit.armdcrf.service.CrfResolve.WordToTable:187] 文档解析到键值对成功!
[2018-04-02 16:56:08,415][Thread-2][INFO][org.springframework.web.context.support.GenericWebApplicationContext:984] Closing org.springframework.web.context.support.GenericWebApplicationContext@532a02d9: startup date [Mon Apr 02 16:55:54 CST 2018]; root of context hierarchy
