[2019-05-09 09:22:11,263][restartedMain][INFO][com.bit.armdcrf.BitarmdcrfApplication:48] Starting BitarmdcrfApplication on hexiaoyingdeMacBook-Pro.local with PID 12128 (started by jjmeg in /Users/jjmeg/Documents/毕设/qita/bitarmdcrf4.0)
[2019-05-09 09:22:11,291][restartedMain][INFO][com.bit.armdcrf.BitarmdcrfApplication:593] No active profile set, falling back to default profiles: default
[2019-05-09 09:22:11,345][restartedMain][INFO][org.springframework.boot.context.embedded.AnnotationConfigEmbeddedWebApplicationContext:583] Refreshing org.springframework.boot.context.embedded.AnnotationConfigEmbeddedWebApplicationContext@76072397: startup date [Thu May 09 09:22:11 CST 2019]; root of context hierarchy
[2019-05-09 09:22:11,412][background-preinit][INFO][org.hibernate.validator.internal.util.Version:30] HV000001: Hibernate Validator 5.3.6.Final
[2019-05-09 09:22:12,893][restartedMain][INFO][org.springframework.boot.context.embedded.tomcat.TomcatEmbeddedServletContainer:89] Tomcat initialized with port(s): 8081 (http)
[2019-05-09 09:22:12,903][restartedMain][INFO][org.apache.catalina.core.StandardService:179] Starting service [Tomcat]
[2019-05-09 09:22:12,904][restartedMain][INFO][org.apache.catalina.core.StandardEngine:179] Starting Servlet Engine: Apache Tomcat/8.5.23
[2019-05-09 09:22:12,969][localhost-startStop-1][INFO][org.apache.catalina.core.ContainerBase.[Tomcat].[localhost].[/]:179] Initializing Spring embedded WebApplicationContext
[2019-05-09 09:22:12,969][localhost-startStop-1][INFO][org.springframework.web.context.ContextLoader:276] Root WebApplicationContext: initialization completed in 1627 ms
[2019-05-09 09:22:13,169][localhost-startStop-1][INFO][org.springframework.boot.web.servlet.FilterRegistrationBean:258] Mapping filter: 'characterEncodingFilter' to: [/*]
[2019-05-09 09:22:13,170][localhost-startStop-1][INFO][org.springframework.boot.web.servlet.FilterRegistrationBean:258] Mapping filter: 'hiddenHttpMethodFilter' to: [/*]
[2019-05-09 09:22:13,170][localhost-startStop-1][INFO][org.springframework.boot.web.servlet.FilterRegistrationBean:258] Mapping filter: 'httpPutFormContentFilter' to: [/*]
[2019-05-09 09:22:13,170][localhost-startStop-1][INFO][org.springframework.boot.web.servlet.FilterRegistrationBean:258] Mapping filter: 'requestContextFilter' to: [/*]
[2019-05-09 09:22:13,172][localhost-startStop-1][INFO][org.springframework.boot.web.servlet.DelegatingFilterProxyRegistrationBean:258] Mapping filter: 'springSecurityFilterChain' to: [/*]
[2019-05-09 09:22:13,172][localhost-startStop-1][INFO][org.springframework.boot.web.servlet.ServletRegistrationBean:190] Mapping servlet: 'dispatcherServlet' to [/]
[2019-05-09 09:22:14,101][restartedMain][INFO][org.springframework.security.web.DefaultSecurityFilterChain:43] Creating filter chain: Ant [pattern='/login.html'], []
[2019-05-09 09:22:14,102][restartedMain][INFO][org.springframework.security.web.DefaultSecurityFilterChain:43] Creating filter chain: Ant [pattern='/login_timeout.html'], []
[2019-05-09 09:22:14,102][restartedMain][INFO][org.springframework.security.web.DefaultSecurityFilterChain:43] Creating filter chain: Ant [pattern='register.html'], []
[2019-05-09 09:22:14,102][restartedMain][INFO][org.springframework.security.web.DefaultSecurityFilterChain:43] Creating filter chain: Ant [pattern='/assets/**'], []
[2019-05-09 09:22:14,102][restartedMain][INFO][org.springframework.security.web.DefaultSecurityFilterChain:43] Creating filter chain: Ant [pattern='/B-JUI/**'], []
[2019-05-09 09:22:14,102][restartedMain][INFO][org.springframework.security.web.DefaultSecurityFilterChain:43] Creating filter chain: Ant [pattern='/images/**'], []
[2019-05-09 09:22:14,102][restartedMain][INFO][org.springframework.security.web.DefaultSecurityFilterChain:43] Creating filter chain: Ant [pattern='/json/**'], []
[2019-05-09 09:22:14,103][restartedMain][INFO][org.springframework.security.web.DefaultSecurityFilterChain:43] Creating filter chain: Ant [pattern='/web/**'], []
[2019-05-09 09:22:14,103][restartedMain][INFO][org.springframework.security.web.DefaultSecurityFilterChain:43] Creating filter chain: Ant [pattern='/user/addUser'], []
[2019-05-09 09:22:14,230][restartedMain][INFO][org.springframework.security.web.DefaultSecurityFilterChain:43] Creating filter chain: org.springframework.security.web.util.matcher.AnyRequestMatcher@1, [org.springframework.security.web.context.request.async.WebAsyncManagerIntegrationFilter@67316327, org.springframework.security.web.context.SecurityContextPersistenceFilter@469f4bd1, org.springframework.security.web.header.HeaderWriterFilter@55eb3eb3, org.springframework.security.web.authentication.logout.LogoutFilter@11f71483, org.springframework.security.web.authentication.UsernamePasswordAuthenticationFilter@647a3aca, org.springframework.security.web.savedrequest.RequestCacheAwareFilter@5292566, org.springframework.security.web.servletapi.SecurityContextHolderAwareRequestFilter@36a2435c, org.springframework.security.web.authentication.AnonymousAuthenticationFilter@4d5c633e, org.springframework.security.web.session.SessionManagementFilter@68ee7b31, org.springframework.security.web.access.ExceptionTranslationFilter@6329bb96, org.springframework.security.web.access.intercept.FilterSecurityInterceptor@759ce289]
[2019-05-09 09:22:14,474][restartedMain][INFO][org.springframework.web.servlet.mvc.method.annotation.RequestMappingHandlerAdapter:534] Looking for @ControllerAdvice: org.springframework.boot.context.embedded.AnnotationConfigEmbeddedWebApplicationContext@76072397: startup date [Thu May 09 09:22:11 CST 2019]; root of context hierarchy
[2019-05-09 09:22:14,535][restartedMain][INFO][org.springframework.web.servlet.mvc.method.annotation.RequestMappingHandlerMapping:543] Mapped "{[/data/import],methods=[POST]}" onto public java.util.Map<java.lang.String, java.lang.String> com.bit.armdcrf.controller.DataController.importFile(java.lang.String)
[2019-05-09 09:22:14,536][restartedMain][INFO][org.springframework.web.servlet.mvc.method.annotation.RequestMappingHandlerMapping:543] Mapped "{[/data/importword],methods=[POST]}" onto public java.util.Map<java.lang.String, java.lang.String> com.bit.armdcrf.controller.DataController.importWord(java.lang.String)
[2019-05-09 09:22:14,537][restartedMain][INFO][org.springframework.web.servlet.mvc.method.annotation.RequestMappingHandlerMapping:543] Mapped "{[/data/importimg],methods=[POST]}" onto public java.util.Map<java.lang.String, java.lang.String> com.bit.armdcrf.controller.DataController.importImg(java.lang.String)
[2019-05-09 09:22:14,537][restartedMain][INFO][org.springframework.web.servlet.mvc.method.annotation.RequestMappingHandlerMapping:543] Mapped "{[/data/import_info_img],methods=[POST]}" onto public java.util.Map<java.lang.String, java.lang.String> com.bit.armdcrf.controller.DataController.importInfoImg(com.bit.armdcrf.model.Imgdata)
[2019-05-09 09:22:14,538][restartedMain][INFO][org.springframework.web.servlet.mvc.method.annotation.RequestMappingHandlerMapping:543] Mapped "{[/data/crf_text],methods=[POST]}" onto public java.util.Map<java.lang.String, java.util.List<java.lang.String>> com.bit.armdcrf.controller.DataController.getCrfText(java.lang.String,java.lang.String)
[2019-05-09 09:22:14,538][restartedMain][INFO][org.springframework.web.servlet.mvc.method.annotation.RequestMappingHandlerMapping:543] Mapped "{[/data/search_word],methods=[POST]}" onto public java.util.List<com.bit.armdcrf.dto.WordData> com.bit.armdcrf.controller.DataController.searchWord(com.bit.armdcrf.dto.SearchData)
[2019-05-09 09:22:14,538][restartedMain][INFO][org.springframework.web.servlet.mvc.method.annotation.RequestMappingHandlerMapping:543] Mapped "{[/data/search_word_express],methods=[POST]}" onto public java.util.List<com.bit.armdcrf.dto.WordData> com.bit.armdcrf.controller.DataController.searchWordExpress(java.lang.String)
[2019-05-09 09:22:14,539][restartedMain][INFO][org.springframework.web.servlet.mvc.method.annotation.RequestMappingHandlerMapping:543] Mapped "{[/data/search_img_express],methods=[POST]}" onto public java.util.List<com.alibaba.fastjson.JSONObject> com.bit.armdcrf.controller.DataController.searchImgExpress(java.lang.String)
[2019-05-09 09:22:14,539][restartedMain][INFO][org.springframework.web.servlet.mvc.method.annotation.RequestMappingHandlerMapping:543] Mapped "{[/data/search_img_advanced],methods=[POST]}" onto public java.util.List<com.alibaba.fastjson.JSONObject> com.bit.armdcrf.controller.DataController.searchImg(com.bit.armdcrf.dto.SearchData)
[2019-05-09 09:22:14,540][restartedMain][INFO][org.springframework.web.servlet.mvc.method.annotation.RequestMappingHandlerMapping:543] Mapped "{[/data/view_img],methods=[POST]}" onto public java.util.List<java.lang.String> com.bit.armdcrf.controller.DataController.viewImg(java.lang.String)
[2019-05-09 09:22:14,540][restartedMain][INFO][org.springframework.web.servlet.mvc.method.annotation.RequestMappingHandlerMapping:543] Mapped "{[/data/view_video],methods=[POST]}" onto public java.util.Map<java.lang.String, java.lang.String> com.bit.armdcrf.controller.DataController.viewVideo(java.lang.String)
[2019-05-09 09:22:14,540][restartedMain][INFO][org.springframework.web.servlet.mvc.method.annotation.RequestMappingHandlerMapping:543] Mapped "{[/data/edit_word],methods=[POST]}" onto public java.lang.String com.bit.armdcrf.controller.DataController.viewWord(java.lang.String,java.lang.String)
[2019-05-09 09:22:14,541][restartedMain][INFO][org.springframework.web.servlet.mvc.method.annotation.RequestMappingHandlerMapping:543] Mapped "{[/data/update_word],methods=[POST]}" onto public java.util.Map<java.lang.String, java.lang.String> com.bit.armdcrf.controller.DataController.updateWord(com.bit.armdcrf.entity.Crf.Crf2_1,java.lang.String)
[2019-05-09 09:22:14,544][restartedMain][INFO][org.springframework.web.servlet.mvc.method.annotation.RequestMappingHandlerMapping:543] Mapped "{[/FTP/test/upload],methods=[GET]}" onto public void com.bit.armdcrf.controller.FTPController.uploadExample()
[2019-05-09 09:22:14,545][restartedMain][INFO][org.springframework.web.servlet.mvc.method.annotation.RequestMappingHandlerMapping:543] Mapped "{[/FTP/import],methods=[POST]}" onto public java.util.Map<java.lang.String, java.lang.String> com.bit.armdcrf.controller.FTPController.importFile(java.lang.String,java.lang.String)
[2019-05-09 09:22:14,545][restartedMain][INFO][org.springframework.web.servlet.mvc.method.annotation.RequestMappingHandlerMapping:543] Mapped "{[/FTP/test/dir/upload],methods=[GET]}" onto public void com.bit.armdcrf.controller.FTPController.uploadDirExample()
[2019-05-09 09:22:14,545][restartedMain][INFO][org.springframework.web.servlet.mvc.method.annotation.RequestMappingHandlerMapping:543] Mapped "{[/FTP/test/dir/download],methods=[GET]}" onto public void com.bit.armdcrf.controller.FTPController.downloadDirExample()
[2019-05-09 09:22:14,546][restartedMain][INFO][org.springframework.web.servlet.mvc.method.annotation.RequestMappingHandlerMapping:543] Mapped "{[/import/importdir],methods=[POST]}" onto public java.util.Map<java.lang.String, java.lang.String> com.bit.armdcrf.controller.ImportController.getJson(java.lang.String)
[2019-05-09 09:22:14,546][restartedMain][INFO][org.springframework.web.servlet.mvc.method.annotation.RequestMappingHandlerMapping:543] Mapped "{[/import/analyse],methods=[POST]}" onto public java.util.Map<java.lang.String, java.lang.Object> com.bit.armdcrf.controller.ImportController.analyseDir(java.lang.String)
[2019-05-09 09:22:14,547][restartedMain][INFO][org.springframework.web.servlet.mvc.method.annotation.RequestMappingHandlerMapping:543] Mapped "{[/server/addserver],methods=[POST]}" onto public java.util.Map<java.lang.String, java.lang.String> com.bit.armdcrf.controller.ServerController.addserver(java.lang.String,java.lang.String,java.lang.String)
[2019-05-09 09:22:14,547][restartedMain][INFO][org.springframework.web.servlet.mvc.method.annotation.RequestMappingHandlerMapping:543] Mapped "{[/server/search_server],methods=[POST]}" onto public java.util.List<com.bit.armdcrf.entity.Fileserver> com.bit.armdcrf.controller.ServerController.searchUser(java.lang.String)
[2019-05-09 09:22:14,548][restartedMain][INFO][org.springframework.web.servlet.mvc.method.annotation.RequestMappingHandlerMapping:543] Mapped "{[/statics/asserts],methods=[POST]}" onto public java.util.Map<java.lang.String, java.lang.Integer> com.bit.armdcrf.controller.StaticsController.asserts()
[2019-05-09 09:22:14,550][restartedMain][INFO][org.springframework.web.servlet.mvc.method.annotation.RequestMappingHandlerMapping:543] Mapped "{[/user/register]}" onto public com.bit.armdcrf.entity.response com.bit.armdcrf.controller.UserController.register(com.bit.armdcrf.entity.User)
[2019-05-09 09:22:14,550][restartedMain][INFO][org.springframework.web.servlet.mvc.method.annotation.RequestMappingHandlerMapping:543] Mapped "{[/user/addUser]}" onto public com.bit.armdcrf.entity.response com.bit.armdcrf.controller.UserController.addUser(com.bit.armdcrf.entity.User)
[2019-05-09 09:22:14,550][restartedMain][INFO][org.springframework.web.servlet.mvc.method.annotation.RequestMappingHandlerMapping:543] Mapped "{[/user/getByName],methods=[GET]}" onto public com.bit.armdcrf.entity.User com.bit.armdcrf.controller.UserController.getByName(java.lang.String)
[2019-05-09 09:22:14,551][restartedMain][INFO][org.springframework.web.servlet.mvc.method.annotation.RequestMappingHandlerMapping:543] Mapped "{[/user/search_user],methods=[POST]}" onto public java.util.List<com.bit.armdcrf.entity.User> com.bit.armdcrf.controller.UserController.searchUser(java.lang.String)
[2019-05-09 09:22:14,551][restartedMain][INFO][org.springframework.web.servlet.mvc.method.annotation.RequestMappingHandlerMapping:543] Mapped "{[/user/login]}" onto public java.lang.String com.bit.armdcrf.controller.UserController.login(com.bit.armdcrf.entity.User)
[2019-05-09 09:22:14,551][restartedMain][INFO][org.springframework.web.servlet.mvc.method.annotation.RequestMappingHandlerMapping:543] Mapped "{[/user/getuser]}" onto public com.bit.armdcrf.entity.User com.bit.armdcrf.controller.UserController.getuser()
[2019-05-09 09:22:14,551][restartedMain][INFO][org.springframework.web.servlet.mvc.method.annotation.RequestMappingHandlerMapping:543] Mapped "{[/user/testSQL]}" onto public com.bit.armdcrf.entity.User com.bit.armdcrf.controller.UserController.testSQL()
[2019-05-09 09:22:14,552][restartedMain][INFO][org.springframework.web.servlet.mvc.method.annotation.RequestMappingHandlerMapping:543] Mapped "{[/user/getuserJson]}" onto public com.bit.armdcrf.entity.response com.bit.armdcrf.controller.UserController.getuserJson()
[2019-05-09 09:22:14,552][restartedMain][INFO][org.springframework.web.servlet.mvc.method.annotation.RequestMappingHandlerMapping:543] Mapped "{[/user/getuserJsonTest]}" onto public java.lang.String com.bit.armdcrf.controller.UserController.getuserJsonTest(org.springframework.ui.ModelMap)
[2019-05-09 09:22:14,552][restartedMain][INFO][org.springframework.web.servlet.mvc.method.annotation.RequestMappingHandlerMapping:543] Mapped "{[/user/getAllUser],methods=[GET]}" onto public java.util.List<com.bit.armdcrf.entity.User> com.bit.armdcrf.controller.UserController.getAllUser()
[2019-05-09 09:22:14,553][restartedMain][INFO][org.springframework.web.servlet.mvc.method.annotation.RequestMappingHandlerMapping:543] Mapped "{[/test]}" onto public java.lang.String com.bit.armdcrf.controller.WebController.function()
[2019-05-09 09:22:14,553][restartedMain][INFO][org.springframework.web.servlet.mvc.method.annotation.RequestMappingHandlerMapping:543] Mapped "{[/role]}" onto public java.lang.String com.bit.armdcrf.controller.WebController.role()
[2019-05-09 09:22:14,553][restartedMain][INFO][org.springframework.web.servlet.mvc.method.annotation.RequestMappingHandlerMapping:543] Mapped "{[/getKaptcha]}" onto public void com.bit.armdcrf.controller.WebController.defaultKaptcha(javax.servlet.http.HttpServletRequest,javax.servlet.http.HttpServletResponse) throws java.lang.Exception
[2019-05-09 09:22:14,554][restartedMain][INFO][org.springframework.web.servlet.mvc.method.annotation.RequestMappingHandlerMapping:543] Mapped "{[/wordlist]}" onto public java.util.List<java.lang.String> com.bit.armdcrf.controller.WebController.searchWordList() throws java.io.IOException
[2019-05-09 09:22:14,554][restartedMain][INFO][org.springframework.web.servlet.mvc.method.annotation.RequestMappingHandlerMapping:543] Mapped "{[/user-tree]}" onto public com.alibaba.fastjson.JSONArray com.bit.armdcrf.controller.WebController.userTree() throws java.io.IOException
[2019-05-09 09:22:14,554][restartedMain][INFO][org.springframework.web.servlet.mvc.method.annotation.RequestMappingHandlerMapping:543] Mapped "{[/menu-form]}" onto public com.alibaba.fastjson.JSONArray com.bit.armdcrf.controller.WebController.crfWordResolveTest() throws java.io.IOException
[2019-05-09 09:22:14,555][restartedMain][INFO][org.springframework.web.servlet.mvc.method.annotation.RequestMappingHandlerMapping:543] Mapped "{[/imgvrifyControllerDefaultKaptcha]}" onto public org.springframework.web.servlet.ModelAndView com.bit.armdcrf.controller.WebController.imgvrifyControllerDefaultKaptcha(javax.servlet.http.HttpServletRequest,javax.servlet.http.HttpServletResponse)
[2019-05-09 09:22:14,557][restartedMain][INFO][org.springframework.web.servlet.mvc.method.annotation.RequestMappingHandlerMapping:543] Mapped "{[/error]}" onto public org.springframework.http.ResponseEntity<java.util.Map<java.lang.String, java.lang.Object>> org.springframework.boot.autoconfigure.web.BasicErrorController.error(javax.servlet.http.HttpServletRequest)
[2019-05-09 09:22:14,557][restartedMain][INFO][org.springframework.web.servlet.mvc.method.annotation.RequestMappingHandlerMapping:543] Mapped "{[/error],produces=[text/html]}" onto public org.springframework.web.servlet.ModelAndView org.springframework.boot.autoconfigure.web.BasicErrorController.errorHtml(javax.servlet.http.HttpServletRequest,javax.servlet.http.HttpServletResponse)
[2019-05-09 09:22:14,579][restartedMain][INFO][org.springframework.web.servlet.handler.SimpleUrlHandlerMapping:362] Mapped URL path [/index] onto handler of type [class org.springframework.web.servlet.mvc.ParameterizableViewController]
[2019-05-09 09:22:14,579][restartedMain][INFO][org.springframework.web.servlet.handler.SimpleUrlHandlerMapping:362] Mapped URL path [/login] onto handler of type [class org.springframework.web.servlet.mvc.ParameterizableViewController]
[2019-05-09 09:22:14,600][restartedMain][INFO][org.springframework.web.servlet.handler.SimpleUrlHandlerMapping:362] Mapped URL path [/webjars/**] onto handler of type [class org.springframework.web.servlet.resource.ResourceHttpRequestHandler]
[2019-05-09 09:22:14,600][restartedMain][INFO][org.springframework.web.servlet.handler.SimpleUrlHandlerMapping:362] Mapped URL path [/**] onto handler of type [class org.springframework.web.servlet.resource.ResourceHttpRequestHandler]
[2019-05-09 09:22:14,646][restartedMain][INFO][org.springframework.web.servlet.handler.SimpleUrlHandlerMapping:362] Mapped URL path [/**/favicon.ico] onto handler of type [class org.springframework.web.servlet.resource.ResourceHttpRequestHandler]
[2019-05-09 09:22:14,671][restartedMain][INFO][org.springframework.boot.autoconfigure.web.WebMvcAutoConfiguration$WelcomePageHandlerMapping:549] Adding welcome page: class path resource [static/index.html]
[2019-05-09 09:22:14,976][restartedMain][INFO][org.springframework.boot.devtools.autoconfigure.OptionalLiveReloadServer:58] LiveReload server is running on port 35729
[2019-05-09 09:22:15,038][restartedMain][INFO][org.springframework.jmx.export.annotation.AnnotationMBeanExporter:431] Registering beans for JMX exposure on startup
[2019-05-09 09:22:15,040][restartedMain][INFO][org.springframework.jmx.export.annotation.AnnotationMBeanExporter:916] Bean with name 'dataSource' has been autodetected for JMX exposure
[2019-05-09 09:22:15,044][restartedMain][INFO][org.springframework.jmx.export.annotation.AnnotationMBeanExporter:671] Located MBean 'dataSource': registering with JMX server as MBean [com.alibaba.druid.pool:name=dataSource,type=DruidDataSource]
[2019-05-09 09:22:15,057][restartedMain][INFO][org.apache.coyote.http11.Http11NioProtocol:179] Initializing ProtocolHandler ["http-nio-127.0.0.1-8081"]
[2019-05-09 09:22:15,063][restartedMain][INFO][org.apache.coyote.http11.Http11NioProtocol:179] Starting ProtocolHandler ["http-nio-127.0.0.1-8081"]
[2019-05-09 09:22:15,086][restartedMain][INFO][org.apache.tomcat.util.net.NioSelectorPool:179] Using a shared selector for servlet write/read
[2019-05-09 09:22:15,101][restartedMain][INFO][org.springframework.boot.context.embedded.tomcat.TomcatEmbeddedServletContainer:201] Tomcat started on port(s): 8081 (http)
[2019-05-09 09:22:15,107][restartedMain][INFO][com.bit.armdcrf.BitarmdcrfApplication:57] Started BitarmdcrfApplication in 4.221 seconds (JVM running for 5.263)
[2019-05-09 09:22:15,510][http-nio-127.0.0.1-8081-exec-1][INFO][org.apache.catalina.core.ContainerBase.[Tomcat].[localhost].[/]:179] Initializing Spring FrameworkServlet 'dispatcherServlet'
[2019-05-09 09:22:15,510][http-nio-127.0.0.1-8081-exec-1][INFO][org.springframework.web.servlet.DispatcherServlet:489] FrameworkServlet 'dispatcherServlet': initialization started
[2019-05-09 09:22:15,528][http-nio-127.0.0.1-8081-exec-1][INFO][org.springframework.web.servlet.DispatcherServlet:508] FrameworkServlet 'dispatcherServlet': initialization completed in 17 ms
[2019-05-09 09:23:13,055][Thread-18][INFO][org.springframework.boot.context.embedded.AnnotationConfigEmbeddedWebApplicationContext:984] Closing org.springframework.boot.context.embedded.AnnotationConfigEmbeddedWebApplicationContext@76072397: startup date [Thu May 09 09:22:11 CST 2019]; root of context hierarchy
[2019-05-09 09:23:14,966][restartedMain][INFO][com.bit.armdcrf.BitarmdcrfApplication:48] Starting BitarmdcrfApplication on hexiaoyingdeMacBook-Pro.local with PID 12138 (started by jjmeg in /Users/jjmeg/Documents/毕设/qita/bitarmdcrf4.0)
[2019-05-09 09:23:14,969][restartedMain][INFO][com.bit.armdcrf.BitarmdcrfApplication:593] No active profile set, falling back to default profiles: default
[2019-05-09 09:23:15,023][restartedMain][INFO][org.springframework.boot.context.embedded.AnnotationConfigEmbeddedWebApplicationContext:583] Refreshing org.springframework.boot.context.embedded.AnnotationConfigEmbeddedWebApplicationContext@6d5dc439: startup date [Thu May 09 09:23:15 CST 2019]; root of context hierarchy
[2019-05-09 09:23:15,107][background-preinit][INFO][org.hibernate.validator.internal.util.Version:30] HV000001: Hibernate Validator 5.3.6.Final
[2019-05-09 09:23:16,134][restartedMain][INFO][org.springframework.boot.context.embedded.tomcat.TomcatEmbeddedServletContainer:89] Tomcat initialized with port(s): 8081 (http)
[2019-05-09 09:23:16,141][restartedMain][INFO][org.apache.catalina.core.StandardService:179] Starting service [Tomcat]
[2019-05-09 09:23:16,142][restartedMain][INFO][org.apache.catalina.core.StandardEngine:179] Starting Servlet Engine: Apache Tomcat/8.5.23
[2019-05-09 09:23:16,191][localhost-startStop-1][INFO][org.apache.catalina.core.ContainerBase.[Tomcat].[localhost].[/]:179] Initializing Spring embedded WebApplicationContext
[2019-05-09 09:23:16,192][localhost-startStop-1][INFO][org.springframework.web.context.ContextLoader:276] Root WebApplicationContext: initialization completed in 1182 ms
[2019-05-09 09:23:16,342][localhost-startStop-1][INFO][org.springframework.boot.web.servlet.FilterRegistrationBean:258] Mapping filter: 'characterEncodingFilter' to: [/*]
[2019-05-09 09:23:16,342][localhost-startStop-1][INFO][org.springframework.boot.web.servlet.FilterRegistrationBean:258] Mapping filter: 'hiddenHttpMethodFilter' to: [/*]
[2019-05-09 09:23:16,342][localhost-startStop-1][INFO][org.springframework.boot.web.servlet.FilterRegistrationBean:258] Mapping filter: 'httpPutFormContentFilter' to: [/*]
[2019-05-09 09:23:16,342][localhost-startStop-1][INFO][org.springframework.boot.web.servlet.FilterRegistrationBean:258] Mapping filter: 'requestContextFilter' to: [/*]
[2019-05-09 09:23:16,344][localhost-startStop-1][INFO][org.springframework.boot.web.servlet.DelegatingFilterProxyRegistrationBean:258] Mapping filter: 'springSecurityFilterChain' to: [/*]
[2019-05-09 09:23:16,344][localhost-startStop-1][INFO][org.springframework.boot.web.servlet.ServletRegistrationBean:190] Mapping servlet: 'dispatcherServlet' to [/]
[2019-05-09 09:23:17,023][restartedMain][INFO][org.springframework.security.web.DefaultSecurityFilterChain:43] Creating filter chain: Ant [pattern='/login.html'], []
[2019-05-09 09:23:17,023][restartedMain][INFO][org.springframework.security.web.DefaultSecurityFilterChain:43] Creating filter chain: Ant [pattern='/login_timeout.html'], []
[2019-05-09 09:23:17,023][restartedMain][INFO][org.springframework.security.web.DefaultSecurityFilterChain:43] Creating filter chain: Ant [pattern='register.html'], []
[2019-05-09 09:23:17,024][restartedMain][INFO][org.springframework.security.web.DefaultSecurityFilterChain:43] Creating filter chain: Ant [pattern='/assets/**'], []
[2019-05-09 09:23:17,024][restartedMain][INFO][org.springframework.security.web.DefaultSecurityFilterChain:43] Creating filter chain: Ant [pattern='/B-JUI/**'], []
[2019-05-09 09:23:17,024][restartedMain][INFO][org.springframework.security.web.DefaultSecurityFilterChain:43] Creating filter chain: Ant [pattern='/images/**'], []
[2019-05-09 09:23:17,024][restartedMain][INFO][org.springframework.security.web.DefaultSecurityFilterChain:43] Creating filter chain: Ant [pattern='/json/**'], []
[2019-05-09 09:23:17,024][restartedMain][INFO][org.springframework.security.web.DefaultSecurityFilterChain:43] Creating filter chain: Ant [pattern='/web/**'], []
[2019-05-09 09:23:17,024][restartedMain][INFO][org.springframework.security.web.DefaultSecurityFilterChain:43] Creating filter chain: Ant [pattern='/user/addUser'], []
[2019-05-09 09:23:17,099][restartedMain][INFO][org.springframework.security.web.DefaultSecurityFilterChain:43] Creating filter chain: org.springframework.security.web.util.matcher.AnyRequestMatcher@1, [org.springframework.security.web.context.request.async.WebAsyncManagerIntegrationFilter@4b1f49d8, org.springframework.security.web.context.SecurityContextPersistenceFilter@73130a7f, org.springframework.security.web.header.HeaderWriterFilter@22d224ca, org.springframework.security.web.authentication.logout.LogoutFilter@2029f05c, org.springframework.security.web.authentication.UsernamePasswordAuthenticationFilter@6c5832e5, org.springframework.security.web.savedrequest.RequestCacheAwareFilter@67e980b7, org.springframework.security.web.servletapi.SecurityContextHolderAwareRequestFilter@7e81ebc7, org.springframework.security.web.authentication.AnonymousAuthenticationFilter@670f6f6, org.springframework.security.web.session.SessionManagementFilter@615c99fd, org.springframework.security.web.access.ExceptionTranslationFilter@cd276e2, org.springframework.security.web.access.intercept.FilterSecurityInterceptor@533c5bb1]
[2019-05-09 09:23:17,377][restartedMain][INFO][org.springframework.web.servlet.mvc.method.annotation.RequestMappingHandlerAdapter:534] Looking for @ControllerAdvice: org.springframework.boot.context.embedded.AnnotationConfigEmbeddedWebApplicationContext@6d5dc439: startup date [Thu May 09 09:23:15 CST 2019]; root of context hierarchy
[2019-05-09 09:23:17,425][restartedMain][INFO][org.springframework.web.servlet.mvc.method.annotation.RequestMappingHandlerMapping:543] Mapped "{[/data/import_info_img],methods=[POST]}" onto public java.util.Map<java.lang.String, java.lang.String> com.bit.armdcrf.controller.DataController.importInfoImg(com.bit.armdcrf.model.Imgdata)
[2019-05-09 09:23:17,426][restartedMain][INFO][org.springframework.web.servlet.mvc.method.annotation.RequestMappingHandlerMapping:543] Mapped "{[/data/importword],methods=[POST]}" onto public java.util.Map<java.lang.String, java.lang.String> com.bit.armdcrf.controller.DataController.importWord(java.lang.String)
[2019-05-09 09:23:17,426][restartedMain][INFO][org.springframework.web.servlet.mvc.method.annotation.RequestMappingHandlerMapping:543] Mapped "{[/data/importimg],methods=[POST]}" onto public java.util.Map<java.lang.String, java.lang.String> com.bit.armdcrf.controller.DataController.importImg(java.lang.String)
[2019-05-09 09:23:17,426][restartedMain][INFO][org.springframework.web.servlet.mvc.method.annotation.RequestMappingHandlerMapping:543] Mapped "{[/data/import],methods=[POST]}" onto public java.util.Map<java.lang.String, java.lang.String> com.bit.armdcrf.controller.DataController.importFile(java.lang.String)
[2019-05-09 09:23:17,427][restartedMain][INFO][org.springframework.web.servlet.mvc.method.annotation.RequestMappingHandlerMapping:543] Mapped "{[/data/crf_text],methods=[POST]}" onto public java.util.Map<java.lang.String, java.util.List<java.lang.String>> com.bit.armdcrf.controller.DataController.getCrfText(java.lang.String,java.lang.String)
[2019-05-09 09:23:17,427][restartedMain][INFO][org.springframework.web.servlet.mvc.method.annotation.RequestMappingHandlerMapping:543] Mapped "{[/data/search_word],methods=[POST]}" onto public java.util.List<com.bit.armdcrf.dto.WordData> com.bit.armdcrf.controller.DataController.searchWord(com.bit.armdcrf.dto.SearchData)
[2019-05-09 09:23:17,427][restartedMain][INFO][org.springframework.web.servlet.mvc.method.annotation.RequestMappingHandlerMapping:543] Mapped "{[/data/search_word_express],methods=[POST]}" onto public java.util.List<com.bit.armdcrf.dto.WordData> com.bit.armdcrf.controller.DataController.searchWordExpress(java.lang.String)
[2019-05-09 09:23:17,428][restartedMain][INFO][org.springframework.web.servlet.mvc.method.annotation.RequestMappingHandlerMapping:543] Mapped "{[/data/search_img_express],methods=[POST]}" onto public java.util.List<com.alibaba.fastjson.JSONObject> com.bit.armdcrf.controller.DataController.searchImgExpress(java.lang.String)
[2019-05-09 09:23:17,428][restartedMain][INFO][org.springframework.web.servlet.mvc.method.annotation.RequestMappingHandlerMapping:543] Mapped "{[/data/search_img_advanced],methods=[POST]}" onto public java.util.List<com.alibaba.fastjson.JSONObject> com.bit.armdcrf.controller.DataController.searchImg(com.bit.armdcrf.dto.SearchData)
[2019-05-09 09:23:17,429][restartedMain][INFO][org.springframework.web.servlet.mvc.method.annotation.RequestMappingHandlerMapping:543] Mapped "{[/data/view_img],methods=[POST]}" onto public java.util.List<java.lang.String> com.bit.armdcrf.controller.DataController.viewImg(java.lang.String)
[2019-05-09 09:23:17,429][restartedMain][INFO][org.springframework.web.servlet.mvc.method.annotation.RequestMappingHandlerMapping:543] Mapped "{[/data/view_video],methods=[POST]}" onto public java.util.Map<java.lang.String, java.lang.String> com.bit.armdcrf.controller.DataController.viewVideo(java.lang.String)
[2019-05-09 09:23:17,429][restartedMain][INFO][org.springframework.web.servlet.mvc.method.annotation.RequestMappingHandlerMapping:543] Mapped "{[/data/edit_word],methods=[POST]}" onto public java.lang.String com.bit.armdcrf.controller.DataController.viewWord(java.lang.String,java.lang.String)
[2019-05-09 09:23:17,430][restartedMain][INFO][org.springframework.web.servlet.mvc.method.annotation.RequestMappingHandlerMapping:543] Mapped "{[/data/update_word],methods=[POST]}" onto public java.util.Map<java.lang.String, java.lang.String> com.bit.armdcrf.controller.DataController.updateWord(com.bit.armdcrf.entity.Crf.Crf2_1,java.lang.String)
[2019-05-09 09:23:17,432][restartedMain][INFO][org.springframework.web.servlet.mvc.method.annotation.RequestMappingHandlerMapping:543] Mapped "{[/FTP/test/upload],methods=[GET]}" onto public void com.bit.armdcrf.controller.FTPController.uploadExample()
[2019-05-09 09:23:17,433][restartedMain][INFO][org.springframework.web.servlet.mvc.method.annotation.RequestMappingHandlerMapping:543] Mapped "{[/FTP/import],methods=[POST]}" onto public java.util.Map<java.lang.String, java.lang.String> com.bit.armdcrf.controller.FTPController.importFile(java.lang.String,java.lang.String)
[2019-05-09 09:23:17,433][restartedMain][INFO][org.springframework.web.servlet.mvc.method.annotation.RequestMappingHandlerMapping:543] Mapped "{[/FTP/test/dir/upload],methods=[GET]}" onto public void com.bit.armdcrf.controller.FTPController.uploadDirExample()
[2019-05-09 09:23:17,433][restartedMain][INFO][org.springframework.web.servlet.mvc.method.annotation.RequestMappingHandlerMapping:543] Mapped "{[/FTP/test/dir/download],methods=[GET]}" onto public void com.bit.armdcrf.controller.FTPController.downloadDirExample()
[2019-05-09 09:23:17,434][restartedMain][INFO][org.springframework.web.servlet.mvc.method.annotation.RequestMappingHandlerMapping:543] Mapped "{[/import/importdir],methods=[POST]}" onto public java.util.Map<java.lang.String, java.lang.String> com.bit.armdcrf.controller.ImportController.getJson(java.lang.String)
[2019-05-09 09:23:17,434][restartedMain][INFO][org.springframework.web.servlet.mvc.method.annotation.RequestMappingHandlerMapping:543] Mapped "{[/import/analyse],methods=[POST]}" onto public java.util.Map<java.lang.String, java.lang.Object> com.bit.armdcrf.controller.ImportController.analyseDir(java.lang.String)
[2019-05-09 09:23:17,435][restartedMain][INFO][org.springframework.web.servlet.mvc.method.annotation.RequestMappingHandlerMapping:543] Mapped "{[/server/addserver],methods=[POST]}" onto public java.util.Map<java.lang.String, java.lang.String> com.bit.armdcrf.controller.ServerController.addserver(java.lang.String,java.lang.String,java.lang.String)
[2019-05-09 09:23:17,435][restartedMain][INFO][org.springframework.web.servlet.mvc.method.annotation.RequestMappingHandlerMapping:543] Mapped "{[/server/search_server],methods=[POST]}" onto public java.util.List<com.bit.armdcrf.entity.Fileserver> com.bit.armdcrf.controller.ServerController.searchUser(java.lang.String)
[2019-05-09 09:23:17,436][restartedMain][INFO][org.springframework.web.servlet.mvc.method.annotation.RequestMappingHandlerMapping:543] Mapped "{[/statics/asserts],methods=[POST]}" onto public java.util.Map<java.lang.String, java.lang.Integer> com.bit.armdcrf.controller.StaticsController.asserts()
[2019-05-09 09:23:17,437][restartedMain][INFO][org.springframework.web.servlet.mvc.method.annotation.RequestMappingHandlerMapping:543] Mapped "{[/user/register]}" onto public com.bit.armdcrf.entity.response com.bit.armdcrf.controller.UserController.register(com.bit.armdcrf.entity.User)
[2019-05-09 09:23:17,438][restartedMain][INFO][org.springframework.web.servlet.mvc.method.annotation.RequestMappingHandlerMapping:543] Mapped "{[/user/addUser]}" onto public com.bit.armdcrf.entity.response com.bit.armdcrf.controller.UserController.addUser(com.bit.armdcrf.entity.User)
[2019-05-09 09:23:17,438][restartedMain][INFO][org.springframework.web.servlet.mvc.method.annotation.RequestMappingHandlerMapping:543] Mapped "{[/user/login]}" onto public java.lang.String com.bit.armdcrf.controller.UserController.login(com.bit.armdcrf.entity.User)
[2019-05-09 09:23:17,438][restartedMain][INFO][org.springframework.web.servlet.mvc.method.annotation.RequestMappingHandlerMapping:543] Mapped "{[/user/search_user],methods=[POST]}" onto public java.util.List<com.bit.armdcrf.entity.User> com.bit.armdcrf.controller.UserController.searchUser(java.lang.String)
[2019-05-09 09:23:17,439][restartedMain][INFO][org.springframework.web.servlet.mvc.method.annotation.RequestMappingHandlerMapping:543] Mapped "{[/user/getuser]}" onto public com.bit.armdcrf.entity.User com.bit.armdcrf.controller.UserController.getuser()
[2019-05-09 09:23:17,439][restartedMain][INFO][org.springframework.web.servlet.mvc.method.annotation.RequestMappingHandlerMapping:543] Mapped "{[/user/getuserJson]}" onto public com.bit.armdcrf.entity.response com.bit.armdcrf.controller.UserController.getuserJson()
[2019-05-09 09:23:17,439][restartedMain][INFO][org.springframework.web.servlet.mvc.method.annotation.RequestMappingHandlerMapping:543] Mapped "{[/user/getuserJsonTest]}" onto public java.lang.String com.bit.armdcrf.controller.UserController.getuserJsonTest(org.springframework.ui.ModelMap)
[2019-05-09 09:23:17,439][restartedMain][INFO][org.springframework.web.servlet.mvc.method.annotation.RequestMappingHandlerMapping:543] Mapped "{[/user/testSQL]}" onto public com.bit.armdcrf.entity.User com.bit.armdcrf.controller.UserController.testSQL()
[2019-05-09 09:23:17,440][restartedMain][INFO][org.springframework.web.servlet.mvc.method.annotation.RequestMappingHandlerMapping:543] Mapped "{[/user/getAllUser],methods=[GET]}" onto public java.util.List<com.bit.armdcrf.entity.User> com.bit.armdcrf.controller.UserController.getAllUser()
[2019-05-09 09:23:17,440][restartedMain][INFO][org.springframework.web.servlet.mvc.method.annotation.RequestMappingHandlerMapping:543] Mapped "{[/user/getByName],methods=[GET]}" onto public com.bit.armdcrf.entity.User com.bit.armdcrf.controller.UserController.getByName(java.lang.String)
[2019-05-09 09:23:17,441][restartedMain][INFO][org.springframework.web.servlet.mvc.method.annotation.RequestMappingHandlerMapping:543] Mapped "{[/test]}" onto public java.lang.String com.bit.armdcrf.controller.WebController.function()
[2019-05-09 09:23:17,441][restartedMain][INFO][org.springframework.web.servlet.mvc.method.annotation.RequestMappingHandlerMapping:543] Mapped "{[/role]}" onto public java.lang.String com.bit.armdcrf.controller.WebController.role()
[2019-05-09 09:23:17,441][restartedMain][INFO][org.springframework.web.servlet.mvc.method.annotation.RequestMappingHandlerMapping:543] Mapped "{[/getKaptcha]}" onto public void com.bit.armdcrf.controller.WebController.defaultKaptcha(javax.servlet.http.HttpServletRequest,javax.servlet.http.HttpServletResponse) throws java.lang.Exception
[2019-05-09 09:23:17,441][restartedMain][INFO][org.springframework.web.servlet.mvc.method.annotation.RequestMappingHandlerMapping:543] Mapped "{[/user-tree]}" onto public com.alibaba.fastjson.JSONArray com.bit.armdcrf.controller.WebController.userTree() throws java.io.IOException
[2019-05-09 09:23:17,442][restartedMain][INFO][org.springframework.web.servlet.mvc.method.annotation.RequestMappingHandlerMapping:543] Mapped "{[/wordlist]}" onto public java.util.List<java.lang.String> com.bit.armdcrf.controller.WebController.searchWordList() throws java.io.IOException
[2019-05-09 09:23:17,442][restartedMain][INFO][org.springframework.web.servlet.mvc.method.annotation.RequestMappingHandlerMapping:543] Mapped "{[/menu-form]}" onto public com.alibaba.fastjson.JSONArray com.bit.armdcrf.controller.WebController.crfWordResolveTest() throws java.io.IOException
[2019-05-09 09:23:17,442][restartedMain][INFO][org.springframework.web.servlet.mvc.method.annotation.RequestMappingHandlerMapping:543] Mapped "{[/imgvrifyControllerDefaultKaptcha]}" onto public org.springframework.web.servlet.ModelAndView com.bit.armdcrf.controller.WebController.imgvrifyControllerDefaultKaptcha(javax.servlet.http.HttpServletRequest,javax.servlet.http.HttpServletResponse)
[2019-05-09 09:23:17,444][restartedMain][INFO][org.springframework.web.servlet.mvc.method.annotation.RequestMappingHandlerMapping:543] Mapped "{[/error]}" onto public org.springframework.http.ResponseEntity<java.util.Map<java.lang.String, java.lang.Object>> org.springframework.boot.autoconfigure.web.BasicErrorController.error(javax.servlet.http.HttpServletRequest)
[2019-05-09 09:23:17,445][restartedMain][INFO][org.springframework.web.servlet.mvc.method.annotation.RequestMappingHandlerMapping:543] Mapped "{[/error],produces=[text/html]}" onto public org.springframework.web.servlet.ModelAndView org.springframework.boot.autoconfigure.web.BasicErrorController.errorHtml(javax.servlet.http.HttpServletRequest,javax.servlet.http.HttpServletResponse)
[2019-05-09 09:23:17,466][restartedMain][INFO][org.springframework.web.servlet.handler.SimpleUrlHandlerMapping:362] Mapped URL path [/index] onto handler of type [class org.springframework.web.servlet.mvc.ParameterizableViewController]
[2019-05-09 09:23:17,466][restartedMain][INFO][org.springframework.web.servlet.handler.SimpleUrlHandlerMapping:362] Mapped URL path [/login] onto handler of type [class org.springframework.web.servlet.mvc.ParameterizableViewController]
[2019-05-09 09:23:17,485][restartedMain][INFO][org.springframework.web.servlet.handler.SimpleUrlHandlerMapping:362] Mapped URL path [/webjars/**] onto handler of type [class org.springframework.web.servlet.resource.ResourceHttpRequestHandler]
[2019-05-09 09:23:17,485][restartedMain][INFO][org.springframework.web.servlet.handler.SimpleUrlHandlerMapping:362] Mapped URL path [/**] onto handler of type [class org.springframework.web.servlet.resource.ResourceHttpRequestHandler]
[2019-05-09 09:23:17,522][restartedMain][INFO][org.springframework.web.servlet.handler.SimpleUrlHandlerMapping:362] Mapped URL path [/**/favicon.ico] onto handler of type [class org.springframework.web.servlet.resource.ResourceHttpRequestHandler]
[2019-05-09 09:23:17,543][restartedMain][INFO][org.springframework.boot.autoconfigure.web.WebMvcAutoConfiguration$WelcomePageHandlerMapping:549] Adding welcome page: class path resource [static/index.html]
[2019-05-09 09:23:17,762][restartedMain][INFO][org.springframework.boot.devtools.autoconfigure.OptionalLiveReloadServer:58] LiveReload server is running on port 35729
[2019-05-09 09:23:17,807][restartedMain][INFO][org.springframework.jmx.export.annotation.AnnotationMBeanExporter:431] Registering beans for JMX exposure on startup
[2019-05-09 09:23:17,808][restartedMain][INFO][org.springframework.jmx.export.annotation.AnnotationMBeanExporter:916] Bean with name 'dataSource' has been autodetected for JMX exposure
[2019-05-09 09:23:17,812][restartedMain][INFO][org.springframework.jmx.export.annotation.AnnotationMBeanExporter:671] Located MBean 'dataSource': registering with JMX server as MBean [com.alibaba.druid.pool:name=dataSource,type=DruidDataSource]
[2019-05-09 09:23:17,822][restartedMain][INFO][org.apache.coyote.http11.Http11NioProtocol:179] Initializing ProtocolHandler ["http-nio-127.0.0.1-8081"]
[2019-05-09 09:23:17,828][restartedMain][INFO][org.apache.coyote.http11.Http11NioProtocol:179] Starting ProtocolHandler ["http-nio-127.0.0.1-8081"]
[2019-05-09 09:23:17,849][restartedMain][INFO][org.apache.tomcat.util.net.NioSelectorPool:179] Using a shared selector for servlet write/read
[2019-05-09 09:23:17,860][restartedMain][INFO][org.springframework.boot.context.embedded.tomcat.TomcatEmbeddedServletContainer:201] Tomcat started on port(s): 8081 (http)
[2019-05-09 09:23:17,864][restartedMain][INFO][com.bit.armdcrf.BitarmdcrfApplication:57] Started BitarmdcrfApplication in 3.122 seconds (JVM running for 3.753)
[2019-05-09 09:23:20,969][http-nio-127.0.0.1-8081-exec-1][INFO][org.apache.catalina.core.ContainerBase.[Tomcat].[localhost].[/]:179] Initializing Spring FrameworkServlet 'dispatcherServlet'
[2019-05-09 09:23:20,970][http-nio-127.0.0.1-8081-exec-1][INFO][org.springframework.web.servlet.DispatcherServlet:489] FrameworkServlet 'dispatcherServlet': initialization started
[2019-05-09 09:23:20,985][http-nio-127.0.0.1-8081-exec-1][INFO][org.springframework.web.servlet.DispatcherServlet:508] FrameworkServlet 'dispatcherServlet': initialization completed in 15 ms
[2019-05-09 10:35:05,502][Thread-16][INFO][org.springframework.boot.context.embedded.AnnotationConfigEmbeddedWebApplicationContext:984] Closing org.springframework.boot.context.embedded.AnnotationConfigEmbeddedWebApplicationContext@6d5dc439: startup date [Thu May 09 09:23:15 CST 2019]; root of context hierarchy
[2019-05-09 10:35:07,599][restartedMain][INFO][com.bit.armdcrf.BitarmdcrfApplication:48] Starting BitarmdcrfApplication on hexiaoyingdeMacBook-Pro.local with PID 12213 (started by jjmeg in /Users/jjmeg/Documents/毕设/qita/bitarmdcrf4.0)
[2019-05-09 10:35:07,602][restartedMain][INFO][com.bit.armdcrf.BitarmdcrfApplication:593] No active profile set, falling back to default profiles: default
[2019-05-09 10:35:07,653][restartedMain][INFO][org.springframework.boot.context.embedded.AnnotationConfigEmbeddedWebApplicationContext:583] Refreshing org.springframework.boot.context.embedded.AnnotationConfigEmbeddedWebApplicationContext@2d21eb8f: startup date [Thu May 09 10:35:07 CST 2019]; root of context hierarchy
[2019-05-09 10:35:07,736][background-preinit][INFO][org.hibernate.validator.internal.util.Version:30] HV000001: Hibernate Validator 5.3.6.Final
[2019-05-09 10:35:08,813][restartedMain][INFO][org.springframework.boot.context.embedded.tomcat.TomcatEmbeddedServletContainer:89] Tomcat initialized with port(s): 8081 (http)
[2019-05-09 10:35:08,819][restartedMain][INFO][org.apache.catalina.core.StandardService:179] Starting service [Tomcat]
[2019-05-09 10:35:08,820][restartedMain][INFO][org.apache.catalina.core.StandardEngine:179] Starting Servlet Engine: Apache Tomcat/8.5.23
[2019-05-09 10:35:08,871][localhost-startStop-1][INFO][org.apache.catalina.core.ContainerBase.[Tomcat].[localhost].[/]:179] Initializing Spring embedded WebApplicationContext
[2019-05-09 10:35:08,871][localhost-startStop-1][INFO][org.springframework.web.context.ContextLoader:276] Root WebApplicationContext: initialization completed in 1221 ms
[2019-05-09 10:35:09,025][localhost-startStop-1][INFO][org.springframework.boot.web.servlet.FilterRegistrationBean:258] Mapping filter: 'characterEncodingFilter' to: [/*]
[2019-05-09 10:35:09,026][localhost-startStop-1][INFO][org.springframework.boot.web.servlet.FilterRegistrationBean:258] Mapping filter: 'hiddenHttpMethodFilter' to: [/*]
[2019-05-09 10:35:09,026][localhost-startStop-1][INFO][org.springframework.boot.web.servlet.FilterRegistrationBean:258] Mapping filter: 'httpPutFormContentFilter' to: [/*]
[2019-05-09 10:35:09,027][localhost-startStop-1][INFO][org.springframework.boot.web.servlet.FilterRegistrationBean:258] Mapping filter: 'requestContextFilter' to: [/*]
[2019-05-09 10:35:09,028][localhost-startStop-1][INFO][org.springframework.boot.web.servlet.DelegatingFilterProxyRegistrationBean:258] Mapping filter: 'springSecurityFilterChain' to: [/*]
[2019-05-09 10:35:09,029][localhost-startStop-1][INFO][org.springframework.boot.web.servlet.ServletRegistrationBean:190] Mapping servlet: 'dispatcherServlet' to [/]
[2019-05-09 10:35:09,739][restartedMain][INFO][org.springframework.security.web.DefaultSecurityFilterChain:43] Creating filter chain: Ant [pattern='/login.html'], []
[2019-05-09 10:35:09,739][restartedMain][INFO][org.springframework.security.web.DefaultSecurityFilterChain:43] Creating filter chain: Ant [pattern='/login_timeout.html'], []
[2019-05-09 10:35:09,739][restartedMain][INFO][org.springframework.security.web.DefaultSecurityFilterChain:43] Creating filter chain: Ant [pattern='register.html'], []
[2019-05-09 10:35:09,739][restartedMain][INFO][org.springframework.security.web.DefaultSecurityFilterChain:43] Creating filter chain: Ant [pattern='/assets/**'], []
[2019-05-09 10:35:09,740][restartedMain][INFO][org.springframework.security.web.DefaultSecurityFilterChain:43] Creating filter chain: Ant [pattern='/B-JUI/**'], []
[2019-05-09 10:35:09,740][restartedMain][INFO][org.springframework.security.web.DefaultSecurityFilterChain:43] Creating filter chain: Ant [pattern='/images/**'], []
[2019-05-09 10:35:09,740][restartedMain][INFO][org.springframework.security.web.DefaultSecurityFilterChain:43] Creating filter chain: Ant [pattern='/json/**'], []
[2019-05-09 10:35:09,740][restartedMain][INFO][org.springframework.security.web.DefaultSecurityFilterChain:43] Creating filter chain: Ant [pattern='/web/**'], []
[2019-05-09 10:35:09,740][restartedMain][INFO][org.springframework.security.web.DefaultSecurityFilterChain:43] Creating filter chain: Ant [pattern='/user/addUser'], []
[2019-05-09 10:35:09,822][restartedMain][INFO][org.springframework.security.web.DefaultSecurityFilterChain:43] Creating filter chain: org.springframework.security.web.util.matcher.AnyRequestMatcher@1, [org.springframework.security.web.context.request.async.WebAsyncManagerIntegrationFilter@6a801fb5, org.springframework.security.web.context.SecurityContextPersistenceFilter@4c6e207b, org.springframework.security.web.header.HeaderWriterFilter@4d0fe275, org.springframework.security.web.authentication.logout.LogoutFilter@7828fd64, org.springframework.security.web.authentication.UsernamePasswordAuthenticationFilter@659e14ed, org.springframework.security.web.savedrequest.RequestCacheAwareFilter@8d3740c, org.springframework.security.web.servletapi.SecurityContextHolderAwareRequestFilter@584d00c2, org.springframework.security.web.authentication.AnonymousAuthenticationFilter@603b0bc6, org.springframework.security.web.session.SessionManagementFilter@25107d48, org.springframework.security.web.access.ExceptionTranslationFilter@3d4ef247, org.springframework.security.web.access.intercept.FilterSecurityInterceptor@3c360ef9]
[2019-05-09 10:35:10,095][restartedMain][INFO][org.springframework.web.servlet.mvc.method.annotation.RequestMappingHandlerAdapter:534] Looking for @ControllerAdvice: org.springframework.boot.context.embedded.AnnotationConfigEmbeddedWebApplicationContext@2d21eb8f: startup date [Thu May 09 10:35:07 CST 2019]; root of context hierarchy
[2019-05-09 10:35:10,144][restartedMain][INFO][org.springframework.web.servlet.mvc.method.annotation.RequestMappingHandlerMapping:543] Mapped "{[/data/import],methods=[POST]}" onto public java.util.Map<java.lang.String, java.lang.String> com.bit.armdcrf.controller.DataController.importFile(java.lang.String)
[2019-05-09 10:35:10,145][restartedMain][INFO][org.springframework.web.servlet.mvc.method.annotation.RequestMappingHandlerMapping:543] Mapped "{[/data/importword],methods=[POST]}" onto public java.util.Map<java.lang.String, java.lang.String> com.bit.armdcrf.controller.DataController.importWord(java.lang.String)
[2019-05-09 10:35:10,145][restartedMain][INFO][org.springframework.web.servlet.mvc.method.annotation.RequestMappingHandlerMapping:543] Mapped "{[/data/importimg],methods=[POST]}" onto public java.util.Map<java.lang.String, java.lang.String> com.bit.armdcrf.controller.DataController.importImg(java.lang.String)
[2019-05-09 10:35:10,145][restartedMain][INFO][org.springframework.web.servlet.mvc.method.annotation.RequestMappingHandlerMapping:543] Mapped "{[/data/import_info_img],methods=[POST]}" onto public java.util.Map<java.lang.String, java.lang.String> com.bit.armdcrf.controller.DataController.importInfoImg(com.bit.armdcrf.model.Imgdata)
[2019-05-09 10:35:10,146][restartedMain][INFO][org.springframework.web.servlet.mvc.method.annotation.RequestMappingHandlerMapping:543] Mapped "{[/data/crf_text],methods=[POST]}" onto public java.util.Map<java.lang.String, java.util.List<java.lang.String>> com.bit.armdcrf.controller.DataController.getCrfText(java.lang.String,java.lang.String)
[2019-05-09 10:35:10,146][restartedMain][INFO][org.springframework.web.servlet.mvc.method.annotation.RequestMappingHandlerMapping:543] Mapped "{[/data/search_word],methods=[POST]}" onto public java.util.List<com.bit.armdcrf.dto.WordData> com.bit.armdcrf.controller.DataController.searchWord(com.bit.armdcrf.dto.SearchData)
[2019-05-09 10:35:10,146][restartedMain][INFO][org.springframework.web.servlet.mvc.method.annotation.RequestMappingHandlerMapping:543] Mapped "{[/data/search_word_express],methods=[POST]}" onto public java.util.List<com.bit.armdcrf.dto.WordData> com.bit.armdcrf.controller.DataController.searchWordExpress(java.lang.String)
[2019-05-09 10:35:10,147][restartedMain][INFO][org.springframework.web.servlet.mvc.method.annotation.RequestMappingHandlerMapping:543] Mapped "{[/data/search_img_express],methods=[POST]}" onto public java.util.List<com.alibaba.fastjson.JSONObject> com.bit.armdcrf.controller.DataController.searchImgExpress(java.lang.String)
[2019-05-09 10:35:10,147][restartedMain][INFO][org.springframework.web.servlet.mvc.method.annotation.RequestMappingHandlerMapping:543] Mapped "{[/data/search_img_advanced],methods=[POST]}" onto public java.util.List<com.alibaba.fastjson.JSONObject> com.bit.armdcrf.controller.DataController.searchImg(com.bit.armdcrf.dto.SearchData)
[2019-05-09 10:35:10,147][restartedMain][INFO][org.springframework.web.servlet.mvc.method.annotation.RequestMappingHandlerMapping:543] Mapped "{[/data/view_img],methods=[POST]}" onto public java.util.List<java.lang.String> com.bit.armdcrf.controller.DataController.viewImg(java.lang.String)
[2019-05-09 10:35:10,148][restartedMain][INFO][org.springframework.web.servlet.mvc.method.annotation.RequestMappingHandlerMapping:543] Mapped "{[/data/view_video],methods=[POST]}" onto public java.util.Map<java.lang.String, java.lang.String> com.bit.armdcrf.controller.DataController.viewVideo(java.lang.String)
[2019-05-09 10:35:10,148][restartedMain][INFO][org.springframework.web.servlet.mvc.method.annotation.RequestMappingHandlerMapping:543] Mapped "{[/data/edit_word],methods=[POST]}" onto public java.lang.String com.bit.armdcrf.controller.DataController.viewWord(java.lang.String,java.lang.String)
[2019-05-09 10:35:10,148][restartedMain][INFO][org.springframework.web.servlet.mvc.method.annotation.RequestMappingHandlerMapping:543] Mapped "{[/data/update_word],methods=[POST]}" onto public java.util.Map<java.lang.String, java.lang.String> com.bit.armdcrf.controller.DataController.updateWord(com.bit.armdcrf.entity.Crf.Crf2_1,java.lang.String)
[2019-05-09 10:35:10,151][restartedMain][INFO][org.springframework.web.servlet.mvc.method.annotation.RequestMappingHandlerMapping:543] Mapped "{[/FTP/test/upload],methods=[GET]}" onto public void com.bit.armdcrf.controller.FTPController.uploadExample()
[2019-05-09 10:35:10,152][restartedMain][INFO][org.springframework.web.servlet.mvc.method.annotation.RequestMappingHandlerMapping:543] Mapped "{[/FTP/import],methods=[POST]}" onto public java.util.Map<java.lang.String, java.lang.String> com.bit.armdcrf.controller.FTPController.importFile(java.lang.String,java.lang.String)
[2019-05-09 10:35:10,152][restartedMain][INFO][org.springframework.web.servlet.mvc.method.annotation.RequestMappingHandlerMapping:543] Mapped "{[/FTP/test/dir/upload],methods=[GET]}" onto public void com.bit.armdcrf.controller.FTPController.uploadDirExample()
[2019-05-09 10:35:10,152][restartedMain][INFO][org.springframework.web.servlet.mvc.method.annotation.RequestMappingHandlerMapping:543] Mapped "{[/FTP/test/dir/download],methods=[GET]}" onto public void com.bit.armdcrf.controller.FTPController.downloadDirExample()
[2019-05-09 10:35:10,153][restartedMain][INFO][org.springframework.web.servlet.mvc.method.annotation.RequestMappingHandlerMapping:543] Mapped "{[/import/importdir],methods=[POST]}" onto public java.util.Map<java.lang.String, java.lang.String> com.bit.armdcrf.controller.ImportController.getJson(java.lang.String)
[2019-05-09 10:35:10,153][restartedMain][INFO][org.springframework.web.servlet.mvc.method.annotation.RequestMappingHandlerMapping:543] Mapped "{[/import/analyse],methods=[POST]}" onto public java.util.Map<java.lang.String, java.lang.Object> com.bit.armdcrf.controller.ImportController.analyseDir(java.lang.String)
[2019-05-09 10:35:10,154][restartedMain][INFO][org.springframework.web.servlet.mvc.method.annotation.RequestMappingHandlerMapping:543] Mapped "{[/server/addserver],methods=[POST]}" onto public java.util.Map<java.lang.String, java.lang.String> com.bit.armdcrf.controller.ServerController.addserver(java.lang.String,java.lang.String,java.lang.String)
[2019-05-09 10:35:10,154][restartedMain][INFO][org.springframework.web.servlet.mvc.method.annotation.RequestMappingHandlerMapping:543] Mapped "{[/server/search_server],methods=[POST]}" onto public java.util.List<com.bit.armdcrf.entity.Fileserver> com.bit.armdcrf.controller.ServerController.searchUser(java.lang.String)
[2019-05-09 10:35:10,155][restartedMain][INFO][org.springframework.web.servlet.mvc.method.annotation.RequestMappingHandlerMapping:543] Mapped "{[/statics/asserts],methods=[POST]}" onto public java.util.Map<java.lang.String, java.lang.Integer> com.bit.armdcrf.controller.StaticsController.asserts()
[2019-05-09 10:35:10,156][restartedMain][INFO][org.springframework.web.servlet.mvc.method.annotation.RequestMappingHandlerMapping:543] Mapped "{[/user/register]}" onto public com.bit.armdcrf.entity.response com.bit.armdcrf.controller.UserController.register(com.bit.armdcrf.entity.User)
[2019-05-09 10:35:10,157][restartedMain][INFO][org.springframework.web.servlet.mvc.method.annotation.RequestMappingHandlerMapping:543] Mapped "{[/user/login]}" onto public java.lang.String com.bit.armdcrf.controller.UserController.login(com.bit.armdcrf.entity.User)
[2019-05-09 10:35:10,157][restartedMain][INFO][org.springframework.web.servlet.mvc.method.annotation.RequestMappingHandlerMapping:543] Mapped "{[/user/getByName],methods=[GET]}" onto public com.bit.armdcrf.entity.User com.bit.armdcrf.controller.UserController.getByName(java.lang.String)
[2019-05-09 10:35:10,157][restartedMain][INFO][org.springframework.web.servlet.mvc.method.annotation.RequestMappingHandlerMapping:543] Mapped "{[/user/addUser]}" onto public com.bit.armdcrf.entity.response com.bit.armdcrf.controller.UserController.addUser(com.bit.armdcrf.entity.User)
[2019-05-09 10:35:10,157][restartedMain][INFO][org.springframework.web.servlet.mvc.method.annotation.RequestMappingHandlerMapping:543] Mapped "{[/user/search_user],methods=[POST]}" onto public java.util.List<com.bit.armdcrf.entity.User> com.bit.armdcrf.controller.UserController.searchUser(java.lang.String)
[2019-05-09 10:35:10,158][restartedMain][INFO][org.springframework.web.servlet.mvc.method.annotation.RequestMappingHandlerMapping:543] Mapped "{[/user/getuser]}" onto public com.bit.armdcrf.entity.User com.bit.armdcrf.controller.UserController.getuser()
[2019-05-09 10:35:10,158][restartedMain][INFO][org.springframework.web.servlet.mvc.method.annotation.RequestMappingHandlerMapping:543] Mapped "{[/user/getuserJson]}" onto public com.bit.armdcrf.entity.response com.bit.armdcrf.controller.UserController.getuserJson()
[2019-05-09 10:35:10,158][restartedMain][INFO][org.springframework.web.servlet.mvc.method.annotation.RequestMappingHandlerMapping:543] Mapped "{[/user/getuserJsonTest]}" onto public java.lang.String com.bit.armdcrf.controller.UserController.getuserJsonTest(org.springframework.ui.ModelMap)
[2019-05-09 10:35:10,158][restartedMain][INFO][org.springframework.web.servlet.mvc.method.annotation.RequestMappingHandlerMapping:543] Mapped "{[/user/testSQL]}" onto public com.bit.armdcrf.entity.User com.bit.armdcrf.controller.UserController.testSQL()
[2019-05-09 10:35:10,158][restartedMain][INFO][org.springframework.web.servlet.mvc.method.annotation.RequestMappingHandlerMapping:543] Mapped "{[/user/getAllUser],methods=[GET]}" onto public java.util.List<com.bit.armdcrf.entity.User> com.bit.armdcrf.controller.UserController.getAllUser()
[2019-05-09 10:35:10,159][restartedMain][INFO][org.springframework.web.servlet.mvc.method.annotation.RequestMappingHandlerMapping:543] Mapped "{[/test]}" onto public java.lang.String com.bit.armdcrf.controller.WebController.function()
[2019-05-09 10:35:10,159][restartedMain][INFO][org.springframework.web.servlet.mvc.method.annotation.RequestMappingHandlerMapping:543] Mapped "{[/role]}" onto public java.lang.String com.bit.armdcrf.controller.WebController.role()
[2019-05-09 10:35:10,160][restartedMain][INFO][org.springframework.web.servlet.mvc.method.annotation.RequestMappingHandlerMapping:543] Mapped "{[/getKaptcha]}" onto public void com.bit.armdcrf.controller.WebController.defaultKaptcha(javax.servlet.http.HttpServletRequest,javax.servlet.http.HttpServletResponse) throws java.lang.Exception
[2019-05-09 10:35:10,160][restartedMain][INFO][org.springframework.web.servlet.mvc.method.annotation.RequestMappingHandlerMapping:543] Mapped "{[/wordlist]}" onto public java.util.List<java.lang.String> com.bit.armdcrf.controller.WebController.searchWordList() throws java.io.IOException
[2019-05-09 10:35:10,160][restartedMain][INFO][org.springframework.web.servlet.mvc.method.annotation.RequestMappingHandlerMapping:543] Mapped "{[/user-tree]}" onto public com.alibaba.fastjson.JSONArray com.bit.armdcrf.controller.WebController.userTree() throws java.io.IOException
[2019-05-09 10:35:10,160][restartedMain][INFO][org.springframework.web.servlet.mvc.method.annotation.RequestMappingHandlerMapping:543] Mapped "{[/menu-form]}" onto public com.alibaba.fastjson.JSONArray com.bit.armdcrf.controller.WebController.crfWordResolveTest() throws java.io.IOException
[2019-05-09 10:35:10,161][restartedMain][INFO][org.springframework.web.servlet.mvc.method.annotation.RequestMappingHandlerMapping:543] Mapped "{[/imgvrifyControllerDefaultKaptcha]}" onto public org.springframework.web.servlet.ModelAndView com.bit.armdcrf.controller.WebController.imgvrifyControllerDefaultKaptcha(javax.servlet.http.HttpServletRequest,javax.servlet.http.HttpServletResponse)
[2019-05-09 10:35:10,163][restartedMain][INFO][org.springframework.web.servlet.mvc.method.annotation.RequestMappingHandlerMapping:543] Mapped "{[/error]}" onto public org.springframework.http.ResponseEntity<java.util.Map<java.lang.String, java.lang.Object>> org.springframework.boot.autoconfigure.web.BasicErrorController.error(javax.servlet.http.HttpServletRequest)
[2019-05-09 10:35:10,163][restartedMain][INFO][org.springframework.web.servlet.mvc.method.annotation.RequestMappingHandlerMapping:543] Mapped "{[/error],produces=[text/html]}" onto public org.springframework.web.servlet.ModelAndView org.springframework.boot.autoconfigure.web.BasicErrorController.errorHtml(javax.servlet.http.HttpServletRequest,javax.servlet.http.HttpServletResponse)
[2019-05-09 10:35:10,188][restartedMain][INFO][org.springframework.web.servlet.handler.SimpleUrlHandlerMapping:362] Mapped URL path [/index] onto handler of type [class org.springframework.web.servlet.mvc.ParameterizableViewController]
[2019-05-09 10:35:10,188][restartedMain][INFO][org.springframework.web.servlet.handler.SimpleUrlHandlerMapping:362] Mapped URL path [/login] onto handler of type [class org.springframework.web.servlet.mvc.ParameterizableViewController]
[2019-05-09 10:35:10,207][restartedMain][INFO][org.springframework.web.servlet.handler.SimpleUrlHandlerMapping:362] Mapped URL path [/webjars/**] onto handler of type [class org.springframework.web.servlet.resource.ResourceHttpRequestHandler]
[2019-05-09 10:35:10,207][restartedMain][INFO][org.springframework.web.servlet.handler.SimpleUrlHandlerMapping:362] Mapped URL path [/**] onto handler of type [class org.springframework.web.servlet.resource.ResourceHttpRequestHandler]
[2019-05-09 10:35:10,246][restartedMain][INFO][org.springframework.web.servlet.handler.SimpleUrlHandlerMapping:362] Mapped URL path [/**/favicon.ico] onto handler of type [class org.springframework.web.servlet.resource.ResourceHttpRequestHandler]
[2019-05-09 10:35:10,267][restartedMain][INFO][org.springframework.boot.autoconfigure.web.WebMvcAutoConfiguration$WelcomePageHandlerMapping:549] Adding welcome page: class path resource [static/index.html]
[2019-05-09 10:35:10,500][restartedMain][INFO][org.springframework.boot.devtools.autoconfigure.OptionalLiveReloadServer:58] LiveReload server is running on port 35729
[2019-05-09 10:35:10,541][restartedMain][INFO][org.springframework.jmx.export.annotation.AnnotationMBeanExporter:431] Registering beans for JMX exposure on startup
[2019-05-09 10:35:10,542][restartedMain][INFO][org.springframework.jmx.export.annotation.AnnotationMBeanExporter:916] Bean with name 'dataSource' has been autodetected for JMX exposure
[2019-05-09 10:35:10,546][restartedMain][INFO][org.springframework.jmx.export.annotation.AnnotationMBeanExporter:671] Located MBean 'dataSource': registering with JMX server as MBean [com.alibaba.druid.pool:name=dataSource,type=DruidDataSource]
[2019-05-09 10:35:10,556][restartedMain][INFO][org.apache.coyote.http11.Http11NioProtocol:179] Initializing ProtocolHandler ["http-nio-127.0.0.1-8081"]
[2019-05-09 10:35:10,562][restartedMain][INFO][org.apache.coyote.http11.Http11NioProtocol:179] Starting ProtocolHandler ["http-nio-127.0.0.1-8081"]
[2019-05-09 10:35:10,583][restartedMain][INFO][org.apache.tomcat.util.net.NioSelectorPool:179] Using a shared selector for servlet write/read
[2019-05-09 10:35:10,594][restartedMain][INFO][org.springframework.boot.context.embedded.tomcat.TomcatEmbeddedServletContainer:201] Tomcat started on port(s): 8081 (http)
[2019-05-09 10:35:10,599][restartedMain][INFO][com.bit.armdcrf.BitarmdcrfApplication:57] Started BitarmdcrfApplication in 3.264 seconds (JVM running for 4.113)
[2019-05-09 10:35:12,032][http-nio-127.0.0.1-8081-exec-1][INFO][org.apache.catalina.core.ContainerBase.[Tomcat].[localhost].[/]:179] Initializing Spring FrameworkServlet 'dispatcherServlet'
[2019-05-09 10:35:12,032][http-nio-127.0.0.1-8081-exec-1][INFO][org.springframework.web.servlet.DispatcherServlet:489] FrameworkServlet 'dispatcherServlet': initialization started
[2019-05-09 10:35:12,046][http-nio-127.0.0.1-8081-exec-1][INFO][org.springframework.web.servlet.DispatcherServlet:508] FrameworkServlet 'dispatcherServlet': initialization completed in 14 ms
[2019-05-09 10:40:31,469][Thread-17][INFO][org.springframework.boot.context.embedded.AnnotationConfigEmbeddedWebApplicationContext:984] Closing org.springframework.boot.context.embedded.AnnotationConfigEmbeddedWebApplicationContext@2d21eb8f: startup date [Thu May 09 10:35:07 CST 2019]; root of context hierarchy
[2019-05-09 10:42:12,756][restartedMain][INFO][com.bit.armdcrf.BitarmdcrfApplication:48] Starting BitarmdcrfApplication on hexiaoyingdeMacBook-Pro.local with PID 12229 (started by jjmeg in /Users/jjmeg/Documents/毕设/qita/bitarmdcrf4.0)
[2019-05-09 10:42:12,760][restartedMain][INFO][com.bit.armdcrf.BitarmdcrfApplication:593] No active profile set, falling back to default profiles: default
[2019-05-09 10:42:12,805][restartedMain][INFO][org.springframework.boot.context.embedded.AnnotationConfigEmbeddedWebApplicationContext:583] Refreshing org.springframework.boot.context.embedded.AnnotationConfigEmbeddedWebApplicationContext@9a362df: startup date [Thu May 09 10:42:12 CST 2019]; root of context hierarchy
[2019-05-09 10:42:12,885][background-preinit][INFO][org.hibernate.validator.internal.util.Version:30] HV000001: Hibernate Validator 5.3.6.Final
[2019-05-09 10:42:13,960][restartedMain][INFO][org.springframework.boot.context.embedded.tomcat.TomcatEmbeddedServletContainer:89] Tomcat initialized with port(s): 8081 (http)
[2019-05-09 10:42:13,966][restartedMain][INFO][org.apache.catalina.core.StandardService:179] Starting service [Tomcat]
[2019-05-09 10:42:13,967][restartedMain][INFO][org.apache.catalina.core.StandardEngine:179] Starting Servlet Engine: Apache Tomcat/8.5.23
[2019-05-09 10:42:14,018][localhost-startStop-1][INFO][org.apache.catalina.core.ContainerBase.[Tomcat].[localhost].[/]:179] Initializing Spring embedded WebApplicationContext
[2019-05-09 10:42:14,018][localhost-startStop-1][INFO][org.springframework.web.context.ContextLoader:276] Root WebApplicationContext: initialization completed in 1216 ms
[2019-05-09 10:42:14,170][localhost-startStop-1][INFO][org.springframework.boot.web.servlet.FilterRegistrationBean:258] Mapping filter: 'characterEncodingFilter' to: [/*]
[2019-05-09 10:42:14,171][localhost-startStop-1][INFO][org.springframework.boot.web.servlet.FilterRegistrationBean:258] Mapping filter: 'hiddenHttpMethodFilter' to: [/*]
[2019-05-09 10:42:14,171][localhost-startStop-1][INFO][org.springframework.boot.web.servlet.FilterRegistrationBean:258] Mapping filter: 'httpPutFormContentFilter' to: [/*]
[2019-05-09 10:42:14,171][localhost-startStop-1][INFO][org.springframework.boot.web.servlet.FilterRegistrationBean:258] Mapping filter: 'requestContextFilter' to: [/*]
[2019-05-09 10:42:14,173][localhost-startStop-1][INFO][org.springframework.boot.web.servlet.DelegatingFilterProxyRegistrationBean:258] Mapping filter: 'springSecurityFilterChain' to: [/*]
[2019-05-09 10:42:14,173][localhost-startStop-1][INFO][org.springframework.boot.web.servlet.ServletRegistrationBean:190] Mapping servlet: 'dispatcherServlet' to [/]
[2019-05-09 10:42:14,888][restartedMain][INFO][org.springframework.security.web.DefaultSecurityFilterChain:43] Creating filter chain: Ant [pattern='/login.html'], []
[2019-05-09 10:42:14,888][restartedMain][INFO][org.springframework.security.web.DefaultSecurityFilterChain:43] Creating filter chain: Ant [pattern='/login_timeout.html'], []
[2019-05-09 10:42:14,889][restartedMain][INFO][org.springframework.security.web.DefaultSecurityFilterChain:43] Creating filter chain: Ant [pattern='register.html'], []
[2019-05-09 10:42:14,889][restartedMain][INFO][org.springframework.security.web.DefaultSecurityFilterChain:43] Creating filter chain: Ant [pattern='/assets/**'], []
[2019-05-09 10:42:14,889][restartedMain][INFO][org.springframework.security.web.DefaultSecurityFilterChain:43] Creating filter chain: Ant [pattern='/B-JUI/**'], []
[2019-05-09 10:42:14,889][restartedMain][INFO][org.springframework.security.web.DefaultSecurityFilterChain:43] Creating filter chain: Ant [pattern='/images/**'], []
[2019-05-09 10:42:14,889][restartedMain][INFO][org.springframework.security.web.DefaultSecurityFilterChain:43] Creating filter chain: Ant [pattern='/json/**'], []
[2019-05-09 10:42:14,889][restartedMain][INFO][org.springframework.security.web.DefaultSecurityFilterChain:43] Creating filter chain: Ant [pattern='/web/**'], []
[2019-05-09 10:42:14,890][restartedMain][INFO][org.springframework.security.web.DefaultSecurityFilterChain:43] Creating filter chain: Ant [pattern='/user/addUser'], []
[2019-05-09 10:42:14,971][restartedMain][INFO][org.springframework.security.web.DefaultSecurityFilterChain:43] Creating filter chain: org.springframework.security.web.util.matcher.AnyRequestMatcher@1, [org.springframework.security.web.context.request.async.WebAsyncManagerIntegrationFilter@229f16d0, org.springframework.security.web.context.SecurityContextPersistenceFilter@3ee64bbd, org.springframework.security.web.header.HeaderWriterFilter@3a72332c, org.springframework.security.web.authentication.logout.LogoutFilter@5af661a0, org.springframework.security.web.authentication.UsernamePasswordAuthenticationFilter@4dbab6fc, org.springframework.security.web.savedrequest.RequestCacheAwareFilter@3418e148, org.springframework.security.web.servletapi.SecurityContextHolderAwareRequestFilter@4474959, org.springframework.security.web.authentication.AnonymousAuthenticationFilter@279e8163, org.springframework.security.web.session.SessionManagementFilter@5e5469ef, org.springframework.security.web.access.ExceptionTranslationFilter@292fdf5b, org.springframework.security.web.access.intercept.FilterSecurityInterceptor@6f5ca04d]
[2019-05-09 10:42:15,238][restartedMain][INFO][org.springframework.web.servlet.mvc.method.annotation.RequestMappingHandlerAdapter:534] Looking for @ControllerAdvice: org.springframework.boot.context.embedded.AnnotationConfigEmbeddedWebApplicationContext@9a362df: startup date [Thu May 09 10:42:12 CST 2019]; root of context hierarchy
[2019-05-09 10:42:15,289][restartedMain][INFO][org.springframework.web.servlet.mvc.method.annotation.RequestMappingHandlerMapping:543] Mapped "{[/data/view_img],methods=[POST]}" onto public java.util.List<java.lang.String> com.bit.armdcrf.controller.DataController.viewImg(java.lang.String)
[2019-05-09 10:42:15,290][restartedMain][INFO][org.springframework.web.servlet.mvc.method.annotation.RequestMappingHandlerMapping:543] Mapped "{[/data/import],methods=[POST]}" onto public java.util.Map<java.lang.String, java.lang.String> com.bit.armdcrf.controller.DataController.importFile(java.lang.String)
[2019-05-09 10:42:15,290][restartedMain][INFO][org.springframework.web.servlet.mvc.method.annotation.RequestMappingHandlerMapping:543] Mapped "{[/data/importword],methods=[POST]}" onto public java.util.Map<java.lang.String, java.lang.String> com.bit.armdcrf.controller.DataController.importWord(java.lang.String)
[2019-05-09 10:42:15,290][restartedMain][INFO][org.springframework.web.servlet.mvc.method.annotation.RequestMappingHandlerMapping:543] Mapped "{[/data/importimg],methods=[POST]}" onto public java.util.Map<java.lang.String, java.lang.String> com.bit.armdcrf.controller.DataController.importImg(java.lang.String)
[2019-05-09 10:42:15,291][restartedMain][INFO][org.springframework.web.servlet.mvc.method.annotation.RequestMappingHandlerMapping:543] Mapped "{[/data/import_info_img],methods=[POST]}" onto public java.util.Map<java.lang.String, java.lang.String> com.bit.armdcrf.controller.DataController.importInfoImg(com.bit.armdcrf.model.Imgdata)
[2019-05-09 10:42:15,291][restartedMain][INFO][org.springframework.web.servlet.mvc.method.annotation.RequestMappingHandlerMapping:543] Mapped "{[/data/crf_text],methods=[POST]}" onto public java.util.Map<java.lang.String, java.util.List<java.lang.String>> com.bit.armdcrf.controller.DataController.getCrfText(java.lang.String,java.lang.String)
[2019-05-09 10:42:15,292][restartedMain][INFO][org.springframework.web.servlet.mvc.method.annotation.RequestMappingHandlerMapping:543] Mapped "{[/data/search_word],methods=[POST]}" onto public java.util.List<com.bit.armdcrf.dto.WordData> com.bit.armdcrf.controller.DataController.searchWord(com.bit.armdcrf.dto.SearchData)
[2019-05-09 10:42:15,292][restartedMain][INFO][org.springframework.web.servlet.mvc.method.annotation.RequestMappingHandlerMapping:543] Mapped "{[/data/search_word_express],methods=[POST]}" onto public java.util.List<com.bit.armdcrf.dto.WordData> com.bit.armdcrf.controller.DataController.searchWordExpress(java.lang.String)
[2019-05-09 10:42:15,292][restartedMain][INFO][org.springframework.web.servlet.mvc.method.annotation.RequestMappingHandlerMapping:543] Mapped "{[/data/search_img_express],methods=[POST]}" onto public java.util.List<com.alibaba.fastjson.JSONObject> com.bit.armdcrf.controller.DataController.searchImgExpress(java.lang.String)
[2019-05-09 10:42:15,293][restartedMain][INFO][org.springframework.web.servlet.mvc.method.annotation.RequestMappingHandlerMapping:543] Mapped "{[/data/search_img_advanced],methods=[POST]}" onto public java.util.List<com.alibaba.fastjson.JSONObject> com.bit.armdcrf.controller.DataController.searchImg(com.bit.armdcrf.dto.SearchData)
[2019-05-09 10:42:15,293][restartedMain][INFO][org.springframework.web.servlet.mvc.method.annotation.RequestMappingHandlerMapping:543] Mapped "{[/data/view_video],methods=[POST]}" onto public java.util.Map<java.lang.String, java.lang.String> com.bit.armdcrf.controller.DataController.viewVideo(java.lang.String)
[2019-05-09 10:42:15,293][restartedMain][INFO][org.springframework.web.servlet.mvc.method.annotation.RequestMappingHandlerMapping:543] Mapped "{[/data/edit_word],methods=[POST]}" onto public java.lang.String com.bit.armdcrf.controller.DataController.viewWord(java.lang.String,java.lang.String)
[2019-05-09 10:42:15,294][restartedMain][INFO][org.springframework.web.servlet.mvc.method.annotation.RequestMappingHandlerMapping:543] Mapped "{[/data/update_word],methods=[POST]}" onto public java.util.Map<java.lang.String, java.lang.String> com.bit.armdcrf.controller.DataController.updateWord(com.bit.armdcrf.entity.Crf.Crf2_1,java.lang.String)
[2019-05-09 10:42:15,296][restartedMain][INFO][org.springframework.web.servlet.mvc.method.annotation.RequestMappingHandlerMapping:543] Mapped "{[/FTP/import],methods=[POST]}" onto public java.util.Map<java.lang.String, java.lang.String> com.bit.armdcrf.controller.FTPController.importFile(java.lang.String,java.lang.String)
[2019-05-09 10:42:15,297][restartedMain][INFO][org.springframework.web.servlet.mvc.method.annotation.RequestMappingHandlerMapping:543] Mapped "{[/FTP/test/upload],methods=[GET]}" onto public void com.bit.armdcrf.controller.FTPController.uploadExample()
[2019-05-09 10:42:15,297][restartedMain][INFO][org.springframework.web.servlet.mvc.method.annotation.RequestMappingHandlerMapping:543] Mapped "{[/FTP/test/dir/upload],methods=[GET]}" onto public void com.bit.armdcrf.controller.FTPController.uploadDirExample()
[2019-05-09 10:42:15,297][restartedMain][INFO][org.springframework.web.servlet.mvc.method.annotation.RequestMappingHandlerMapping:543] Mapped "{[/FTP/test/dir/download],methods=[GET]}" onto public void com.bit.armdcrf.controller.FTPController.downloadDirExample()
[2019-05-09 10:42:15,298][restartedMain][INFO][org.springframework.web.servlet.mvc.method.annotation.RequestMappingHandlerMapping:543] Mapped "{[/import/importdir],methods=[POST]}" onto public java.util.Map<java.lang.String, java.lang.String> com.bit.armdcrf.controller.ImportController.getJson(java.lang.String)
[2019-05-09 10:42:15,299][restartedMain][INFO][org.springframework.web.servlet.mvc.method.annotation.RequestMappingHandlerMapping:543] Mapped "{[/import/analyse],methods=[POST]}" onto public java.util.Map<java.lang.String, java.lang.Object> com.bit.armdcrf.controller.ImportController.analyseDir(java.lang.String)
[2019-05-09 10:42:15,299][restartedMain][INFO][org.springframework.web.servlet.mvc.method.annotation.RequestMappingHandlerMapping:543] Mapped "{[/server/addserver],methods=[POST]}" onto public java.util.Map<java.lang.String, java.lang.String> com.bit.armdcrf.controller.ServerController.addserver(java.lang.String,java.lang.String,java.lang.String)
[2019-05-09 10:42:15,300][restartedMain][INFO][org.springframework.web.servlet.mvc.method.annotation.RequestMappingHandlerMapping:543] Mapped "{[/server/search_server],methods=[POST]}" onto public java.util.List<com.bit.armdcrf.entity.Fileserver> com.bit.armdcrf.controller.ServerController.searchUser(java.lang.String)
[2019-05-09 10:42:15,300][restartedMain][INFO][org.springframework.web.servlet.mvc.method.annotation.RequestMappingHandlerMapping:543] Mapped "{[/statics/asserts],methods=[POST]}" onto public java.util.Map<java.lang.String, java.lang.Integer> com.bit.armdcrf.controller.StaticsController.asserts()
[2019-05-09 10:42:15,302][restartedMain][INFO][org.springframework.web.servlet.mvc.method.annotation.RequestMappingHandlerMapping:543] Mapped "{[/user/register]}" onto public com.bit.armdcrf.entity.response com.bit.armdcrf.controller.UserController.register(com.bit.armdcrf.entity.User)
[2019-05-09 10:42:15,302][restartedMain][INFO][org.springframework.web.servlet.mvc.method.annotation.RequestMappingHandlerMapping:543] Mapped "{[/user/search_user],methods=[POST]}" onto public java.util.List<com.bit.armdcrf.entity.User> com.bit.armdcrf.controller.UserController.searchUser(java.lang.String)
[2019-05-09 10:42:15,302][restartedMain][INFO][org.springframework.web.servlet.mvc.method.annotation.RequestMappingHandlerMapping:543] Mapped "{[/user/getuser]}" onto public com.bit.armdcrf.entity.User com.bit.armdcrf.controller.UserController.getuser()
[2019-05-09 10:42:15,302][restartedMain][INFO][org.springframework.web.servlet.mvc.method.annotation.RequestMappingHandlerMapping:543] Mapped "{[/user/getuserJson]}" onto public com.bit.armdcrf.entity.response com.bit.armdcrf.controller.UserController.getuserJson()
[2019-05-09 10:42:15,303][restartedMain][INFO][org.springframework.web.servlet.mvc.method.annotation.RequestMappingHandlerMapping:543] Mapped "{[/user/getuserJsonTest]}" onto public java.lang.String com.bit.armdcrf.controller.UserController.getuserJsonTest(org.springframework.ui.ModelMap)
[2019-05-09 10:42:15,303][restartedMain][INFO][org.springframework.web.servlet.mvc.method.annotation.RequestMappingHandlerMapping:543] Mapped "{[/user/testSQL]}" onto public com.bit.armdcrf.entity.User com.bit.armdcrf.controller.UserController.testSQL()
[2019-05-09 10:42:15,303][restartedMain][INFO][org.springframework.web.servlet.mvc.method.annotation.RequestMappingHandlerMapping:543] Mapped "{[/user/getAllUser],methods=[GET]}" onto public java.util.List<com.bit.armdcrf.entity.User> com.bit.armdcrf.controller.UserController.getAllUser()
[2019-05-09 10:42:15,303][restartedMain][INFO][org.springframework.web.servlet.mvc.method.annotation.RequestMappingHandlerMapping:543] Mapped "{[/user/getByName],methods=[GET]}" onto public com.bit.armdcrf.entity.User com.bit.armdcrf.controller.UserController.getByName(java.lang.String)
[2019-05-09 10:42:15,304][restartedMain][INFO][org.springframework.web.servlet.mvc.method.annotation.RequestMappingHandlerMapping:543] Mapped "{[/user/login]}" onto public java.lang.String com.bit.armdcrf.controller.UserController.login(com.bit.armdcrf.entity.User)
[2019-05-09 10:42:15,304][restartedMain][INFO][org.springframework.web.servlet.mvc.method.annotation.RequestMappingHandlerMapping:543] Mapped "{[/user/addUser]}" onto public com.bit.armdcrf.entity.response com.bit.armdcrf.controller.UserController.addUser(com.bit.armdcrf.entity.User)
[2019-05-09 10:42:15,305][restartedMain][INFO][org.springframework.web.servlet.mvc.method.annotation.RequestMappingHandlerMapping:543] Mapped "{[/test]}" onto public java.lang.String com.bit.armdcrf.controller.WebController.function()
[2019-05-09 10:42:15,305][restartedMain][INFO][org.springframework.web.servlet.mvc.method.annotation.RequestMappingHandlerMapping:543] Mapped "{[/getKaptcha]}" onto public void com.bit.armdcrf.controller.WebController.defaultKaptcha(javax.servlet.http.HttpServletRequest,javax.servlet.http.HttpServletResponse) throws java.lang.Exception
[2019-05-09 10:42:15,305][restartedMain][INFO][org.springframework.web.servlet.mvc.method.annotation.RequestMappingHandlerMapping:543] Mapped "{[/wordlist]}" onto public java.util.List<java.lang.String> com.bit.armdcrf.controller.WebController.searchWordList() throws java.io.IOException
[2019-05-09 10:42:15,305][restartedMain][INFO][org.springframework.web.servlet.mvc.method.annotation.RequestMappingHandlerMapping:543] Mapped "{[/user-tree]}" onto public com.alibaba.fastjson.JSONArray com.bit.armdcrf.controller.WebController.userTree() throws java.io.IOException
[2019-05-09 10:42:15,306][restartedMain][INFO][org.springframework.web.servlet.mvc.method.annotation.RequestMappingHandlerMapping:543] Mapped "{[/menu-form]}" onto public com.alibaba.fastjson.JSONArray com.bit.armdcrf.controller.WebController.crfWordResolveTest() throws java.io.IOException
[2019-05-09 10:42:15,306][restartedMain][INFO][org.springframework.web.servlet.mvc.method.annotation.RequestMappingHandlerMapping:543] Mapped "{[/imgvrifyControllerDefaultKaptcha]}" onto public org.springframework.web.servlet.ModelAndView com.bit.armdcrf.controller.WebController.imgvrifyControllerDefaultKaptcha(javax.servlet.http.HttpServletRequest,javax.servlet.http.HttpServletResponse)
[2019-05-09 10:42:15,306][restartedMain][INFO][org.springframework.web.servlet.mvc.method.annotation.RequestMappingHandlerMapping:543] Mapped "{[/role]}" onto public java.lang.String com.bit.armdcrf.controller.WebController.role()
[2019-05-09 10:42:15,308][restartedMain][INFO][org.springframework.web.servlet.mvc.method.annotation.RequestMappingHandlerMapping:543] Mapped "{[/error]}" onto public org.springframework.http.ResponseEntity<java.util.Map<java.lang.String, java.lang.Object>> org.springframework.boot.autoconfigure.web.BasicErrorController.error(javax.servlet.http.HttpServletRequest)
[2019-05-09 10:42:15,308][restartedMain][INFO][org.springframework.web.servlet.mvc.method.annotation.RequestMappingHandlerMapping:543] Mapped "{[/error],produces=[text/html]}" onto public org.springframework.web.servlet.ModelAndView org.springframework.boot.autoconfigure.web.BasicErrorController.errorHtml(javax.servlet.http.HttpServletRequest,javax.servlet.http.HttpServletResponse)
[2019-05-09 10:42:15,330][restartedMain][INFO][org.springframework.web.servlet.handler.SimpleUrlHandlerMapping:362] Mapped URL path [/index] onto handler of type [class org.springframework.web.servlet.mvc.ParameterizableViewController]
[2019-05-09 10:42:15,330][restartedMain][INFO][org.springframework.web.servlet.handler.SimpleUrlHandlerMapping:362] Mapped URL path [/login] onto handler of type [class org.springframework.web.servlet.mvc.ParameterizableViewController]
[2019-05-09 10:42:15,347][restartedMain][INFO][org.springframework.web.servlet.handler.SimpleUrlHandlerMapping:362] Mapped URL path [/webjars/**] onto handler of type [class org.springframework.web.servlet.resource.ResourceHttpRequestHandler]
[2019-05-09 10:42:15,348][restartedMain][INFO][org.springframework.web.servlet.handler.SimpleUrlHandlerMapping:362] Mapped URL path [/**] onto handler of type [class org.springframework.web.servlet.resource.ResourceHttpRequestHandler]
[2019-05-09 10:42:15,383][restartedMain][INFO][org.springframework.web.servlet.handler.SimpleUrlHandlerMapping:362] Mapped URL path [/**/favicon.ico] onto handler of type [class org.springframework.web.servlet.resource.ResourceHttpRequestHandler]
[2019-05-09 10:42:15,402][restartedMain][INFO][org.springframework.boot.autoconfigure.web.WebMvcAutoConfiguration$WelcomePageHandlerMapping:549] Adding welcome page: class path resource [static/index.html]
[2019-05-09 10:42:15,613][restartedMain][INFO][org.springframework.boot.devtools.autoconfigure.OptionalLiveReloadServer:58] LiveReload server is running on port 35729
[2019-05-09 10:42:15,655][restartedMain][INFO][org.springframework.jmx.export.annotation.AnnotationMBeanExporter:431] Registering beans for JMX exposure on startup
[2019-05-09 10:42:15,657][restartedMain][INFO][org.springframework.jmx.export.annotation.AnnotationMBeanExporter:916] Bean with name 'dataSource' has been autodetected for JMX exposure
[2019-05-09 10:42:15,661][restartedMain][INFO][org.springframework.jmx.export.annotation.AnnotationMBeanExporter:671] Located MBean 'dataSource': registering with JMX server as MBean [com.alibaba.druid.pool:name=dataSource,type=DruidDataSource]
[2019-05-09 10:42:15,672][restartedMain][INFO][org.apache.coyote.http11.Http11NioProtocol:179] Initializing ProtocolHandler ["http-nio-127.0.0.1-8081"]
[2019-05-09 10:42:15,677][restartedMain][INFO][org.apache.coyote.http11.Http11NioProtocol:179] Starting ProtocolHandler ["http-nio-127.0.0.1-8081"]
[2019-05-09 10:42:15,700][restartedMain][INFO][org.apache.tomcat.util.net.NioSelectorPool:179] Using a shared selector for servlet write/read
[2019-05-09 10:42:15,710][restartedMain][INFO][org.springframework.boot.context.embedded.tomcat.TomcatEmbeddedServletContainer:201] Tomcat started on port(s): 8081 (http)
[2019-05-09 10:42:15,715][restartedMain][INFO][com.bit.armdcrf.BitarmdcrfApplication:57] Started BitarmdcrfApplication in 3.214 seconds (JVM running for 4.013)
[2019-05-09 10:42:16,029][http-nio-127.0.0.1-8081-exec-1][INFO][org.apache.catalina.core.ContainerBase.[Tomcat].[localhost].[/]:179] Initializing Spring FrameworkServlet 'dispatcherServlet'
[2019-05-09 10:42:16,029][http-nio-127.0.0.1-8081-exec-1][INFO][org.springframework.web.servlet.DispatcherServlet:489] FrameworkServlet 'dispatcherServlet': initialization started
[2019-05-09 10:42:16,045][http-nio-127.0.0.1-8081-exec-1][INFO][org.springframework.web.servlet.DispatcherServlet:508] FrameworkServlet 'dispatcherServlet': initialization completed in 16 ms
[2019-05-09 11:39:35,455][Thread-16][INFO][org.springframework.boot.context.embedded.AnnotationConfigEmbeddedWebApplicationContext:984] Closing org.springframework.boot.context.embedded.AnnotationConfigEmbeddedWebApplicationContext@9a362df: startup date [Thu May 09 10:42:12 CST 2019]; root of context hierarchy
